spk_ver/v00/v0000	SES146	0.356823	18.5124	18.1556
spk_ver/v00/v0001	SES002	-10.3181	7.94745	18.2655
spk_ver/v00/v0002	SES002	-6.36719	12.2039	18.5711
spk_ver/v00/v0003	SES002	-12.8861	5.19316	18.0792
spk_ver/v00/v0004	SES002	-5.56681	12.7018	18.2686
spk_ver/v00/v0005	SES002	-6.14535	11.3634	17.5087
spk_ver/v00/v0006	SES002	-7.92031	12.2024	20.1227
spk_ver/v00/v0007	SES002	-6.43801	10.4578	16.8958
spk_ver/v00/v0008	SES146	-0.0887451	17.5996	17.6884
spk_ver/v00/v0009	SES002	-3.13894	17.5573	20.6963
spk_ver/v00/v0010	SES002	-7.31434	9.66926	16.9836
spk_ver/v00/v0011	SES002	-4.79466	11.02	15.8147
spk_ver/v00/v0012	SES002	-6.18398	15.5735	21.7575
spk_ver/v00/v0013	SES002	-5.47094	14.6536	20.1245
spk_ver/v00/v0014	SES002	-2.94849	16.4546	19.4031
spk_ver/v00/v0015	SES002	-4.45628	15.3364	19.7927
spk_ver/v00/v0016	SES275	-0.0182362	18.6905	18.7087
spk_ver/v00/v0017	SES002	-2.54929	16.8837	19.433
spk_ver/v00/v0018	SES002	-10.0163	8.69516	18.7115
spk_ver/v00/v0019	SES002	-4.2284	13.9777	18.2061
spk_ver/v00/v0020	SES002	-10.1987	6.44862	16.6473
spk_ver/v00/v0021	SES002	-7.02125	10.6655	17.6868
spk_ver/v00/v0022	SES002	-5.01125	14.3021	19.3133
spk_ver/v00/v0023	SES002	-9.85322	10.5298	20.383
spk_ver/v00/v0024	SES002	-10.9858	6.92048	17.9062
spk_ver/v00/v0025	SES002	-8.08302	11.2379	19.321
spk_ver/v00/v0026	SES002	-6.89665	11.6403	18.537
spk_ver/v00/v0027	SES129	1.23179	19.6573	18.4255
spk_ver/v00/v0028	SES007	-3.21459	16.13	19.3446
spk_ver/v00/v0029	SES083	-0.642065	20.1332	20.7753
spk_ver/v00/v0030	SES019	2.46429	20.9223	18.458
spk_ver/v00/v0031	SES007	-3.61528	15.3423	18.9576
spk_ver/v00/v0032	SES270	0.601078	18.9579	18.3568
spk_ver/v00/v0033	SES007	-3.21644	16.3011	19.5176
spk_ver/v00/v0034	SES007	-3.99517	13.3825	17.3777
spk_ver/v00/v0035	SES007	-1.79522	17.8801	19.6754
spk_ver/v00/v0036	SES007	-3.5206	13.7891	17.3097
spk_ver/v00/v0037	SES007	-4.84037	13.9527	18.7931
spk_ver/v00/v0038	SES259	2.52839	21.9491	19.4207
spk_ver/v00/v0039	SES007	-5.2021	11.1686	16.3706
spk_ver/v00/v0040	SES007	-5.38047	15.1953	20.5758
spk_ver/v00/v0041	SES007	-3.85642	14.4644	18.3208
spk_ver/v00/v0042	SES007	-4.05275	11.2359	15.2887
spk_ver/v00/v0043	SES007	-2.59901	15.8803	18.4793
spk_ver/v00/v0044	SES007	-4.48009	16.8354	21.3155
spk_ver/v00/v0045	SES007	-2.71742	17.5304	20.2479
spk_ver/v00/v0046	SES007	-3.27023	16.4936	19.7639
spk_ver/v00/v0047	SES172	-0.464533	19.2498	19.7143
spk_ver/v00/v0048	SES105	1.36772	20.0372	18.6695
spk_ver/v00/v0049	SES007	-2.46702	18.2513	20.7183
spk_ver/v00/v0050	SES292	-0.779522	18.8197	19.5992
spk_ver/v00/v0051	SES007	-2.22336	16.1923	18.4156
spk_ver/v00/v0052	SES068	0.498209	21.3444	20.8462
spk_ver/v00/v0053	SES008	-2.7688	17.7973	20.5662
spk_ver/v00/v0054	SES008	-4.9218	13.0591	17.9809
spk_ver/v00/v0055	SES008	-3.19507	15.2729	18.4679
spk_ver/v00/v0056	SES008	-7.82971	11.1838	19.0135
spk_ver/v00/v0057	SES008	-5.86688	13.4443	19.3112
spk_ver/v00/v0058	SES083	0.171091	20.1426	19.9715
spk_ver/v00/v0059	SES158	0.767807	19.5966	18.8288
spk_ver/v00/v0060	SES008	-4.15352	14.9021	19.0556
spk_ver/v00/v0061	SES101	-1.01579	18.2732	19.289
spk_ver/v00/v0062	SES008	-5.05878	13.3497	18.4085
spk_ver/v00/v0063	SES008	-4.87479	14.2854	19.1602
spk_ver/v00/v0064	SES117	0.880169	18.7615	17.8813
spk_ver/v00/v0065	SES149	1.26627	21.5264	20.2601
spk_ver/v00/v0066	SES008	-1.2204	18.2176	19.438
spk_ver/v00/v0067	SES008	-3.34533	14.018	17.3633
spk_ver/v00/v0068	SES162	0.839062	19.2527	18.4136
spk_ver/v00/v0069	SES008	-9.03491	8.87788	17.9128
spk_ver/v00/v0070	SES008	-1.51456	18.0945	19.6091
spk_ver/v00/v0071	SES008	-5.25868	13.8259	19.0846
spk_ver/v00/v0072	SES008	-2.75804	19.2565	22.0145
spk_ver/v00/v0073	SES008	-4.38524	16.13	20.5152
spk_ver/v00/v0074	SES008	-5.7162	13.0193	18.7355
spk_ver/v00/v0075	SES008	-10.1542	7.63213	17.7864
spk_ver/v00/v0076	SES167	1.46189	20.7756	19.3137
spk_ver/v00/v0077	SES008	-3.67641	16.6949	20.3713
spk_ver/v00/v0078	SES177	-0.192802	19.9123	20.1051
spk_ver/v00/v0079	SES008	-2.96862	15.0984	18.067
spk_ver/v00/v0080	SES008	-4.67505	14.6063	19.2813
spk_ver/v00/v0081	SES008	-7.4212	9.32405	16.7453
spk_ver/v00/v0082	SES008	-5.05851	14.4369	19.4954
spk_ver/v00/v0083	SES008	-9.19561	7.86416	17.0598
spk_ver/v00/v0084	SES144	1.02891	20.7824	19.7535
spk_ver/v00/v0085	SES008	-4.078	14.6566	18.7346
spk_ver/v00/v0086	SES008	-3.79633	17.3705	21.1668
spk_ver/v00/v0087	SES008	-6.82974	11.937	18.7667
spk_ver/v00/v0088	SES008	-3.11971	17.2583	20.378
spk_ver/v00/v0089	SES008	-3.52412	13.7025	17.2266
spk_ver/v00/v0090	SES142	1.64262	18.7919	17.1493
spk_ver/v00/v0091	SES008	-6.88164	12.4196	19.3012
spk_ver/v00/v0092	SES158	0.210222	18.7552	18.545
spk_ver/v00/v0093	SES014	-4.76176	15.6361	20.3979
spk_ver/v00/v0094	SES014	-7.51781	8.79073	16.3085
spk_ver/v00/v0095	SES014	-3.24035	18.0353	21.2757
spk_ver/v00/v0096	SES014	-10.6668	7.57955	18.2463
spk_ver/v00/v0097	SES014	-3.72483	14.4625	18.1874
spk_ver/v00/v0098	SES014	-3.4952	17.092	20.5872
spk_ver/v00/v0099	SES014	-7.26108	11.0682	18.3292
spk_ver/v01/v0100	SES127	-0.144407	19.6048	19.7493
spk_ver/v01/v0101	SES014	-9.51311	8.52077	18.0339
spk_ver/v01/v0102	SES014	-10.6266	7.00137	17.628
spk_ver/v01/v0103	SES014	-9.67827	8.41763	18.0959
spk_ver/v01/v0104	SES014	-10.1441	8.32939	18.4735
spk_ver/v01/v0105	SES014	-6.51654	8.87856	15.3951
spk_ver/v01/v0106	SES014	-7.34429	10.1089	17.4532
spk_ver/v01/v0107	SES014	-10.1142	9.70968	19.8239
spk_ver/v01/v0108	SES014	-12.0684	5.83696	17.9053
spk_ver/v01/v0109	SES014	-8.01006	8.99481	17.0049
spk_ver/v01/v0110	SES014	-6.54539	10.709	17.2544
spk_ver/v01/v0111	SES014	-4.11808	16.2432	20.3613
spk_ver/v01/v0112	SES014	-8.39054	11.0849	19.4754
spk_ver/v01/v0113	SES104	-1.22379	17.7766	19.0004
spk_ver/v01/v0114	SES082	-0.190142	20.2697	20.4598
spk_ver/v01/v0115	SES087	0.567091	20.9914	20.4243
spk_ver/v01/v0116	SES014	-3.66523	16.2207	19.8859
spk_ver/v01/v0117	SES177	-0.222265	19.7085	19.9308
spk_ver/v01/v0118	SES014	-7.58901	8.82525	16.4143
spk_ver/v01/v0119	SES014	-3.91613	15.1855	19.1016
spk_ver/v01/v0120	SES014	-11.1303	7.04111	18.1714
spk_ver/v01/v0121	SES146	-0.35849	18.8878	19.2462
spk_ver/v01/v0122	SES014	1.50289	22.4116	20.9088
spk_ver/v01/v0123	SES014	-5.16733	14.5542	19.7215
spk_ver/v01/v0124	SES014	-13.6245	5.03015	18.6546
spk_ver/v01/v0125	SES014	-7.73328	11.2426	18.9759
spk_ver/v01/v0126	SES016	-4.34588	14.271	18.6169
spk_ver/v01/v0127	SES016	-4.92278	11.8668	16.7895
spk_ver/v01/v0128	SES106	1.7979	20.4818	18.6839
spk_ver/v01/v0129	SES016	-7.7479	11.9185	19.6664
spk_ver/v01/v0130	SES016	-5.627	12.8862	18.5132
spk_ver/v01/v0131	SES016	-8.91641	8.70598	17.6224
spk_ver/v01/v0132	SES016	-4.62492	14.36	18.9849
spk_ver/v01/v0133	SES016	-3.99026	16.4421	20.4323
spk_ver/v01/v0134	SES016	-3.80139	16.6525	20.4539
spk_ver/v01/v0135	SES016	-6.32546	13.2708	19.5963
spk_ver/v01/v0136	SES016	-6.91675	10.76	17.6768
spk_ver/v01/v0137	SES007	0.667273	18.4933	17.826
spk_ver/v01/v0138	SES016	-2.11674	16.9873	19.104
spk_ver/v01/v0139	SES016	-3.60774	16.1621	19.7698
spk_ver/v01/v0140	SES016	1.45548	21.3537	19.8983
spk_ver/v01/v0141	SES016	-11.2492	4.34181	15.591
spk_ver/v01/v0142	SES016	-11.0171	8.0158	19.0329
spk_ver/v01/v0143	SES016	-7.80677	8.69638	16.5032
spk_ver/v01/v0144	SES016	-6.01321	13.7402	19.7534
spk_ver/v01/v0145	SES016	-8.0862	8.82433	16.9105
spk_ver/v01/v0146	SES016	-3.90286	15.89	19.7928
spk_ver/v01/v0147	SES016	-3.61013	15.7423	19.3524
spk_ver/v01/v0148	SES127	-0.28709	18.6362	18.9233
spk_ver/v01/v0149	SES016	-6.05432	13.8266	19.881
spk_ver/v01/v0150	SES016	-4.81368	14.8527	19.6664
spk_ver/v01/v0151	SES147	0.223766	17.0616	16.8379
spk_ver/v01/v0152	SES016	-3.80431	15.2127	19.017
spk_ver/v01/v0153	SES104	0.337223	20.9577	20.6205
spk_ver/v01/v0154	SES016	-5.69353	12.7007	18.3942
spk_ver/v01/v0155	SES016	-5.68075	11.3349	17.0156
spk_ver/v01/v0156	SES019	-2.70348	14.347	17.0505
spk_ver/v01/v0157	SES019	-6.12445	15.6758	21.8002
spk_ver/v01/v0158	SES019	-2.48721	15.7586	18.2458
spk_ver/v01/v0159	SES007	0.175446	19.3406	19.1651
spk_ver/v01/v0160	SES019	-5.06495	15.5507	20.6156
spk_ver/v01/v0161	SES019	-6.29993	11.7404	18.0404
spk_ver/v01/v0162	SES019	-6.93688	14.1318	21.0687
spk_ver/v01/v0163	SES189	1.03387	20.3354	19.3015
spk_ver/v01/v0164	SES019	-5.05775	14.7563	19.8141
spk_ver/v01/v0165	SES019	-2.53377	13.4526	15.9864
spk_ver/v01/v0166	SES019	-7.59455	13.0029	20.5974
spk_ver/v01/v0167	SES019	-7.35122	11.2275	18.5787
spk_ver/v01/v0168	SES019	-5.17018	9.63916	14.8093
spk_ver/v01/v0169	SES019	-6.42138	12.2392	18.6605
spk_ver/v01/v0170	SES270	0.492067	18.6967	18.2046
spk_ver/v01/v0171	SES019	-4.76041	14.2974	19.0579
spk_ver/v01/v0172	SES019	-9.15359	9.53012	18.6837
spk_ver/v01/v0173	SES206	0.869997	20.2146	19.3446
spk_ver/v01/v0174	SES019	-4.56166	13.1578	17.7195
spk_ver/v01/v0175	SES014	0.935324	21.618	20.6826
spk_ver/v01/v0176	SES019	-8.47657	11.7017	20.1783
spk_ver/v01/v0177	SES120	0.30035	18.8398	18.5394
spk_ver/v01/v0178	SES019	-4.10035	12.4553	16.5557
spk_ver/v01/v0179	SES019	-9.56234	11.5613	21.1236
spk_ver/v01/v0180	SES175	0.100603	18.6853	18.5847
spk_ver/v01/v0181	SES019	-7.66832	11.3023	18.9706
spk_ver/v01/v0182	SES019	-7.41723	13.1466	20.5638
spk_ver/v01/v0183	SES029	-4.35067	14.7564	19.107
spk_ver/v01/v0184	SES029	-8.53108	10.6088	19.1399
spk_ver/v01/v0185	SES029	-3.67939	16.6004	20.2798
spk_ver/v01/v0186	SES068	0.665802	21.2455	20.5797
spk_ver/v01/v0187	SES029	-6.287	12.5748	18.8618
spk_ver/v01/v0188	SES029	-3.8113	16.4275	20.2388
spk_ver/v01/v0189	SES149	2.59778	23.2802	20.6824
spk_ver/v01/v0190	SES029	-5.33917	15.188	20.5272
spk_ver/v01/v0191	SES029	-6.08604	12.4664	18.5525
spk_ver/v01/v0192	SES183	0.835657	19.9531	19.1174
spk_ver/v01/v0193	SES029	-3.65417	15.9438	19.5979
spk_ver/v01/v0194	SES016	0.760262	19.9374	19.1772
spk_ver/v01/v0195	SES029	-4.9931	14.5521	19.5452
spk_ver/v01/v0196	SES029	-3.33224	15.0495	18.3817
spk_ver/v01/v0197	SES029	-5.98416	14.4441	20.4282
spk_ver/v01/v0198	SES146	-0.314375	17.7551	18.0695
spk_ver/v01/v0199	SES029	-6.23539	10.2452	16.4806
spk_ver/v02/v0200	SES029	-3.96898	15.1049	19.0739
spk_ver/v02/v0201	SES068	1.12507	21.9662	20.8412
spk_ver/v02/v0202	SES148	1.71688	19.5921	17.8752
spk_ver/v02/v0203	SES029	-4.44345	15.3943	19.8377
spk_ver/v02/v0204	SES029	-3.52577	15.1732	18.699
spk_ver/v02/v0205	SES060	0.255756	21.6856	21.4299
spk_ver/v02/v0206	SES127	1.96119	22.691	20.7298
spk_ver/v02/v0207	SES029	-5.87818	13.127	19.0052
spk_ver/v02/v0208	SES048	1.24693	18.9456	17.6987
spk_ver/v02/v0209	SES029	-2.57616	16.3927	18.9689
spk_ver/v02/v0210	SES029	-5.40589	13.4262	18.832
spk_ver/v02/v0211	SES029	-5.70225	14.3873	20.0896
spk_ver/v02/v0212	SES042	-11.79	5.80844	17.5984
spk_ver/v02/v0213	SES085	0.776949	20.2163	19.4393
spk_ver/v02/v0214	SES206	1.31713	21.4247	20.1075
spk_ver/v02/v0215	SES144	-0.154022	19.0137	19.1677
spk_ver/v02/v0216	SES042	-5.61825	12.8224	18.4407
spk_ver/v02/v0217	SES042	-4.94315	9.57082	14.514
spk_ver/v02/v0218	SES042	-4.02995	15.6423	19.6723
spk_ver/v02/v0219	SES206	0.879705	22.2729	21.3932
spk_ver/v02/v0220	SES019	4.07548	21.2774	17.202
spk_ver/v02/v0221	SES007	0.603439	19.9724	19.369
spk_ver/v02/v0222	SES042	-11.7449	6.01669	17.7616
spk_ver/v02/v0223	SES147	0.747223	17.8555	17.1083
spk_ver/v02/v0224	SES105	1.12349	19.859	18.7355
spk_ver/v02/v0225	SES042	-3.36573	15.1122	18.4779
spk_ver/v02/v0226	SES275	1.2353	20.4141	19.1788
spk_ver/v02/v0227	SES042	-6.81927	10.7359	17.5552
spk_ver/v02/v0228	SES042	-8.31658	11.2686	19.5852
spk_ver/v02/v0229	SES042	-8.17946	11.9197	20.0992
spk_ver/v02/v0230	SES085	0.419563	22.3127	21.8931
spk_ver/v02/v0231	SES014	1.8761	22.8862	21.0101
spk_ver/v02/v0232	SES042	-3.12466	16.5569	19.6816
spk_ver/v02/v0233	SES048	-6.85085	12.6335	19.4844
spk_ver/v02/v0234	SES048	-5.07149	14.7285	19.8
spk_ver/v02/v0235	SES029	-0.622503	20.6938	21.3163
spk_ver/v02/v0236	SES048	-4.46289	15.6373	20.1002
spk_ver/v02/v0237	SES048	-7.17536	11.0796	18.255
spk_ver/v02/v0238	SES048	-3.69232	16.254	19.9463
spk_ver/v02/v0239	SES060	1.06539	21.5233	20.4579
spk_ver/v02/v0240	SES048	-6.02688	12.7072	18.7341
spk_ver/v02/v0241	SES048	-4.36115	14.5861	18.9472
spk_ver/v02/v0242	SES189	2.10827	20.874	18.7658
spk_ver/v02/v0243	SES162	0.354303	19.4731	19.1188
spk_ver/v02/v0244	SES048	-8.14134	11.893	20.0344
spk_ver/v02/v0245	SES048	-7.30523	11.2583	18.5635
spk_ver/v02/v0246	SES048	-7.61772	12.0672	19.6849
spk_ver/v02/v0247	SES048	-8.41452	9.44819	17.8627
spk_ver/v02/v0248	SES226	1.37837	20.5627	19.1844
spk_ver/v02/v0249	SES048	-2.73157	16.0174	18.7489
spk_ver/v02/v0250	SES048	-3.51439	15.172	18.6864
spk_ver/v02/v0251	SES048	-8.18863	8.72114	16.9098
spk_ver/v02/v0252	SES060	-6.30153	11.5553	17.8568
spk_ver/v02/v0253	SES060	-9.44763	9.63444	19.0821
spk_ver/v02/v0254	SES259	2.3908	21.6784	19.2876
spk_ver/v02/v0255	SES060	-6.80654	11.8192	18.6258
spk_ver/v02/v0256	SES202	0.824146	19.0213	18.1971
spk_ver/v02/v0257	SES148	0.614113	19.9334	19.3193
spk_ver/v02/v0258	SES060	-8.65768	6.17931	14.837
spk_ver/v02/v0259	SES060	-4.13979	16.117	20.2568
spk_ver/v02/v0260	SES060	-6.00175	14.0961	20.0978
spk_ver/v02/v0261	SES099	1.6389	21.0219	19.383
spk_ver/v02/v0262	SES060	-5.46793	13.6348	19.1027
spk_ver/v02/v0263	SES060	-4.97263	15.7235	20.6961
spk_ver/v02/v0264	SES292	-0.605076	18.7612	19.3662
spk_ver/v02/v0265	SES060	-3.25666	15.9043	19.161
spk_ver/v02/v0266	SES060	-9.15338	7.97565	17.129
spk_ver/v02/v0267	SES060	-8.99218	9.02333	18.0155
spk_ver/v02/v0268	SES060	-10.0132	5.13424	15.1474
spk_ver/v02/v0269	SES127	0.571993	19.8829	19.3109
spk_ver/v02/v0270	SES060	-5.36287	13.5609	18.9238
spk_ver/v02/v0271	SES060	-2.90476	17.2082	20.113
spk_ver/v02/v0272	SES060	-7.83644	8.48766	16.3241
spk_ver/v02/v0273	SES087	1.06112	20.9579	19.8968
spk_ver/v02/v0274	SES146	0.322443	18.2824	17.96
spk_ver/v02/v0275	SES060	-7.06549	10.9186	17.9841
spk_ver/v02/v0276	SES002	1.65498	21.1803	19.5253
spk_ver/v02/v0277	SES060	-3.64676	16.1962	19.843
spk_ver/v02/v0278	SES060	-8.23344	9.7193	17.9527
spk_ver/v02/v0279	SES060	-8.90373	10.7984	19.7021
spk_ver/v02/v0280	SES129	2.14776	20.4591	18.3114
spk_ver/v02/v0281	SES162	0.651676	19.9914	19.3397
spk_ver/v02/v0282	SES060	-6.06048	12.8894	18.9499
spk_ver/v02/v0283	SES060	-6.08455	14.622	20.7066
spk_ver/v02/v0284	SES062	-4.99509	10.9579	15.953
spk_ver/v02/v0285	SES062	-7.99091	11.0335	19.0244
spk_ver/v02/v0286	SES120	-1.31086	16.3029	17.6138
spk_ver/v02/v0287	SES062	-4.83046	13.1221	17.9526
spk_ver/v02/v0288	SES062	-5.66052	12.878	18.5386
spk_ver/v02/v0289	SES062	-4.69099	15.8242	20.5152
spk_ver/v02/v0290	SES062	-3.63585	15.3455	18.9814
spk_ver/v02/v0291	SES275	-0.236048	18.5468	18.7829
spk_ver/v02/v0292	SES062	-3.87729	14.325	18.2023
spk_ver/v02/v0293	SES062	-5.42308	13.6961	19.1191
spk_ver/v02/v0294	SES062	-6.36317	12.6892	19.0523
spk_ver/v02/v0295	SES062	-3.8143	15.0219	18.8362
spk_ver/v02/v0296	SES062	-5.11748	13.8428	18.9603
spk_ver/v02/v0297	SES062	-6.7117	12.7362	19.4479
spk_ver/v02/v0298	SES062	-5.03657	12.9031	17.9397
spk_ver/v02/v0299	SES062	-3.2503	16.4064	19.6567
spk_ver/v03/v0300	SES062	-5.21569	12.8871	18.1028
spk_ver/v03/v0301	SES062	-3.59015	16.2316	19.8218
spk_ver/v03/v0302	SES172	0.160341	21.0176	20.8572
spk_ver/v03/v0303	SES062	-3.15047	17.095	20.2455
spk_ver/v03/v0304	SES062	-4.17389	14.59	18.7639
spk_ver/v03/v0305	SES062	-4.08491	15.0207	19.1056
spk_ver/v03/v0306	SES062	-6.06485	10.3045	16.3694
spk_ver/v03/v0307	SES062	-4.83876	14.9869	19.8257
spk_ver/v03/v0308	SES062	-4.47	14.459	18.929
spk_ver/v03/v0309	SES062	-4.4543	11.5633	16.0176
spk_ver/v03/v0310	SES125	0.830973	22.0052	21.1743
spk_ver/v03/v0311	SES062	-3.80207	15.0965	18.8986
spk_ver/v03/v0312	SES062	-6.96614	12.0547	19.0208
spk_ver/v03/v0313	SES062	-5.20066	13.2733	18.4739
spk_ver/v03/v0314	SES068	-5.71785	13.6548	19.3727
spk_ver/v03/v0315	SES068	-5.09543	15.5925	20.6879
spk_ver/v03/v0316	SES068	-4.7089	13.2173	17.9262
spk_ver/v03/v0317	SES068	-3.65772	13.4757	17.1334
spk_ver/v03/v0318	SES068	-4.85887	15.5805	20.4394
spk_ver/v03/v0319	SES068	-8.96638	8.26728	17.2337
spk_ver/v03/v0320	SES068	-2.62026	16.8201	19.4403
spk_ver/v03/v0321	SES068	-2.98895	15.6588	18.6478
spk_ver/v03/v0322	SES068	-3.218	15.1629	18.3809
spk_ver/v03/v0323	SES068	-3.21836	17.1888	20.4072
spk_ver/v03/v0324	SES144	-0.786835	16.3268	17.1137
spk_ver/v03/v0325	SES068	-3.35656	16.5367	19.8933
spk_ver/v03/v0326	SES068	-1.81322	18.7566	20.5698
spk_ver/v03/v0327	SES068	-4.11974	15.1366	19.2563
spk_ver/v03/v0328	SES068	-6.52749	11.808	18.3355
spk_ver/v03/v0329	SES068	-4.39656	14.7837	19.1803
spk_ver/v03/v0330	SES180	-0.347879	18.3681	18.716
spk_ver/v03/v0331	SES068	-2.10454	17.144	19.2485
spk_ver/v03/v0332	SES275	1.39634	20.7151	19.3188
spk_ver/v03/v0333	SES062	0.0827141	21.6812	21.5985
spk_ver/v03/v0334	SES270	0.664165	18.2497	17.5856
spk_ver/v03/v0335	SES068	-9.34885	6.4058	15.7546
spk_ver/v03/v0336	SES068	-3.10563	18.1856	21.2913
spk_ver/v03/v0337	SES068	-4.34095	13.5514	17.8924
spk_ver/v03/v0338	SES068	-5.05318	12.3014	17.3546
spk_ver/v03/v0339	SES068	-2.76723	16.4225	19.1897
spk_ver/v03/v0340	SES068	-3.76918	13.8393	17.6085
spk_ver/v03/v0341	SES016	1.0804	21.8711	20.7907
spk_ver/v03/v0342	SES068	-4.1359	14.4774	18.6133
spk_ver/v03/v0343	SES068	-3.81758	14.5279	18.3455
spk_ver/v03/v0344	SES125	1.04146	20.8255	19.784
spk_ver/v03/v0345	SES187	0.240046	19.4939	19.2539
spk_ver/v03/v0346	SES068	-5.48611	13.9789	19.465
spk_ver/v03/v0347	SES143	0.776323	18.5235	17.7471
spk_ver/v03/v0348	SES292	0.288481	19.4934	19.2049
spk_ver/v03/v0349	SES082	-8.71749	11.2699	19.9874
spk_ver/v03/v0350	SES101	0.0957355	20.5917	20.4959
spk_ver/v03/v0351	SES082	-2.56783	15.5955	18.1633
spk_ver/v03/v0352	SES082	-3.75086	14.3061	18.057
spk_ver/v03/v0353	SES082	-5.29976	14.2195	19.5193
spk_ver/v03/v0354	SES082	-13.1133	3.62944	16.7428
spk_ver/v03/v0355	SES083	0.515512	21.7158	21.2003
spk_ver/v03/v0356	SES082	-5.38352	12.3908	17.7743
spk_ver/v03/v0357	SES082	-7.57613	10.3638	17.9399
spk_ver/v03/v0358	SES082	-5.12453	13.7798	18.9044
spk_ver/v03/v0359	SES117	-0.04772	16.332	16.3797
spk_ver/v03/v0360	SES082	-9.36818	10.7877	20.1559
spk_ver/v03/v0361	SES082	-4.12093	14.7647	18.8856
spk_ver/v03/v0362	SES007	0.328199	18.9369	18.6087
spk_ver/v03/v0363	SES082	-5.48044	12.8922	18.3727
spk_ver/v03/v0364	SES019	2.50767	20.8773	18.3696
spk_ver/v03/v0365	SES082	-3.44662	14.7927	18.2394
spk_ver/v03/v0366	SES226	2.0298	21.507	19.4772
spk_ver/v03/v0367	SES167	1.3554	22.0702	20.7148
spk_ver/v03/v0368	SES082	-6.18571	14.0602	20.2459
spk_ver/v03/v0369	SES042	3.00911	24.7795	21.7703
spk_ver/v03/v0370	SES042	1.30187	23.0699	21.768
spk_ver/v03/v0371	SES082	-8.61613	10.2187	18.8348
spk_ver/v03/v0372	SES082	-3.36236	16.5071	19.8695
spk_ver/v03/v0373	SES082	-7.86104	11.3371	19.1981
spk_ver/v03/v0374	SES083	-2.87641	18.9354	21.8118
spk_ver/v03/v0375	SES292	-0.284517	18.9656	19.2501
spk_ver/v03/v0376	SES083	-6.18688	14.0107	20.1976
spk_ver/v03/v0377	SES083	-6.28179	11.3646	17.6464
spk_ver/v03/v0378	SES083	-2.83835	15.5031	18.3415
spk_ver/v03/v0379	SES083	-2.01505	17.6856	19.7006
spk_ver/v03/v0380	SES083	-4.14265	14.8874	19.0301
spk_ver/v03/v0381	SES083	-5.98424	12.2806	18.2648
spk_ver/v03/v0382	SES148	0.0633316	20.0461	19.9828
spk_ver/v03/v0383	SES083	-3.2821	16.6689	19.951
spk_ver/v03/v0384	SES226	1.11393	20.8187	19.7048
spk_ver/v03/v0385	SES226	1.55358	21.4099	19.8563
spk_ver/v03/v0386	SES087	0.68346	20.7328	20.0494
spk_ver/v03/v0387	SES029	0.535471	20.0472	19.5117
spk_ver/v03/v0388	SES147	0.886364	19.0236	18.1373
spk_ver/v03/v0389	SES083	-7.18912	10.1429	17.3321
spk_ver/v03/v0390	SES189	1.6455	20.9591	19.3136
spk_ver/v03/v0391	SES083	-3.251	16.0373	19.2883
spk_ver/v03/v0392	SES083	-1.76058	18.4913	20.2518
spk_ver/v03/v0393	SES083	-5.89924	13.6123	19.5115
spk_ver/v03/v0394	SES083	-5.69461	12.5594	18.254
spk_ver/v03/v0395	SES083	-3.28333	16.6631	19.9465
spk_ver/v03/v0396	SES014	2.50036	23.9671	21.4668
spk_ver/v03/v0397	SES085	-1.68232	19.4006	21.083
spk_ver/v03/v0398	SES085	-2.30459	19.0826	21.3872
spk_ver/v03/v0399	SES085	-4.5663	14.4699	19.0362
spk_ver/v04/v0400	SES106	1.34523	21.2191	19.8738
spk_ver/v04/v0401	SES085	-6.7386	11.9073	18.6459
spk_ver/v04/v0402	SES085	-10.3302	6.85944	17.1897
spk_ver/v04/v0403	SES085	-0.632029	19.2973	19.9294
spk_ver/v04/v0404	SES180	0.794346	19.5516	18.7573
spk_ver/v04/v0405	SES129	0.892992	20.9985	20.1055
spk_ver/v04/v0406	SES085	-8.49744	10.1219	18.6194
spk_ver/v04/v0407	SES146	-0.386936	17.1534	17.5404
spk_ver/v04/v0408	SES085	-2.57178	17.0839	19.6556
spk_ver/v04/v0409	SES085	-5.39311	12.659	18.0521
spk_ver/v04/v0410	SES085	-5.60158	15.0897	20.6912
spk_ver/v04/v0411	SES292	0.158766	18.7596	18.6008
spk_ver/v04/v0412	SES085	-2.95749	17.7226	20.6801
spk_ver/v04/v0413	SES125	1.78554	22.0652	20.2796
spk_ver/v04/v0414	SES085	-3.90561	13.589	17.4946
spk_ver/v04/v0415	SES085	-3.65254	16.7842	20.4367
spk_ver/v04/v0416	SES085	-2.87869	16.7908	19.6694
spk_ver/v04/v0417	SES062	0.0543003	21.3888	21.3345
spk_ver/v04/v0418	SES060	1.53712	21.2889	19.7518
spk_ver/v04/v0419	SES085	-2.62839	16.8072	19.4356
spk_ver/v04/v0420	SES085	-8.85863	10.4285	19.2871
spk_ver/v04/v0421	SES085	-8.84572	7.69258	16.5383
spk_ver/v04/v0422	SES085	-3.22536	13.4476	16.673
spk_ver/v04/v0423	SES085	-6.36939	11.7887	18.1581
spk_ver/v04/v0424	SES085	-7.60116	7.63973	15.2409
spk_ver/v04/v0425	SES183	0.112852	19.3057	19.1928
spk_ver/v04/v0426	SES085	-6.92454	10.7153	17.6398
spk_ver/v04/v0427	SES087	-5.24185	12.2559	17.4978
spk_ver/v04/v0428	SES162	0.398006	19.706	19.308
spk_ver/v04/v0429	SES087	-3.42602	16.1124	19.5384
spk_ver/v04/v0430	SES087	-8.18115	10.7519	18.9331
spk_ver/v04/v0431	SES087	-7.62163	11.3937	19.0154
spk_ver/v04/v0432	SES087	-4.96238	13.3842	18.3465
spk_ver/v04/v0433	SES087	-6.58555	13.2572	19.8427
spk_ver/v04/v0434	SES142	1.92579	20.0061	18.0803
spk_ver/v04/v0435	SES087	-8.48468	9.40812	17.8928
spk_ver/v04/v0436	SES099	1.11231	20.7808	19.6684
spk_ver/v04/v0437	SES087	-2.49047	18.4394	20.9299
spk_ver/v04/v0438	SES087	-7.60061	11.2642	18.8648
spk_ver/v04/v0439	SES087	-4.01327	15.9578	19.971
spk_ver/v04/v0440	SES087	-5.72756	14.4989	20.2264
spk_ver/v04/v0441	SES087	-8.89796	9.95694	18.8549
spk_ver/v04/v0442	SES187	1.08918	19.7687	18.6795
spk_ver/v04/v0443	SES172	0.789	21.3999	20.6109
spk_ver/v04/v0444	SES087	-4.27492	14.7482	19.0232
spk_ver/v04/v0445	SES087	-4.63749	14.7209	19.3583
spk_ver/v04/v0446	SES087	-1.58326	18.4373	20.0205
spk_ver/v04/v0447	SES087	-4.09445	15.6682	19.7627
spk_ver/v04/v0448	SES106	1.61742	19.1827	17.5652
spk_ver/v04/v0449	SES146	0.270412	18.2804	18.01
spk_ver/v04/v0450	SES087	-9.01527	9.70048	18.7158
spk_ver/v04/v0451	SES087	-4.31363	14.3322	18.6458
spk_ver/v04/v0452	SES007	1.05106	19.8341	18.7831
spk_ver/v04/v0453	SES087	-5.07445	12.5166	17.5911
spk_ver/v04/v0454	SES087	-10.7743	8.71124	19.4855
spk_ver/v04/v0455	SES180	-0.106266	18.7512	18.8574
spk_ver/v04/v0456	SES099	-7.38522	11.6299	19.0151
spk_ver/v04/v0457	SES042	1.58658	22.4256	20.8391
spk_ver/v04/v0458	SES099	-2.23506	16.2424	18.4775
spk_ver/v04/v0459	SES099	-7.75898	11.2683	19.0273
spk_ver/v04/v0460	SES099	-7.29169	10.5735	17.8651
spk_ver/v04/v0461	SES099	-5.50203	14.3158	19.8178
spk_ver/v04/v0462	SES082	2.09052	22.2925	20.202
spk_ver/v04/v0463	SES099	-2.40461	17.3209	19.7255
spk_ver/v04/v0464	SES099	-0.757622	18.5775	19.3351
spk_ver/v04/v0465	SES099	-8.35387	10.9424	19.2962
spk_ver/v04/v0466	SES099	-2.30451	16.194	18.4985
spk_ver/v04/v0467	SES099	-1.25076	17.6524	18.9032
spk_ver/v04/v0468	SES129	2.47155	21.9537	19.4822
spk_ver/v04/v0469	SES101	0.400772	19.4936	19.0929
spk_ver/v04/v0470	SES099	-6.90842	11.1462	18.0546
spk_ver/v04/v0471	SES172	1.41452	21.3617	19.9471
spk_ver/v04/v0472	SES099	-2.16221	16.2851	18.4473
spk_ver/v04/v0473	SES270	2.88626	21.2575	18.3712
spk_ver/v04/v0474	SES099	-6.98951	13.1677	20.1572
spk_ver/v04/v0475	SES099	-3.82171	16.9761	20.7978
spk_ver/v04/v0476	SES099	-6.74935	8.87106	15.6204
spk_ver/v04/v0477	SES002	1.38096	21.3867	20.0057
spk_ver/v04/v0478	SES099	-1.74074	16.7415	18.4822
spk_ver/v04/v0479	SES007	-0.857004	18.3636	19.2206
spk_ver/v04/v0480	SES101	-7.61191	12.0018	19.6137
spk_ver/v04/v0481	SES101	-5.3782	12.2459	17.6241
spk_ver/v04/v0482	SES175	-0.511778	18.0881	18.5998
spk_ver/v04/v0483	SES101	-6.29824	12.0073	18.3055
spk_ver/v04/v0484	SES101	-8.05181	13.512	21.5638
spk_ver/v04/v0485	SES101	-2.95981	15.1513	18.1111
spk_ver/v04/v0486	SES101	-2.97238	14.841	17.8134
spk_ver/v04/v0487	SES101	-2.3799	17.2047	19.5846
spk_ver/v04/v0488	SES101	-9.23451	9.02895	18.2635
spk_ver/v04/v0489	SES147	0.559176	16.2191	15.6599
spk_ver/v04/v0490	SES085	-1.96304	17.7584	19.7215
spk_ver/v04/v0491	SES101	-4.31374	14.4179	18.7316
spk_ver/v04/v0492	SES101	-7.96226	8.37391	16.3362
spk_ver/v04/v0493	SES101	-5.86392	14.8943	20.7582
spk_ver/v04/v0494	SES101	-3.71069	14.8775	18.5882
spk_ver/v04/v0495	SES101	-2.35132	18.8242	21.1755
spk_ver/v04/v0496	SES101	-3.51135	16.7905	20.3018
spk_ver/v04/v0497	SES014	1.6645	22.705	21.0405
spk_ver/v04/v0498	SES101	-5.8128	14.2897	20.1025
spk_ver/v04/v0499	SES101	-4.61943	15.3311	19.9505
spk_ver/v05/v0500	SES085	-0.197908	21.3465	21.5445
spk_ver/v05/v0501	SES101	-7.80842	11.8293	19.6377
spk_ver/v05/v0502	SES275	0.166307	18.4735	18.3072
spk_ver/v05/v0503	SES117	0.582811	18.4455	17.8626
spk_ver/v05/v0504	SES101	-7.8391	10.9323	18.7714
spk_ver/v05/v0505	SES101	-3.90685	15.55	19.4569
spk_ver/v05/v0506	SES101	-3.6704	14.4917	18.1621
spk_ver/v05/v0507	SES048	0.938625	21.1443	20.2056
spk_ver/v05/v0508	SES117	-0.350582	16.8264	17.177
spk_ver/v05/v0509	SES202	2.25125	19.7858	17.5345
spk_ver/v05/v0510	SES104	-5.64146	11.0427	16.6842
spk_ver/v05/v0511	SES008	0.791548	18.9464	18.1549
spk_ver/v05/v0512	SES104	-3.47879	12.9299	16.4087
spk_ver/v05/v0513	SES104	-4.29871	15.6339	19.9326
spk_ver/v05/v0514	SES104	-7.76547	12.4305	20.196
spk_ver/v05/v0515	SES104	-10.6396	8.92176	19.5614
spk_ver/v05/v0516	SES104	-6.02084	9.97968	16.0005
spk_ver/v05/v0517	SES060	-0.021637	21.9969	22.0186
spk_ver/v05/v0518	SES104	-10.5688	7.70052	18.2693
spk_ver/v05/v0519	SES104	-10.8737	6.34013	17.2139
spk_ver/v05/v0520	SES104	-2.53427	17.8357	20.37
spk_ver/v05/v0521	SES008	0.756102	21.0941	20.338
spk_ver/v05/v0522	SES068	1.31945	21.9307	20.6112
spk_ver/v05/v0523	SES087	1.2716	21.9193	20.6477
spk_ver/v05/v0524	SES104	-3.71081	15.1906	18.9014
spk_ver/v05/v0525	SES104	-2.38059	16.1914	18.572
spk_ver/v05/v0526	SES104	-3.67058	15.809	19.4796
spk_ver/v05/v0527	SES083	0.276524	20.2393	19.9628
spk_ver/v05/v0528	SES148	1.023	19.0973	18.0743
spk_ver/v05/v0529	SES104	-5.75621	12.6669	18.4231
spk_ver/v05/v0530	SES104	-8.74339	10.987	19.7304
spk_ver/v05/v0531	SES125	0.807745	20.9827	20.175
spk_ver/v05/v0532	SES104	-11.43	6.64248	18.0725
spk_ver/v05/v0533	SES149	2.17647	22.8201	20.6436
spk_ver/v05/v0534	SES104	-8.03926	11.8808	19.9201
spk_ver/v05/v0535	SES187	-0.0883026	18.4599	18.5482
spk_ver/v05/v0536	SES104	-4.0603	14.5187	18.579
spk_ver/v05/v0537	SES104	-4.52682	13.5676	18.0944
spk_ver/v05/v0538	SES167	0.446846	19.7443	19.2974
spk_ver/v05/v0539	SES104	-4.68797	11.2495	15.9375
spk_ver/v05/v0540	SES104	-9.8445	11.3314	21.1759
spk_ver/v05/v0541	SES183	1.15228	19.1078	17.9555
spk_ver/v05/v0542	SES104	-2.83964	15.8664	18.706
spk_ver/v05/v0543	SES104	-9.73158	10.0005	19.7321
spk_ver/v05/v0544	SES105	-6.67608	12.2258	18.9019
spk_ver/v05/v0545	SES105	-4.51725	14.3169	18.8341
spk_ver/v05/v0546	SES105	-6.351	11.963	18.314
spk_ver/v05/v0547	SES105	-5.28511	12.9409	18.226
spk_ver/v05/v0548	SES019	2.67952	20.2143	17.5347
spk_ver/v05/v0549	SES105	-3.90446	15.7463	19.6508
spk_ver/v05/v0550	SES105	-7.05619	10.0508	17.107
spk_ver/v05/v0551	SES202	2.41958	18.4238	16.0043
spk_ver/v05/v0552	SES105	-5.59977	13.59	19.1898
spk_ver/v05/v0553	SES105	-2.33729	18.2848	20.6221
spk_ver/v05/v0554	SES105	-2.88526	17.4008	20.286
spk_ver/v05/v0555	SES105	-5.54417	12.2153	17.7594
spk_ver/v05/v0556	SES082	-0.0740757	20.2304	20.3044
spk_ver/v05/v0557	SES105	-7.24176	12.9224	20.1641
spk_ver/v05/v0558	SES014	0.356602	20.2889	19.9323
spk_ver/v05/v0559	SES105	-3.32806	16.4556	19.7836
spk_ver/v05/v0560	SES177	-0.889299	18.6766	19.5659
spk_ver/v05/v0561	SES189	2.55454	16.7982	14.2437
spk_ver/v05/v0562	SES105	-5.50394	12.9365	18.4404
spk_ver/v05/v0563	SES099	1.65675	18.9376	17.2808
spk_ver/v05/v0564	SES105	-3.81529	16.1477	19.963
spk_ver/v05/v0565	SES105	-6.223	11.8546	18.0776
spk_ver/v05/v0566	SES105	-7.77844	10.3787	18.1572
spk_ver/v05/v0567	SES142	1.10358	18.7773	17.6737
spk_ver/v05/v0568	SES048	0.0426693	18.6457	18.603
spk_ver/v05/v0569	SES105	-6.49164	13.9422	20.4338
spk_ver/v05/v0570	SES105	-2.70898	16.9586	19.6676
spk_ver/v05/v0571	SES105	-5.0038	13.6074	18.6112
spk_ver/v05/v0572	SES105	-8.54671	8.34934	16.896
spk_ver/v05/v0573	SES105	-8.46976	8.9432	17.413
spk_ver/v05/v0574	SES105	-2.30783	16.634	18.9418
spk_ver/v05/v0575	SES105	-2.66469	16.5334	19.1981
spk_ver/v05/v0576	SES106	-7.34832	10.5969	17.9452
spk_ver/v05/v0577	SES106	-8.43078	10.0246	18.4554
spk_ver/v05/v0578	SES106	-6.91044	13.4854	20.3959
spk_ver/v05/v0579	SES106	-7.70712	10.9693	18.6764
spk_ver/v05/v0580	SES106	-3.81136	16.9871	20.7985
spk_ver/v05/v0581	SES106	-10.4252	9.30431	19.7295
spk_ver/v05/v0582	SES106	-3.06199	14.6363	17.6983
spk_ver/v05/v0583	SES106	-2.59799	18.069	20.667
spk_ver/v05/v0584	SES106	-6.76169	11.3787	18.1404
spk_ver/v05/v0585	SES106	-1.82861	13.5105	15.3391
spk_ver/v05/v0586	SES106	-6.16914	11.7552	17.9244
spk_ver/v05/v0587	SES106	-5.73182	11.6596	17.3914
spk_ver/v05/v0588	SES106	-7.88931	12.092	19.9814
spk_ver/v05/v0589	SES106	-8.02846	12.5096	20.5381
spk_ver/v05/v0590	SES082	0.254982	19.555	19.3001
spk_ver/v05/v0591	SES180	0.0703392	18.6766	18.6063
spk_ver/v05/v0592	SES106	-2.81596	15.2442	18.0601
spk_ver/v05/v0593	SES106	-8.67649	9.41537	18.0919
spk_ver/v05/v0594	SES292	0.259047	19.9728	19.7138
spk_ver/v05/v0595	SES106	-2.5585	16.0884	18.647
spk_ver/v05/v0596	SES106	-7.71551	11.9568	19.6723
spk_ver/v05/v0597	SES106	-9.25333	9.22151	18.4748
spk_ver/v05/v0598	SES042	1.5659	21.4862	19.9203
spk_ver/v05/v0599	SES106	-7.92026	10.2472	18.1674
spk_ver/v06/v0600	SES106	-2.25602	14.2337	16.4897
spk_ver/v06/v0601	SES106	-3.95152	14.311	18.2626
spk_ver/v06/v0602	SES106	-5.29393	13.9556	19.2496
spk_ver/v06/v0603	SES106	-6.44508	11.6082	18.0533
spk_ver/v06/v0604	SES106	-6.56861	12.4814	19.05
spk_ver/v06/v0605	SES106	-8.93811	8.487	17.4251
spk_ver/v06/v0606	SES048	1.81279	21.805	19.9922
spk_ver/v06/v0607	SES167	1.83504	22.8547	21.0197
spk_ver/v06/v0608	SES106	-7.19662	11.5619	18.7585
spk_ver/v06/v0609	SES143	1.04277	18.8994	17.8567
spk_ver/v06/v0610	SES106	-12.807	5.46362	18.2706
spk_ver/v06/v0611	SES106	-5.17304	13.991	19.1641
spk_ver/v06/v0612	SES106	-8.17869	9.78418	17.9629
spk_ver/v06/v0613	SES117	-2.45058	17.7138	20.1644
spk_ver/v06/v0614	SES117	-6.5873	12.9472	19.5345
spk_ver/v06/v0615	SES117	-3.07778	15.7431	18.8208
spk_ver/v06/v0616	SES106	2.10042	22.8185	20.7181
spk_ver/v06/v0617	SES142	1.67909	17.6281	15.949
spk_ver/v06/v0618	SES048	1.71923	21.7152	19.996
spk_ver/v06/v0619	SES175	0.469818	18.9988	18.529
spk_ver/v06/v0620	SES180	-0.239941	19.6037	19.8436
spk_ver/v06/v0621	SES117	-1.83111	14.6175	16.4486
spk_ver/v06/v0622	SES029	-0.289831	19.4714	19.7612
spk_ver/v06/v0623	SES117	-3.32618	15.9712	19.2973
spk_ver/v06/v0624	SES117	-6.20005	12.0299	18.23
spk_ver/v06/v0625	SES117	-3.36302	14.3718	17.7349
spk_ver/v06/v0626	SES106	1.31394	20.8555	19.5416
spk_ver/v06/v0627	SES226	2.29403	21.8201	19.526
spk_ver/v06/v0628	SES117	-2.2239	16.4505	18.6744
spk_ver/v06/v0629	SES117	-5.62875	16.8428	22.4715
spk_ver/v06/v0630	SES117	-5.72101	13.3867	19.1077
spk_ver/v06/v0631	SES117	-7.95666	7.68458	15.6412
spk_ver/v06/v0632	SES117	-3.24352	17.2877	20.5313
spk_ver/v06/v0633	SES099	1.36093	20.1183	18.7574
spk_ver/v06/v0634	SES105	2.33272	22.055	19.7223
spk_ver/v06/v0635	SES167	-0.0623837	19.7729	19.8353
spk_ver/v06/v0636	SES117	-1.89636	17.448	19.3443
spk_ver/v06/v0637	SES202	1.92614	19.5103	17.5841
spk_ver/v06/v0638	SES117	-4.40885	15.2729	19.6817
spk_ver/v06/v0639	SES167	1.19885	18.9116	17.7128
spk_ver/v06/v0640	SES117	-3.12319	16.1951	19.3183
spk_ver/v06/v0641	SES117	-5.38017	13.2605	18.6407
spk_ver/v06/v0642	SES101	0.904264	21.1233	20.219
spk_ver/v06/v0643	SES068	0.554829	20.7358	20.181
spk_ver/v06/v0644	SES120	-4.878	12.579	17.457
spk_ver/v06/v0645	SES120	-3.10816	15.6415	18.7497
spk_ver/v06/v0646	SES172	-0.444637	19.7925	20.2371
spk_ver/v06/v0647	SES120	-4.49919	15.2694	19.7686
spk_ver/v06/v0648	SES120	-1.88311	18.3424	20.2256
spk_ver/v06/v0649	SES120	-4.55889	12.1433	16.7022
spk_ver/v06/v0650	SES087	0.698088	20.5195	19.8214
spk_ver/v06/v0651	SES120	-2.92116	16.232	19.1532
spk_ver/v06/v0652	SES104	-1.20449	16.3775	17.582
spk_ver/v06/v0653	SES129	1.635	21.1868	19.5518
spk_ver/v06/v0654	SES120	-4.48567	13.4755	17.9611
spk_ver/v06/v0655	SES120	-2.92219	14.8469	17.7691
spk_ver/v06/v0656	SES120	-3.75781	15.4363	19.1941
spk_ver/v06/v0657	SES147	0.364048	17.2459	16.8818
spk_ver/v06/v0658	SES120	-4.10629	14.5668	18.6731
spk_ver/v06/v0659	SES120	-3.46544	16.2791	19.7446
spk_ver/v06/v0660	SES120	-2.19908	17.1888	19.3879
spk_ver/v06/v0661	SES120	-2.80712	13.488	16.2951
spk_ver/v06/v0662	SES120	-3.10751	16.7606	19.8681
spk_ver/v06/v0663	SES120	-4.24259	12.2948	16.5374
spk_ver/v06/v0664	SES147	0.975395	19.5989	18.6235
spk_ver/v06/v0665	SES162	1.05511	19.7724	18.7173
spk_ver/v06/v0666	SES120	-3.42575	16.4643	19.89
spk_ver/v06/v0667	SES120	-2.30295	17.3877	19.6906
spk_ver/v06/v0668	SES120	0.419373	19.4259	19.0066
spk_ver/v06/v0669	SES142	1.78882	20.4405	18.6517
spk_ver/v06/v0670	SES106	2.32161	21.3939	19.0723
spk_ver/v06/v0671	SES183	1.43897	18.7445	17.3056
spk_ver/v06/v0672	SES120	-2.86052	15.4212	18.2817
spk_ver/v06/v0673	SES029	-0.559513	20.3314	20.8909
spk_ver/v06/v0674	SES120	-2.60124	15.3074	17.9086
spk_ver/v06/v0675	SES008	1.56189	21.1719	19.61
spk_ver/v06/v0676	SES125	-6.71878	9.88262	16.6014
spk_ver/v06/v0677	SES143	0.511789	18.0315	17.5197
spk_ver/v06/v0678	SES125	-6.83094	10.995	17.8259
spk_ver/v06/v0679	SES162	0.0673141	19.1167	19.0494
spk_ver/v06/v0680	SES125	-4.97134	14.0308	19.0021
spk_ver/v06/v0681	SES125	-4.36067	14.5701	18.9307
spk_ver/v06/v0682	SES125	-7.2649	13.5399	20.8048
spk_ver/v06/v0683	SES226	0.955362	20.2011	19.2458
spk_ver/v06/v0684	SES125	-5.40848	12.6703	18.0788
spk_ver/v06/v0685	SES125	-7.59688	10.6324	18.2293
spk_ver/v06/v0686	SES120	0.922068	20.4854	19.5633
spk_ver/v06/v0687	SES125	-6.67727	9.18375	15.861
spk_ver/v06/v0688	SES158	0.789177	19.7019	18.9127
spk_ver/v06/v0689	SES125	-8.81389	9.20417	18.0181
spk_ver/v06/v0690	SES105	1.71703	20.7696	19.0526
spk_ver/v06/v0691	SES125	-2.58958	15.9927	18.5823
spk_ver/v06/v0692	SES125	-3.66346	15.5991	19.2626
spk_ver/v06/v0693	SES180	1.20579	20.1867	18.981
spk_ver/v06/v0694	SES125	-10.081	9.73124	19.8122
spk_ver/v06/v0695	SES125	-5.10259	14.9913	20.0939
spk_ver/v06/v0696	SES125	-9.64145	11.1299	20.7714
spk_ver/v06/v0697	SES125	-9.42771	8.6326	18.0603
spk_ver/v06/v0698	SES083	0.0498161	21.4152	21.3654
spk_ver/v06/v0699	SES125	-6.72928	13.1144	19.8437
spk_ver/v07/v0700	SES014	1.28631	22.9477	21.6614
spk_ver/v07/v0701	SES125	-6.11994	15.081	21.201
spk_ver/v07/v0702	SES127	-2.66286	16.8925	19.5554
spk_ver/v07/v0703	SES127	-2.53124	15.1541	17.6853
spk_ver/v07/v0704	SES206	1.27714	21.7539	20.4768
spk_ver/v07/v0705	SES127	-4.0721	15.1629	19.235
spk_ver/v07/v0706	SES127	-3.37711	17.8055	21.1826
spk_ver/v07/v0707	SES127	-6.12983	13.4223	19.5522
spk_ver/v07/v0708	SES275	0.368494	20.3934	20.0249
spk_ver/v07/v0709	SES127	-3.95084	15.6441	19.5949
spk_ver/v07/v0710	SES105	1.05683	20.2801	19.2233
spk_ver/v07/v0711	SES127	-3.46483	14.4111	17.8759
spk_ver/v07/v0712	SES127	-3.35281	15.6247	18.9775
spk_ver/v07/v0713	SES127	-4.71841	12.8403	17.5587
spk_ver/v07/v0714	SES019	3.90583	20.8666	16.9608
spk_ver/v07/v0715	SES127	-6.33811	11.2047	17.5428
spk_ver/v07/v0716	SES148	0.667128	19.0808	18.4137
spk_ver/v07/v0717	SES162	1.35007	21.3363	19.9863
spk_ver/v07/v0718	SES189	0.245094	19.0693	18.8242
spk_ver/v07/v0719	SES149	0.158602	21.3646	21.206
spk_ver/v07/v0720	SES175	0.282005	19.9109	19.6288
spk_ver/v07/v0721	SES127	-5.28832	14.0639	19.3522
spk_ver/v07/v0722	SES127	-2.44392	16.178	18.622
spk_ver/v07/v0723	SES127	-4.25467	15.0153	19.27
spk_ver/v07/v0724	SES127	-3.97739	16.5706	20.548
spk_ver/v07/v0725	SES127	-4.41041	14.164	18.5744
spk_ver/v07/v0726	SES259	1.99939	21.7916	19.7922
spk_ver/v07/v0727	SES127	-3.52073	15.7254	19.2461
spk_ver/v07/v0728	SES127	-1.41043	19.3651	20.7755
spk_ver/v07/v0729	SES127	-7.07545	11.1646	18.24
spk_ver/v07/v0730	SES127	-4.27796	13.5921	17.8701
spk_ver/v07/v0731	SES129	-3.97446	16.9146	20.8891
spk_ver/v07/v0732	SES129	-3.70949	14.9824	18.6919
spk_ver/v07/v0733	SES129	-6.69352	11.1079	17.8014
spk_ver/v07/v0734	SES129	-9.83592	7.90959	17.7455
spk_ver/v07/v0735	SES183	0.68882	19.3568	18.668
spk_ver/v07/v0736	SES129	-5.58161	12.6309	18.2125
spk_ver/v07/v0737	SES129	-3.71904	14.8728	18.5918
spk_ver/v07/v0738	SES129	-9.29947	8.62435	17.9238
spk_ver/v07/v0739	SES129	-5.78443	11.7665	17.5509
spk_ver/v07/v0740	SES167	-1.18239	19.5537	20.7361
spk_ver/v07/v0741	SES129	-4.9984	12.6031	17.6014
spk_ver/v07/v0742	SES129	-6.35627	14.9351	21.2914
spk_ver/v07/v0743	SES129	-4.19477	15.2257	19.4205
spk_ver/v07/v0744	SES129	-8.04673	8.93223	16.979
spk_ver/v07/v0745	SES180	1.64796	20.3238	18.6758
spk_ver/v07/v0746	SES129	-3.5963	17.7237	21.32
spk_ver/v07/v0747	SES292	-0.284689	20.2347	20.5194
spk_ver/v07/v0748	SES202	0.926744	17.9124	16.9856
spk_ver/v07/v0749	SES270	0.433155	19.3488	18.9157
spk_ver/v07/v0750	SES129	-5.50971	15.7004	21.2101
spk_ver/v07/v0751	SES129	-7.51605	12.982	20.498
spk_ver/v07/v0752	SES060	-0.353006	19.7245	20.0775
spk_ver/v07/v0753	SES129	-5.23988	14.0805	19.3204
spk_ver/v07/v0754	SES129	-9.21651	7.343	16.5595
spk_ver/v07/v0755	SES129	-5.95358	13.3815	19.3351
spk_ver/v07/v0756	SES175	-0.363089	17.7541	18.1172
spk_ver/v07/v0757	SES129	-7.2736	9.03549	16.3091
spk_ver/v07/v0758	SES129	-7.61607	10.5434	18.1594
spk_ver/v07/v0759	SES129	-6.99716	12.9233	19.9204
spk_ver/v07/v0760	SES129	-5.51445	14.3804	19.8949
spk_ver/v07/v0761	SES129	-6.02372	15.114	21.1378
spk_ver/v07/v0762	SES172	0.0510082	19.3828	19.3318
spk_ver/v07/v0763	SES129	-7.76489	9.13884	16.9037
spk_ver/v07/v0764	SES129	-5.45566	14.2227	19.6783
spk_ver/v07/v0765	SES175	0.25971	19.3784	19.1187
spk_ver/v07/v0766	SES129	-6.22118	14.1001	20.3213
spk_ver/v07/v0767	SES129	-5.42789	12.9789	18.4068
spk_ver/v07/v0768	SES042	1.23662	22.1876	20.951
spk_ver/v07/v0769	SES099	1.27166	20.179	18.9073
spk_ver/v07/v0770	SES142	-4.73272	14.0819	18.8146
spk_ver/v07/v0771	SES142	-4.35857	15.4352	19.7937
spk_ver/v07/v0772	SES101	0.798569	21.219	20.4205
spk_ver/v07/v0773	SES142	-11.0809	6.58385	17.6647
spk_ver/v07/v0774	SES142	-7.47343	9.28341	16.7568
spk_ver/v07/v0775	SES142	-3.80219	15.1401	18.9423
spk_ver/v07/v0776	SES142	-6.01395	14.4978	20.5118
spk_ver/v07/v0777	SES142	-6.64565	12.8342	19.4799
spk_ver/v07/v0778	SES142	-3.83296	13.7369	17.5698
spk_ver/v07/v0779	SES142	-13.6236	5.01958	18.6432
spk_ver/v07/v0780	SES142	-7.55171	7.76884	15.3205
spk_ver/v07/v0781	SES142	-12.5081	7.20248	19.7106
spk_ver/v07/v0782	SES101	-0.0832844	18.7587	18.842
spk_ver/v07/v0783	SES142	-7.52055	10.8973	18.4179
spk_ver/v07/v0784	SES187	1.3965	19.9892	18.5927
spk_ver/v07/v0785	SES143	-0.102634	15.6379	15.7406
spk_ver/v07/v0786	SES142	-6.25333	14.2397	20.493
spk_ver/v07/v0787	SES144	-0.0634613	19.4065	19.4699
spk_ver/v07/v0788	SES275	0.248728	19.2802	19.0315
spk_ver/v07/v0789	SES142	-5.43103	13.7967	19.2278
spk_ver/v07/v0790	SES099	1.89057	21.9811	20.0905
spk_ver/v07/v0791	SES142	-9.10972	9.0045	18.1142
spk_ver/v07/v0792	SES142	-7.31531	14.3192	21.6345
spk_ver/v07/v0793	SES142	-9.87747	9.21951	19.097
spk_ver/v07/v0794	SES014	0.646135	21.1379	20.4918
spk_ver/v07/v0795	SES142	-11.2988	7.888	19.1868
spk_ver/v07/v0796	SES142	-5.46222	14.6792	20.1414
spk_ver/v07/v0797	SES143	-2.13943	17.2738	19.4132
spk_ver/v07/v0798	SES206	0.957205	21.876	20.9188
spk_ver/v07/v0799	SES143	-4.64255	11.5273	16.1699
spk_ver/v08/v0800	SES143	-3.40913	15.0034	18.4126
spk_ver/v08/v0801	SES143	-2.81165	17.9333	20.7449
spk_ver/v08/v0802	SES143	-4.26367	13.1224	17.3861
spk_ver/v08/v0803	SES143	-3.95235	13.6817	17.6341
spk_ver/v08/v0804	SES143	-3.94407	12.638	16.582
spk_ver/v08/v0805	SES143	-3.19622	14.139	17.3352
spk_ver/v08/v0806	SES143	-4.01055	13.419	17.4295
spk_ver/v08/v0807	SES177	-0.1502	18.9003	19.0505
spk_ver/v08/v0808	SES149	0.316481	20.5416	20.2251
spk_ver/v08/v0809	SES143	-4.76563	14.746	19.5117
spk_ver/v08/v0810	SES158	1.28368	19.0776	17.7939
spk_ver/v08/v0811	SES143	-3.91619	12.9769	16.8931
spk_ver/v08/v0812	SES062	1.38781	23.0793	21.6915
spk_ver/v08/v0813	SES259	1.53927	21.5365	19.9972
spk_ver/v08/v0814	SES143	-5.78986	14.5234	20.3133
spk_ver/v08/v0815	SES143	-3.96004	14.5583	18.5184
spk_ver/v08/v0816	SES143	-2.74499	17.1828	19.9278
spk_ver/v08/v0817	SES144	-0.159092	20.7346	20.8937
spk_ver/v08/v0818	SES143	-3.42438	16.2011	19.6255
spk_ver/v08/v0819	SES143	-4.20788	15.44	19.6478
spk_ver/v08/v0820	SES143	-3.22942	17.0427	20.2721
spk_ver/v08/v0821	SES143	-3.35301	16.0505	19.4035
spk_ver/v08/v0822	SES143	-5.34625	13.2786	18.6248
spk_ver/v08/v0823	SES104	0.284578	20.4597	20.1752
spk_ver/v08/v0824	SES143	-5.05207	15.3516	20.4037
spk_ver/v08/v0825	SES143	-3.10146	15.7638	18.8652
spk_ver/v08/v0826	SES144	-6.95669	11.5706	18.5273
spk_ver/v08/v0827	SES144	-3.64918	16.6447	20.2939
spk_ver/v08/v0828	SES144	-2.08801	18.0988	20.1868
spk_ver/v08/v0829	SES172	0.11899	19.0765	18.9575
spk_ver/v08/v0830	SES144	-1.54415	17.2265	18.7706
spk_ver/v08/v0831	SES183	1.2278	20.4349	19.2071
spk_ver/v08/v0832	SES144	-6.91559	10.3239	17.2395
spk_ver/v08/v0833	SES144	-6.93157	11.9238	18.8554
spk_ver/v08/v0834	SES144	-2.09457	16.7581	18.8527
spk_ver/v08/v0835	SES144	-4.25943	14.0207	18.2801
spk_ver/v08/v0836	SES144	-4.00071	15.0782	19.0789
spk_ver/v08/v0837	SES144	-3.84514	17.3239	21.169
spk_ver/v08/v0838	SES144	-4.16235	14.5729	18.7352
spk_ver/v08/v0839	SES085	-0.257345	20.1616	20.419
spk_ver/v08/v0840	SES144	-2.01195	17.3498	19.3618
spk_ver/v08/v0841	SES144	-7.0537	8.90364	15.9573
spk_ver/v08/v0842	SES144	-7.02837	12.2906	19.319
spk_ver/v08/v0843	SES144	-1.36778	18.7668	20.1345
spk_ver/v08/v0844	SES144	-4.68009	14.3042	18.9843
spk_ver/v08/v0845	SES144	-4.98634	17.044	22.0304
spk_ver/v08/v0846	SES104	0.465466	19.95	19.4846
spk_ver/v08/v0847	SES144	-5.23462	14.3435	19.5781
spk_ver/v08/v0848	SES144	-4.73302	13.7268	18.4598
spk_ver/v08/v0849	SES144	-8.21564	10.9776	19.1933
spk_ver/v08/v0850	SES144	-5.3327	14.6416	19.9744
spk_ver/v08/v0851	SES144	-3.45152	15.3686	18.8201
spk_ver/v08/v0852	SES144	-1.95928	18.4319	20.3912
spk_ver/v08/v0853	SES144	-5.1321	14.4897	19.6218
spk_ver/v08/v0854	SES144	-2.60599	17.1004	19.7064
spk_ver/v08/v0855	SES144	-1.00502	19.4524	20.4574
spk_ver/v08/v0856	SES082	-1.65981	15.1574	16.8172
spk_ver/v08/v0857	SES142	1.80869	20.4933	18.6846
spk_ver/v08/v0858	SES144	-2.35134	15.2737	17.625
spk_ver/v08/v0859	SES144	-2.59663	16.5266	19.1233
spk_ver/v08/v0860	SES146	-6.17847	12.4577	18.6361
spk_ver/v08/v0861	SES146	-5.68098	12.1706	17.8516
spk_ver/v08/v0862	SES146	-6.72735	10.8102	17.5375
spk_ver/v08/v0863	SES146	-4.51678	12.76	17.2768
spk_ver/v08/v0864	SES146	-4.05022	16.4346	20.4848
spk_ver/v08/v0865	SES008	2.37591	20.2518	17.8759
spk_ver/v08/v0866	SES142	0.900923	20.0939	19.193
spk_ver/v08/v0867	SES146	-4.97697	13.5406	18.5176
spk_ver/v08/v0868	SES082	2.09137	23.2502	21.1588
spk_ver/v08/v0869	SES146	-2.96609	17.2617	20.2277
spk_ver/v08/v0870	SES146	-5.11572	11.0502	16.1659
spk_ver/v08/v0871	SES146	-5.96192	12.75	18.7119
spk_ver/v08/v0872	SES146	-5.4625	11.1104	16.5729
spk_ver/v08/v0873	SES082	1.3903	22.6187	21.2284
spk_ver/v08/v0874	SES146	-5.12944	13.7846	18.9141
spk_ver/v08/v0875	SES144	-0.676552	17.7816	18.4582
spk_ver/v08/v0876	SES146	-3.68193	18.6918	22.3737
spk_ver/v08/v0877	SES146	-5.53952	12.2372	17.7767
spk_ver/v08/v0878	SES146	-4.25606	15.4295	19.6856
spk_ver/v08/v0879	SES146	-4.05837	15.4547	19.5131
spk_ver/v08/v0880	SES146	-4.31053	14.5525	18.8631
spk_ver/v08/v0881	SES143	0.845575	17.6838	16.8383
spk_ver/v08/v0882	SES146	-2.81525	17.0654	19.8806
spk_ver/v08/v0883	SES147	-3.17116	17.0232	20.1944
spk_ver/v08/v0884	SES147	-2.77316	17.2038	19.9769
spk_ver/v08/v0885	SES016	0.82453	21.1074	20.2828
spk_ver/v08/v0886	SES147	-3.09262	15.8816	18.9742
spk_ver/v08/v0887	SES147	-3.62903	15.994	19.623
spk_ver/v08/v0888	SES147	-4.01535	12.9374	16.9527
spk_ver/v08/v0889	SES019	0.775379	18.686	17.9106
spk_ver/v08/v0890	SES147	-3.31661	15.1721	18.4887
spk_ver/v08/v0891	SES147	-4.38745	14.9671	19.3546
spk_ver/v08/v0892	SES147	-3.45563	14.5986	18.0542
spk_ver/v08/v0893	SES270	1.59943	17.8562	16.2568
spk_ver/v08/v0894	SES029	-0.0521774	19.2803	19.3325
spk_ver/v08/v0895	SES147	-3.35924	14.4403	17.7995
spk_ver/v08/v0896	SES117	0.306314	17.285	16.9787
spk_ver/v08/v0897	SES183	1.13503	16.7273	15.5923
spk_ver/v08/v0898	SES147	-6.0148	14.775	20.7898
spk_ver/v08/v0899	SES147	-3.83388	13.8212	17.6551
spk_ver/v09/v0900	SES087	0.123545	20.7772	20.6536
spk_ver/v09/v0901	SES147	-8.14438	10.0799	18.2243
spk_ver/v09/v0902	SES147	-5.38749	13.0621	18.4496
spk_ver/v09/v0903	SES147	-2.68734	16.017	18.7043
spk_ver/v09/v0904	SES147	-4.38044	15.5352	19.9156
spk_ver/v09/v0905	SES143	0.387285	17.9864	17.5991
spk_ver/v09/v0906	SES149	0.00188637	20.9841	20.9822
spk_ver/v09/v0907	SES148	-2.13988	17.872	20.0119
spk_ver/v09/v0908	SES148	-1.49327	18.2531	19.7463
spk_ver/v09/v0909	SES106	2.48773	18.9418	16.454
spk_ver/v09/v0910	SES148	-1.70022	15.7115	17.4118
spk_ver/v09/v0911	SES148	-4.5973	15.1181	19.7154
spk_ver/v09/v0912	SES142	-0.167023	18.6063	18.7733
spk_ver/v09/v0913	SES148	-5.2479	12.1838	17.4317
spk_ver/v09/v0914	SES148	-5.18168	14.3192	19.5009
spk_ver/v09/v0915	SES148	-3.84695	14.6712	18.5182
spk_ver/v09/v0916	SES148	-4.37812	13.0066	17.3847
spk_ver/v09/v0917	SES148	0.877958	19.5967	18.7188
spk_ver/v09/v0918	SES148	-2.03135	17.3987	19.4301
spk_ver/v09/v0919	SES270	1.33943	19.3386	17.9991
spk_ver/v09/v0920	SES148	-3.6368	16.1224	19.7592
spk_ver/v09/v0921	SES148	-4.95425	15.1409	20.0952
spk_ver/v09/v0922	SES129	0.805248	21.8975	21.0923
spk_ver/v09/v0923	SES117	0.342693	19.279	18.9363
spk_ver/v09/v0924	SES042	2.37441	22.7401	20.3657
spk_ver/v09/v0925	SES148	-6.95376	10.9971	17.9509
spk_ver/v09/v0926	SES148	-7.09957	10.4283	17.5279
spk_ver/v09/v0927	SES144	0.112797	19.7137	19.6009
spk_ver/v09/v0928	SES007	1.22469	19.878	18.6533
spk_ver/v09/v0929	SES148	-3.87831	17.595	21.4733
spk_ver/v09/v0930	SES148	-2.01674	17.789	19.8057
spk_ver/v09/v0931	SES148	-4.67546	13.0481	17.7236
spk_ver/v09/v0932	SES202	1.35691	20.6283	19.2714
spk_ver/v09/v0933	SES148	-1.41079	19.1441	20.5549
spk_ver/v09/v0934	SES148	-6.14272	13.0539	19.1967
spk_ver/v09/v0935	SES060	0.786985	21.1326	20.3456
spk_ver/v09/v0936	SES060	0.913971	20.0858	19.1718
spk_ver/v09/v0937	SES148	-3.21957	17.1489	20.3685
spk_ver/v09/v0938	SES148	-3.0024	17.0618	20.0642
spk_ver/v09/v0939	SES148	-5.01953	15.1889	20.2084
spk_ver/v09/v0940	SES148	-4.53531	15.3801	19.9154
spk_ver/v09/v0941	SES149	-5.99333	12.2584	18.2518
spk_ver/v09/v0942	SES149	-4.56648	15.6359	20.2024
spk_ver/v09/v0943	SES149	-3.11591	16.1443	19.2602
spk_ver/v09/v0944	SES149	-4.31899	14.0885	18.4075
spk_ver/v09/v0945	SES105	1.02063	20.9871	19.9665
spk_ver/v09/v0946	SES149	-6.2658	14.1214	20.3872
spk_ver/v09/v0947	SES149	-5.01995	13.1037	18.1237
spk_ver/v09/v0948	SES149	-5.89733	13.7535	19.6508
spk_ver/v09/v0949	SES149	-3.37062	18.1953	21.5659
spk_ver/v09/v0950	SES226	0.701193	21.4742	20.773
spk_ver/v09/v0951	SES149	-5.49224	13.0353	18.5275
spk_ver/v09/v0952	SES149	-6.29967	11.2819	17.5816
spk_ver/v09/v0953	SES062	1.75832	22.0527	20.2944
spk_ver/v09/v0954	SES149	-5.28539	12.9261	18.2115
spk_ver/v09/v0955	SES048	-0.483347	19.3787	19.862
spk_ver/v09/v0956	SES158	-2.02194	17.5267	19.5487
spk_ver/v09/v0957	SES158	-8.58083	9.98717	18.568
spk_ver/v09/v0958	SES158	-2.90665	17.7101	20.6167
spk_ver/v09/v0959	SES158	-4.8744	13.5414	18.4158
spk_ver/v09/v0960	SES158	-6.41824	10.9077	17.3259
spk_ver/v09/v0961	SES147	0.37899	17.9526	17.5736
spk_ver/v09/v0962	SES158	-9.27931	9.38179	18.6611
spk_ver/v09/v0963	SES292	-0.0907021	19.9632	20.0539
spk_ver/v09/v0964	SES060	0.153385	20.8863	20.7329
spk_ver/v09/v0965	SES002	0.156246	18.9857	18.8294
spk_ver/v09/v0966	SES149	1.85904	23.3729	21.5139
spk_ver/v09/v0967	SES158	-9.37025	9.68118	19.0514
spk_ver/v09/v0968	SES158	-5.29359	11.4683	16.7619
spk_ver/v09/v0969	SES275	-0.53767	17.7742	18.3118
spk_ver/v09/v0970	SES158	-7.19028	13.1738	20.3641
spk_ver/v09/v0971	SES158	-5.85678	13.4124	19.2691
spk_ver/v09/v0972	SES002	1.18905	21.0607	19.8717
spk_ver/v09/v0973	SES158	-6.30526	13.2444	19.5496
spk_ver/v09/v0974	SES202	0.79509	18.9321	18.137
spk_ver/v09/v0975	SES158	-9.58207	7.59031	17.1724
spk_ver/v09/v0976	SES158	-1.23148	18.9224	20.1539
spk_ver/v09/v0977	SES162	-3.83198	16.7906	20.6226
spk_ver/v09/v0978	SES162	-7.81662	10.3006	18.1172
spk_ver/v09/v0979	SES162	-8.00341	10.7436	18.747
spk_ver/v09/v0980	SES162	-3.21278	14.0773	17.2901
spk_ver/v09/v0981	SES162	-5.56609	11.2776	16.8437
spk_ver/v09/v0982	SES259	3.02794	22.7772	19.7492
spk_ver/v09/v0983	SES162	-7.05823	6.97291	14.0311
spk_ver/v09/v0984	SES162	-2.94952	17.997	20.9465
spk_ver/v09/v0985	SES162	-2.61297	16.3199	18.9328
spk_ver/v09/v0986	SES062	0.799208	21.8087	21.0095
spk_ver/v09/v0987	SES162	-2.41198	16.7879	19.1999
spk_ver/v09/v0988	SES162	-6.57828	12.5407	19.119
spk_ver/v09/v0989	SES162	-7.66238	8.28936	15.9517
spk_ver/v09/v0990	SES162	-4.91282	14.9623	19.8751
spk_ver/v09/v0991	SES087	0.558876	20.5833	20.0244
spk_ver/v09/v0992	SES120	-0.967237	16.8721	17.8394
spk_ver/v09/v0993	SES162	-6.70116	13.3994	20.1006
spk_ver/v09/v0994	SES162	-2.87059	16.6074	19.4779
spk_ver/v09/v0995	SES162	-7.29885	13.4301	20.7289
spk_ver/v09/v0996	SES162	-4.22546	17.5143	21.7397
spk_ver/v09/v0997	SES162	-7.25742	12.3005	19.5579
spk_ver/v09/v0998	SES162	-4.79977	12.8291	17.6289
spk_ver/v09/v0999	SES162	-3.49397	18.8595	22.3534
spk_ver/v10/v1000	SES162	-8.40877	10.2684	18.6772
spk_ver/v10/v1001	SES148	1.06209	18.5408	17.4787
spk_ver/v10/v1002	SES162	-2.68573	14.7051	17.3908
spk_ver/v10/v1003	SES162	-3.19005	16.7007	19.8907
spk_ver/v10/v1004	SES162	-3.94648	14.1813	18.1278
spk_ver/v10/v1005	SES162	-6.93951	10.4794	17.4189
spk_ver/v10/v1006	SES162	-5.55923	13.1326	18.6918
spk_ver/v10/v1007	SES162	-3.36011	15.3565	18.7166
spk_ver/v10/v1008	SES162	-7.64853	7.76662	15.4152
spk_ver/v10/v1009	SES162	-8.50264	10.6355	19.1381
spk_ver/v10/v1010	SES167	-4.78384	11.5194	16.3033
spk_ver/v10/v1011	SES167	-2.70839	15.9464	18.6548
spk_ver/v10/v1012	SES167	-3.98526	13.768	17.7533
spk_ver/v10/v1013	SES167	-7.72033	11.2214	18.9418
spk_ver/v10/v1014	SES167	-3.89979	16.433	20.3328
spk_ver/v10/v1015	SES167	-3.72351	15.1865	18.91
spk_ver/v10/v1016	SES167	-4.0048	16.6197	20.6245
spk_ver/v10/v1017	SES167	-3.81403	14.8343	18.6483
spk_ver/v10/v1018	SES167	-4.38985	15.292	19.6818
spk_ver/v10/v1019	SES167	-5.17401	13.6919	18.8659
spk_ver/v10/v1020	SES167	-8.81765	8.50693	17.3246
spk_ver/v10/v1021	SES167	-3.88866	12.9307	16.8194
spk_ver/v10/v1022	SES167	-5.72468	13.2541	18.9788
spk_ver/v10/v1023	SES167	-4.53113	14.2014	18.7325
spk_ver/v10/v1024	SES167	-7.03547	10.7651	17.8005
spk_ver/v10/v1025	SES167	-3.96395	16.8637	20.8276
spk_ver/v10/v1026	SES167	-5.36112	14.2386	19.5997
spk_ver/v10/v1027	SES167	-4.27994	16.4306	20.7105
spk_ver/v10/v1028	SES167	-8.70277	9.23335	17.9361
spk_ver/v10/v1029	SES167	-5.97486	12.8711	18.846
spk_ver/v10/v1030	SES167	-4.81916	15.0387	19.8579
spk_ver/v10/v1031	SES167	-8.03204	9.68495	17.717
spk_ver/v10/v1032	SES167	-6.82161	14.0899	20.9115
spk_ver/v10/v1033	SES167	-8.45615	12.146	20.6022
spk_ver/v10/v1034	SES002	1.0187	21.7278	20.7091
spk_ver/v10/v1035	SES167	-3.45568	16.8215	20.2772
spk_ver/v10/v1036	SES083	0.793791	21.8486	21.0548
spk_ver/v10/v1037	SES167	-5.38788	13.2046	18.5924
spk_ver/v10/v1038	SES167	-5.56181	12.4717	18.0335
spk_ver/v10/v1039	SES167	-5.02586	13.943	18.9689
spk_ver/v10/v1040	SES167	-7.62523	9.40989	17.0351
spk_ver/v10/v1041	SES167	-2.88193	16.3848	19.2667
spk_ver/v10/v1042	SES087	0.541952	20.2093	19.6673
spk_ver/v10/v1043	SES029	0.57889	19.8708	19.292
spk_ver/v10/v1044	SES206	0.0978546	20.8512	20.7534
spk_ver/v10/v1045	SES172	-3.62584	14.8167	18.4425
spk_ver/v10/v1046	SES172	0.536909	20.6351	20.0982
spk_ver/v10/v1047	SES172	-2.56496	17.1148	19.6798
spk_ver/v10/v1048	SES259	3.21159	23.4208	20.2092
spk_ver/v10/v1049	SES172	-7.03581	13.3105	20.3463
spk_ver/v10/v1050	SES120	-0.16382	18.5007	18.6645
spk_ver/v10/v1051	SES172	-4.5572	15.3935	19.9507
spk_ver/v10/v1052	SES172	-3.70847	15.2407	18.9492
spk_ver/v10/v1053	SES172	-4.61867	14.7797	19.3983
spk_ver/v10/v1054	SES172	-3.70685	14.6253	18.3322
spk_ver/v10/v1055	SES189	1.17694	20.0704	18.8935
spk_ver/v10/v1056	SES172	-4.75292	14.6434	19.3963
spk_ver/v10/v1057	SES172	-2.91734	15.4379	18.3553
spk_ver/v10/v1058	SES172	-2.41214	16.9011	19.3132
spk_ver/v10/v1059	SES172	-4.91529	14.6534	19.5687
spk_ver/v10/v1060	SES029	-0.367008	20.776	21.143
spk_ver/v10/v1061	SES175	-9.17617	9.3576	18.5338
spk_ver/v10/v1062	SES187	0.287014	21.0239	20.7369
spk_ver/v10/v1063	SES019	2.6209	19.5011	16.8802
spk_ver/v10/v1064	SES175	-5.39722	13.2933	18.6905
spk_ver/v10/v1065	SES175	-6.79921	12.5006	19.2998
spk_ver/v10/v1066	SES175	-8.89691	7.33634	16.2333
spk_ver/v10/v1067	SES175	-4.1657	14.5792	18.7449
spk_ver/v10/v1068	SES175	-4.83931	12.4788	17.3181
spk_ver/v10/v1069	SES016	2.38618	21.8973	19.5111
spk_ver/v10/v1070	SES175	-4.12641	14.4383	18.5647
spk_ver/v10/v1071	SES175	-3.43328	17.5168	20.9501
spk_ver/v10/v1072	SES175	-6.54377	12.8881	19.4319
spk_ver/v10/v1073	SES029	-0.581823	19.3612	19.943
spk_ver/v10/v1074	SES175	-4.40805	14.633	19.0411
spk_ver/v10/v1075	SES175	-2.37249	18.3694	20.7419
spk_ver/v10/v1076	SES175	-2.44521	18.9634	21.4086
spk_ver/v10/v1077	SES175	-4.41958	16.7195	21.1391
spk_ver/v10/v1078	SES127	0.799597	21.4162	20.6166
spk_ver/v10/v1079	SES175	-5.26891	15.4471	20.716
spk_ver/v10/v1080	SES175	-4.50572	12.0331	16.5388
spk_ver/v10/v1081	SES175	-6.74397	11.6479	18.3918
spk_ver/v10/v1082	SES175	-4.59978	15.5449	20.1447
spk_ver/v10/v1083	SES007	0.627878	18.532	17.9041
spk_ver/v10/v1084	SES068	0.600407	21.7161	21.1157
spk_ver/v10/v1085	SES008	0.415905	21.4627	21.0468
spk_ver/v10/v1086	SES175	-2.94872	18.3734	21.3221
spk_ver/v10/v1087	SES175	-4.21881	14.8299	19.0488
spk_ver/v10/v1088	SES008	0.911886	20.6454	19.7335
spk_ver/v10/v1089	SES177	-3.62025	17.6051	21.2253
spk_ver/v10/v1090	SES177	-6.61505	11.9773	18.5923
spk_ver/v10/v1091	SES177	-5.538	12.8202	18.3582
spk_ver/v10/v1092	SES177	-2.16622	16.5672	18.7334
spk_ver/v10/v1093	SES177	-6.63206	12.7262	19.3583
spk_ver/v10/v1094	SES002	0.746115	21.9993	21.2532
spk_ver/v10/v1095	SES104	1.20157	21.6124	20.4109
spk_ver/v10/v1096	SES177	-3.17362	15.979	19.1526
spk_ver/v10/v1097	SES177	-4.04096	12.2801	16.321
spk_ver/v10/v1098	SES177	-3.74481	16.363	20.1078
spk_ver/v10/v1099	SES177	-1.39763	18.0391	19.4367
spk_ver/v11/v1100	SES177	-5.10533	13.058	18.1634
spk_ver/v11/v1101	SES085	-0.277847	20.1233	20.4011
spk_ver/v11/v1102	SES187	0.886841	20.3126	19.4257
spk_ver/v11/v1103	SES177	-3.5169	14.5139	18.0308
spk_ver/v11/v1104	SES177	-0.0390625	20.1982	20.2372
spk_ver/v11/v1105	SES177	-1.97384	17.6435	19.6174
spk_ver/v11/v1106	SES177	-5.06979	14.6463	19.7161
spk_ver/v11/v1107	SES177	-2.10021	18.3609	20.4611
spk_ver/v11/v1108	SES177	-2.18587	17.9265	20.1123
spk_ver/v11/v1109	SES125	1.0358	20.9112	19.8754
spk_ver/v11/v1110	SES177	-5.59136	13.3963	18.9876
spk_ver/v11/v1111	SES177	-2.41427	17.6114	20.0256
spk_ver/v11/v1112	SES177	-5.20518	14.1385	19.3436
spk_ver/v11/v1113	SES177	-7.77994	12.0664	19.8464
spk_ver/v11/v1114	SES177	-2.79536	15.4464	18.2417
spk_ver/v11/v1115	SES177	-4.0829	12.7334	16.8163
spk_ver/v11/v1116	SES085	0.732647	22.3346	21.6019
spk_ver/v11/v1117	SES147	0.354967	18.6152	18.2602
spk_ver/v11/v1118	SES177	-2.73823	15.1965	17.9347
spk_ver/v11/v1119	SES177	-4.81822	13.4843	18.3025
spk_ver/v11/v1120	SES180	-9.56468	8.91844	18.4831
spk_ver/v11/v1121	SES189	0.291851	18.5204	18.2285
spk_ver/v11/v1122	SES117	-0.436096	16.1591	16.5952
spk_ver/v11/v1123	SES129	2.11997	22.4451	20.3252
spk_ver/v11/v1124	SES180	-2.9205	15.9799	18.9004
spk_ver/v11/v1125	SES180	-1.88213	18.8467	20.7288
spk_ver/v11/v1126	SES180	-2.96871	16.9153	19.884
spk_ver/v11/v1127	SES180	-5.53787	13.9183	19.4562
spk_ver/v11/v1128	SES016	0.650785	19.8693	19.2185
spk_ver/v11/v1129	SES158	0.403458	19.4776	19.0741
spk_ver/v11/v1130	SES180	-4.81512	14.4393	19.2544
spk_ver/v11/v1131	SES180	-6.18968	15.9963	22.1859
spk_ver/v11/v1132	SES180	-3.37789	14.7453	18.1232
spk_ver/v11/v1133	SES180	-7.20697	13.0935	20.3005
spk_ver/v11/v1134	SES180	-3.78954	14.3753	18.1648
spk_ver/v11/v1135	SES180	-4.55221	15.2375	19.7897
spk_ver/v11/v1136	SES180	-8.50867	7.11028	15.619
spk_ver/v11/v1137	SES148	0.324104	19.296	18.9719
spk_ver/v11/v1138	SES104	1.52673	23.3067	21.7799
spk_ver/v11/v1139	SES180	-7.22204	10.1861	17.4081
spk_ver/v11/v1140	SES083	0.135431	19.6626	19.5272
spk_ver/v11/v1141	SES180	-6.24765	12.8156	19.0633
spk_ver/v11/v1142	SES180	-4.66525	14.8539	19.5191
spk_ver/v11/v1143	SES180	-5.88129	12.3575	18.2388
spk_ver/v11/v1144	SES099	0.153761	19.282	19.1282
spk_ver/v11/v1145	SES180	-3.43277	15.5054	18.9382
spk_ver/v11/v1146	SES183	-4.47536	15.1004	19.5757
spk_ver/v11/v1147	SES183	-2.69448	17.73	20.4245
spk_ver/v11/v1148	SES183	-8.0456	8.36994	16.4155
spk_ver/v11/v1149	SES183	-9.238	11.0269	20.2649
spk_ver/v11/v1150	SES183	-8.21448	9.67868	17.8932
spk_ver/v11/v1151	SES082	1.30046	20.6926	19.3921
spk_ver/v11/v1152	SES183	-3.01831	14.7232	17.7415
spk_ver/v11/v1153	SES183	-2.56623	16.0742	18.6404
spk_ver/v11/v1154	SES002	0.854107	22.2312	21.3771
spk_ver/v11/v1155	SES183	-4.07625	14.1504	18.2266
spk_ver/v11/v1156	SES183	-7.93228	9.31497	17.2472
spk_ver/v11/v1157	SES183	-5.70172	16.2205	21.9222
spk_ver/v11/v1158	SES183	-2.53088	17.404	19.9349
spk_ver/v11/v1159	SES183	-2.94546	16.5481	19.4936
spk_ver/v11/v1160	SES183	-8.86384	10.1741	19.0379
spk_ver/v11/v1161	SES183	-6.35993	9.2998	15.6597
spk_ver/v11/v1162	SES105	1.57639	20.8253	19.2489
spk_ver/v11/v1163	SES183	-6.36852	12.8242	19.1928
spk_ver/v11/v1164	SES259	2.74249	21.6559	18.9134
spk_ver/v11/v1165	SES183	-3.39412	14.9697	18.3638
spk_ver/v11/v1166	SES183	-8.46185	10.7434	19.2053
spk_ver/v11/v1167	SES183	-3.16571	14.3314	17.4971
spk_ver/v11/v1168	SES183	-3.55347	16.8409	20.3944
spk_ver/v11/v1169	SES183	-7.70219	12.2956	19.9978
spk_ver/v11/v1170	SES183	-4.87171	15.1808	20.0525
spk_ver/v11/v1171	SES183	-9.93775	8.5928	18.5306
spk_ver/v11/v1172	SES187	-4.89816	13.6874	18.5855
spk_ver/v11/v1173	SES019	3.21735	19.0468	15.8295
spk_ver/v11/v1174	SES187	-6.49852	9.97298	16.4715
spk_ver/v11/v1175	SES187	-4.10455	13.5147	17.6192
spk_ver/v11/v1176	SES083	0.445942	21.7633	21.3173
spk_ver/v11/v1177	SES187	-7.50882	9.87722	17.386
spk_ver/v11/v1178	SES187	-6.52009	11.5399	18.06
spk_ver/v11/v1179	SES187	-3.52159	15.1871	18.7087
spk_ver/v11/v1180	SES187	-2.32673	16.0348	18.3615
spk_ver/v11/v1181	SES187	-7.9591	13.134	21.093
spk_ver/v11/v1182	SES187	-1.60374	18.5266	20.1303
spk_ver/v11/v1183	SES187	-4.50117	12.9009	17.4021
spk_ver/v11/v1184	SES187	-1.05725	17.7828	18.84
spk_ver/v11/v1185	SES127	0.847868	20.2663	19.4184
spk_ver/v11/v1186	SES187	-2.39076	16.6815	19.0722
spk_ver/v11/v1187	SES187	-2.7673	17.7206	20.4879
spk_ver/v11/v1188	SES187	-3.72616	13.9187	17.6449
spk_ver/v11/v1189	SES042	0.569416	21.5577	20.9883
spk_ver/v11/v1190	SES187	-2.93128	15.3552	18.2865
spk_ver/v11/v1191	SES187	-6.41524	10.3249	16.7402
spk_ver/v11/v1192	SES187	-6.20823	10.9128	17.1211
spk_ver/v11/v1193	SES183	0.55879	19.7474	19.1886
spk_ver/v11/v1194	SES187	-4.06246	13.7432	17.8057
spk_ver/v11/v1195	SES187	-4.99204	13.1384	18.1305
spk_ver/v11/v1196	SES146	1.04063	18.8529	17.8123
spk_ver/v11/v1197	SES189	-6.93581	13.9954	20.9313
spk_ver/v11/v1198	SES175	1.23191	19.892	18.6601
spk_ver/v11/v1199	SES189	-6.08263	10.7815	16.8642
spk_ver/v12/v1200	SES189	-3.41658	18.0998	21.5164
spk_ver/v12/v1201	SES177	0.292263	20.5769	20.2846
spk_ver/v12/v1202	SES189	-2.98419	14.5723	17.5565
spk_ver/v12/v1203	SES143	0.200184	18.5578	18.3576
spk_ver/v12/v1204	SES189	-3.6743	15.9957	19.67
spk_ver/v12/v1205	SES189	-3.17224	18.6235	21.7957
spk_ver/v12/v1206	SES189	-6.4675	10.7742	17.2417
spk_ver/v12/v1207	SES189	-4.22388	14.8414	19.0653
spk_ver/v12/v1208	SES189	-5.46738	16.4697	21.937
spk_ver/v12/v1209	SES189	-6.74601	10.3148	17.0608
spk_ver/v12/v1210	SES189	-1.83797	16.2749	18.1128
spk_ver/v12/v1211	SES062	1.58587	22.404	20.8181
spk_ver/v12/v1212	SES189	-4.01306	15.2623	19.2754
spk_ver/v12/v1213	SES048	1.75244	21.5682	19.8158
spk_ver/v12/v1214	SES042	3.32571	24.1318	20.8061
spk_ver/v12/v1215	SES008	1.6995	21.3834	19.6839
spk_ver/v12/v1216	SES202	-9.32278	11.8507	21.1734
spk_ver/v12/v1217	SES202	-4.76704	13.4479	18.2149
spk_ver/v12/v1218	SES085	0.591234	23.2401	22.6489
spk_ver/v12/v1219	SES202	-4.35777	15.9454	20.3032
spk_ver/v12/v1220	SES202	-3.2357	17.0783	20.314
spk_ver/v12/v1221	SES202	-3.87028	14.32	18.1903
spk_ver/v12/v1222	SES202	-10.551	7.35415	17.9052
spk_ver/v12/v1223	SES158	0.533331	19.6069	19.0735
spk_ver/v12/v1224	SES202	-4.31786	13.4126	17.7305
spk_ver/v12/v1225	SES202	-5.85644	13.8282	19.6847
spk_ver/v12/v1226	SES202	-5.68348	14.0535	19.737
spk_ver/v12/v1227	SES202	-4.61454	15.0648	19.6793
spk_ver/v12/v1228	SES177	-0.0988865	19.4355	19.5343
spk_ver/v12/v1229	SES202	-5.7183	14.1281	19.8464
spk_ver/v12/v1230	SES202	-4.00083	15.2646	19.2655
spk_ver/v12/v1231	SES202	-5.53495	15.261	20.796
spk_ver/v12/v1232	SES202	-4.39328	12.9186	17.3119
spk_ver/v12/v1233	SES206	1.11319	22.2839	21.1707
spk_ver/v12/v1234	SES202	-9.57154	8.42965	18.0012
spk_ver/v12/v1235	SES202	-4.8135	15.6137	20.4272
spk_ver/v12/v1236	SES125	2.11872	21.073	18.9543
spk_ver/v12/v1237	SES127	0.91951	20.7741	19.8546
spk_ver/v12/v1238	SES202	2.8278	20.974	18.1462
spk_ver/v12/v1239	SES167	1.08193	21.3009	20.219
spk_ver/v12/v1240	SES206	-7.59591	11.7263	19.3222
spk_ver/v12/v1241	SES206	-8.80951	9.97732	18.7868
spk_ver/v12/v1242	SES206	-1.90456	18.3044	20.2089
spk_ver/v12/v1243	SES206	-5.03375	13.2135	18.2473
spk_ver/v12/v1244	SES259	2.14426	20.697	18.5527
spk_ver/v12/v1245	SES206	-5.36131	14.2323	19.5936
spk_ver/v12/v1246	SES206	-4.81681	15.6231	20.4399
spk_ver/v12/v1247	SES206	-3.142	15.8576	18.9996
spk_ver/v12/v1248	SES206	-10.3263	6.98002	17.3063
spk_ver/v12/v1249	SES270	3.08569	19.6018	16.5162
spk_ver/v12/v1250	SES206	-7.78944	10.1971	17.9865
spk_ver/v12/v1251	SES206	-4.69916	15.6357	20.3349
spk_ver/v12/v1252	SES206	-4.38487	14.664	19.0489
spk_ver/v12/v1253	SES206	-2.06822	17.3874	19.4557
spk_ver/v12/v1254	SES206	-2.94339	14.779	17.7224
spk_ver/v12/v1255	SES125	1.12012	20.9683	19.8482
spk_ver/v12/v1256	SES206	-10.3713	9.61725	19.9886
spk_ver/v12/v1257	SES206	-7.82593	12.1959	20.0218
spk_ver/v12/v1258	SES206	-2.9515	15.708	18.6595
spk_ver/v12/v1259	SES206	-9.4495	9.61261	19.0621
spk_ver/v12/v1260	SES206	-9.09373	8.98786	18.0816
spk_ver/v12/v1261	SES206	-8.32866	11.5499	19.8786
spk_ver/v12/v1262	SES206	-9.57578	9.64725	19.223
spk_ver/v12/v1263	SES206	-4.92693	15.0537	19.9807
spk_ver/v12/v1264	SES149	1.09164	21.4243	20.3327
spk_ver/v12/v1265	SES206	-2.98205	13.8657	16.8478
spk_ver/v12/v1266	SES206	-9.30042	9.37992	18.6803
spk_ver/v12/v1267	SES206	-3.1583	13.1278	16.2861
spk_ver/v12/v1268	SES206	-4.54757	14.5978	19.1454
spk_ver/v12/v1269	SES206	-9.7883	7.33442	17.1227
spk_ver/v12/v1270	SES206	-13.0372	2.67501	15.7122
spk_ver/v12/v1271	SES226	-9.25426	8.00602	17.2603
spk_ver/v12/v1272	SES226	-2.00279	19.0128	21.0155
spk_ver/v12/v1273	SES226	-6.98293	13.9539	20.9368
spk_ver/v12/v1274	SES226	-8.57313	9.33987	17.913
spk_ver/v12/v1275	SES226	-1.75498	14.7072	16.4622
spk_ver/v12/v1276	SES226	-7.36779	11.7335	19.1013
spk_ver/v12/v1277	SES226	-1.63761	18.7148	20.3524
spk_ver/v12/v1278	SES226	-1.64855	16.6065	18.2551
spk_ver/v12/v1279	SES226	-7.8017	12.8208	20.6225
spk_ver/v12/v1280	SES226	-5.5751	14.2163	19.7914
spk_ver/v12/v1281	SES226	-3.00269	15.2363	18.239
spk_ver/v12/v1282	SES226	-3.88969	15.5144	19.4041
spk_ver/v12/v1283	SES143	1.30858	19.3356	18.0271
spk_ver/v12/v1284	SES226	-6.75379	14.9358	21.6896
spk_ver/v12/v1285	SES226	-2.50694	16.8185	19.3255
spk_ver/v12/v1286	SES226	-4.28595	13.22	17.5059
spk_ver/v12/v1287	SES226	-4.75676	15.1305	19.8873
spk_ver/v12/v1288	SES226	-8.60689	10.1137	18.7206
spk_ver/v12/v1289	SES104	1.34987	20.3381	18.9882
spk_ver/v12/v1290	SES008	2.71095	20.3954	17.6844
spk_ver/v12/v1291	SES226	-3.27161	15.5179	18.7895
spk_ver/v12/v1292	SES259	-8.88914	9.25688	18.146
spk_ver/v12/v1293	SES062	1.11279	21.5926	20.4798
spk_ver/v12/v1294	SES099	1.10276	18.5014	17.3987
spk_ver/v12/v1295	SES158	-0.625273	18.1759	18.8011
spk_ver/v12/v1296	SES259	-7.29588	13.4064	20.7023
spk_ver/v12/v1297	SES259	-10.7715	7.77891	18.5504
spk_ver/v12/v1298	SES259	-7.16863	12.6391	19.8077
spk_ver/v12/v1299	SES259	-8.05995	11.878	19.938
spk_ver/v13/v1300	SES120	0.379721	18.5005	18.1208
spk_ver/v13/v1301	SES259	-11.5431	7.32939	18.8725
spk_ver/v13/v1302	SES259	-8.99101	9.44548	18.4365
spk_ver/v13/v1303	SES129	1.08644	20.9677	19.8812
spk_ver/v13/v1304	SES259	-5.39213	12.7266	18.1188
spk_ver/v13/v1305	SES259	-10.4974	7.68957	18.1869
spk_ver/v13/v1306	SES106	0.418514	19.8965	19.478
spk_ver/v13/v1307	SES259	-8.32385	10.1002	18.424
spk_ver/v13/v1308	SES259	-3.95143	14.5429	18.4943
spk_ver/v13/v1309	SES259	-8.94375	10.8907	19.8344
spk_ver/v13/v1310	SES259	-8.89935	11.7715	20.6709
spk_ver/v13/v1311	SES259	-7.3904	12.8937	20.2841
spk_ver/v13/v1312	SES259	-7.22922	12.9475	20.1767
spk_ver/v13/v1313	SES144	0.453209	20.3817	19.9285
spk_ver/v13/v1314	SES259	-10.1945	8.37525	18.5698
spk_ver/v13/v1315	SES162	1.74358	20.9702	19.2266
spk_ver/v13/v1316	SES206	0.459709	20.9107	20.451
spk_ver/v13/v1317	SES175	0.13945	18.1156	17.9762
spk_ver/v13/v1318	SES259	-8.91628	9.43531	18.3516
spk_ver/v13/v1319	SES259	-8.73886	10.3787	19.1176
spk_ver/v13/v1320	SES270	-1.31663	17.6147	18.9314
spk_ver/v13/v1321	SES101	0.045269	20.4754	20.4301
spk_ver/v13/v1322	SES177	0.811075	21.1686	20.3575
spk_ver/v13/v1323	SES127	0.255285	21.1462	20.891
spk_ver/v13/v1324	SES270	-7.81923	10.9205	18.7397
spk_ver/v13/v1325	SES062	0.719398	21.6632	20.9438
spk_ver/v13/v1326	SES270	-0.724108	16.7576	17.4817
spk_ver/v13/v1327	SES120	-0.721751	15.9446	16.6664
spk_ver/v13/v1328	SES270	-7.512	10.0972	17.6092
spk_ver/v13/v1329	SES270	-7.60901	14.3396	21.9486
spk_ver/v13/v1330	SES270	-1.06448	16.9677	18.0322
spk_ver/v13/v1331	SES270	-6.70422	14.5775	21.2817
spk_ver/v13/v1332	SES270	-2.54656	18.431	20.9776
spk_ver/v13/v1333	SES270	-5.62085	12.7863	18.4072
spk_ver/v13/v1334	SES270	-5.49874	15.2137	20.7124
spk_ver/v13/v1335	SES270	-0.783762	18.6645	19.4483
spk_ver/v13/v1336	SES270	-3.55449	14.4835	18.038
spk_ver/v13/v1337	SES016	1.06062	20.7939	19.7333
spk_ver/v13/v1338	SES270	-8.44137	12.6774	21.1188
spk_ver/v13/v1339	SES002	0.118959	20.1537	20.0347
spk_ver/v13/v1340	SES105	2.10961	20.6123	18.5026
spk_ver/v13/v1341	SES275	-4.87375	13.7966	18.6703
spk_ver/v13/v1342	SES187	0.502501	19.8897	19.3872
spk_ver/v13/v1343	SES275	-3.78539	14.5468	18.3322
spk_ver/v13/v1344	SES275	-6.03701	11.8523	17.8893
spk_ver/v13/v1345	SES275	-4.39783	13.3142	17.7121
spk_ver/v13/v1346	SES275	-6.91732	12.3136	19.231
spk_ver/v13/v1347	SES275	-5.34207	12.5201	17.8621
spk_ver/v13/v1348	SES180	0.531124	20.4233	19.8922
spk_ver/v13/v1349	SES275	-3.95314	13.2556	17.2087
spk_ver/v13/v1350	SES275	-2.52134	17.5558	20.0771
spk_ver/v13/v1351	SES275	-5.43171	8.69235	14.1241
spk_ver/v13/v1352	SES275	-3.06624	16.6085	19.6748
spk_ver/v13/v1353	SES275	-3.55243	11.8024	15.3548
spk_ver/v13/v1354	SES189	0.662874	18.414	17.7511
spk_ver/v13/v1355	SES068	0.629549	22.4472	21.8177
spk_ver/v13/v1356	SES275	-5.52545	11.5433	17.0688
spk_ver/v13/v1357	SES048	-0.47576	19.0765	19.5523
spk_ver/v13/v1358	SES226	1.57232	22.6419	21.0696
spk_ver/v13/v1359	SES016	0.736542	21.2035	20.4669
spk_ver/v13/v1360	SES275	-4.30783	13.956	18.2639
spk_ver/v13/v1361	SES068	1.16106	22.7865	21.6255
spk_ver/v13/v1362	SES275	-6.3282	12.1917	18.5199
spk_ver/v13/v1363	SES275	-5.52874	12.7556	18.2843
spk_ver/v13/v1364	SES275	-5.11977	12.466	17.5857
spk_ver/v13/v1365	SES275	-3.17842	17.117	20.2955
spk_ver/v13/v1366	SES187	0.504604	20.4158	19.9111
spk_ver/v13/v1367	SES275	-6.72194	11.4481	18.17
spk_ver/v13/v1368	SES125	0.595158	20.232	19.6368
spk_ver/v13/v1369	SES275	-4.01346	11.3597	15.3732
spk_ver/v13/v1370	SES292	-3.69436	15.2593	18.9537
spk_ver/v13/v1371	SES292	-3.05134	16.8684	19.9197
spk_ver/v13/v1372	SES292	-3.54785	13.9187	17.4666
spk_ver/v13/v1373	SES292	-3.41223	14.9896	18.4018
spk_ver/v13/v1374	SES101	0.686918	19.1779	18.491
spk_ver/v13/v1375	SES292	-3.47926	16.4459	19.9251
spk_ver/v13/v1376	SES292	-3.37855	16.4467	19.8252
spk_ver/v13/v1377	SES292	-5.47584	13.2447	18.7206
spk_ver/v13/v1378	SES292	-2.55433	17.012	19.5663
spk_ver/v13/v1379	SES292	-2.44386	15.7543	18.1981
spk_ver/v13/v1380	SES292	-3.30436	16.5365	19.8408
spk_ver/v13/v1381	SES292	-2.00281	20.7872	22.79
spk_ver/v13/v1382	SES292	-3.52935	14.3106	17.8399
spk_ver/v13/v1383	SES292	-3.04615	15.9135	18.9597
spk_ver/v13/v1384	SES292	-3.2542	15.9736	19.2278
spk_ver/v13/v1385	SES292	-3.03734	16.4085	19.4458
spk_ver/v13/v1386	SES292	-2.97835	15.2391	18.2174
spk_ver/v13/v1387	SES158	0.91641	17.9678	17.0513
spk_ver/v13/v1388	SES292	-2.15743	18.8974	21.0548
spk_ver/v13/v1389	SES292	-2.21319	20.3407	22.5539
spk_ver/v13/v1390	SES292	-3.30668	16.746	20.0527
spk_ver/v13/v1391	SES292	-3.59792	15.8678	19.4657
spk_ver/v13/v1392	SES292	-4.15586	15.0437	19.1996
spk_ver/v13/v1393	SES292	-3.61187	15.996	19.6078
spk_ver/v13/v1394	SES292	-3.30864	16.3341	19.6427
spk_ver/v13/v1395	SES292	-2.90725	16.4416	19.3488
spk_ver/v13/v1396	SES117	0.95776	17.6485	16.6907
spk_ver/v13/v1397	SES292	-5.30235	14.3413	19.6437
spk_ver/v13/v1398	SES292	-3.05926	15.2036	18.2629
spk_ver/v13/v1399	SES292	-1.89347	17.8188	19.7122
