BLOCK00/SES002/SA002S12	SES002	2.95913	-7.22882	-10.188
BLOCK00/SES002/SA002S13	SES002	4.08202	-7.47145	-11.5535
BLOCK00/SES002/SA002S23	SES002	2.93687	-7.5138	-10.4507
BLOCK00/SES002/SA002S26	SES002	3.13738	-8.72351	-11.8609
BLOCK00/SES002/SA002S28	SES002	2.60586	-7.69529	-10.3011
BLOCK00/SES007/SA007S14	SES007	3.43308	-6.05709	-9.49017
BLOCK00/SES007/SA007S15	SES007	3.21152	-6.8983	-10.1098
BLOCK00/SES007/SA007S24	SES007	2.9933	-6.61725	-9.61055
BLOCK00/SES007/SA007S27	SES007	3.14779	-8.03929	-11.1871
BLOCK00/SES007/SA007S29	SES007	2.4289	-6.76817	-9.19707
BLOCK00/SES008/SA008S11	SES008	2.42227	-6.34506	-8.76733
BLOCK00/SES008/SA008S12	SES008	1.36648	-7.4322	-8.79867
BLOCK00/SES008/SA008S19	SES008	2.7839	-6.50345	-9.28735
BLOCK00/SES008/SA008S22	SES008	2.2441	-7.30093	-9.54503
BLOCK00/SES008/SA008S29	SES008	2.68211	-6.22383	-8.90594
BLOCK01/SES014/SA014S10	SES014	3.63019	-6.83141	-10.4616
BLOCK01/SES014/SA014S12	SES014	4.27187	-6.24434	-10.5162
BLOCK01/SES014/SA014S24	SES014	3.68273	-7.16309	-10.8458
BLOCK01/SES014/SA014S26	SES014	4.82624	-5.86103	-10.6873
BLOCK01/SES014/SA014S28	SES014	4.81429	-5.37723	-10.1915
BLOCK01/SES016/SA016S12	SES016	3.20675	-8.34641	-11.5532
BLOCK01/SES016/SA016S13	SES016	3.80972	-6.90011	-10.7098
BLOCK01/SES016/SA016S22	SES016	3.57023	-6.52399	-10.0942
BLOCK01/SES016/SA016S25	SES016	3.81237	-5.24101	-9.05337
BLOCK01/SES016/SA016S27	SES016	4.44915	-6.0589	-10.5081
BLOCK01/SES019/SA019S13	SES019	5.11937	-5.87321	-10.9926
BLOCK01/SES019/SA019S14	SES019	3.14804	-7.81104	-10.9591
BLOCK01/SES019/SA019S22	SES019	4.42696	-6.3776	-10.8046
BLOCK01/SES019/SA019S25	SES019	4.31083	-6.81789	-11.1287
BLOCK01/SES019/SA019S29	SES019	5.67241	-6.56073	-12.2331
BLOCK02/SES029/SA029S11	SES029	3.43024	-5.99562	-9.42586
BLOCK02/SES029/SA029S12	SES029	2.90421	-6.66926	-9.57347
BLOCK02/SES029/SA029S20	SES029	2.9962	-6.35194	-9.34814
BLOCK02/SES029/SA029S25	SES029	2.97298	-6.9616	-9.93458
BLOCK02/SES029/SA029S28	SES029	3.02707	-6.63204	-9.65911
BLOCK04/SES042/SA042S12	SES042	nan	nan	-10.1491
BLOCK04/SES042/SA042S15	SES042	nan	nan	-9.88881
BLOCK04/SES042/SA042S22	SES042	nan	nan	-12.5123
BLOCK04/SES042/SA042S25	SES042	nan	nan	-11.9677
BLOCK04/SES042/SA042S27	SES042	nan	nan	-12.0404
BLOCK04/SES048/SA048S11	SES048	3.63333	-5.84279	-9.47612
BLOCK04/SES048/SA048S12	SES048	2.70471	-7.44049	-10.1452
BLOCK04/SES048/SA048S20	SES048	3.8969	-6.24567	-10.1426
BLOCK04/SES048/SA048S23	SES048	3.42088	-6.3463	-9.76718
BLOCK04/SES048/SA048S27	SES048	2.70214	-7.31514	-10.0173
BLOCK06/SES060/SA060S11	SES060	4.20322	-6.52144	-10.7247
BLOCK06/SES060/SA060S12	SES060	3.69899	-7.46618	-11.1652
BLOCK06/SES060/SA060S22	SES060	1.3984	-9.21376	-10.6122
BLOCK06/SES060/SA060S24	SES060	3.52073	-5.57765	-9.09838
BLOCK06/SES060/SA060S28	SES060	3.4218	-5.59057	-9.01236
BLOCK06/SES062/SA062S10	SES062	3.04369	-7.02005	-10.0637
BLOCK06/SES062/SA062S11	SES062	2.42278	-7.91197	-10.3348
BLOCK06/SES062/SA062S21	SES062	3.62805	-5.18871	-8.81676
BLOCK06/SES062/SA062S26	SES062	2.9627	-6.72879	-9.69149
BLOCK06/SES062/SA062S29	SES062	3.28554	-6.12355	-9.40909
BLOCK06/SES068/SA068S14	SES068	2.90837	-7.15055	-10.0589
BLOCK06/SES068/SA068S15	SES068	3.41772	-6.60055	-10.0183
BLOCK06/SES068/SA068S23	SES068	2.62576	-7.31741	-9.94317
BLOCK06/SES068/SA068S27	SES068	4.1025	-6.00784	-10.1103
BLOCK06/SES068/SA068S29	SES068	2.9844	-6.95333	-9.93773
BLOCK08/SES082/SA082S12	SES082	1.3321	-8.36516	-9.69726
BLOCK08/SES082/SA082S14	SES082	2.23218	-8.01817	-10.2503
BLOCK08/SES082/SA082S21	SES082	2.58853	-6.94302	-9.53155
BLOCK08/SES082/SA082S24	SES082	1.74663	-8.1181	-9.86473
BLOCK08/SES082/SA082S28	SES082	2.42427	-7.68689	-10.1112
BLOCK08/SES083/SA083S14	SES083	3.27129	-6.71991	-9.9912
BLOCK08/SES083/SA083S15	SES083	2.79177	-6.85859	-9.65036
BLOCK08/SES083/SA083S24	SES083	2.65587	-7.0768	-9.73267
BLOCK08/SES083/SA083S26	SES083	2.8081	-7.74529	-10.5534
BLOCK08/SES083/SA083S29	SES083	2.55137	-7.4885	-10.0399
BLOCK08/SES085/SA085S10	SES085	3.24766	-5.89612	-9.14378
BLOCK08/SES085/SA085S13	SES085	1.9008	-8.09271	-9.9935
BLOCK08/SES085/SA085S22	SES085	3.22233	-6.56452	-9.78686
BLOCK08/SES085/SA085S26	SES085	3.09653	-7.53261	-10.6291
BLOCK08/SES085/SA085S28	SES085	2.3171	-7.11093	-9.42803
BLOCK08/SES087/SA087S15	SES087	3.13137	-7.69983	-10.8312
BLOCK08/SES087/SA087S16	SES087	4.11282	-7.28373	-11.3966
BLOCK08/SES087/SA087S24	SES087	3.83819	-7.29132	-11.1295
BLOCK08/SES087/SA087S26	SES087	3.91254	-6.35716	-10.2697
BLOCK08/SES087/SA087S29	SES087	3.90869	-6.38002	-10.2887
BLOCK09/SES099/SA099S15	SES099	3.74517	-7.63493	-11.3801
BLOCK09/SES099/SA099S16	SES099	3.23424	-6.96342	-10.1977
BLOCK09/SES099/SA099S24	SES099	3.10932	-7.40026	-10.5096
BLOCK09/SES099/SA099S26	SES099	4.0331	-6.7358	-10.7689
BLOCK09/SES099/SA099S29	SES099	2.81282	-7.86087	-10.6737
BLOCK10/SES101/SA101S11	SES101	3.19164	-6.14349	-9.33514
BLOCK10/SES101/SA101S13	SES101	3.82562	-5.30104	-9.12666
BLOCK10/SES101/SA101S22	SES101	3.24703	-7.53409	-10.7811
BLOCK10/SES101/SA101S24	SES101	3.72337	-6.20458	-9.92795
BLOCK10/SES101/SA101S28	SES101	3.21446	-6.90988	-10.1243
BLOCK10/SES104/SA104S11	SES104	3.11353	-6.49048	-9.60401
BLOCK10/SES104/SA104S12	SES104	2.9664	-7.094	-10.0604
BLOCK10/SES104/SA104S21	SES104	3.2753	-7.48358	-10.7589
BLOCK10/SES104/SA104S24	SES104	2.56342	-7.88194	-10.4454
BLOCK10/SES104/SA104S28	SES104	4.00698	-6.70981	-10.7168
BLOCK10/SES105/SA105S12	SES105	2.84978	-7.46005	-10.3098
BLOCK10/SES105/SA105S13	SES105	2.92536	-7.08712	-10.0125
BLOCK10/SES105/SA105S22	SES105	2.70759	-7.98255	-10.6901
BLOCK10/SES105/SA105S26	SES105	3.51128	-7.48581	-10.9971
BLOCK10/SES105/SA105S29	SES105	3.79965	-5.99394	-9.79359
BLOCK10/SES106/SA106S09	SES106	3.44925	-7.38724	-10.8365
BLOCK10/SES106/SA106S11	SES106	3.57353	-6.59159	-10.1651
BLOCK10/SES106/SA106S22	SES106	3.93225	-7.32473	-11.257
BLOCK10/SES106/SA106S27	SES106	3.03587	-6.76107	-9.79694
BLOCK10/SES106/SA106S29	SES106	2.73676	-6.18848	-8.92524
BLOCK11/SES117/SA117S12	SES117	3.12351	-7.44746	-10.571
BLOCK11/SES117/SA117S13	SES117	2.20343	-7.87443	-10.0779
BLOCK11/SES117/SA117S23	SES117	2.91918	-8.24329	-11.1625
BLOCK11/SES117/SA117S25	SES117	2.85411	-7.41776	-10.2719
BLOCK11/SES117/SA117S28	SES117	3.25139	-7.34728	-10.5987
BLOCK12/SES120/SA120S08	SES120	3.79625	-7.10736	-10.9036
BLOCK12/SES120/SA120S11	SES120	4.30539	-9.81492	-14.1203
BLOCK12/SES120/SA120S22	SES120	2.60895	-6.87786	-9.48681
BLOCK12/SES120/SA120S24	SES120	2.65044	-8.15144	-10.8019
BLOCK12/SES120/SA120S28	SES120	2.35503	-8.16979	-10.5248
BLOCK12/SES125/SA125S13	SES125	3.41184	-6.87436	-10.2862
BLOCK12/SES125/SA125S14	SES125	3.36395	-7.2358	-10.5998
BLOCK12/SES125/SA125S25	SES125	3.42699	-7.43349	-10.8605
BLOCK12/SES125/SA125S27	SES125	3.54663	-6.35308	-9.89971
BLOCK12/SES125/SA125S29	SES125	2.66387	-7.08593	-9.7498
BLOCK12/SES127/SA127S11	SES127	2.11531	-7.67252	-9.78783
BLOCK12/SES127/SA127S12	SES127	2.7453	-5.66842	-8.41372
BLOCK12/SES127/SA127S23	SES127	2.46846	-6.41571	-8.88417
BLOCK12/SES127/SA127S25	SES127	2.53179	-6.40215	-8.93394
BLOCK12/SES127/SA127S27	SES127	2.63206	-6.61454	-9.2466
BLOCK12/SES129/SA129S11	SES129	3.30914	-5.69616	-9.0053
BLOCK12/SES129/SA129S12	SES129	3.10981	-5.81465	-8.92446
BLOCK12/SES129/SA129S22	SES129	3.29078	-6.44354	-9.73432
BLOCK12/SES129/SA129S27	SES129	2.9267	-6.29616	-9.22286
BLOCK12/SES129/SA129S29	SES129	2.42233	-7.83442	-10.2568
BLOCK14/SES142/SA142S11	SES142	2.76188	-6.2248	-8.98668
BLOCK14/SES142/SA142S12	SES142	2.19968	-7.34402	-9.5437
BLOCK14/SES142/SA142S24	SES142	2.89336	-6.41008	-9.30344
BLOCK14/SES142/SA142S27	SES142	3.09112	-6.18663	-9.27775
BLOCK14/SES142/SA142S29	SES142	3.2772	-5.88945	-9.16666
BLOCK14/SES143/SA143S12	SES143	3.44571	-6.66974	-10.1154
BLOCK14/SES143/SA143S13	SES143	2.69208	-7.11602	-9.8081
BLOCK14/SES143/SA143S23	SES143	3.03135	-6.92161	-9.95295
BLOCK14/SES143/SA143S25	SES143	3.37653	-7.17128	-10.5478
BLOCK14/SES143/SA143S28	SES143	3.42007	-6.85976	-10.2798
BLOCK14/SES144/SA144S09	SES144	2.69471	-7.1111	-9.80581
BLOCK14/SES144/SA144S11	SES144	2.69882	-7.03213	-9.73095
BLOCK14/SES144/SA144S21	SES144	1.98387	-7.81431	-9.79818
BLOCK14/SES144/SA144S25	SES144	2.13509	-7.33349	-9.46858
BLOCK14/SES144/SA144S29	SES144	2.21022	-8.17969	-10.3899
BLOCK14/SES146/SA146S14	SES146	2.87836	-7.58571	-10.4641
BLOCK14/SES146/SA146S15	SES146	3.05863	-7.79946	-10.8581
BLOCK14/SES146/SA146S24	SES146	3.16886	-7.20426	-10.3731
BLOCK14/SES146/SA146S26	SES146	3.16686	-7.20406	-10.3709
BLOCK14/SES146/SA146S29	SES146	3.16174	-7.79297	-10.9547
BLOCK14/SES147/SA147S11	SES147	3.09101	-7.03659	-10.1276
BLOCK14/SES147/SA147S13	SES147	3.17934	-6.33314	-9.51248
BLOCK14/SES147/SA147S23	SES147	2.34698	-7.34629	-9.69327
BLOCK14/SES147/SA147S26	SES147	2.97544	-6.84191	-9.81735
BLOCK14/SES147/SA147S28	SES147	2.64623	-6.35708	-9.00331
BLOCK14/SES148/SA148S10	SES148	2.70933	-6.33605	-9.04537
BLOCK14/SES148/SA148S12	SES148	2.0513	-7.88038	-9.93167
BLOCK14/SES148/SA148S22	SES148	2.9676	-6.36855	-9.33616
BLOCK14/SES148/SA148S26	SES148	2.44545	-6.23848	-8.68394
BLOCK14/SES148/SA148S29	SES148	2.61718	-7.12206	-9.73924
BLOCK14/SES149/SA149S13	SES149	2.62353	-7.04304	-9.66657
BLOCK14/SES149/SA149S14	SES149	3.37123	-6.33125	-9.70248
BLOCK14/SES149/SA149S24	SES149	3.3455	-6.54302	-9.88851
BLOCK14/SES149/SA149S26	SES149	3.82366	-5.89979	-9.72344
BLOCK14/SES149/SA149S28	SES149	4.05055	-5.12848	-9.17902
BLOCK15/SES158/SA158S13	SES158	4.18174	-6.71632	-10.8981
BLOCK15/SES158/SA158S14	SES158	3.49451	-7.91207	-11.4066
BLOCK15/SES158/SA158S23	SES158	3.78355	-6.02876	-9.81231
BLOCK15/SES158/SA158S26	SES158	3.67414	-7.02252	-10.6967
BLOCK15/SES158/SA158S28	SES158	2.96277	-7.55006	-10.5128
BLOCK16/SES162/SA162S10	SES162	2.03579	-8.06808	-10.1039
BLOCK16/SES162/SA162S11	SES162	3.09018	-6.25555	-9.34572
BLOCK16/SES162/SA162S21	SES162	2.79531	-6.57616	-9.37148
BLOCK16/SES162/SA162S24	SES162	2.57658	-6.93786	-9.51444
BLOCK16/SES162/SA162S27	SES162	2.89778	-7.6892	-10.587
BLOCK16/SES167/SA167S14	SES167	2.50583	-6.25313	-8.75896
BLOCK16/SES167/SA167S15	SES167	2.50531	-6.02864	-8.53394
BLOCK16/SES167/SA167S21	SES167	2.4911	-5.84909	-8.34019
BLOCK16/SES167/SA167S25	SES167	2.79532	-6.17347	-8.96879
BLOCK16/SES167/SA167S29	SES167	2.7221	-5.51125	-8.23336
BLOCK17/SES172/SA172S12	SES172	3.00386	-7.41913	-10.423
BLOCK17/SES172/SA172S13	SES172	3.15337	-7.2926	-10.446
BLOCK17/SES172/SA172S23	SES172	2.84782	-6.57244	-9.42026
BLOCK17/SES172/SA172S27	SES172	2.93341	-8.01118	-10.9446
BLOCK17/SES172/SA172S29	SES172	3.24097	-6.86474	-10.1057
BLOCK17/SES175/SA175S11	SES175	3.4067	-7.14449	-10.5512
BLOCK17/SES175/SA175S13	SES175	3.25378	-5.18145	-8.43523
BLOCK17/SES175/SA175S23	SES175	3.19683	-6.20185	-9.39868
BLOCK17/SES175/SA175S25	SES175	2.33644	-8.00687	-10.3433
BLOCK17/SES175/SA175S28	SES175	3.03765	-6.61246	-9.6501
BLOCK17/SES177/SA177S15	SES177	2.51312	-7.95984	-10.473
BLOCK17/SES177/SA177S17	SES177	3.07927	-7.45645	-10.5357
BLOCK17/SES177/SA177S23	SES177	2.0979	-8.01607	-10.114
BLOCK17/SES177/SA177S26	SES177	3.77983	-5.48927	-9.2691
BLOCK17/SES177/SA177S28	SES177	3.03776	-7.29	-10.3278
BLOCK18/SES180/SA180S13	SES180	2.524	-8.21907	-10.7431
BLOCK18/SES180/SA180S15	SES180	2.09856	-7.38079	-9.47934
BLOCK18/SES180/SA180S24	SES180	2.94003	-6.296	-9.23603
BLOCK18/SES180/SA180S26	SES180	2.94673	-6.48728	-9.43402
BLOCK18/SES180/SA180S29	SES180	2.15145	-7.86184	-10.0133
BLOCK18/SES183/SA183S13	SES183	3.10685	-6.64248	-9.74933
BLOCK18/SES183/SA183S14	SES183	2.98411	-7.16499	-10.1491
BLOCK18/SES183/SA183S24	SES183	3.46495	-7.17577	-10.6407
BLOCK18/SES183/SA183S27	SES183	2.82125	-7.63753	-10.4588
BLOCK18/SES183/SA183S29	SES183	3.40102	-6.63095	-10.032
BLOCK18/SES187/SA187S13	SES187	2.59254	-8.26506	-10.8576
BLOCK18/SES187/SA187S14	SES187	3.29403	-7.84194	-11.136
BLOCK18/SES187/SA187S24	SES187	2.93326	-7.44616	-10.3794
BLOCK18/SES187/SA187S27	SES187	2.6814	-7.82688	-10.5083
BLOCK18/SES187/SA187S29	SES187	3.98324	-8.39685	-12.3801
BLOCK18/SES189/SA189S10	SES189	3.30475	-7.39085	-10.6956
BLOCK18/SES189/SA189S13	SES189	3.95523	-8.2704	-12.2256
BLOCK18/SES189/SA189S24	SES189	3.87324	-6.39707	-10.2703
BLOCK18/SES189/SA189S26	SES189	3.6977	-6.7032	-10.4009
BLOCK18/SES189/SA189S29	SES189	3.94719	-6.51856	-10.4657
BLOCK20/SES202/SA202S12	SES202	2.8325	-7.07392	-9.90642
BLOCK20/SES202/SA202S14	SES202	3.20726	-6.88043	-10.0877
BLOCK20/SES202/SA202S24	SES202	2.35798	-7.94949	-10.3075
BLOCK20/SES202/SA202S27	SES202	3.08501	-6.44065	-9.52566
BLOCK20/SES202/SA202S29	SES202	3.22372	-6.63762	-9.86134
BLOCK20/SES206/SA206S15	SES206	2.15174	-7.12982	-9.28156
BLOCK20/SES206/SA206S17	SES206	3.47581	-7.64415	-11.12
BLOCK20/SES206/SA206S24	SES206	4.38666	-5.64922	-10.0359
BLOCK20/SES206/SA206S27	SES206	4.04628	-7.32107	-11.3673
BLOCK20/SES206/SA206S29	SES206	5.64361	-5.93345	-11.5771
BLOCK22/SES226/SA226S12	SES226	2.84689	-7.55592	-10.4028
BLOCK22/SES226/SA226S13	SES226	2.54953	-8.15455	-10.7041
BLOCK22/SES226/SA226S20	SES226	3.17884	-7.37188	-10.5507
BLOCK22/SES226/SA226S23	SES226	3.46744	-6.57498	-10.0424
BLOCK22/SES226/SA226S28	SES226	3.52241	-6.49883	-10.0212
BLOCK25/SES259/SA259S13	SES259	4.59704	-6.16093	-10.758
BLOCK25/SES259/SA259S14	SES259	3.71093	-6.35351	-10.0644
BLOCK25/SES259/SA259S22	SES259	4.4921	-5.99358	-10.4857
BLOCK25/SES259/SA259S24	SES259	4.2279	-6.60011	-10.828
BLOCK25/SES259/SA259S28	SES259	3.73204	-6.55718	-10.2892
BLOCK27/SES270/SA270S14	SES270	3.89962	-6.96335	-10.863
BLOCK27/SES270/SA270S16	SES270	2.4882	-7.07955	-9.56775
BLOCK27/SES270/SA270S22	SES270	4.34446	-6.26262	-10.6071
BLOCK27/SES270/SA270S26	SES270	2.69509	-7.43695	-10.132
BLOCK27/SES270/SA270S28	SES270	3.14696	-6.82798	-9.97494
BLOCK27/SES275/SA275S17	SES275	2.95624	-6.72205	-9.67829
BLOCK27/SES275/SA275S18	SES275	2.79395	-7.05881	-9.85276
BLOCK27/SES275/SA275S24	SES275	2.47239	-7.44707	-9.91946
BLOCK27/SES275/SA275S26	SES275	2.98846	-6.80461	-9.79307
BLOCK27/SES275/SA275S28	SES275	2.94573	-6.95608	-9.90181
BLOCK29/SES292/SA292S10	SES292	2.54723	-6.91177	-9.459
BLOCK29/SES292/SA292S12	SES292	3.48723	-7.89239	-11.3796
BLOCK29/SES292/SA292S22	SES292	2.90234	-7.35893	-10.2613
BLOCK29/SES292/SA292S24	SES292	3.04728	-7.24468	-10.292
BLOCK29/SES292/SA292S27	SES292	2.38471	-7.23368	-9.61838
BLOCK00/SES001/SA001S14	SES062	0.443732	-10.0179	-10.4616
BLOCK00/SES001/SA001S14	SES082	1.87982	-8.58183	-10.4616
BLOCK00/SES001/SA001S14	SES106	1.09482	-9.36683	-10.4616
BLOCK00/SES001/SA001S14	SES206	0.637866	-9.82378	-10.4616
BLOCK00/SES001/SA001S15	SES062	0.75898	-8.62094	-9.37992
BLOCK00/SES001/SA001S15	SES104	0.734778	-8.64514	-9.37992
BLOCK00/SES001/SA001S15	SES106	0.53376	-8.84616	-9.37992
BLOCK00/SES001/SA001S15	SES206	0.218119	-9.1618	-9.37992
BLOCK00/SES001/SA001S24	SES062	1.46081	-8.25929	-9.7201
BLOCK00/SES001/SA001S24	SES082	1.28558	-8.43452	-9.7201
BLOCK00/SES001/SA001S24	SES087	1.50694	-8.21316	-9.7201
BLOCK00/SES001/SA001S24	SES206	2.0453	-7.6748	-9.7201
BLOCK00/SES001/SA001S27	SES062	1.42142	-6.77452	-8.19594
BLOCK00/SES001/SA001S27	SES082	1.66959	-6.52636	-8.19594
BLOCK00/SES001/SA001S27	SES087	1.33661	-6.85933	-8.19594
BLOCK00/SES001/SA001S27	SES206	0.946227	-7.24972	-8.19594
BLOCK00/SES001/SA001S29	SES062	0.659912	-9.33566	-9.99557
BLOCK00/SES001/SA001S29	SES082	1.67469	-8.32088	-9.99557
BLOCK00/SES001/SA001S29	SES158	1.59305	-8.40252	-9.99557
BLOCK00/SES001/SA001S29	SES206	0.967156	-9.02841	-9.99557
BLOCK00/SES003/SA003S11	SES002	1.07944	-8.48622	-9.56566
BLOCK00/SES003/SA003S11	SES019	0.140941	-9.42472	-9.56566
BLOCK00/SES003/SA003S11	SES082	1.26296	-8.3027	-9.56566
BLOCK00/SES003/SA003S11	SES125	0.580428	-8.98524	-9.56566
BLOCK00/SES003/SA003S15	SES016	1.10744	-8.44958	-9.55703
BLOCK00/SES003/SA003S15	SES019	-1.58669	-11.1437	-9.55703
BLOCK00/SES003/SA003S15	SES062	2.26966	-7.28736	-9.55703
BLOCK00/SES003/SA003S15	SES206	1.70067	-7.85636	-9.55703
BLOCK00/SES003/SA003S22	SES002	1.83504	-7.97673	-9.81177
BLOCK00/SES003/SA003S22	SES062	2.43457	-7.3772	-9.81177
BLOCK00/SES003/SA003S22	SES082	2.07751	-7.73426	-9.81177
BLOCK00/SES003/SA003S22	SES087	2.07799	-7.73378	-9.81177
BLOCK00/SES003/SA003S25	SES062	0.674195	-10.9099	-11.5841
BLOCK00/SES003/SA003S25	SES082	1.31421	-10.2699	-11.5841
BLOCK00/SES003/SA003S25	SES087	1.37538	-10.2087	-11.5841
BLOCK00/SES003/SA003S25	SES206	1.64076	-9.94336	-11.5841
BLOCK00/SES003/SA003S29	SES002	0.579731	-9.3243	-9.90403
BLOCK00/SES003/SA003S29	SES062	-0.468287	-10.3723	-9.90403
BLOCK00/SES003/SA003S29	SES082	0.506903	-9.39712	-9.90403
BLOCK00/SES003/SA003S29	SES087	-0.136713	-10.0407	-9.90403
BLOCK00/SES004/SA004S12	SES083	0.925365	-8.07163	-8.99699
BLOCK00/SES004/SA004S12	SES148	1.44641	-7.55058	-8.99699
BLOCK00/SES004/SA004S12	SES172	2.32834	-6.66865	-8.99699
BLOCK00/SES004/SA004S12	SES292	1.14617	-7.85083	-8.99699
BLOCK00/SES004/SA004S17	SES083	1.09518	-8.06108	-9.15626
BLOCK00/SES004/SA004S17	SES162	1.05522	-8.10104	-9.15626
BLOCK00/SES004/SA004S17	SES172	1.5771	-7.57916	-9.15626
BLOCK00/SES004/SA004S17	SES292	0.836863	-8.3194	-9.15626
BLOCK00/SES004/SA004S24	SES083	1.39537	-7.83946	-9.23483
BLOCK00/SES004/SA004S24	SES148	1.04008	-8.19475	-9.23483
BLOCK00/SES004/SA004S24	SES172	2.35077	-6.88406	-9.23483
BLOCK00/SES004/SA004S24	SES292	1.64636	-7.58847	-9.23483
BLOCK00/SES004/SA004S26	SES083	0.738708	-8.95146	-9.69017
BLOCK00/SES004/SA004S26	SES127	1.71005	-7.98011	-9.69017
BLOCK00/SES004/SA004S26	SES148	0.0680923	-9.62207	-9.69017
BLOCK00/SES004/SA004S26	SES292	0.66881	-9.02136	-9.69017
BLOCK00/SES004/SA004S28	SES083	1.22486	-7.85064	-9.07551
BLOCK00/SES004/SA004S28	SES127	2.01967	-7.05584	-9.07551
BLOCK00/SES004/SA004S28	SES187	2.20581	-6.86969	-9.07551
BLOCK00/SES004/SA004S28	SES292	0.802562	-8.27295	-9.07551
BLOCK00/SES006/SA006S10	SES014	0.764446	-10.5621	-11.3266
BLOCK00/SES006/SA006S10	SES158	0.741371	-10.5852	-11.3266
BLOCK00/SES006/SA006S10	SES226	-0.434572	-11.7611	-11.3266
BLOCK00/SES006/SA006S10	SES270	2.29265	-9.03391	-11.3266
BLOCK00/SES006/SA006S11	SES158	0.615818	-10.5467	-11.1625
BLOCK00/SES006/SA006S11	SES226	0.742003	-10.4205	-11.1625
BLOCK00/SES006/SA006S11	SES270	2.27384	-8.88866	-11.1625
BLOCK00/SES006/SA006S11	SES275	0.677683	-10.4848	-11.1625
BLOCK00/SES006/SA006S23	SES062	-2.04594	-13.6487	-11.6028
BLOCK00/SES006/SA006S23	SES105	-0.159577	-11.7624	-11.6028
BLOCK00/SES006/SA006S23	SES158	1.19696	-10.4058	-11.6028
BLOCK00/SES006/SA006S23	SES275	0.126827	-11.4759	-11.6028
BLOCK00/SES006/SA006S26	SES104	-0.601617	-11.6815	-11.0799
BLOCK00/SES006/SA006S26	SES158	0.65674	-10.4231	-11.0799
BLOCK00/SES006/SA006S26	SES270	2.11925	-8.96062	-11.0799
BLOCK00/SES006/SA006S26	SES275	0.17883	-10.901	-11.0799
BLOCK00/SES006/SA006S28	SES007	0.36009	-11.0011	-11.3612
BLOCK00/SES006/SA006S28	SES105	-0.70022	-12.0614	-11.3612
BLOCK00/SES006/SA006S28	SES158	0.711785	-10.6494	-11.3612
BLOCK00/SES006/SA006S28	SES275	0.0885515	-11.2726	-11.3612
BLOCK00/SES009/SA009S12	SES083	0.233536	-10.2606	-10.4941
BLOCK00/SES009/SA009S12	SES148	1.6361	-8.858	-10.4941
BLOCK00/SES009/SA009S12	SES177	2.47005	-8.02404	-10.4941
BLOCK00/SES009/SA009S12	SES292	2.29623	-8.19787	-10.4941
BLOCK00/SES009/SA009S15	SES007	2.80265	-7.02394	-9.82658
BLOCK00/SES009/SA009S15	SES099	0.168613	-9.65797	-9.82658
BLOCK00/SES009/SA009S15	SES148	1.6362	-8.19038	-9.82658
BLOCK00/SES009/SA009S15	SES172	2.0507	-7.77588	-9.82658
BLOCK00/SES009/SA009S24	SES146	2.36167	-8.03252	-10.3942
BLOCK00/SES009/SA009S24	SES148	0.764604	-9.62959	-10.3942
BLOCK00/SES009/SA009S24	SES177	2.53077	-7.86342	-10.3942
BLOCK00/SES009/SA009S24	SES292	1.8224	-8.57179	-10.3942
BLOCK00/SES009/SA009S26	SES083	-0.05474	-9.86629	-9.81155
BLOCK00/SES009/SA009S26	SES101	0.40694	-9.40461	-9.81155
BLOCK00/SES009/SA009S26	SES120	1.77466	-8.03689	-9.81155
BLOCK00/SES009/SA009S26	SES177	1.51427	-8.29728	-9.81155
BLOCK00/SES009/SA009S29	SES083	0.606511	-9.24854	-9.85505
BLOCK00/SES009/SA009S29	SES101	1.13204	-8.72301	-9.85505
BLOCK00/SES009/SA009S29	SES177	1.76852	-8.08653	-9.85505
BLOCK00/SES009/SA009S29	SES292	1.30841	-8.54664	-9.85505
BLOCK01/SES011/SA011S10	SES019	-0.355783	-12.4333	-12.0775
BLOCK01/SES011/SA011S10	SES042	nan	nan	-12.0775
BLOCK01/SES011/SA011S10	SES082	2.42189	-9.65564	-12.0775
BLOCK01/SES011/SA011S10	SES206	2.984	-9.09354	-12.0775
BLOCK01/SES011/SA011S11	SES019	-1.29016	-11.5415	-10.2513
BLOCK01/SES011/SA011S11	SES042	nan	nan	-10.2513
BLOCK01/SES011/SA011S11	SES082	1.48087	-8.77048	-10.2513
BLOCK01/SES011/SA011S11	SES206	1.1459	-9.10545	-10.2513
BLOCK01/SES011/SA011S22	SES019	-0.0843449	-11.1335	-11.0492
BLOCK01/SES011/SA011S22	SES042	nan	nan	-11.0492
BLOCK01/SES011/SA011S22	SES082	1.47446	-9.57473	-11.0492
BLOCK01/SES011/SA011S22	SES206	1.58497	-9.46422	-11.0492
BLOCK01/SES011/SA011S24	SES019	-0.540513	-11.1393	-10.5988
BLOCK01/SES011/SA011S24	SES042	nan	nan	-10.5988
BLOCK01/SES011/SA011S24	SES104	2.49115	-8.10766	-10.5988
BLOCK01/SES011/SA011S24	SES206	2.29029	-8.30852	-10.5988
BLOCK01/SES011/SA011S27	SES082	2.46022	-7.70483	-10.165
BLOCK01/SES011/SA011S27	SES087	0.699835	-9.46521	-10.165
BLOCK01/SES011/SA011S27	SES125	2.15114	-8.01391	-10.165
BLOCK01/SES011/SA011S27	SES206	1.96095	-8.20409	-10.165
BLOCK01/SES012/SA012S11	SES007	2.52167	-6.84711	-9.36878
BLOCK01/SES012/SA012S11	SES082	2.16546	-7.20332	-9.36878
BLOCK01/SES012/SA012S11	SES083	1.05871	-8.31007	-9.36878
BLOCK01/SES012/SA012S11	SES206	1.88171	-7.48707	-9.36878
BLOCK01/SES012/SA012S14	SES082	2.58274	-8.2734	-10.8561
BLOCK01/SES012/SA012S14	SES087	1.45116	-9.40497	-10.8561
BLOCK01/SES012/SA012S14	SES206	2.33923	-8.5169	-10.8561
BLOCK01/SES012/SA012S14	SES292	2.26221	-8.59392	-10.8561
BLOCK01/SES012/SA012S24	SES082	1.53361	-9.3638	-10.8974
BLOCK01/SES012/SA012S24	SES087	0.69363	-10.2038	-10.8974
BLOCK01/SES012/SA012S24	SES120	0.874866	-10.0225	-10.8974
BLOCK01/SES012/SA012S24	SES206	1.52696	-9.37045	-10.8974
BLOCK01/SES012/SA012S26	SES019	-3.08738	-15.3442	-12.2569
BLOCK01/SES012/SA012S26	SES082	2.06664	-10.1902	-12.2569
BLOCK01/SES012/SA012S26	SES206	3.94111	-8.31574	-12.2569
BLOCK01/SES012/SA012S26	SES292	3.34845	-8.9084	-12.2569
BLOCK01/SES012/SA012S29	SES062	1.533	-7.72627	-9.25928
BLOCK01/SES012/SA012S29	SES082	2.898	-6.36128	-9.25928
BLOCK01/SES012/SA012S29	SES083	0.94438	-8.3149	-9.25928
BLOCK01/SES012/SA012S29	SES206	2.79085	-6.46843	-9.25928
BLOCK01/SES013/SA013S16	SES062	-0.455922	-12.1822	-11.7263
BLOCK01/SES013/SA013S16	SES106	1.9342	-9.79211	-11.7263
BLOCK01/SES013/SA013S16	SES206	1.90148	-9.82482	-11.7263
BLOCK01/SES013/SA013S16	SES226	1.96216	-9.76414	-11.7263
BLOCK01/SES013/SA013S17	SES062	1.06624	-9.37302	-10.4393
BLOCK01/SES013/SA013S17	SES106	1.54638	-8.89289	-10.4393
BLOCK01/SES013/SA013S17	SES206	2.23522	-8.20405	-10.4393
BLOCK01/SES013/SA013S17	SES226	2.25812	-8.18115	-10.4393
BLOCK01/SES013/SA013S23	SES104	1.9385	-9.64445	-11.583
BLOCK01/SES013/SA013S23	SES106	2.67086	-8.91209	-11.583
BLOCK01/SES013/SA013S23	SES206	0.81394	-10.769	-11.583
BLOCK01/SES013/SA013S23	SES270	2.09881	-9.48415	-11.583
BLOCK01/SES013/SA013S25	SES042	nan	nan	-10.7179
BLOCK01/SES013/SA013S25	SES104	1.88103	-8.83688	-10.7179
BLOCK01/SES013/SA013S25	SES106	2.61738	-8.10053	-10.7179
BLOCK01/SES013/SA013S25	SES206	1.08802	-9.62989	-10.7179
BLOCK01/SES013/SA013S29	SES062	-0.90238	-11.8621	-10.9597
BLOCK01/SES013/SA013S29	SES104	1.34632	-9.6134	-10.9597
BLOCK01/SES013/SA013S29	SES106	2.06853	-8.8912	-10.9597
BLOCK01/SES013/SA013S29	SES206	0.553948	-10.4058	-10.9597
BLOCK02/SES021/SA021S13	SES016	0.0649185	-10.2095	-10.2744
BLOCK02/SES021/SA021S13	SES029	1.44388	-8.83051	-10.2744
BLOCK02/SES021/SA021S13	SES087	0.319319	-9.95507	-10.2744
BLOCK02/SES021/SA021S13	SES206	1.24316	-9.03123	-10.2744
BLOCK02/SES021/SA021S15	SES087	1.8652	-7.97496	-9.84016
BLOCK02/SES021/SA021S15	SES125	1.54443	-8.29572	-9.84016
BLOCK02/SES021/SA021S15	SES206	1.01957	-8.82059	-9.84016
BLOCK02/SES021/SA021S15	SES226	1.21552	-8.62463	-9.84016
BLOCK02/SES021/SA021S23	SES062	-0.202513	-11.3665	-11.164
BLOCK02/SES021/SA021S23	SES087	1.71118	-9.45285	-11.164
BLOCK02/SES021/SA021S23	SES206	1.16026	-10.0038	-11.164
BLOCK02/SES021/SA021S23	SES226	1.36764	-9.79639	-11.164
BLOCK02/SES021/SA021S27	SES002	2.1788	-7.94497	-10.1238
BLOCK02/SES021/SA021S27	SES016	-0.31501	-10.4388	-10.1238
BLOCK02/SES021/SA021S27	SES019	1.30571	-8.81805	-10.1238
BLOCK02/SES021/SA021S27	SES062	2.01471	-8.10905	-10.1238
BLOCK02/SES021/SA021S29	SES087	2.51229	-9.20631	-11.7186
BLOCK02/SES021/SA021S29	SES125	1.72483	-9.99377	-11.7186
BLOCK02/SES021/SA021S29	SES206	3.42823	-8.29036	-11.7186
BLOCK02/SES021/SA021S29	SES226	2.65072	-9.06788	-11.7186
BLOCK04/SES043/SA043S09	SES083	2.02267	-8.44138	-10.464
BLOCK04/SES043/SA043S09	SES101	1.71974	-8.7443	-10.464
BLOCK04/SES043/SA043S09	SES144	1.99118	-8.47287	-10.464
BLOCK04/SES043/SA043S09	SES172	0.734946	-9.7291	-10.464
BLOCK04/SES043/SA043S11	SES083	2.24548	-7.19645	-9.44193
BLOCK04/SES043/SA043S11	SES101	1.93485	-7.50708	-9.44193
BLOCK04/SES043/SA043S11	SES144	2.61846	-6.82347	-9.44193
BLOCK04/SES043/SA043S11	SES172	1.65805	-7.78388	-9.44193
BLOCK04/SES043/SA043S23	SES083	1.63976	-8.09543	-9.73519
BLOCK04/SES043/SA043S23	SES144	1.87307	-7.86212	-9.73519
BLOCK04/SES043/SA043S23	SES177	1.22558	-8.50961	-9.73519
BLOCK04/SES043/SA043S23	SES275	1.31838	-8.41681	-9.73519
BLOCK04/SES043/SA043S26	SES083	1.31026	-9.41694	-10.7272
BLOCK04/SES043/SA043S26	SES101	1.3481	-9.37909	-10.7272
BLOCK04/SES043/SA043S26	SES144	2.09052	-8.63667	-10.7272
BLOCK04/SES043/SA043S26	SES177	0.979678	-9.74751	-10.7272
BLOCK04/SES043/SA043S28	SES016	0.217302	-9.65031	-9.86761
BLOCK04/SES043/SA043S28	SES083	1.55442	-8.31319	-9.86761
BLOCK04/SES043/SA043S28	SES101	1.85678	-8.01083	-9.86761
BLOCK04/SES043/SA043S28	SES144	1.75379	-8.11382	-9.86761
BLOCK04/SES044/SA044S10	SES127	-0.721601	-11.5552	-10.8336
BLOCK04/SES044/SA044S10	SES144	1.69446	-9.13915	-10.8336
BLOCK04/SES044/SA044S10	SES147	-2.67766	-13.5113	-10.8336
BLOCK04/SES044/SA044S10	SES148	-0.727823	-11.5614	-10.8336
BLOCK04/SES044/SA044S11	SES101	2.25586	-7.90098	-10.1568
BLOCK04/SES044/SA044S11	SES144	2.60022	-7.55662	-10.1568
BLOCK04/SES044/SA044S11	SES147	0.343339	-9.8135	-10.1568
BLOCK04/SES044/SA044S11	SES177	1.5006	-8.65624	-10.1568
BLOCK04/SES044/SA044S24	SES007	0.283605	-9.94144	-10.225
BLOCK04/SES044/SA044S24	SES101	2.08957	-8.13547	-10.225
BLOCK04/SES044/SA044S24	SES147	0.212523	-10.0125	-10.225
BLOCK04/SES044/SA044S24	SES177	2.01301	-8.21203	-10.225
BLOCK04/SES044/SA044S26	SES007	0.804455	-8.94767	-9.75213
BLOCK04/SES044/SA044S26	SES016	1.85893	-7.8932	-9.75213
BLOCK04/SES044/SA044S26	SES101	2.20618	-7.54595	-9.75213
BLOCK04/SES044/SA044S26	SES147	1.6553	-8.09682	-9.75213
BLOCK04/SES044/SA044S29	SES007	0.819916	-9.07776	-9.89767
BLOCK04/SES044/SA044S29	SES101	3.05533	-6.84234	-9.89767
BLOCK04/SES044/SA044S29	SES147	1.43923	-8.45844	-9.89767
BLOCK04/SES044/SA044S29	SES177	0.169167	-9.72851	-9.89767
BLOCK04/SES046/SA046S13	SES101	1.56786	-9.28453	-10.8524
BLOCK04/SES046/SA046S13	SES144	1.9187	-8.93369	-10.8524
BLOCK04/SES046/SA046S13	SES147	-0.338853	-11.1912	-10.8524
BLOCK04/SES046/SA046S13	SES177	0.816802	-10.0356	-10.8524
BLOCK04/SES046/SA046S15	SES048	3.20338	-6.41967	-9.62305
BLOCK04/SES046/SA046S15	SES083	2.42659	-7.19645	-9.62305
BLOCK04/SES046/SA046S15	SES120	0.745159	-8.87789	-9.62305
BLOCK04/SES046/SA046S15	SES148	2.51855	-7.10449	-9.62305
BLOCK04/SES046/SA046S22	SES101	2.12911	-8.24729	-10.3764
BLOCK04/SES046/SA046S22	SES144	2.35023	-8.02617	-10.3764
BLOCK04/SES046/SA046S22	SES147	-0.0450668	-10.4215	-10.3764
BLOCK04/SES046/SA046S22	SES172	2.26777	-8.10863	-10.3764
BLOCK04/SES046/SA046S25	SES083	1.44823	-7.81456	-9.26279
BLOCK04/SES046/SA046S25	SES127	0.517712	-8.74507	-9.26279
BLOCK04/SES046/SA046S25	SES144	1.63889	-7.62389	-9.26279
BLOCK04/SES046/SA046S25	SES148	0.507783	-8.755	-9.26279
BLOCK04/SES046/SA046S28	SES007	0.624357	-8.95029	-9.57464
BLOCK04/SES046/SA046S28	SES105	1.07632	-8.49832	-9.57464
BLOCK04/SES046/SA046S28	SES147	0.809731	-8.76491	-9.57464
BLOCK04/SES046/SA046S28	SES148	0.779936	-8.79471	-9.57464
BLOCK04/SES049/SA049S16	SES104	2.05814	-9.67373	-11.7319
BLOCK04/SES049/SA049S16	SES106	0.526697	-11.2052	-11.7319
BLOCK04/SES049/SA049S16	SES120	1.03289	-10.699	-11.7319
BLOCK04/SES049/SA049S16	SES206	0.796259	-10.9356	-11.7319
BLOCK04/SES049/SA049S18	SES099	1.81129	-8.97497	-10.7863
BLOCK04/SES049/SA049S18	SES104	0.640963	-10.1453	-10.7863
BLOCK04/SES049/SA049S18	SES125	0.827377	-9.95889	-10.7863
BLOCK04/SES049/SA049S18	SES206	-0.0853348	-10.8716	-10.7863
BLOCK04/SES049/SA049S25	SES087	0.887483	-11.2179	-12.1054
BLOCK04/SES049/SA049S25	SES104	1.99669	-10.1087	-12.1054
BLOCK04/SES049/SA049S25	SES125	1.51093	-10.5945	-12.1054
BLOCK04/SES049/SA049S25	SES206	1.52236	-10.5831	-12.1054
BLOCK04/SES049/SA049S27	SES099	1.5513	-8.57	-10.1213
BLOCK04/SES049/SA049S27	SES104	2.09188	-8.02943	-10.1213
BLOCK04/SES049/SA049S27	SES125	0.919847	-9.20146	-10.1213
BLOCK04/SES049/SA049S27	SES206	0.523064	-9.59824	-10.1213
BLOCK04/SES049/SA049S29	SES099	2.00214	-8.10975	-10.1119
BLOCK04/SES049/SA049S29	SES104	2.73773	-7.37416	-10.1119
BLOCK04/SES049/SA049S29	SES125	1.80991	-8.30198	-10.1119
BLOCK04/SES049/SA049S29	SES206	1.13804	-8.97385	-10.1119
BLOCK06/SES063/SA063S09	SES068	-0.121577	-11.196	-11.0744
BLOCK06/SES063/SA063S09	SES083	1.23796	-9.83645	-11.0744
BLOCK06/SES063/SA063S09	SES177	1.41166	-9.66274	-11.0744
BLOCK06/SES063/SA063S09	SES187	1.12637	-9.94804	-11.0744
BLOCK06/SES063/SA063S10	SES068	0.153538	-10.4308	-10.5844
BLOCK06/SES063/SA063S10	SES083	1.33056	-9.25379	-10.5844
BLOCK06/SES063/SA063S10	SES172	1.04459	-9.53977	-10.5844
BLOCK06/SES063/SA063S10	SES187	0.761317	-9.82304	-10.5844
BLOCK06/SES063/SA063S20	SES068	-0.236812	-11.5043	-11.2675
BLOCK06/SES063/SA063S20	SES083	1.50215	-9.76536	-11.2675
BLOCK06/SES063/SA063S20	SES172	1.67324	-9.59427	-11.2675
BLOCK06/SES063/SA063S20	SES187	1.63651	-9.631	-11.2675
BLOCK06/SES063/SA063S24	SES029	-1.3846	-12.5155	-11.1309
BLOCK06/SES063/SA063S24	SES083	0.697066	-10.4339	-11.1309
BLOCK06/SES063/SA063S24	SES177	0.940888	-10.19	-11.1309
BLOCK06/SES063/SA063S24	SES189	2.18681	-8.94412	-11.1309
BLOCK06/SES063/SA063S27	SES083	1.85029	-8.97144	-10.8217
BLOCK06/SES063/SA063S27	SES172	0.893425	-9.9283	-10.8217
BLOCK06/SES063/SA063S27	SES187	1.43713	-9.3846	-10.8217
BLOCK06/SES063/SA063S27	SES292	1.33327	-9.48846	-10.8217
BLOCK06/SES067/SA067S12	SES083	1.07785	-8.00874	-9.08659
BLOCK06/SES067/SA067S12	SES172	0.440539	-8.64605	-9.08659
BLOCK06/SES067/SA067S12	SES202	1.28022	-7.80637	-9.08659
BLOCK06/SES067/SA067S12	SES292	0.727898	-8.35869	-9.08659
BLOCK06/SES067/SA067S14	SES085	0.436026	-7.4476	-7.88363
BLOCK06/SES067/SA067S14	SES177	0.350325	-7.5333	-7.88363
BLOCK06/SES067/SA067S14	SES183	2.33549	-5.54814	-7.88363
BLOCK06/SES067/SA067S14	SES202	1.82281	-6.06082	-7.88363
BLOCK06/SES067/SA067S21	SES144	1.54415	-8.92868	-10.4728
BLOCK06/SES067/SA067S21	SES177	1.50973	-8.9631	-10.4728
BLOCK06/SES067/SA067S21	SES183	1.63316	-8.83967	-10.4728
BLOCK06/SES067/SA067S21	SES189	1.5325	-8.94033	-10.4728
BLOCK06/SES067/SA067S25	SES085	0.424409	-9.31133	-9.73574
BLOCK06/SES067/SA067S25	SES177	1.94342	-7.79232	-9.73574
BLOCK06/SES067/SA067S25	SES183	2.28288	-7.45287	-9.73574
BLOCK06/SES067/SA067S25	SES202	0.930404	-8.80534	-9.73574
BLOCK06/SES067/SA067S29	SES085	-1.60413	-11.5349	-9.93082
BLOCK06/SES067/SA067S29	SES177	0.704089	-9.22673	-9.93082
BLOCK06/SES067/SA067S29	SES183	1.203	-8.72782	-9.93082
BLOCK06/SES067/SA067S29	SES202	1.60621	-8.32461	-9.93082
BLOCK06/SES069/SA069S12	SES029	1.24068	-8.833	-10.0737
BLOCK06/SES069/SA069S12	SES082	1.88663	-8.18705	-10.0737
BLOCK06/SES069/SA069S12	SES087	1.4294	-8.64428	-10.0737
BLOCK06/SES069/SA069S12	SES206	2.2625	-7.81118	-10.0737
BLOCK06/SES069/SA069S13	SES029	0.602018	-9.30072	-9.90273
BLOCK06/SES069/SA069S13	SES087	1.18641	-8.71632	-9.90273
BLOCK06/SES069/SA069S13	SES206	1.25454	-8.64819	-9.90273
BLOCK06/SES069/SA069S13	SES226	2.83193	-7.07081	-9.90273
BLOCK06/SES069/SA069S23	SES029	1.52779	-7.49425	-9.02204
BLOCK06/SES069/SA069S23	SES087	1.57955	-7.44249	-9.02204
BLOCK06/SES069/SA069S23	SES206	0.726162	-8.29588	-9.02204
BLOCK06/SES069/SA069S23	SES226	2.35198	-6.67006	-9.02204
BLOCK06/SES069/SA069S25	SES087	1.61247	-8.24427	-9.85674
BLOCK06/SES069/SA069S25	SES206	0.874107	-8.98263	-9.85674
BLOCK06/SES069/SA069S25	SES226	2.62724	-7.2295	-9.85674
BLOCK06/SES069/SA069S25	SES270	1.4404	-8.41634	-9.85674
BLOCK06/SES069/SA069S27	SES087	1.14005	-9.44957	-10.5896
BLOCK06/SES069/SA069S27	SES206	1.92182	-8.6678	-10.5896
BLOCK06/SES069/SA069S27	SES226	2.92875	-7.66087	-10.5896
BLOCK06/SES069/SA069S27	SES270	1.76879	-8.82083	-10.5896
BLOCK08/SES081/SA081S11	SES060	0.855119	-9.50937	-10.3645
BLOCK08/SES081/SA081S11	SES062	1.91229	-8.4522	-10.3645
BLOCK08/SES081/SA081S11	SES117	0.310515	-10.054	-10.3645
BLOCK08/SES081/SA081S11	SES162	0.528449	-9.83604	-10.3645
BLOCK08/SES081/SA081S13	SES016	2.08721	-7.20103	-9.28824
BLOCK08/SES081/SA081S13	SES060	2.22665	-7.06159	-9.28824
BLOCK08/SES081/SA081S13	SES068	2.23901	-7.04923	-9.28824
BLOCK08/SES081/SA081S13	SES129	1.43484	-7.8534	-9.28824
BLOCK08/SES081/SA081S24	SES060	1.81094	-8.03391	-9.84486
BLOCK08/SES081/SA081S24	SES068	1.81626	-8.0286	-9.84486
BLOCK08/SES081/SA081S24	SES117	0.724988	-9.11987	-9.84486
BLOCK08/SES081/SA081S24	SES275	1.61087	-8.23399	-9.84486
BLOCK08/SES081/SA081S27	SES007	3.43962	-8.28124	-11.7209
BLOCK08/SES081/SA081S27	SES060	3.22373	-8.49712	-11.7209
BLOCK08/SES081/SA081S27	SES117	2.84425	-8.87661	-11.7209
BLOCK08/SES081/SA081S27	SES275	2.25869	-9.46217	-11.7209
BLOCK08/SES081/SA081S29	SES007	2.72935	-8.71318	-11.4425
BLOCK08/SES081/SA081S29	SES060	2.48075	-8.96179	-11.4425
BLOCK08/SES081/SA081S29	SES117	1.98111	-9.46143	-11.4425
BLOCK08/SES081/SA081S29	SES275	1.49834	-9.9442	-11.4425
BLOCK08/SES086/SA086S11	SES029	0.536049	-11.3618	-11.8979
BLOCK08/SES086/SA086S11	SES082	0.631961	-11.2659	-11.8979
BLOCK08/SES086/SA086S11	SES087	2.24896	-9.64891	-11.8979
BLOCK08/SES086/SA086S11	SES206	1.19738	-10.7005	-11.8979
BLOCK08/SES086/SA086S12	SES029	0.690479	-10.6012	-11.2917
BLOCK08/SES086/SA086S12	SES082	1.35312	-9.93859	-11.2917
BLOCK08/SES086/SA086S12	SES087	3.11063	-8.18108	-11.2917
BLOCK08/SES086/SA086S12	SES206	1.94057	-9.35114	-11.2917
BLOCK08/SES086/SA086S20	SES029	0.977339	-10.0112	-10.9886
BLOCK08/SES086/SA086S20	SES082	1.95665	-9.03192	-10.9886
BLOCK08/SES086/SA086S20	SES087	2.95696	-8.03161	-10.9886
BLOCK08/SES086/SA086S20	SES206	2.67825	-8.31033	-10.9886
BLOCK08/SES086/SA086S24	SES087	3.29043	-8.99184	-12.2823
BLOCK08/SES086/SA086S24	SES104	1.74058	-10.5417	-12.2823
BLOCK08/SES086/SA086S24	SES120	2.28882	-9.99344	-12.2823
BLOCK08/SES086/SA086S24	SES206	2.64847	-9.63379	-12.2823
BLOCK08/SES086/SA086S28	SES029	0.511367	-9.9239	-10.4353
BLOCK08/SES086/SA086S28	SES082	1.01001	-9.42526	-10.4353
BLOCK08/SES086/SA086S28	SES087	2.64183	-7.79344	-10.4353
BLOCK08/SES086/SA086S28	SES206	1.97422	-8.46105	-10.4353
BLOCK08/SES089/SA089S13	SES087	1.76581	-9.54627	-11.3121
BLOCK08/SES089/SA089S13	SES206	0.771384	-10.5407	-11.3121
BLOCK08/SES089/SA089S13	SES226	1.65648	-9.6556	-11.3121
BLOCK08/SES089/SA089S13	SES270	0.917132	-10.3949	-11.3121
BLOCK08/SES089/SA089S14	SES062	-0.00762653	-10.1017	-10.0941
BLOCK08/SES089/SA089S14	SES087	1.62238	-8.4717	-10.0941
BLOCK08/SES089/SA089S14	SES206	0.302576	-9.7915	-10.0941
BLOCK08/SES089/SA089S14	SES226	0.538457	-9.55562	-10.0941
BLOCK08/SES089/SA089S23	SES087	1.27165	-10.7356	-12.0073
BLOCK08/SES089/SA089S23	SES206	0.0409126	-11.9664	-12.0073
BLOCK08/SES089/SA089S23	SES226	0.918756	-11.0885	-12.0073
BLOCK08/SES089/SA089S23	SES270	-1.20099	-13.2083	-12.0073
BLOCK08/SES089/SA089S25	SES062	0.965422	-9.75597	-10.7214
BLOCK08/SES089/SA089S25	SES087	1.73598	-8.98541	-10.7214
BLOCK08/SES089/SA089S25	SES206	-0.118587	-10.84	-10.7214
BLOCK08/SES089/SA089S25	SES226	0.745601	-9.97579	-10.7214
BLOCK08/SES089/SA089S28	SES062	1.78869	-9.3442	-11.1329
BLOCK08/SES089/SA089S28	SES087	2.83853	-8.29436	-11.1329
BLOCK08/SES089/SA089S28	SES206	1.45004	-9.68285	-11.1329
BLOCK08/SES089/SA089S28	SES226	1.74019	-9.3927	-11.1329
BLOCK09/SES097/SA097S11	SES099	2.00678	-9.04762	-11.0544
BLOCK09/SES097/SA097S11	SES125	0.505795	-10.5486	-11.0544
BLOCK09/SES097/SA097S11	SES206	0.717609	-10.3368	-11.0544
BLOCK09/SES097/SA097S11	SES226	2.77078	-8.28362	-11.0544
BLOCK09/SES097/SA097S14	SES062	-0.419445	-11.2025	-10.7831
BLOCK09/SES097/SA097S14	SES099	1.71437	-9.06872	-10.7831
BLOCK09/SES097/SA097S14	SES104	1.68678	-9.0963	-10.7831
BLOCK09/SES097/SA097S14	SES206	0.857061	-9.92602	-10.7831
BLOCK09/SES097/SA097S22	SES099	2.19298	-8.65848	-10.8515
BLOCK09/SES097/SA097S22	SES206	0.817068	-10.0344	-10.8515
BLOCK09/SES097/SA097S22	SES226	1.63768	-9.21379	-10.8515
BLOCK09/SES097/SA097S22	SES270	1.09788	-9.75358	-10.8515
BLOCK09/SES097/SA097S26	SES099	3.3162	-8.63168	-11.9479
BLOCK09/SES097/SA097S26	SES120	2.32808	-9.61979	-11.9479
BLOCK09/SES097/SA097S26	SES206	1.31498	-10.6329	-11.9479
BLOCK09/SES097/SA097S26	SES226	2.60056	-9.34732	-11.9479
BLOCK09/SES097/SA097S28	SES099	2.46447	-7.60999	-10.0745
BLOCK09/SES097/SA097S28	SES120	1.2597	-8.81475	-10.0745
BLOCK09/SES097/SA097S28	SES206	0.733722	-9.34073	-10.0745
BLOCK09/SES097/SA097S28	SES226	1.58852	-8.48593	-10.0745
BLOCK09/SES098/SA098S11	SES127	1.63132	-8.07192	-9.70324
BLOCK09/SES098/SA098S11	SES144	1.99245	-7.71079	-9.70324
BLOCK09/SES098/SA098S11	SES147	2.03748	-7.66576	-9.70324
BLOCK09/SES098/SA098S11	SES148	0.592305	-9.11094	-9.70324
BLOCK09/SES098/SA098S12	SES127	1.0002	-10.6052	-11.6054
BLOCK09/SES098/SA098S12	SES144	1.29018	-10.3152	-11.6054
BLOCK09/SES098/SA098S12	SES147	1.35152	-10.2539	-11.6054
BLOCK09/SES098/SA098S12	SES189	1.53282	-10.0726	-11.6054
BLOCK09/SES098/SA098S20	SES127	0.499791	-10.8802	-11.38
BLOCK09/SES098/SA098S20	SES147	1.10764	-10.2724	-11.38
BLOCK09/SES098/SA098S20	SES148	0.194924	-11.1851	-11.38
BLOCK09/SES098/SA098S20	SES292	2.28	-9.10003	-11.38
BLOCK09/SES098/SA098S23	SES127	0.887433	-9.58392	-10.4714
BLOCK09/SES098/SA098S23	SES147	1.32015	-9.15121	-10.4714
BLOCK09/SES098/SA098S23	SES187	1.92694	-8.54441	-10.4714
BLOCK09/SES098/SA098S23	SES292	1.95883	-8.51252	-10.4714
BLOCK09/SES098/SA098S27	SES127	0.148137	-10.6291	-10.7773
BLOCK09/SES098/SA098S27	SES147	1.42792	-9.34934	-10.7773
BLOCK09/SES098/SA098S27	SES148	0.00841904	-10.7688	-10.7773
BLOCK09/SES098/SA098S27	SES292	2.55991	-8.21735	-10.7773
BLOCK10/SES102/SA102S13	SES101	1.72593	-9.65958	-11.3855
BLOCK10/SES102/SA102S13	SES105	1.64319	-9.74232	-11.3855
BLOCK10/SES102/SA102S13	SES120	-0.431344	-11.8169	-11.3855
BLOCK10/SES102/SA102S13	SES158	-0.234797	-11.6203	-11.3855
BLOCK10/SES102/SA102S14	SES007	3.41337	-6.25073	-9.66411
BLOCK10/SES102/SA102S14	SES101	2.90228	-6.76183	-9.66411
BLOCK10/SES102/SA102S14	SES105	2.5665	-7.09761	-9.66411
BLOCK10/SES102/SA102S14	SES147	1.2132	-8.45091	-9.66411
BLOCK10/SES102/SA102S22	SES007	1.7051	-8.10507	-9.81017
BLOCK10/SES102/SA102S22	SES101	2.3298	-7.48037	-9.81017
BLOCK10/SES102/SA102S22	SES105	2.03523	-7.77494	-9.81017
BLOCK10/SES102/SA102S22	SES158	0.234984	-9.57519	-9.81017
BLOCK10/SES102/SA102S25	SES007	2.61208	-7.40399	-10.0161
BLOCK10/SES102/SA102S25	SES101	2.76711	-7.24896	-10.0161
BLOCK10/SES102/SA102S25	SES105	1.91792	-8.09815	-10.0161
BLOCK10/SES102/SA102S25	SES147	0.347493	-9.66857	-10.0161
BLOCK10/SES102/SA102S27	SES007	2.22037	-7.7474	-9.96777
BLOCK10/SES102/SA102S27	SES101	2.52124	-7.44653	-9.96777
BLOCK10/SES102/SA102S27	SES105	0.719934	-9.24784	-9.96777
BLOCK10/SES102/SA102S27	SES147	-0.007267	-9.97504	-9.96777
BLOCK10/SES103/SA103S14	SES105	1.19755	-10.264	-11.4616
BLOCK10/SES103/SA103S14	SES106	1.45847	-10.0031	-11.4616
BLOCK10/SES103/SA103S14	SES120	0.834232	-10.6273	-11.4616
BLOCK10/SES103/SA103S14	SES206	1.0296	-10.432	-11.4616
BLOCK10/SES103/SA103S15	SES099	-0.10336	-11.7685	-11.6651
BLOCK10/SES103/SA103S15	SES101	-2.0866	-13.7517	-11.6651
BLOCK10/SES103/SA103S15	SES104	0.445753	-11.2193	-11.6651
BLOCK10/SES103/SA103S15	SES125	0.206128	-11.459	-11.6651
BLOCK10/SES103/SA103S24	SES104	1.55766	-9.65307	-11.2107
BLOCK10/SES103/SA103S24	SES125	0.111443	-11.0993	-11.2107
BLOCK10/SES103/SA103S24	SES148	0.231635	-10.9791	-11.2107
BLOCK10/SES103/SA103S24	SES158	0.472477	-10.7383	-11.2107
BLOCK10/SES103/SA103S26	SES104	1.50141	-9.22649	-10.7279
BLOCK10/SES103/SA103S26	SES106	0.93481	-9.79308	-10.7279
BLOCK10/SES103/SA103S26	SES125	0.947389	-9.78051	-10.7279
BLOCK10/SES103/SA103S26	SES148	-0.183725	-10.9116	-10.7279
BLOCK10/SES103/SA103S28	SES104	2.1614	-9.26145	-11.4229
BLOCK10/SES103/SA103S28	SES106	1.49956	-9.92329	-11.4229
BLOCK10/SES103/SA103S28	SES125	0.402511	-11.0203	-11.4229
BLOCK10/SES103/SA103S28	SES206	0.597967	-10.8249	-11.4229
BLOCK12/SES121/SA121S12	SES042	nan	nan	-10.6905
BLOCK12/SES121/SA121S12	SES087	0.554534	-10.136	-10.6905
BLOCK12/SES121/SA121S12	SES105	1.65292	-9.0376	-10.6905
BLOCK12/SES121/SA121S12	SES206	1.36452	-9.326	-10.6905
BLOCK12/SES121/SA121S14	SES007	0.775319	-13.2999	-14.0752
BLOCK12/SES121/SA121S14	SES105	1.86499	-12.2102	-14.0752
BLOCK12/SES121/SA121S14	SES106	2.31309	-11.7621	-14.0752
BLOCK12/SES121/SA121S14	SES206	1.89839	-12.1768	-14.0752
BLOCK12/SES121/SA121S23	SES105	2.21478	-11.5586	-13.7734
BLOCK12/SES121/SA121S23	SES106	2.80764	-10.9657	-13.7734
BLOCK12/SES121/SA121S23	SES120	1.87201	-11.9014	-13.7734
BLOCK12/SES121/SA121S23	SES206	3.38893	-10.3844	-13.7734
BLOCK12/SES121/SA121S25	SES007	1.88007	-12.1021	-13.9822
BLOCK12/SES121/SA121S25	SES105	1.74065	-12.2415	-13.9822
BLOCK12/SES121/SA121S25	SES106	2.6761	-11.3061	-13.9822
BLOCK12/SES121/SA121S25	SES206	2.11427	-11.8679	-13.9822
BLOCK12/SES121/SA121S27	SES087	3.6077	-9.78125	-13.3889
BLOCK12/SES121/SA121S27	SES105	0.761283	-12.6277	-13.3889
BLOCK12/SES121/SA121S27	SES120	2.79842	-10.5905	-13.3889
BLOCK12/SES121/SA121S27	SES206	1.90074	-11.4882	-13.3889
BLOCK12/SES124/SA124S16	SES042	nan	nan	-8.5633
BLOCK12/SES124/SA124S16	SES082	0.964188	-7.59911	-8.5633
BLOCK12/SES124/SA124S16	SES183	0.275842	-8.28746	-8.5633
BLOCK12/SES124/SA124S16	SES206	0.94202	-7.62128	-8.5633
BLOCK12/SES124/SA124S17	SES105	0.366024	-9.65206	-10.0181
BLOCK12/SES124/SA124S17	SES149	0.930118	-9.08797	-10.0181
BLOCK12/SES124/SA124S17	SES158	-0.0209265	-10.039	-10.0181
BLOCK12/SES124/SA124S17	SES275	0.554784	-9.4633	-10.0181
BLOCK12/SES124/SA124S23	SES105	0.434443	-8.4861	-8.92054
BLOCK12/SES124/SA124S23	SES125	2.86528	-6.05527	-8.92054
BLOCK12/SES124/SA124S23	SES129	0.608446	-8.3121	-8.92054
BLOCK12/SES124/SA124S23	SES158	1.28981	-7.63074	-8.92054
BLOCK12/SES124/SA124S26	SES105	-0.408846	-9.833	-9.42416
BLOCK12/SES124/SA124S26	SES125	1.17017	-8.25399	-9.42416
BLOCK12/SES124/SA124S26	SES129	-0.44202	-9.86618	-9.42416
BLOCK12/SES124/SA124S26	SES158	0.512785	-8.91137	-9.42416
BLOCK12/SES124/SA124S28	SES104	1.76354	-7.53046	-9.294
BLOCK12/SES124/SA124S28	SES106	1.44353	-7.85047	-9.294
BLOCK12/SES124/SA124S28	SES125	2.24897	-7.04503	-9.294
BLOCK12/SES124/SA124S28	SES275	1.00683	-8.28717	-9.294
BLOCK12/SES126/SA126S13	SES007	1.82318	-8.64974	-10.4729
BLOCK12/SES126/SA126S13	SES162	1.20875	-9.26416	-10.4729
BLOCK12/SES126/SA126S13	SES177	2.18879	-8.28413	-10.4729
BLOCK12/SES126/SA126S13	SES180	1.16286	-9.31006	-10.4729
BLOCK12/SES126/SA126S14	SES144	2.15258	-7.64205	-9.79463
BLOCK12/SES126/SA126S14	SES148	0.94438	-8.85025	-9.79463
BLOCK12/SES126/SA126S14	SES177	2.04755	-7.74708	-9.79463
BLOCK12/SES126/SA126S14	SES180	1.18626	-8.60837	-9.79463
BLOCK12/SES126/SA126S20	SES007	1.45194	-7.38438	-8.83632
BLOCK12/SES126/SA126S20	SES162	0.911195	-7.92512	-8.83632
BLOCK12/SES126/SA126S20	SES172	0.903975	-7.93234	-8.83632
BLOCK12/SES126/SA126S20	SES180	1.01842	-7.8179	-8.83632
BLOCK12/SES126/SA126S24	SES120	2.31604	-7.19058	-9.50662
BLOCK12/SES126/SA126S24	SES162	1.28617	-8.22045	-9.50662
BLOCK12/SES126/SA126S24	SES177	2.22183	-7.28479	-9.50662
BLOCK12/SES126/SA126S24	SES180	1.83144	-7.67518	-9.50662
BLOCK12/SES126/SA126S26	SES120	2.93004	-7.13278	-10.0628
BLOCK12/SES126/SA126S26	SES177	1.8289	-8.23392	-10.0628
BLOCK12/SES126/SA126S26	SES180	1.71622	-8.3466	-10.0628
BLOCK12/SES126/SA126S26	SES202	1.68315	-8.37967	-10.0628
BLOCK12/SES128/SA128S10	SES087	0.466006	-10.4405	-10.9065
BLOCK12/SES128/SA128S10	SES206	2.10196	-8.80458	-10.9065
BLOCK12/SES128/SA128S10	SES226	2.68723	-8.21931	-10.9065
BLOCK12/SES128/SA128S10	SES270	2.13517	-8.77137	-10.9065
BLOCK12/SES128/SA128S12	SES120	2.6336	-8.19816	-10.8318
BLOCK12/SES128/SA128S12	SES158	2.3578	-8.47396	-10.8318
BLOCK12/SES128/SA128S12	SES206	2.60351	-8.22825	-10.8318
BLOCK12/SES128/SA128S12	SES226	1.28078	-9.55099	-10.8318
BLOCK12/SES128/SA128S21	SES106	2.05341	-8.85072	-10.9041
BLOCK12/SES128/SA128S21	SES120	2.22075	-8.68338	-10.9041
BLOCK12/SES128/SA128S21	SES206	2.73807	-8.16605	-10.9041
BLOCK12/SES128/SA128S21	SES226	3.39654	-7.50758	-10.9041
BLOCK12/SES128/SA128S24	SES087	1.73394	-9.61345	-11.3474
BLOCK12/SES128/SA128S24	SES120	2.47019	-8.8772	-11.3474
BLOCK12/SES128/SA128S24	SES206	2.70054	-8.64685	-11.3474
BLOCK12/SES128/SA128S24	SES226	1.70132	-9.64607	-11.3474
BLOCK12/SES128/SA128S27	SES099	3.6042	-7.32069	-10.9249
BLOCK12/SES128/SA128S27	SES120	3.68754	-7.23735	-10.9249
BLOCK12/SES128/SA128S27	SES206	3.21447	-7.71043	-10.9249
BLOCK12/SES128/SA128S27	SES226	2.55374	-8.37115	-10.9249
BLOCK13/SES130/SA130S13	SES143	1.86401	-8.90471	-10.7687
BLOCK13/SES130/SA130S13	SES144	2.51623	-8.25249	-10.7687
BLOCK13/SES130/SA130S13	SES146	0.576512	-10.1922	-10.7687
BLOCK13/SES130/SA130S13	SES275	0.226272	-10.5424	-10.7687
BLOCK13/SES130/SA130S15	SES143	1.56851	-8.08952	-9.65803
BLOCK13/SES130/SA130S15	SES144	2.81296	-6.84508	-9.65803
BLOCK13/SES130/SA130S15	SES146	1.91497	-7.74306	-9.65803
BLOCK13/SES130/SA130S15	SES275	1.46165	-8.19639	-9.65803
BLOCK13/SES130/SA130S23	SES127	1.42115	-8.79634	-10.2175
BLOCK13/SES130/SA130S23	SES144	2.16587	-8.05162	-10.2175
BLOCK13/SES130/SA130S23	SES146	1.38328	-8.83421	-10.2175
BLOCK13/SES130/SA130S23	SES162	1.25439	-8.9631	-10.2175
BLOCK13/SES130/SA130S25	SES127	1.70488	-7.57786	-9.28274
BLOCK13/SES130/SA130S25	SES144	2.43443	-6.84831	-9.28274
BLOCK13/SES130/SA130S25	SES146	1.92476	-7.35798	-9.28274
BLOCK13/SES130/SA130S25	SES275	1.80829	-7.47445	-9.28274
BLOCK13/SES130/SA130S28	SES127	1.63831	-8.3975	-10.0358
BLOCK13/SES130/SA130S28	SES144	1.38426	-8.65155	-10.0358
BLOCK13/SES130/SA130S28	SES146	1.77529	-8.26052	-10.0358
BLOCK13/SES130/SA130S28	SES275	1.31176	-8.72405	-10.0358
BLOCK13/SES131/SA131S13	SES002	-0.119044	-10.4916	-10.3726
BLOCK13/SES131/SA131S13	SES007	0.0106125	-10.362	-10.3726
BLOCK13/SES131/SA131S13	SES099	1.54616	-8.8264	-10.3726
BLOCK13/SES131/SA131S13	SES105	0.27435	-10.0982	-10.3726
BLOCK13/SES131/SA131S14	SES104	1.55534	-7.08895	-8.64429
BLOCK13/SES131/SA131S14	SES106	-0.105786	-8.75007	-8.64429
BLOCK13/SES131/SA131S14	SES125	0.792773	-7.85151	-8.64429
BLOCK13/SES131/SA131S14	SES148	2.12393	-6.52035	-8.64429
BLOCK13/SES131/SA131S20	SES104	1.48632	-9.71423	-11.2005
BLOCK13/SES131/SA131S20	SES106	0.642857	-10.5577	-11.2005
BLOCK13/SES131/SA131S20	SES125	1.18261	-10.0179	-11.2005
BLOCK13/SES131/SA131S20	SES148	0.367374	-10.8332	-11.2005
BLOCK13/SES131/SA131S22	SES099	2.53269	-7.17964	-9.71233
BLOCK13/SES131/SA131S22	SES104	1.84059	-7.87174	-9.71233
BLOCK13/SES131/SA131S22	SES125	2.14808	-7.56425	-9.71233
BLOCK13/SES131/SA131S22	SES206	1.94965	-7.76268	-9.71233
BLOCK13/SES131/SA131S29	SES087	1.21663	-10.1198	-11.3365
BLOCK13/SES131/SA131S29	SES104	0.340757	-10.9957	-11.3365
BLOCK13/SES131/SA131S29	SES125	-1.00193	-12.3384	-11.3365
BLOCK13/SES131/SA131S29	SES206	0.434514	-10.902	-11.3365
BLOCK13/SES132/SA132S11	SES083	1.30392	-9.06529	-10.3692
BLOCK13/SES132/SA132S11	SES120	2.90053	-7.46868	-10.3692
BLOCK13/SES132/SA132S11	SES127	0.653065	-9.71614	-10.3692
BLOCK13/SES132/SA132S11	SES275	1.63138	-8.73783	-10.3692
BLOCK13/SES132/SA132S12	SES083	0.516152	-9.177	-9.69315
BLOCK13/SES132/SA132S12	SES143	0.660192	-9.03296	-9.69315
BLOCK13/SES132/SA132S12	SES144	1.55242	-8.14073	-9.69315
BLOCK13/SES132/SA132S12	SES148	1.1098	-8.58335	-9.69315
BLOCK13/SES132/SA132S22	SES062	2.26151	-8.33862	-10.6001
BLOCK13/SES132/SA132S22	SES083	0.952172	-9.64796	-10.6001
BLOCK13/SES132/SA132S22	SES127	1.10843	-9.4917	-10.6001
BLOCK13/SES132/SA132S22	SES275	2.08025	-8.51988	-10.6001
BLOCK13/SES132/SA132S24	SES007	2.2782	-7.57069	-9.84889
BLOCK13/SES132/SA132S24	SES083	1.24463	-8.60426	-9.84889
BLOCK13/SES132/SA132S24	SES127	0.48503	-9.36386	-9.84889
BLOCK13/SES132/SA132S24	SES275	1.80097	-8.04792	-9.84889
BLOCK13/SES132/SA132S27	SES083	0.688143	-10.6915	-11.3796
BLOCK13/SES132/SA132S27	SES120	3.4316	-7.94802	-11.3796
BLOCK13/SES132/SA132S27	SES127	-1.03069	-12.4103	-11.3796
BLOCK13/SES132/SA132S27	SES275	0.843454	-10.5362	-11.3796
BLOCK14/SES141/SA141S09	SES143	0.837676	-7.92694	-8.76461
BLOCK14/SES141/SA141S09	SES144	1.62535	-7.13926	-8.76461
BLOCK14/SES141/SA141S09	SES162	0.869323	-7.89529	-8.76461
BLOCK14/SES141/SA141S09	SES180	1.23633	-7.52828	-8.76461
BLOCK14/SES141/SA141S15	SES127	-0.256259	-9.678	-9.42174
BLOCK14/SES141/SA141S15	SES144	0.633962	-8.78778	-9.42174
BLOCK14/SES141/SA141S15	SES162	-0.504093	-9.92584	-9.42174
BLOCK14/SES141/SA141S15	SES180	0.343717	-9.07803	-9.42174
BLOCK14/SES141/SA141S24	SES127	0.201971	-9.64994	-9.85191
BLOCK14/SES141/SA141S24	SES144	0.984099	-8.86781	-9.85191
BLOCK14/SES141/SA141S24	SES162	0.678667	-9.17324	-9.85191
BLOCK14/SES141/SA141S24	SES183	0.89226	-8.95965	-9.85191
BLOCK14/SES141/SA141S26	SES142	1.98435	-8.45657	-10.4409
BLOCK14/SES141/SA141S26	SES144	0.755997	-9.68492	-10.4409
BLOCK14/SES141/SA141S26	SES172	1.15496	-9.28596	-10.4409
BLOCK14/SES141/SA141S26	SES180	1.2158	-9.22512	-10.4409
BLOCK14/SES141/SA141S29	SES127	1.07855	-8.24274	-9.3213
BLOCK14/SES141/SA141S29	SES142	2.20081	-7.12048	-9.3213
BLOCK14/SES141/SA141S29	SES144	1.88376	-7.43754	-9.3213
BLOCK14/SES141/SA141S29	SES180	1.89576	-7.42553	-9.3213
BLOCK15/SES157/SA157S08	SES083	0.248847	-8.75306	-9.00191
BLOCK15/SES157/SA157S08	SES127	0.625576	-8.37633	-9.00191
BLOCK15/SES157/SA157S08	SES148	1.49145	-7.51046	-9.00191
BLOCK15/SES157/SA157S08	SES292	0.365101	-8.63681	-9.00191
BLOCK15/SES157/SA157S11	SES083	0.466966	-9.33139	-9.79836
BLOCK15/SES157/SA157S11	SES127	0.752715	-9.04564	-9.79836
BLOCK15/SES157/SA157S11	SES148	0.186431	-9.61193	-9.79836
BLOCK15/SES157/SA157S11	SES292	-0.151228	-9.94959	-9.79836
BLOCK15/SES157/SA157S21	SES127	1.82083	-7.19451	-9.01534
BLOCK15/SES157/SA157S21	SES148	2.20228	-6.81307	-9.01534
BLOCK15/SES157/SA157S21	SES158	-1.63341	-10.6488	-9.01534
BLOCK15/SES157/SA157S21	SES292	0.864991	-8.15035	-9.01534
BLOCK15/SES157/SA157S24	SES127	0.770224	-8.89149	-9.66171
BLOCK15/SES157/SA157S24	SES148	0.959439	-8.70227	-9.66171
BLOCK15/SES157/SA157S24	SES183	0.595456	-9.06626	-9.66171
BLOCK15/SES157/SA157S24	SES292	-0.288028	-9.94974	-9.66171
BLOCK15/SES157/SA157S26	SES007	0.810356	-8.28876	-9.09911
BLOCK15/SES157/SA157S26	SES127	1.08593	-8.01319	-9.09911
BLOCK15/SES157/SA157S26	SES147	0.483633	-8.61548	-9.09911
BLOCK15/SES157/SA157S26	SES148	0.702426	-8.39669	-9.09911
BLOCK16/SES161/SA161S10	SES007	1.56405	-8.50352	-10.0676
BLOCK16/SES161/SA161S10	SES105	1.66493	-8.40265	-10.0676
BLOCK16/SES161/SA161S10	SES158	0.899749	-9.16782	-10.0676
BLOCK16/SES161/SA161S10	SES275	1.61655	-8.45102	-10.0676
BLOCK16/SES161/SA161S12	SES007	1.57767	-11.4264	-13.0041
BLOCK16/SES161/SA161S12	SES105	2.73845	-10.2657	-13.0041
BLOCK16/SES161/SA161S12	SES158	2.42333	-10.5808	-13.0041
BLOCK16/SES161/SA161S12	SES275	0.973895	-12.0302	-13.0041
BLOCK16/SES161/SA161S20	SES007	2.16338	-9.86803	-12.0314
BLOCK16/SES161/SA161S20	SES105	1.21763	-10.8138	-12.0314
BLOCK16/SES161/SA161S20	SES158	2.57741	-9.454	-12.0314
BLOCK16/SES161/SA161S20	SES275	1.18081	-10.8506	-12.0314
BLOCK16/SES161/SA161S23	SES007	-0.0332775	-12.1003	-12.067
BLOCK16/SES161/SA161S23	SES105	2.39572	-9.67128	-12.067
BLOCK16/SES161/SA161S23	SES148	0.788362	-11.2786	-12.067
BLOCK16/SES161/SA161S23	SES158	-0.151901	-12.2189	-12.067
BLOCK16/SES161/SA161S28	SES007	2.69862	-9.52944	-12.2281
BLOCK16/SES161/SA161S28	SES105	2.20104	-10.027	-12.2281
BLOCK16/SES161/SA161S28	SES158	3.67713	-8.55093	-12.2281
BLOCK16/SES161/SA161S28	SES206	3.21694	-9.01112	-12.2281
BLOCK16/SES164/SA164S11	SES104	1.04113	-9.08173	-10.1229
BLOCK16/SES164/SA164S11	SES125	2.00601	-8.11685	-10.1229
BLOCK16/SES164/SA164S11	SES158	1.52412	-8.59874	-10.1229
BLOCK16/SES164/SA164S11	SES206	-0.421865	-10.5447	-10.1229
BLOCK16/SES164/SA164S13	SES099	0.790154	-9.93602	-10.7262
BLOCK16/SES164/SA164S13	SES104	1.37467	-9.35151	-10.7262
BLOCK16/SES164/SA164S13	SES125	1.09437	-9.63181	-10.7262
BLOCK16/SES164/SA164S13	SES206	0.100395	-10.6258	-10.7262
BLOCK16/SES164/SA164S24	SES002	2.31358	-7.66651	-9.9801
BLOCK16/SES164/SA164S24	SES099	1.59246	-8.38763	-9.9801
BLOCK16/SES164/SA164S24	SES125	1.27666	-8.70343	-9.9801
BLOCK16/SES164/SA164S24	SES226	2.60361	-7.37649	-9.9801
BLOCK16/SES164/SA164S27	SES087	-1.65001	-11.8549	-10.2049
BLOCK16/SES164/SA164S27	SES125	0.87526	-9.32963	-10.2049
BLOCK16/SES164/SA164S27	SES206	-0.885996	-11.0909	-10.2049
BLOCK16/SES164/SA164S27	SES226	1.60705	-8.59784	-10.2049
BLOCK16/SES164/SA164S29	SES002	1.86459	-8.2371	-10.1017
BLOCK16/SES164/SA164S29	SES019	0.357841	-9.74385	-10.1017
BLOCK16/SES164/SA164S29	SES125	1.12067	-8.98103	-10.1017
BLOCK16/SES164/SA164S29	SES226	1.78158	-8.32011	-10.1017
BLOCK16/SES169/SA169S13	SES117	1.29498	-8.91798	-10.213
BLOCK16/SES169/SA169S13	SES144	1.73617	-8.47679	-10.213
BLOCK16/SES169/SA169S13	SES146	1.65134	-8.56162	-10.213
BLOCK16/SES169/SA169S13	SES162	1.07146	-9.1415	-10.213
BLOCK16/SES169/SA169S14	SES144	1.98888	-6.94733	-8.93621
BLOCK16/SES169/SA169S14	SES148	2.10511	-6.8311	-8.93621
BLOCK16/SES169/SA169S14	SES177	2.26479	-6.67142	-8.93621
BLOCK16/SES169/SA169S14	SES180	1.5771	-7.35911	-8.93621
BLOCK16/SES169/SA169S24	SES117	1.24751	-9.0836	-10.3311
BLOCK16/SES169/SA169S24	SES144	1.14149	-9.18962	-10.3311
BLOCK16/SES169/SA169S24	SES146	1.08585	-9.24526	-10.3311
BLOCK16/SES169/SA169S24	SES162	0.867064	-9.46405	-10.3311
BLOCK16/SES169/SA169S27	SES127	1.48351	-8.3787	-9.86221
BLOCK16/SES169/SA169S27	SES129	1.93426	-7.92795	-9.86221
BLOCK16/SES169/SA169S27	SES144	1.79155	-8.07066	-9.86221
BLOCK16/SES169/SA169S27	SES146	1.80726	-8.05495	-9.86221
BLOCK16/SES169/SA169S29	SES144	2.18507	-6.65013	-8.8352
BLOCK16/SES169/SA169S29	SES162	1.97567	-6.85953	-8.8352
BLOCK16/SES169/SA169S29	SES177	1.49065	-7.34454	-8.8352
BLOCK16/SES169/SA169S29	SES180	0.995692	-7.8395	-8.8352
BLOCK17/SES171/SA171S12	SES083	1.01683	-9.6896	-10.7064
BLOCK17/SES171/SA171S12	SES148	-0.47998	-11.1864	-10.7064
BLOCK17/SES171/SA171S12	SES172	0.194362	-10.5121	-10.7064
BLOCK17/SES171/SA171S12	SES292	-0.89251	-11.5989	-10.7064
BLOCK17/SES171/SA171S15	SES148	0.348845	-9.36684	-9.71569
BLOCK17/SES171/SA171S15	SES177	0.640792	-9.07489	-9.71569
BLOCK17/SES171/SA171S15	SES180	-1.50788	-11.2236	-9.71569
BLOCK17/SES171/SA171S15	SES292	0.225989	-9.4897	-9.71569
BLOCK17/SES171/SA171S22	SES007	0.875409	-7.45765	-8.33306
BLOCK17/SES171/SA171S22	SES148	1.22599	-7.10707	-8.33306
BLOCK17/SES171/SA171S22	SES177	1.55642	-6.77664	-8.33306
BLOCK17/SES171/SA171S22	SES180	0.0580578	-8.275	-8.33306
BLOCK17/SES171/SA171S25	SES101	0.556479	-9.89936	-10.4558
BLOCK17/SES171/SA171S25	SES120	-1.15335	-11.6092	-10.4558
BLOCK17/SES171/SA171S25	SES177	0.834311	-9.62153	-10.4558
BLOCK17/SES171/SA171S25	SES180	0.231448	-10.2244	-10.4558
BLOCK17/SES171/SA171S27	SES177	1.6495	-8.93438	-10.5839
BLOCK17/SES171/SA171S27	SES180	-0.449512	-11.0334	-10.5839
BLOCK17/SES171/SA171S27	SES189	1.84808	-8.73581	-10.5839
BLOCK17/SES171/SA171S27	SES292	-0.729188	-11.3131	-10.5839
BLOCK17/SES173/SA173S13	SES162	-0.130445	-10.4454	-10.315
BLOCK17/SES173/SA173S13	SES177	1.56617	-8.74881	-10.315
BLOCK17/SES173/SA173S13	SES180	0.894562	-9.42041	-10.315
BLOCK17/SES173/SA173S13	SES292	2.70339	-7.61159	-10.315
BLOCK17/SES173/SA173S14	SES007	1.34993	-8.36392	-9.71385
BLOCK17/SES173/SA173S14	SES162	-0.626945	-10.3408	-9.71385
BLOCK17/SES173/SA173S14	SES177	0.528684	-9.18517	-9.71385
BLOCK17/SES173/SA173S14	SES180	0.147745	-9.56611	-9.71385
BLOCK17/SES173/SA173S24	SES144	0.845461	-9.73299	-10.5784
BLOCK17/SES173/SA173S24	SES162	0.0947495	-10.4837	-10.5784
BLOCK17/SES173/SA173S24	SES177	2.02081	-8.55764	-10.5784
BLOCK17/SES173/SA173S24	SES180	0.204104	-10.3743	-10.5784
BLOCK17/SES173/SA173S27	SES162	-0.756706	-11.2807	-10.524
BLOCK17/SES173/SA173S27	SES177	1.45381	-9.07016	-10.524
BLOCK17/SES173/SA173S27	SES180	1.52042	-9.00356	-10.524
BLOCK17/SES173/SA173S27	SES292	2.62183	-7.90215	-10.524
BLOCK17/SES173/SA173S29	SES162	-0.211253	-10.2369	-10.0257
BLOCK17/SES173/SA173S29	SES175	1.17115	-8.8545	-10.0257
BLOCK17/SES173/SA173S29	SES177	1.38684	-8.63881	-10.0257
BLOCK17/SES173/SA173S29	SES292	0.61768	-9.40797	-10.0257
BLOCK18/SES182/SA182S10	SES144	1.03415	-8.57343	-9.60758
BLOCK18/SES182/SA182S10	SES177	1.25914	-8.34844	-9.60758
BLOCK18/SES182/SA182S10	SES180	0.679397	-8.92818	-9.60758
BLOCK18/SES182/SA182S10	SES275	1.94058	-7.667	-9.60758
BLOCK18/SES182/SA182S12	SES144	1.78119	-7.74769	-9.52888
BLOCK18/SES182/SA182S12	SES177	1.94002	-7.58886	-9.52888
BLOCK18/SES182/SA182S12	SES180	0.656513	-8.87237	-9.52888
BLOCK18/SES182/SA182S12	SES275	1.9298	-7.59908	-9.52888
BLOCK18/SES182/SA182S21	SES117	1.33426	-9.86552	-11.1998
BLOCK18/SES182/SA182S21	SES144	1.5954	-9.60438	-11.1998
BLOCK18/SES182/SA182S21	SES162	1.42234	-9.77744	-11.1998
BLOCK18/SES182/SA182S21	SES180	0.17693	-11.0228	-11.1998
BLOCK18/SES182/SA182S23	SES117	1.84761	-10.0318	-11.8794
BLOCK18/SES182/SA182S23	SES144	1.32075	-10.5587	-11.8794
BLOCK18/SES182/SA182S23	SES180	-0.349071	-12.2285	-11.8794
BLOCK18/SES182/SA182S23	SES275	1.50218	-10.3773	-11.8794
BLOCK18/SES182/SA182S25	SES007	2.43586	-7.99811	-10.434
BLOCK18/SES182/SA182S25	SES162	1.4383	-8.99567	-10.434
BLOCK18/SES182/SA182S25	SES177	1.83821	-8.59576	-10.434
BLOCK18/SES182/SA182S25	SES180	0.401446	-10.0325	-10.434
BLOCK18/SES184/SA184S12	SES177	0.961213	-8.80716	-9.76837
BLOCK18/SES184/SA184S12	SES180	2.06227	-7.7061	-9.76837
BLOCK18/SES184/SA184S12	SES189	0.733736	-9.03463	-9.76837
BLOCK18/SES184/SA184S12	SES292	2.33604	-7.43233	-9.76837
BLOCK18/SES184/SA184S13	SES101	1.02421	-8.58624	-9.61044
BLOCK18/SES184/SA184S13	SES177	1.20031	-8.41014	-9.61044
BLOCK18/SES184/SA184S13	SES180	0.946723	-8.66372	-9.61044
BLOCK18/SES184/SA184S13	SES292	1.10189	-8.50856	-9.61044
BLOCK18/SES184/SA184S22	SES177	1.00701	-9.04076	-10.0478
BLOCK18/SES184/SA184S22	SES180	1.96139	-8.08639	-10.0478
BLOCK18/SES184/SA184S22	SES189	1.26346	-8.78432	-10.0478
BLOCK18/SES184/SA184S22	SES292	1.39462	-8.65316	-10.0478
BLOCK18/SES184/SA184S25	SES101	1.32218	-8.13738	-9.45957
BLOCK18/SES184/SA184S25	SES177	0.476192	-8.98337	-9.45957
BLOCK18/SES184/SA184S25	SES180	1.89267	-7.56689	-9.45957
BLOCK18/SES184/SA184S25	SES292	1.45167	-8.00789	-9.45957
BLOCK18/SES184/SA184S27	SES083	0.765343	-8.66513	-9.43048
BLOCK18/SES184/SA184S27	SES177	1.17975	-8.25073	-9.43048
BLOCK18/SES184/SA184S27	SES202	0.885505	-8.54497	-9.43048
BLOCK18/SES184/SA184S27	SES292	1.13455	-8.29593	-9.43048
BLOCK20/SES204/SA204S12	SES062	2.22831	-7.70445	-9.93276
BLOCK20/SES204/SA204S12	SES083	0.866627	-9.06614	-9.93276
BLOCK20/SES204/SA204S12	SES206	2.40387	-7.5289	-9.93276
BLOCK20/SES204/SA204S12	SES226	1.89565	-8.03711	-9.93276
BLOCK20/SES204/SA204S14	SES068	2.89438	-6.62573	-9.52011
BLOCK20/SES204/SA204S14	SES087	3.05654	-6.46357	-9.52011
BLOCK20/SES204/SA204S14	SES206	2.41046	-7.10965	-9.52011
BLOCK20/SES204/SA204S14	SES226	1.80654	-7.71357	-9.52011
BLOCK20/SES204/SA204S22	SES068	2.36875	-7.57804	-9.94679
BLOCK20/SES204/SA204S22	SES082	2.4075	-7.53929	-9.94679
BLOCK20/SES204/SA204S22	SES083	0.543543	-9.40325	-9.94679
BLOCK20/SES204/SA204S22	SES206	2.5559	-7.39089	-9.94679
BLOCK20/SES204/SA204S25	SES062	2.00956	-7.7676	-9.77716
BLOCK20/SES204/SA204S25	SES083	0.658748	-9.11841	-9.77716
BLOCK20/SES204/SA204S25	SES206	2.81077	-6.96639	-9.77716
BLOCK20/SES204/SA204S25	SES226	1.95236	-7.8248	-9.77716
BLOCK20/SES204/SA204S27	SES068	2.15283	-8.0323	-10.1851
BLOCK20/SES204/SA204S27	SES082	0.821095	-9.36403	-10.1851
BLOCK20/SES204/SA204S27	SES087	2.36915	-7.81598	-10.1851
BLOCK20/SES204/SA204S27	SES206	0.691441	-9.49369	-10.1851
BLOCK20/SES207/SA207S10	SES127	-0.42698	-9.50434	-9.07736
BLOCK20/SES207/SA207S10	SES183	0.694528	-8.38283	-9.07736
BLOCK20/SES207/SA207S10	SES189	0.894629	-8.18273	-9.07736
BLOCK20/SES207/SA207S10	SES292	0.123648	-8.95371	-9.07736
BLOCK20/SES207/SA207S11	SES127	-0.204086	-9.9769	-9.77282
BLOCK20/SES207/SA207S11	SES183	0.112074	-9.66074	-9.77282
BLOCK20/SES207/SA207S11	SES187	0.80055	-8.97227	-9.77282
BLOCK20/SES207/SA207S11	SES292	0.858291	-8.91453	-9.77282
BLOCK20/SES207/SA207S25	SES068	0.950527	-9.1703	-10.1208
BLOCK20/SES207/SA207S25	SES083	-0.196954	-10.3178	-10.1208
BLOCK20/SES207/SA207S25	SES127	1.07588	-9.04495	-10.1208
BLOCK20/SES207/SA207S25	SES187	0.786813	-9.33401	-10.1208
BLOCK20/SES207/SA207S27	SES127	0.134008	-9.85951	-9.99352
BLOCK20/SES207/SA207S27	SES183	0.232368	-9.76115	-9.99352
BLOCK20/SES207/SA207S27	SES187	1.11962	-8.8739	-9.99352
BLOCK20/SES207/SA207S27	SES292	0.218368	-9.77515	-9.99352
BLOCK20/SES207/SA207S29	SES083	-0.482368	-9.95046	-9.46809
BLOCK20/SES207/SA207S29	SES085	0.359381	-9.10871	-9.46809
BLOCK20/SES207/SA207S29	SES172	1.21196	-8.25614	-9.46809
BLOCK20/SES207/SA207S29	SES189	-0.920044	-10.3881	-9.46809
BLOCK22/SES221/SA221S12	SES068	2.48733	-6.79706	-9.28439
BLOCK22/SES221/SA221S12	SES143	1.24268	-8.04171	-9.28439
BLOCK22/SES221/SA221S12	SES175	2.09746	-7.18693	-9.28439
BLOCK22/SES221/SA221S12	SES202	1.8333	-7.45109	-9.28439
BLOCK22/SES221/SA221S15	SES085	2.19223	-7.28737	-9.4796
BLOCK22/SES221/SA221S15	SES143	1.17202	-8.30758	-9.4796
BLOCK22/SES221/SA221S15	SES175	1.95275	-7.52685	-9.4796
BLOCK22/SES221/SA221S15	SES187	1.51898	-7.96062	-9.4796
BLOCK22/SES221/SA221S23	SES068	2.94423	-6.66016	-9.60439
BLOCK22/SES221/SA221S23	SES143	1.21136	-8.39303	-9.60439
BLOCK22/SES221/SA221S23	SES175	1.71083	-7.89356	-9.60439
BLOCK22/SES221/SA221S23	SES189	1.01571	-8.58868	-9.60439
BLOCK22/SES221/SA221S27	SES085	2.55721	-7.24765	-9.80486
BLOCK22/SES221/SA221S27	SES143	0.860706	-8.94415	-9.80486
BLOCK22/SES221/SA221S27	SES175	1.40426	-8.4006	-9.80486
BLOCK22/SES221/SA221S27	SES189	1.24448	-8.56038	-9.80486
BLOCK22/SES221/SA221S29	SES085	2.96872	-6.77027	-9.73898
BLOCK22/SES221/SA221S29	SES143	1.75618	-7.9828	-9.73898
BLOCK22/SES221/SA221S29	SES175	2.23754	-7.50144	-9.73898
BLOCK22/SES221/SA221S29	SES187	1.71554	-8.02344	-9.73898
BLOCK22/SES223/SA223S11	SES143	1.31715	-8.56863	-9.88578
BLOCK22/SES223/SA223S11	SES144	0.319597	-9.56618	-9.88578
BLOCK22/SES223/SA223S11	SES175	1.59826	-8.28752	-9.88578
BLOCK22/SES223/SA223S11	SES187	1.03506	-8.85071	-9.88578
BLOCK22/SES223/SA223S13	SES068	2.12871	-7.61849	-9.7472
BLOCK22/SES223/SA223S13	SES143	0.692426	-9.05478	-9.7472
BLOCK22/SES223/SA223S13	SES146	1.11686	-8.63035	-9.7472
BLOCK22/SES223/SA223S13	SES202	1.17965	-8.56755	-9.7472
BLOCK22/SES223/SA223S22	SES143	1.83804	-7.85738	-9.69541
BLOCK22/SES223/SA223S22	SES144	0.41623	-9.27918	-9.69541
BLOCK22/SES223/SA223S22	SES175	1.96152	-7.7339	-9.69541
BLOCK22/SES223/SA223S22	SES187	1.09708	-8.59833	-9.69541
BLOCK22/SES223/SA223S25	SES068	2.30961	-8.0006	-10.3102
BLOCK22/SES223/SA223S25	SES143	1.97607	-8.33414	-10.3102
BLOCK22/SES223/SA223S25	SES175	2.41684	-7.89337	-10.3102
BLOCK22/SES223/SA223S25	SES187	1.54469	-8.76552	-10.3102
BLOCK22/SES223/SA223S27	SES143	2.00631	-8.66511	-10.6714
BLOCK22/SES223/SA223S27	SES146	0.875015	-9.7964	-10.6714
BLOCK22/SES223/SA223S27	SES187	1.43299	-9.23843	-10.6714
BLOCK22/SES223/SA223S27	SES292	2.35097	-8.32044	-10.6714
BLOCK27/SES273/SA273S12	SES099	2.9923	-7.5049	-10.4972
BLOCK27/SES273/SA273S12	SES104	3.22542	-7.27179	-10.4972
BLOCK27/SES273/SA273S12	SES125	2.7404	-7.7568	-10.4972
BLOCK27/SES273/SA273S12	SES206	3.15854	-7.33867	-10.4972
BLOCK27/SES273/SA273S13	SES099	1.59339	-7.83329	-9.42668
BLOCK27/SES273/SA273S13	SES104	2.45116	-6.97552	-9.42668
BLOCK27/SES273/SA273S13	SES206	1.18249	-8.24419	-9.42668
BLOCK27/SES273/SA273S13	SES292	1.60045	-7.82623	-9.42668
BLOCK27/SES273/SA273S21	SES099	1.415	-8.33682	-9.75183
BLOCK27/SES273/SA273S21	SES148	0.0721788	-9.67965	-9.75183
BLOCK27/SES273/SA273S21	SES149	0.364558	-9.38727	-9.75183
BLOCK27/SES273/SA273S21	SES177	0.200429	-9.5514	-9.75183
BLOCK27/SES273/SA273S25	SES104	2.84453	-8.15208	-10.9966
BLOCK27/SES273/SA273S25	SES125	2.39214	-8.60448	-10.9966
BLOCK27/SES273/SA273S25	SES158	2.96842	-8.0282	-10.9966
BLOCK27/SES273/SA273S25	SES206	2.77024	-8.22637	-10.9966
BLOCK27/SES273/SA273S27	SES099	1.94444	-6.9618	-8.90624
BLOCK27/SES273/SA273S27	SES104	1.99259	-6.91365	-8.90624
BLOCK27/SES273/SA273S27	SES149	1.50342	-7.40282	-8.90624
BLOCK27/SES273/SA273S27	SES275	1.27908	-7.62716	-8.90624
BLOCK27/SES274/SA274S10	SES105	0.706167	-8.22709	-8.93326
BLOCK27/SES274/SA274S10	SES125	0.676931	-8.25632	-8.93326
BLOCK27/SES274/SA274S10	SES129	2.18728	-6.74597	-8.93326
BLOCK27/SES274/SA274S10	SES158	-1.80663	-10.7399	-8.93326
BLOCK27/SES274/SA274S11	SES105	1.62438	-7.39038	-9.01477
BLOCK27/SES274/SA274S11	SES149	1.95002	-7.06475	-9.01477
BLOCK27/SES274/SA274S11	SES158	0.847856	-8.16691	-9.01477
BLOCK27/SES274/SA274S11	SES275	2.16007	-6.85469	-9.01477
BLOCK27/SES274/SA274S21	SES105	1.65944	-7.6723	-9.33174
BLOCK27/SES274/SA274S21	SES129	2.47401	-6.85773	-9.33174
BLOCK27/SES274/SA274S21	SES149	0.783811	-8.54793	-9.33174
BLOCK27/SES274/SA274S21	SES158	-1.20141	-10.5332	-9.33174
BLOCK27/SES274/SA274S24	SES105	0.822711	-9.15051	-9.97322
BLOCK27/SES274/SA274S24	SES129	2.63287	-7.34035	-9.97322
BLOCK27/SES274/SA274S24	SES149	0.138033	-9.83519	-9.97322
BLOCK27/SES274/SA274S24	SES158	-2.58264	-12.5559	-9.97322
BLOCK27/SES274/SA274S29	SES105	1.28831	-8.46102	-9.74932
BLOCK27/SES274/SA274S29	SES106	0.77195	-8.97737	-9.74932
BLOCK27/SES274/SA274S29	SES120	1.77043	-7.97889	-9.74932
BLOCK27/SES274/SA274S29	SES275	1.93068	-7.81864	-9.74932
BLOCK27/SES276/SA276S16	SES148	1.95877	-7.50025	-9.45902
BLOCK27/SES276/SA276S16	SES172	2.54054	-6.91849	-9.45902
BLOCK27/SES276/SA276S16	SES180	1.78073	-7.6783	-9.45902
BLOCK27/SES276/SA276S16	SES292	1.68117	-7.77785	-9.45902
BLOCK27/SES276/SA276S17	SES101	1.37972	-8.45033	-9.83005
BLOCK27/SES276/SA276S17	SES177	1.06113	-8.76892	-9.83005
BLOCK27/SES276/SA276S17	SES180	0.890346	-8.93971	-9.83005
BLOCK27/SES276/SA276S17	SES292	1.32014	-8.50992	-9.83005
BLOCK27/SES276/SA276S24	SES101	2.00339	-7.16774	-9.17113
BLOCK27/SES276/SA276S24	SES177	1.69857	-7.47256	-9.17113
BLOCK27/SES276/SA276S24	SES180	1.45418	-7.71695	-9.17113
BLOCK27/SES276/SA276S24	SES292	1.43604	-7.73509	-9.17113
BLOCK27/SES276/SA276S26	SES101	1.34967	-7.60555	-8.95522
BLOCK27/SES276/SA276S26	SES177	1.54129	-7.41393	-8.95522
BLOCK27/SES276/SA276S26	SES180	1.56873	-7.38649	-8.95522
BLOCK27/SES276/SA276S26	SES292	2.08183	-6.87338	-8.95522
BLOCK27/SES276/SA276S28	SES101	1.99336	-7.02442	-9.01779
BLOCK27/SES276/SA276S28	SES177	1.13369	-7.88409	-9.01779
BLOCK27/SES276/SA276S28	SES180	1.93859	-7.0792	-9.01779
BLOCK27/SES276/SA276S28	SES292	1.99955	-7.01823	-9.01779
BLOCK27/SES277/SA277S12	SES101	1.77076	-9.0236	-10.7944
BLOCK27/SES277/SA277S12	SES177	0.548624	-10.2457	-10.7944
BLOCK27/SES277/SA277S12	SES180	0.249936	-10.5444	-10.7944
BLOCK27/SES277/SA277S12	SES292	0.580282	-10.2141	-10.7944
BLOCK27/SES277/SA277S14	SES177	1.37108	-9.4842	-10.8553
BLOCK27/SES277/SA277S14	SES180	0.418055	-10.4372	-10.8553
BLOCK27/SES277/SA277S14	SES189	2.23484	-8.62044	-10.8553
BLOCK27/SES277/SA277S14	SES292	-0.116092	-10.9714	-10.8553
BLOCK27/SES277/SA277S21	SES177	1.07826	-9.13237	-10.2106
BLOCK27/SES277/SA277S21	SES180	0.398004	-9.81263	-10.2106
BLOCK27/SES277/SA277S21	SES189	1.82883	-8.3818	-10.2106
BLOCK27/SES277/SA277S21	SES292	-1.20609	-11.4167	-10.2106
BLOCK27/SES277/SA277S24	SES144	1.54685	-9.50109	-11.0479
BLOCK27/SES277/SA277S24	SES177	0.952476	-10.0955	-11.0479
BLOCK27/SES277/SA277S24	SES180	-0.430905	-11.4788	-11.0479
BLOCK27/SES277/SA277S24	SES189	2.44536	-8.60258	-11.0479
BLOCK27/SES277/SA277S29	SES177	1.45085	-7.30922	-8.76007
BLOCK27/SES277/SA277S29	SES180	1.50241	-7.25767	-8.76007
BLOCK27/SES277/SA277S29	SES202	1.92787	-6.8322	-8.76007
BLOCK27/SES277/SA277S29	SES292	1.03572	-7.72436	-8.76007
BLOCK27/SES279/SA279S09	SES120	2.20277	-7.53495	-9.73772
BLOCK27/SES279/SA279S09	SES146	1.77364	-7.96408	-9.73772
BLOCK27/SES279/SA279S09	SES206	2.74559	-6.99213	-9.73772
BLOCK27/SES279/SA279S09	SES226	2.06174	-7.67598	-9.73772
BLOCK27/SES279/SA279S10	SES099	1.59895	-8.62969	-10.2286
BLOCK27/SES279/SA279S10	SES206	1.1541	-9.07454	-10.2286
BLOCK27/SES279/SA279S10	SES226	0.897353	-9.33129	-10.2286
BLOCK27/SES279/SA279S10	SES292	2.67195	-7.55669	-10.2286
BLOCK27/SES279/SA279S20	SES099	1.62541	-8.9911	-10.6165
BLOCK27/SES279/SA279S20	SES206	2.35529	-8.26122	-10.6165
BLOCK27/SES279/SA279S20	SES226	1.07494	-9.54157	-10.6165
BLOCK27/SES279/SA279S20	SES292	2.46613	-8.15038	-10.6165
BLOCK27/SES279/SA279S26	SES099	2.42774	-8.82443	-11.2522
BLOCK27/SES279/SA279S26	SES206	2.28125	-8.97092	-11.2522
BLOCK27/SES279/SA279S26	SES226	1.3513	-9.90087	-11.2522
BLOCK27/SES279/SA279S26	SES292	3.49762	-7.75454	-11.2522
BLOCK27/SES279/SA279S28	SES099	2.14833	-7.14336	-9.29169
BLOCK27/SES279/SA279S28	SES120	2.16384	-7.12784	-9.29169
BLOCK27/SES279/SA279S28	SES177	0.892902	-8.39878	-9.29169
BLOCK27/SES279/SA279S28	SES206	1.86693	-7.42476	-9.29169
BLOCK29/SES290/SA290S12	SES162	2.97605	-5.92656	-8.90261
BLOCK29/SES290/SA290S12	SES177	2.62829	-6.27432	-8.90261
BLOCK29/SES290/SA290S12	SES180	2.57715	-6.32546	-8.90261
BLOCK29/SES290/SA290S12	SES292	1.97878	-6.92383	-8.90261
BLOCK29/SES290/SA290S13	SES007	2.98574	-6.18057	-9.16631
BLOCK29/SES290/SA290S13	SES162	1.67873	-7.48758	-9.16631
BLOCK29/SES290/SA290S13	SES177	1.75363	-7.41268	-9.16631
BLOCK29/SES290/SA290S13	SES180	2.35331	-6.813	-9.16631
BLOCK29/SES290/SA290S22	SES177	1.62852	-7.27605	-8.90456
BLOCK29/SES290/SA290S22	SES180	1.81721	-7.08735	-8.90456
BLOCK29/SES290/SA290S22	SES202	1.86242	-7.04214	-8.90456
BLOCK29/SES290/SA290S22	SES292	1.807	-7.09756	-8.90456
BLOCK29/SES290/SA290S25	SES162	2.54114	-7.02519	-9.56633
BLOCK29/SES290/SA290S25	SES177	2.53097	-7.03536	-9.56633
BLOCK29/SES290/SA290S25	SES180	2.31522	-7.25111	-9.56633
BLOCK29/SES290/SA290S25	SES292	2.61465	-6.95169	-9.56633
BLOCK29/SES290/SA290S29	SES177	2.00846	-6.67348	-8.68194
BLOCK29/SES290/SA290S29	SES180	2.41568	-6.26626	-8.68194
BLOCK29/SES290/SA290S29	SES275	1.91512	-6.76682	-8.68194
BLOCK29/SES290/SA290S29	SES292	2.06157	-6.62037	-8.68194
BLOCK29/SES291/SA291S11	SES105	0.874448	-9.6646	-10.539
BLOCK29/SES291/SA291S11	SES125	1.46338	-9.07567	-10.539
BLOCK29/SES291/SA291S11	SES158	2.14386	-8.39519	-10.539
BLOCK29/SES291/SA291S11	SES275	1.61654	-8.92251	-10.539
BLOCK29/SES291/SA291S12	SES158	3.98025	-7.05614	-11.0364
BLOCK29/SES291/SA291S12	SES226	2.62902	-8.40737	-11.0364
BLOCK29/SES291/SA291S12	SES270	2.65165	-8.38474	-11.0364
BLOCK29/SES291/SA291S12	SES275	1.20205	-9.83434	-11.0364
BLOCK29/SES291/SA291S22	SES082	1.6958	-8.31789	-10.0137
BLOCK29/SES291/SA291S22	SES158	1.99042	-8.02327	-10.0137
BLOCK29/SES291/SA291S22	SES259	1.4299	-8.58379	-10.0137
BLOCK29/SES291/SA291S22	SES275	0.73843	-9.27526	-10.0137
BLOCK29/SES291/SA291S24	SES104	3.14957	-6.81083	-9.9604
BLOCK29/SES291/SA291S24	SES125	2.38094	-7.57946	-9.9604
BLOCK29/SES291/SA291S24	SES158	2.75139	-7.20901	-9.9604
BLOCK29/SES291/SA291S24	SES275	1.19412	-8.76628	-9.9604
BLOCK29/SES291/SA291S27	SES158	2.62572	-7.12282	-9.74853
BLOCK29/SES291/SA291S27	SES172	0.380916	-9.36762	-9.74853
BLOCK29/SES291/SA291S27	SES275	0.811995	-8.93654	-9.74853
BLOCK29/SES291/SA291S27	SES292	2.33949	-7.40904	-9.74853
Threshold search:
THR	-3.08738875979	8.957	0.02(5)	0.993(993)
THR	-2.9997907721921	8.948	0.02(5)	0.992(992)
THR	-2.9121927845942	8.948	0.02(5)	0.992(992)
THR	-2.8245947969963	8.948	0.02(5)	0.992(992)
THR	-2.7369968093984	8.948	0.02(5)	0.992(992)
THR	-2.6493988218005	8.939	0.02(5)	0.991(991)
THR	-2.5618008342026	8.93	0.02(5)	0.99(990)
THR	-2.4742028466047	8.93	0.02(5)	0.99(990)
THR	-2.3866048590068	8.93	0.02(5)	0.99(990)
THR	-2.2990068714089	8.93	0.02(5)	0.99(990)
THR	-2.211408883811	8.93	0.02(5)	0.99(990)
THR	-2.1238108962131	8.93	0.02(5)	0.99(990)
THR	-2.0362129086152	8.912	0.02(5)	0.988(988)
THR	-1.9486149210173	8.912	0.02(5)	0.988(988)
THR	-1.8610169334194	8.912	0.02(5)	0.988(988)
THR	-1.7734189458215	8.903	0.02(5)	0.987(987)
THR	-1.6858209582236	8.903	0.02(5)	0.987(987)
THR	-1.5982229706257	8.876	0.02(5)	0.984(984)
THR	-1.5106249830278	8.867	0.02(5)	0.983(983)
THR	-1.4230269954299	8.858	0.02(5)	0.982(982)
THR	-1.335429007832	8.849	0.02(5)	0.981(981)
THR	-1.2478310202341	8.84	0.02(5)	0.98(980)
THR	-1.1602330326362	8.813	0.02(5)	0.977(977)
THR	-1.0726350450383	8.804	0.02(5)	0.976(976)
THR	-0.985037057440399	8.786	0.02(5)	0.974(974)
THR	-0.897439069842499	8.768	0.02(5)	0.972(972)
THR	-0.809841082244599	8.75	0.02(5)	0.97(970)
THR	-0.722243094646699	8.723	0.02(5)	0.967(967)
THR	-0.634645107048799	8.705	0.02(5)	0.965(965)
THR	-0.547047119450899	8.687	0.02(5)	0.963(963)
THR	-0.459449131852999	8.642	0.02(5)	0.958(958)
THR	-0.371851144255099	8.552	0.02(5)	0.948(948)
THR	-0.284253156657199	8.507	0.02(5)	0.943(943)
THR	-0.196655169059299	8.444	0.02(5)	0.936(936)
THR	-0.109057181461399	8.354	0.02(5)	0.926(926)
THR	-0.0214591938634986	8.291	0.02(5)	0.919(919)
THR	0.0661387937344014	8.219	0.02(5)	0.911(911)
THR	0.153736781332301	8.084	0.02(5)	0.896(896)
THR	0.241334768930201	7.886	0.02(5)	0.874(874)
THR	0.328932756528101	7.805	0.02(5)	0.865(865)
THR	0.416530744126001	7.634	0.02(5)	0.846(846)
THR	0.504128731723901	7.499	0.02(5)	0.831(831)
THR	0.591726719321801	7.283	0.02(5)	0.807(807)
THR	0.679324706919701	7.04	0.02(5)	0.78(780)
THR	0.766922694517602	6.716	0.02(5)	0.744(744)
THR	0.854520682115502	6.437	0.02(5)	0.713(713)
THR	0.942118669713402	6.113	0.02(5)	0.677(677)
THR	1.0297166573113	5.861	0.02(5)	0.649(649)
THR	1.1173146449092	5.564	0.02(5)	0.616(616)
THR	1.2049126325071	5.276	0.02(5)	0.584(584)
THR	1.292510620105	4.961	0.02(5)	0.549(549)
THR	1.3801086077029	4.69	0.028(7)	0.518(518)
THR	1.4677065953008	4.37	0.032(8)	0.482(482)
THR	1.5553045828987	4.028	0.032(8)	0.444(444)
THR	1.6429025704966	3.641	0.032(8)	0.401(401)
THR	1.7305005580945	3.344	0.032(8)	0.368(368)
THR	1.8180985456924	3.051	0.036(9)	0.335(335)
THR	1.9056965332903	2.722	0.04(10)	0.298(298)
THR	1.9932945208882	2.339	0.044(11)	0.255(255)
THR	2.0808925084861	2.077	0.052(13)	0.225(225)
THR	2.168490496084	1.858	0.076(19)	0.198(198)
THR	2.2560884836819	1.635	0.096(24)	0.171(171)
THR	2.3436864712798	1.382	0.104(26)	0.142(142)
THR	2.4312844588777	1.22	0.14(35)	0.12(120)
THR	2.5188824464756	1.099	0.172(43)	0.103(103)
THR	2.6064804340735	0.968	0.212(53)	0.084(84)
THR	2.6940784216714	0.836	0.26(65)	0.064(64)
THR	2.7816764092693	0.763	0.304(76)	0.051(51)
THR	2.8692743968672	0.716	0.356(89)	0.04(40)
THR	2.9568723844651	0.717	0.42(105)	0.033(33)
THR	3.044470372063	0.73	0.496(124)	0.026(26)
THR	3.1320683596609	0.759	0.552(138)	0.023(23)
THR	3.2196663472588	0.778	0.616(154)	0.018(18)
THR	3.3072643348567	0.811	0.676(169)	0.015(15)
THR	3.3948623224546	0.804	0.696(174)	0.012(12)
THR	3.4824603100525	0.819	0.756(189)	0.007(7)
THR	3.5700582976504	0.834	0.78(195)	0.006(6)
THR	3.6576562852483	0.836	0.8(200)	0.004(4)
THR	3.7452542728462	0.85	0.832(208)	0.002(2)
THR	3.8328522604441	0.882	0.864(216)	0.002(2)
THR	3.920450248042	0.906	0.888(222)	0.002(2)
THR	4.0080482356399	0.908	0.908(227)	0(0)
THR	4.0956462232378	0.924	0.924(231)	0(0)
THR	4.1832442108357	0.936	0.936(234)	0(0)
THR	4.2708421984336	0.944	0.944(236)	0(0)
THR	4.3584401860315	0.96	0.96(240)	0(0)
THR	4.4460381736294	0.968	0.968(242)	0(0)
THR	4.5336361612273	0.976	0.976(244)	0(0)
THR	4.6212341488252	0.98	0.98(245)	0(0)
THR	4.7088321364231	0.98	0.98(245)	0(0)
THR	4.796430124021	0.98	0.98(245)	0(0)
THR	4.8840281116189	0.988	0.988(247)	0(0)
THR	4.9716260992168	0.988	0.988(247)	0(0)
THR	5.0592240868147	0.988	0.988(247)	0(0)
THR	5.1468220744126	0.992	0.992(248)	0(0)
THR	5.2344200620105	0.992	0.992(248)	0(0)
THR	5.3220180496084	0.992	0.992(248)	0(0)
THR	5.4096160372063	0.992	0.992(248)	0(0)
THR	5.4972140248042	0.992	0.992(248)	0(0)
THR	5.5848120124021	0.992	0.992(248)	0(0)
THR	5.67241	1	1(250)	0(0)


==============================================
THR: 2.8692743968672
Missed:     89/250=0.3560
FalseAlarm: 40/1000=0.0400
----------------------------------------------
==> CostDetection: 71.6
==============================================
