BLOCK00/SES002/SA002S12	SES002	0.882772	20.3878	19.5051
BLOCK00/SES002/SA002S13	SES002	1.24551	20.4141	19.1686
BLOCK00/SES002/SA002S23	SES002	0.368382	20.233	19.8646
BLOCK00/SES002/SA002S26	SES002	0.592829	21.287	20.6942
BLOCK00/SES002/SA002S28	SES002	0.418882	19.3904	18.9715
BLOCK00/SES007/SA007S14	SES007	1.93749	22.4291	20.4916
BLOCK00/SES007/SA007S15	SES007	0.352921	19.8958	19.5429
BLOCK00/SES007/SA007S24	SES007	0.623365	19.8951	19.2718
BLOCK00/SES007/SA007S27	SES007	0.677948	19.0214	18.3435
BLOCK00/SES007/SA007S29	SES007	0.235184	20.1801	19.9449
BLOCK00/SES008/SA008S11	SES008	0.535404	19.5741	19.0387
BLOCK00/SES008/SA008S12	SES008	-0.361115	18.5225	18.8836
BLOCK00/SES008/SA008S19	SES008	1.3336	21.6769	20.3433
BLOCK00/SES008/SA008S22	SES008	-0.147726	18.4411	18.5888
BLOCK00/SES008/SA008S29	SES008	1.35265	20.9049	19.5522
BLOCK01/SES014/SA014S10	SES014	2.1083	20.408	18.2997
BLOCK01/SES014/SA014S12	SES014	3.26503	23.8463	20.5812
BLOCK01/SES014/SA014S24	SES014	0.503151	21.2884	20.7853
BLOCK01/SES014/SA014S26	SES014	1.97981	24.5575	22.5777
BLOCK01/SES014/SA014S28	SES014	4.18535	25.0334	20.8481
BLOCK01/SES016/SA016S12	SES016	1.11389	18.049	16.9351
BLOCK01/SES016/SA016S13	SES016	0.635859	20.0357	19.3998
BLOCK01/SES016/SA016S22	SES016	1.13689	20.6766	19.5397
BLOCK01/SES016/SA016S25	SES016	2.29546	23.1996	20.9041
BLOCK01/SES016/SA016S27	SES016	1.79651	23.1088	21.3123
BLOCK01/SES019/SA019S13	SES019	2.70417	19.3921	16.6879
BLOCK01/SES019/SA019S14	SES019	2.13929	19.3706	17.2313
BLOCK01/SES019/SA019S22	SES019	2.43626	19.0767	16.6405
BLOCK01/SES019/SA019S25	SES019	2.57898	20.0749	17.4959
BLOCK01/SES019/SA019S29	SES019	3.4395	20.6689	17.2294
BLOCK02/SES029/SA029S11	SES029	1.37776	20.9598	19.582
BLOCK02/SES029/SA029S12	SES029	-0.0978317	20.5054	20.6033
BLOCK02/SES029/SA029S20	SES029	0.910103	20.4902	19.5801
BLOCK02/SES029/SA029S25	SES029	1.09475	21.4926	20.3979
BLOCK02/SES029/SA029S28	SES029	-0.591663	19.4397	20.0314
BLOCK04/SES042/SA042S12	SES042	1.78726	22.383	20.5958
BLOCK04/SES042/SA042S15	SES042	2.21242	22.6561	20.4437
BLOCK04/SES042/SA042S22	SES042	2.93011	24.959	22.0289
BLOCK04/SES042/SA042S25	SES042	1.32728	21.3821	20.0549
BLOCK04/SES042/SA042S27	SES042	1.12522	22.9669	21.8417
BLOCK04/SES048/SA048S11	SES048	1.60604	21.2369	19.6309
BLOCK04/SES048/SA048S12	SES048	0.46184	21.1819	20.7201
BLOCK04/SES048/SA048S20	SES048	0.175488	21.0874	20.9119
BLOCK04/SES048/SA048S23	SES048	1.53109	20.4539	18.9229
BLOCK04/SES048/SA048S27	SES048	0.86832	22.462	21.5936
BLOCK06/SES060/SA060S11	SES060	0.881798	20.6644	19.7826
BLOCK06/SES060/SA060S12	SES060	-0.754566	19.228	19.9826
BLOCK06/SES060/SA060S22	SES060	-0.940889	17.1299	18.0708
BLOCK06/SES060/SA060S24	SES060	0.78826	21.4865	20.6983
BLOCK06/SES060/SA060S28	SES060	0.485521	23.1509	22.6654
BLOCK06/SES062/SA062S10	SES062	0.874985	21.3658	20.4908
BLOCK06/SES062/SA062S11	SES062	1.10139	20.9458	19.8444
BLOCK06/SES062/SA062S21	SES062	1.9232	23.9149	21.9917
BLOCK06/SES062/SA062S26	SES062	1.13038	22.6231	21.4927
BLOCK06/SES062/SA062S29	SES062	1.73174	23.1563	21.4246
BLOCK06/SES068/SA068S14	SES068	-0.17701	20.1945	20.3715
BLOCK06/SES068/SA068S15	SES068	1.1504	22.2028	21.0524
BLOCK06/SES068/SA068S23	SES068	0.439449	19.9924	19.553
BLOCK06/SES068/SA068S27	SES068	1.92642	23.1001	21.1736
BLOCK06/SES068/SA068S29	SES068	0.206911	20.5391	20.3322
BLOCK08/SES082/SA082S12	SES082	-0.0916615	18.924	19.0157
BLOCK08/SES082/SA082S14	SES082	-0.673784	18.5597	19.2335
BLOCK08/SES082/SA082S21	SES082	-0.441235	18.5769	19.0182
BLOCK08/SES082/SA082S24	SES082	0.183369	21.0048	20.8215
BLOCK08/SES082/SA082S28	SES082	-0.352005	19.0128	19.3648
BLOCK08/SES083/SA083S14	SES083	-0.817265	19.76	20.5772
BLOCK08/SES083/SA083S15	SES083	0.215725	21.3965	21.1808
BLOCK08/SES083/SA083S24	SES083	-0.441099	19.985	20.4261
BLOCK08/SES083/SA083S26	SES083	0.142469	20.2413	20.0989
BLOCK08/SES083/SA083S29	SES083	-0.0749931	21.1963	21.2713
BLOCK08/SES085/SA085S10	SES085	0.00214386	20.9606	20.9585
BLOCK08/SES085/SA085S13	SES085	-0.329638	19.4277	19.7574
BLOCK08/SES085/SA085S22	SES085	-1.24645	20.0543	21.3008
BLOCK08/SES085/SA085S26	SES085	-0.00322151	20.4622	20.4654
BLOCK08/SES085/SA085S28	SES085	0.845053	21.2408	20.3958
BLOCK08/SES087/SA087S15	SES087	0.549801	20.0745	19.5247
BLOCK08/SES087/SA087S16	SES087	1.03515	20.6629	19.6278
BLOCK08/SES087/SA087S24	SES087	0.955467	20.8473	19.8918
BLOCK08/SES087/SA087S26	SES087	0.919924	21.9377	21.0177
BLOCK08/SES087/SA087S29	SES087	1.40755	20.4149	19.0073
BLOCK09/SES099/SA099S15	SES099	1.24987	20.3659	19.116
BLOCK09/SES099/SA099S16	SES099	1.36801	19.9044	18.5364
BLOCK09/SES099/SA099S24	SES099	1.57331	20.7924	19.219
BLOCK09/SES099/SA099S26	SES099	1.36794	20.4937	19.1258
BLOCK09/SES099/SA099S29	SES099	1.57135	21.751	20.1797
BLOCK10/SES101/SA101S11	SES101	0.0686665	19.7738	19.7051
BLOCK10/SES101/SA101S13	SES101	1.75605	22.9381	21.182
BLOCK10/SES101/SA101S22	SES101	0.865536	20.0298	19.1642
BLOCK10/SES101/SA101S24	SES101	0.637392	19.8881	19.2507
BLOCK10/SES101/SA101S28	SES101	-0.565229	18.6582	19.2234
BLOCK10/SES104/SA104S11	SES104	1.06485	22.32	21.2552
BLOCK10/SES104/SA104S12	SES104	0.996586	20.6797	19.6831
BLOCK10/SES104/SA104S21	SES104	0.605587	20.3613	19.7557
BLOCK10/SES104/SA104S24	SES104	0.826517	20.6544	19.8279
BLOCK10/SES104/SA104S28	SES104	1.02163	21.557	20.5354
BLOCK10/SES105/SA105S12	SES105	0.779898	19.9365	19.1566
BLOCK10/SES105/SA105S13	SES105	1.28843	20.6097	19.3212
BLOCK10/SES105/SA105S22	SES105	-0.0807667	18.1271	18.2078
BLOCK10/SES105/SA105S26	SES105	1.2756	20.4098	19.1342
BLOCK10/SES105/SA105S29	SES105	1.49129	21.4119	19.9206
BLOCK10/SES106/SA106S09	SES106	0.174831	18.463	18.2882
BLOCK10/SES106/SA106S11	SES106	1.73461	21.1	19.3654
BLOCK10/SES106/SA106S22	SES106	3.26189	21.0428	17.7809
BLOCK10/SES106/SA106S27	SES106	1.38967	19.7269	18.3373
BLOCK10/SES106/SA106S29	SES106	0.856792	18.7819	17.9251
BLOCK11/SES117/SA117S12	SES117	0.329351	18.6449	18.3156
BLOCK11/SES117/SA117S13	SES117	0.166281	19.9445	19.7783
BLOCK11/SES117/SA117S23	SES117	1.45509	17.9548	16.4997
BLOCK11/SES117/SA117S25	SES117	1.11372	18.5594	17.4457
BLOCK11/SES117/SA117S28	SES117	0.520086	18.1304	17.6103
BLOCK12/SES120/SA120S08	SES120	0.417051	16.9968	16.5797
BLOCK12/SES120/SA120S11	SES120	-0.214949	16.2788	16.4938
BLOCK12/SES120/SA120S22	SES120	-0.079977	19.703	19.7829
BLOCK12/SES120/SA120S24	SES120	-0.0857391	17.4443	17.5301
BLOCK12/SES120/SA120S28	SES120	-0.654998	14.7684	15.4234
BLOCK12/SES125/SA125S13	SES125	1.49883	20.465	18.9661
BLOCK12/SES125/SA125S14	SES125	0.652058	19.7702	19.1181
BLOCK12/SES125/SA125S25	SES125	1.52439	21.2614	19.737
BLOCK12/SES125/SA125S27	SES125	2.32171	22.5441	20.2224
BLOCK12/SES125/SA125S29	SES125	1.58911	20.389	18.7999
BLOCK12/SES127/SA127S11	SES127	-0.205755	18.7325	18.9382
BLOCK12/SES127/SA127S12	SES127	-0.401424	19.5559	19.9574
BLOCK12/SES127/SA127S23	SES127	-0.15501	19.3362	19.4912
BLOCK12/SES127/SA127S25	SES127	-0.596474	18.258	18.8544
BLOCK12/SES127/SA127S27	SES127	0.18853	19.4865	19.298
BLOCK12/SES129/SA129S11	SES129	1.96094	22.5546	20.5937
BLOCK12/SES129/SA129S12	SES129	1.07793	21.2765	20.1986
BLOCK12/SES129/SA129S22	SES129	1.57103	21.5219	19.9509
BLOCK12/SES129/SA129S27	SES129	2.20676	22.0871	19.8804
BLOCK12/SES129/SA129S29	SES129	1.06362	21.7374	20.6738
BLOCK14/SES142/SA142S11	SES142	1.99879	19.2961	17.2973
BLOCK14/SES142/SA142S12	SES142	0.461367	18.6126	18.1512
BLOCK14/SES142/SA142S24	SES142	1.26057	20.112	18.8514
BLOCK14/SES142/SA142S27	SES142	2.01085	21.0854	19.0745
BLOCK14/SES142/SA142S29	SES142	2.74815	20.6495	17.9014
BLOCK14/SES143/SA143S12	SES143	1.08136	19.05	17.9686
BLOCK14/SES143/SA143S13	SES143	0.596922	18.516	17.919
BLOCK14/SES143/SA143S23	SES143	1.28463	18.5034	17.2188
BLOCK14/SES143/SA143S25	SES143	1.77582	20.746	18.9702
BLOCK14/SES143/SA143S28	SES143	0.526514	18.3153	17.7888
BLOCK14/SES144/SA144S09	SES144	0.504656	20.1753	19.6707
BLOCK14/SES144/SA144S11	SES144	0.715698	19.8166	19.1009
BLOCK14/SES144/SA144S21	SES144	-0.365297	18.3416	18.7069
BLOCK14/SES144/SA144S25	SES144	0.0612335	18.7119	18.6506
BLOCK14/SES144/SA144S29	SES144	-0.250648	19.5663	19.8169
BLOCK14/SES146/SA146S14	SES146	0.104954	18.0876	17.9827
BLOCK14/SES146/SA146S15	SES146	0.217875	18.5122	18.2943
BLOCK14/SES146/SA146S24	SES146	0.423201	18.8429	18.4197
BLOCK14/SES146/SA146S26	SES146	1.02585	18.8501	17.8242
BLOCK14/SES146/SA146S29	SES146	0.226522	17.7729	17.5464
BLOCK14/SES147/SA147S11	SES147	1.87726	19.7915	17.9143
BLOCK14/SES147/SA147S13	SES147	1.45407	19.8752	18.4211
BLOCK14/SES147/SA147S23	SES147	0.266613	19.0091	18.7425
BLOCK14/SES147/SA147S26	SES147	0.51869	18.678	18.1594
BLOCK14/SES147/SA147S28	SES147	1.84238	19.3041	17.4618
BLOCK14/SES148/SA148S10	SES148	1.23679	19.6136	18.3768
BLOCK14/SES148/SA148S12	SES148	0.632477	18.272	17.6395
BLOCK14/SES148/SA148S22	SES148	1.87728	20.9863	19.1091
BLOCK14/SES148/SA148S26	SES148	-0.351576	19.9547	20.3063
BLOCK14/SES148/SA148S29	SES148	0.386738	19.0186	18.6319
BLOCK14/SES149/SA149S13	SES149	-0.0578346	19.8059	19.8637
BLOCK14/SES149/SA149S14	SES149	0.299269	20.8067	20.5074
BLOCK14/SES149/SA149S24	SES149	0.841787	21.2881	20.4463
BLOCK14/SES149/SA149S26	SES149	1.91347	22.2915	20.378
BLOCK14/SES149/SA149S28	SES149	1.80605	23.0507	21.2446
BLOCK15/SES158/SA158S13	SES158	0.845024	18.8212	17.9762
BLOCK15/SES158/SA158S14	SES158	2.78063	19.0608	16.2801
BLOCK15/SES158/SA158S23	SES158	1.08658	19.8052	18.7186
BLOCK15/SES158/SA158S26	SES158	1.90805	19.1841	17.2761
BLOCK15/SES158/SA158S28	SES158	0.347069	18.5458	18.1987
BLOCK16/SES162/SA162S10	SES162	0.742546	18.5122	17.7696
BLOCK16/SES162/SA162S11	SES162	1.09115	21.1593	20.0682
BLOCK16/SES162/SA162S21	SES162	1.4545	20.827	19.3725
BLOCK16/SES162/SA162S24	SES162	0.827763	20.0401	19.2124
BLOCK16/SES162/SA162S27	SES162	0.970123	19.3318	18.3617
BLOCK16/SES167/SA167S14	SES167	0.54837	21.6195	21.0712
BLOCK16/SES167/SA167S15	SES167	0.790333	20.258	19.4676
BLOCK16/SES167/SA167S21	SES167	1.68594	21.3996	19.7137
BLOCK16/SES167/SA167S25	SES167	1.96284	20.5766	18.6138
BLOCK16/SES167/SA167S29	SES167	2.49642	22.7537	20.2573
BLOCK17/SES172/SA172S12	SES172	1.10465	20.9824	19.8778
BLOCK17/SES172/SA172S13	SES172	0.94746	20.0144	19.067
BLOCK17/SES172/SA172S23	SES172	0.651659	20.9816	20.33
BLOCK17/SES172/SA172S27	SES172	1.1173	21.3407	20.2234
BLOCK17/SES172/SA172S29	SES172	2.22269	21.8098	19.5871
BLOCK17/SES175/SA175S11	SES175	0.378277	20.2292	19.8509
BLOCK17/SES175/SA175S13	SES175	0.633791	19.915	19.2812
BLOCK17/SES175/SA175S23	SES175	1.05639	19.9353	18.8789
BLOCK17/SES175/SA175S25	SES175	-0.223803	17.4503	17.6741
BLOCK17/SES175/SA175S28	SES175	0.825676	20.5268	19.7012
BLOCK17/SES177/SA177S15	SES177	-0.146154	19.9029	20.0491
BLOCK17/SES177/SA177S17	SES177	0.200409	20.3198	20.1194
BLOCK17/SES177/SA177S23	SES177	-1.16535	18.1085	19.2738
BLOCK17/SES177/SA177S26	SES177	0.215185	21.5225	21.3073
BLOCK17/SES177/SA177S28	SES177	0.397791	20.4184	20.0206
BLOCK18/SES180/SA180S13	SES180	-0.306133	18.88	19.1862
BLOCK18/SES180/SA180S15	SES180	0.349283	19.0139	18.6647
BLOCK18/SES180/SA180S24	SES180	0.726624	21.4861	20.7595
BLOCK18/SES180/SA180S26	SES180	0.737171	20.4372	19.7
BLOCK18/SES180/SA180S29	SES180	1.31166	20.152	18.8404
BLOCK18/SES183/SA183S13	SES183	1.53817	19.3801	17.8419
BLOCK18/SES183/SA183S14	SES183	-0.348883	17.8674	18.2163
BLOCK18/SES183/SA183S24	SES183	1.28617	18.5026	17.2164
BLOCK18/SES183/SA183S27	SES183	1.02236	18.8766	17.8542
BLOCK18/SES183/SA183S29	SES183	0.46513	19.4614	18.9963
BLOCK18/SES187/SA187S13	SES187	0.0579987	19.5523	19.4943
BLOCK18/SES187/SA187S14	SES187	0.15995	18.8048	18.6449
BLOCK18/SES187/SA187S24	SES187	2.08875	18.8745	16.7858
BLOCK18/SES187/SA187S27	SES187	0.898111	18.6819	17.7838
BLOCK18/SES187/SA187S29	SES187	0.595985	19.8326	19.2366
BLOCK18/SES189/SA189S10	SES189	1.38239	19.9473	18.5649
BLOCK18/SES189/SA189S13	SES189	1.41422	18.9661	17.5519
BLOCK18/SES189/SA189S24	SES189	1.92297	19.6188	17.6959
BLOCK18/SES189/SA189S26	SES189	1.04324	20.5883	19.545
BLOCK18/SES189/SA189S29	SES189	2.03775	20.5453	18.5076
BLOCK20/SES202/SA202S12	SES202	1.38606	17.2326	15.8466
BLOCK20/SES202/SA202S14	SES202	2.72804	20.0371	17.309
BLOCK20/SES202/SA202S24	SES202	1.18248	19.1388	17.9563
BLOCK20/SES202/SA202S27	SES202	1.53122	20.8179	19.2867
BLOCK20/SES202/SA202S29	SES202	1.78967	20.5039	18.7142
BLOCK20/SES206/SA206S15	SES206	-0.703707	19.9143	20.618
BLOCK20/SES206/SA206S17	SES206	1.45856	22.0953	20.6368
BLOCK20/SES206/SA206S24	SES206	2.00667	22.7103	20.7036
BLOCK20/SES206/SA206S27	SES206	1.74336	20.8919	19.1486
BLOCK20/SES206/SA206S29	SES206	0.888683	22.4258	21.5371
BLOCK22/SES226/SA226S12	SES226	0.378036	19.109	18.731
BLOCK22/SES226/SA226S13	SES226	-1.9771	16.1503	18.1274
BLOCK22/SES226/SA226S20	SES226	0.384054	19.0569	18.6729
BLOCK22/SES226/SA226S23	SES226	1.09234	20.4753	19.3829
BLOCK22/SES226/SA226S28	SES226	1.26479	20.3419	19.0771
BLOCK25/SES259/SA259S13	SES259	3.92292	22.7803	18.8574
BLOCK25/SES259/SA259S14	SES259	2.46072	21.0489	18.5881
BLOCK25/SES259/SA259S22	SES259	2.83746	21.6998	18.8623
BLOCK25/SES259/SA259S24	SES259	2.07522	22.0718	19.9965
BLOCK25/SES259/SA259S28	SES259	2.47642	21.9475	19.4711
BLOCK27/SES270/SA270S14	SES270	2.57421	19.0238	16.4496
BLOCK27/SES270/SA270S16	SES270	0.157925	18.0747	17.9168
BLOCK27/SES270/SA270S22	SES270	2.53529	20.534	17.9987
BLOCK27/SES270/SA270S26	SES270	0.331781	17.2393	16.9076
BLOCK27/SES270/SA270S28	SES270	0.957712	19.5996	18.6419
BLOCK27/SES275/SA275S17	SES275	1.91756	20.5869	18.6693
BLOCK27/SES275/SA275S18	SES275	0.574629	19.6153	19.0406
BLOCK27/SES275/SA275S24	SES275	0.494293	19.1204	18.6261
BLOCK27/SES275/SA275S26	SES275	1.36508	20.8451	19.4801
BLOCK27/SES275/SA275S28	SES275	-0.100161	19.8325	19.9326
BLOCK29/SES292/SA292S10	SES292	0.303986	20.5168	20.2128
BLOCK29/SES292/SA292S12	SES292	-0.131102	19.0156	19.1467
BLOCK29/SES292/SA292S22	SES292	0.257557	20.7056	20.448
BLOCK29/SES292/SA292S24	SES292	-0.207396	19.6461	19.8535
BLOCK29/SES292/SA292S27	SES292	-0.835007	19.1032	19.9382
BLOCK00/SES001/SA001S14	SES062	-3.70472	15.0074	18.7121
BLOCK00/SES001/SA001S14	SES082	-4.71035	14.0018	18.7121
BLOCK00/SES001/SA001S14	SES106	-4.07758	14.6345	18.7121
BLOCK00/SES001/SA001S14	SES206	-4.3093	14.4028	18.7121
BLOCK00/SES001/SA001S15	SES062	-4.54297	15.4531	19.9961
BLOCK00/SES001/SA001S15	SES104	-5.08004	14.916	19.9961
BLOCK00/SES001/SA001S15	SES106	-3.20505	16.791	19.9961
BLOCK00/SES001/SA001S15	SES206	-3.6225	16.3736	19.9961
BLOCK00/SES001/SA001S24	SES062	-5.01348	13.3731	18.3866
BLOCK00/SES001/SA001S24	SES082	-4.58491	13.8017	18.3866
BLOCK00/SES001/SA001S24	SES087	-4.40493	13.9817	18.3866
BLOCK00/SES001/SA001S24	SES206	-3.04481	15.3418	18.3866
BLOCK00/SES001/SA001S27	SES062	-3.5194	16.2254	19.7448
BLOCK00/SES001/SA001S27	SES082	-3.69653	16.0483	19.7448
BLOCK00/SES001/SA001S27	SES087	-3.69652	16.0483	19.7448
BLOCK00/SES001/SA001S27	SES206	-3.85664	15.8882	19.7448
BLOCK00/SES001/SA001S29	SES062	-5.48458	13.1026	18.5872
BLOCK00/SES001/SA001S29	SES082	-2.85938	15.7278	18.5872
BLOCK00/SES001/SA001S29	SES158	-2.75558	15.8316	18.5872
BLOCK00/SES001/SA001S29	SES206	-4.23202	14.3552	18.5872
BLOCK00/SES003/SA003S11	SES002	-2.70378	16.1138	18.8176
BLOCK00/SES003/SA003S11	SES019	-3.8517	14.9659	18.8176
BLOCK00/SES003/SA003S11	SES082	-2.88716	15.9305	18.8176
BLOCK00/SES003/SA003S11	SES125	-3.83066	14.987	18.8176
BLOCK00/SES003/SA003S15	SES016	-3.36527	17.08	20.4453
BLOCK00/SES003/SA003S15	SES019	-4.10075	16.3445	20.4453
BLOCK00/SES003/SA003S15	SES062	-3.66656	16.7787	20.4453
BLOCK00/SES003/SA003S15	SES206	-3.48452	16.9607	20.4453
BLOCK00/SES003/SA003S22	SES002	-4.02225	15.3786	19.4008
BLOCK00/SES003/SA003S22	SES062	-2.96255	16.4383	19.4008
BLOCK00/SES003/SA003S22	SES082	-4.0343	15.3665	19.4008
BLOCK00/SES003/SA003S22	SES087	-3.61265	15.7882	19.4008
BLOCK00/SES003/SA003S25	SES062	-5.32481	13.7599	19.0847
BLOCK00/SES003/SA003S25	SES082	-3.83249	15.2522	19.0847
BLOCK00/SES003/SA003S25	SES087	-3.91839	15.1663	19.0847
BLOCK00/SES003/SA003S25	SES206	-3.96556	15.1192	19.0847
BLOCK00/SES003/SA003S29	SES002	-3.12192	15.3287	18.4506
BLOCK00/SES003/SA003S29	SES062	-4.93933	13.5113	18.4506
BLOCK00/SES003/SA003S29	SES082	-3.72788	14.7227	18.4506
BLOCK00/SES003/SA003S29	SES087	-4.19369	14.2569	18.4506
BLOCK00/SES004/SA004S12	SES083	-3.37814	15.5041	18.8823
BLOCK00/SES004/SA004S12	SES148	-3.67846	15.2038	18.8823
BLOCK00/SES004/SA004S12	SES172	-1.98158	16.9007	18.8823
BLOCK00/SES004/SA004S12	SES292	-2.71175	16.1705	18.8823
BLOCK00/SES004/SA004S17	SES083	-3.84919	14.4322	18.2814
BLOCK00/SES004/SA004S17	SES162	-2.61256	15.6688	18.2814
BLOCK00/SES004/SA004S17	SES172	-2.39602	15.8854	18.2814
BLOCK00/SES004/SA004S17	SES292	-2.76476	15.5166	18.2814
BLOCK00/SES004/SA004S24	SES083	-4.34413	14.4486	18.7927
BLOCK00/SES004/SA004S24	SES148	-4.10144	14.6913	18.7927
BLOCK00/SES004/SA004S24	SES172	-2.56537	16.2274	18.7927
BLOCK00/SES004/SA004S24	SES292	-2.26034	16.5324	18.7927
BLOCK00/SES004/SA004S26	SES083	-4.00292	13.8288	17.8317
BLOCK00/SES004/SA004S26	SES127	-2.98438	14.8473	17.8317
BLOCK00/SES004/SA004S26	SES148	-4.9542	12.8775	17.8317
BLOCK00/SES004/SA004S26	SES292	-3.72184	14.1098	17.8317
BLOCK00/SES004/SA004S28	SES083	-3.81109	15.5853	19.3964
BLOCK00/SES004/SA004S28	SES127	-3.30586	16.0906	19.3964
BLOCK00/SES004/SA004S28	SES187	-2.89723	16.4992	19.3964
BLOCK00/SES004/SA004S28	SES292	-3.63671	15.7597	19.3964
BLOCK00/SES006/SA006S10	SES014	-6.98918	8.10444	15.0936
BLOCK00/SES006/SA006S10	SES158	-3.19509	11.8985	15.0936
BLOCK00/SES006/SA006S10	SES226	-6.28331	8.81031	15.0936
BLOCK00/SES006/SA006S10	SES270	-2.60551	12.4881	15.0936
BLOCK00/SES006/SA006S11	SES158	-3.39528	12.6016	15.9969
BLOCK00/SES006/SA006S11	SES226	-4.58183	11.4151	15.9969
BLOCK00/SES006/SA006S11	SES270	-2.91372	13.0832	15.9969
BLOCK00/SES006/SA006S11	SES275	-4.2031	11.7938	15.9969
BLOCK00/SES006/SA006S23	SES062	-4.76473	13.0899	17.8546
BLOCK00/SES006/SA006S23	SES105	-5.6491	12.2055	17.8546
BLOCK00/SES006/SA006S23	SES158	-2.68259	15.172	17.8546
BLOCK00/SES006/SA006S23	SES275	-4.31876	13.5359	17.8546
BLOCK00/SES006/SA006S26	SES104	-6.09278	11.6449	17.7376
BLOCK00/SES006/SA006S26	SES158	-2.05265	15.685	17.7376
BLOCK00/SES006/SA006S26	SES270	-1.61185	16.1258	17.7376
BLOCK00/SES006/SA006S26	SES275	-4.81994	12.9177	17.7376
BLOCK00/SES006/SA006S28	SES007	-5.51645	10.9075	16.424
BLOCK00/SES006/SA006S28	SES105	-6.42771	9.99626	16.424
BLOCK00/SES006/SA006S28	SES158	-3.13237	13.2916	16.424
BLOCK00/SES006/SA006S28	SES275	-5.52721	10.8968	16.424
BLOCK00/SES009/SA009S12	SES083	-4.98534	15.0196	20.005
BLOCK00/SES009/SA009S12	SES148	-3.94284	16.0621	20.005
BLOCK00/SES009/SA009S12	SES177	-2.84904	17.1559	20.005
BLOCK00/SES009/SA009S12	SES292	-3.2605	16.7445	20.005
BLOCK00/SES009/SA009S15	SES007	-0.787731	20.1723	20.96
BLOCK00/SES009/SA009S15	SES099	-5.17056	15.7895	20.96
BLOCK00/SES009/SA009S15	SES148	-3.48716	17.4729	20.96
BLOCK00/SES009/SA009S15	SES172	-2.43121	18.5288	20.96
BLOCK00/SES009/SA009S24	SES146	-2.17796	18.3879	20.5658
BLOCK00/SES009/SA009S24	SES148	-3.83823	16.7276	20.5658
BLOCK00/SES009/SA009S24	SES177	-1.66276	18.9031	20.5658
BLOCK00/SES009/SA009S24	SES292	-2.54081	18.025	20.5658
BLOCK00/SES009/SA009S26	SES083	-4.5532	15.0878	19.641
BLOCK00/SES009/SA009S26	SES101	-4.08208	15.5589	19.641
BLOCK00/SES009/SA009S26	SES120	-3.20128	16.4397	19.641
BLOCK00/SES009/SA009S26	SES177	-2.71601	16.925	19.641
BLOCK00/SES009/SA009S29	SES083	-4.66487	15.3724	20.0373
BLOCK00/SES009/SA009S29	SES101	-3.32388	16.7134	20.0373
BLOCK00/SES009/SA009S29	SES177	-2.51088	17.5264	20.0373
BLOCK00/SES009/SA009S29	SES292	-2.5811	17.4562	20.0373
BLOCK01/SES011/SA011S10	SES019	-3.27131	16.0806	19.3519
BLOCK01/SES011/SA011S10	SES042	-2.90583	16.4461	19.3519
BLOCK01/SES011/SA011S10	SES082	-4.12028	15.2317	19.3519
BLOCK01/SES011/SA011S10	SES206	-3.60341	15.7485	19.3519
BLOCK01/SES011/SA011S11	SES019	-4.5107	13.5673	18.078
BLOCK01/SES011/SA011S11	SES042	-3.80873	14.2692	18.078
BLOCK01/SES011/SA011S11	SES082	-3.30968	14.7683	18.078
BLOCK01/SES011/SA011S11	SES206	-4.20221	13.8758	18.078
BLOCK01/SES011/SA011S22	SES019	-2.62008	15.5589	18.1789
BLOCK01/SES011/SA011S22	SES042	-2.67509	15.5038	18.1789
BLOCK01/SES011/SA011S22	SES082	-4.00864	14.1703	18.1789
BLOCK01/SES011/SA011S22	SES206	-3.92745	14.2515	18.1789
BLOCK01/SES011/SA011S24	SES019	-3.87287	15.0511	18.924
BLOCK01/SES011/SA011S24	SES042	-2.0619	16.8621	18.924
BLOCK01/SES011/SA011S24	SES104	-4.16204	14.7619	18.924
BLOCK01/SES011/SA011S24	SES206	-3.17237	15.7516	18.924
BLOCK01/SES011/SA011S27	SES082	-2.26942	16.0605	18.3299
BLOCK01/SES011/SA011S27	SES087	-4.02788	14.302	18.3299
BLOCK01/SES011/SA011S27	SES125	-2.78661	15.5433	18.3299
BLOCK01/SES011/SA011S27	SES206	-3.19247	15.1374	18.3299
BLOCK01/SES012/SA012S11	SES007	-2.20274	19.5243	21.727
BLOCK01/SES012/SA012S11	SES082	-4.33666	17.3903	21.727
BLOCK01/SES012/SA012S11	SES083	-3.75784	17.9692	21.727
BLOCK01/SES012/SA012S11	SES206	-3.43654	18.2905	21.727
BLOCK01/SES012/SA012S14	SES082	-2.39498	18.6616	21.0566
BLOCK01/SES012/SA012S14	SES087	-4.30147	16.7551	21.0566
BLOCK01/SES012/SA012S14	SES206	-2.62376	18.4328	21.0566
BLOCK01/SES012/SA012S14	SES292	-3.39351	17.6631	21.0566
BLOCK01/SES012/SA012S24	SES082	-2.26187	17.3998	19.6617
BLOCK01/SES012/SA012S24	SES087	-3.82558	15.8361	19.6617
BLOCK01/SES012/SA012S24	SES120	-3.04489	16.6168	19.6617
BLOCK01/SES012/SA012S24	SES206	-2.73026	16.9314	19.6617
BLOCK01/SES012/SA012S26	SES019	-6.40913	14.5258	20.9349
BLOCK01/SES012/SA012S26	SES082	-4.50312	16.4318	20.9349
BLOCK01/SES012/SA012S26	SES206	-2.2671	18.6678	20.9349
BLOCK01/SES012/SA012S26	SES292	-2.68995	18.245	20.9349
BLOCK01/SES012/SA012S29	SES062	-3.40882	17.7582	21.1671
BLOCK01/SES012/SA012S29	SES082	-3.85158	17.3155	21.1671
BLOCK01/SES012/SA012S29	SES083	-5.06388	16.1032	21.1671
BLOCK01/SES012/SA012S29	SES206	-2.9274	18.2397	21.1671
BLOCK01/SES013/SA013S16	SES062	-5.52257	12.6599	18.1825
BLOCK01/SES013/SA013S16	SES106	-3.00072	15.1818	18.1825
BLOCK01/SES013/SA013S16	SES206	-4.00727	14.1752	18.1825
BLOCK01/SES013/SA013S16	SES226	-2.8816	15.3009	18.1825
BLOCK01/SES013/SA013S17	SES062	-3.92216	16.3751	20.2973
BLOCK01/SES013/SA013S17	SES106	-4.36225	15.935	20.2973
BLOCK01/SES013/SA013S17	SES206	-2.36467	17.9326	20.2973
BLOCK01/SES013/SA013S17	SES226	-2.82319	17.4741	20.2973
BLOCK01/SES013/SA013S23	SES104	-4.77654	14.444	19.2206
BLOCK01/SES013/SA013S23	SES106	-2.5536	16.667	19.2206
BLOCK01/SES013/SA013S23	SES206	-3.38336	15.8372	19.2206
BLOCK01/SES013/SA013S23	SES270	-2.64112	16.5794	19.2206
BLOCK01/SES013/SA013S25	SES042	-3.79212	16.6083	20.4004
BLOCK01/SES013/SA013S25	SES104	-3.51573	16.8846	20.4004
BLOCK01/SES013/SA013S25	SES106	-2.92835	17.472	20.4004
BLOCK01/SES013/SA013S25	SES206	-2.43667	17.9637	20.4004
BLOCK01/SES013/SA013S29	SES062	-5.79542	13.8075	19.6029
BLOCK01/SES013/SA013S29	SES104	-5.42408	14.1788	19.6029
BLOCK01/SES013/SA013S29	SES106	-3.04261	16.5603	19.6029
BLOCK01/SES013/SA013S29	SES206	-3.63599	15.9669	19.6029
BLOCK02/SES021/SA021S13	SES016	-6.41004	14.3365	20.7465
BLOCK02/SES021/SA021S13	SES029	-3.84699	16.8995	20.7465
BLOCK02/SES021/SA021S13	SES087	-4.48322	16.2633	20.7465
BLOCK02/SES021/SA021S13	SES206	-2.69345	18.0531	20.7465
BLOCK02/SES021/SA021S15	SES087	-2.94287	18.9837	21.9265
BLOCK02/SES021/SA021S15	SES125	-2.22932	19.6972	21.9265
BLOCK02/SES021/SA021S15	SES206	-2.51324	19.4133	21.9265
BLOCK02/SES021/SA021S15	SES226	-3.66058	18.266	21.9265
BLOCK02/SES021/SA021S23	SES062	-3.60953	15.3216	18.9311
BLOCK02/SES021/SA021S23	SES087	-3.34344	15.5877	18.9311
BLOCK02/SES021/SA021S23	SES206	-2.82638	16.1047	18.9311
BLOCK02/SES021/SA021S23	SES226	-2.81752	16.1136	18.9311
BLOCK02/SES021/SA021S27	SES002	-2.49847	18.4641	20.9626
BLOCK02/SES021/SA021S27	SES016	-6.90703	14.0556	20.9626
BLOCK02/SES021/SA021S27	SES019	-3.59869	17.3639	20.9626
BLOCK02/SES021/SA021S27	SES062	-3.04973	17.9129	20.9626
BLOCK02/SES021/SA021S29	SES087	-3.23019	17.3521	20.5823
BLOCK02/SES021/SA021S29	SES125	-1.13918	19.4431	20.5823
BLOCK02/SES021/SA021S29	SES206	-2.24594	18.3363	20.5823
BLOCK02/SES021/SA021S29	SES226	-3.46463	17.1177	20.5823
BLOCK04/SES043/SA043S09	SES083	-2.69136	16.2278	18.9191
BLOCK04/SES043/SA043S09	SES101	-2.5463	16.3728	18.9191
BLOCK04/SES043/SA043S09	SES144	-1.93486	16.9843	18.9191
BLOCK04/SES043/SA043S09	SES172	-3.11945	15.7997	18.9191
BLOCK04/SES043/SA043S11	SES083	-2.75118	17.6626	20.4138
BLOCK04/SES043/SA043S11	SES101	-2.38411	18.0297	20.4138
BLOCK04/SES043/SA043S11	SES144	-1.61133	18.8025	20.4138
BLOCK04/SES043/SA043S11	SES172	-2.42329	17.9905	20.4138
BLOCK04/SES043/SA043S23	SES083	-2.82611	16.7789	19.605
BLOCK04/SES043/SA043S23	SES144	-1.35456	18.2504	19.605
BLOCK04/SES043/SA043S23	SES177	-2.58398	17.021	19.605
BLOCK04/SES043/SA043S23	SES275	-2.19706	17.4079	19.605
BLOCK04/SES043/SA043S26	SES083	-3.20803	16.3882	19.5962
BLOCK04/SES043/SA043S26	SES101	-3.13522	16.461	19.5962
BLOCK04/SES043/SA043S26	SES144	-1.42775	18.1684	19.5962
BLOCK04/SES043/SA043S26	SES177	-2.80906	16.7871	19.5962
BLOCK04/SES043/SA043S28	SES016	-3.83434	16.6118	20.4461
BLOCK04/SES043/SA043S28	SES083	-2.52402	17.9221	20.4461
BLOCK04/SES043/SA043S28	SES101	-2.12569	18.3204	20.4461
BLOCK04/SES043/SA043S28	SES144	-2.18393	18.2622	20.4461
BLOCK04/SES044/SA044S10	SES127	-4.80786	11.3537	16.1615
BLOCK04/SES044/SA044S10	SES144	-2.17896	13.9826	16.1615
BLOCK04/SES044/SA044S10	SES147	-4.33126	11.8303	16.1615
BLOCK04/SES044/SA044S10	SES148	-3.80081	12.3607	16.1615
BLOCK04/SES044/SA044S11	SES101	-2.38238	15.5279	17.9103
BLOCK04/SES044/SA044S11	SES144	-1.83309	16.0772	17.9103
BLOCK04/SES044/SA044S11	SES147	-3.61635	14.294	17.9103
BLOCK04/SES044/SA044S11	SES177	-3.92431	13.986	17.9103
BLOCK04/SES044/SA044S24	SES007	-3.4533	15.5876	19.0409
BLOCK04/SES044/SA044S24	SES101	-2.61826	16.4226	19.0409
BLOCK04/SES044/SA044S24	SES147	-4.08346	14.9574	19.0409
BLOCK04/SES044/SA044S24	SES177	-3.47803	15.5629	19.0409
BLOCK04/SES044/SA044S26	SES007	-2.98947	14.8706	17.8601
BLOCK04/SES044/SA044S26	SES016	-2.86491	14.9952	17.8601
BLOCK04/SES044/SA044S26	SES101	-2.41968	15.4404	17.8601
BLOCK04/SES044/SA044S26	SES147	-2.75365	15.1065	17.8601
BLOCK04/SES044/SA044S29	SES007	-4.59062	14.3179	18.9085
BLOCK04/SES044/SA044S29	SES101	-2.83484	16.0737	18.9085
BLOCK04/SES044/SA044S29	SES147	-3.42884	15.4797	18.9085
BLOCK04/SES044/SA044S29	SES177	-4.33672	14.5718	18.9085
BLOCK04/SES046/SA046S13	SES101	-2.36374	16.0305	18.3943
BLOCK04/SES046/SA046S13	SES144	-2.23726	16.157	18.3943
BLOCK04/SES046/SA046S13	SES147	-3.17346	15.2208	18.3943
BLOCK04/SES046/SA046S13	SES177	-2.63941	15.7548	18.3943
BLOCK04/SES046/SA046S15	SES048	-2.3002	17.5803	19.8805
BLOCK04/SES046/SA046S15	SES083	-2.76447	17.116	19.8805
BLOCK04/SES046/SA046S15	SES120	-4.71045	15.17	19.8805
BLOCK04/SES046/SA046S15	SES148	-3.25548	16.625	19.8805
BLOCK04/SES046/SA046S22	SES101	-2.65531	16.0009	18.6562
BLOCK04/SES046/SA046S22	SES144	-2.39066	16.2656	18.6562
BLOCK04/SES046/SA046S22	SES147	-3.94529	14.7109	18.6562
BLOCK04/SES046/SA046S22	SES172	-3.1581	15.4981	18.6562
BLOCK04/SES046/SA046S25	SES083	-4.13757	13.5533	17.6908
BLOCK04/SES046/SA046S25	SES127	-3.70345	13.9874	17.6908
BLOCK04/SES046/SA046S25	SES144	-3.97886	13.712	17.6908
BLOCK04/SES046/SA046S25	SES148	-3.54581	14.145	17.6908
BLOCK04/SES046/SA046S28	SES007	-3.71754	15.6441	19.3616
BLOCK04/SES046/SA046S28	SES105	-3.69924	15.6623	19.3616
BLOCK04/SES046/SA046S28	SES147	-2.66393	16.6977	19.3616
BLOCK04/SES046/SA046S28	SES148	-2.21975	17.1418	19.3616
BLOCK04/SES049/SA049S16	SES104	-5.07669	13.5678	18.6445
BLOCK04/SES049/SA049S16	SES106	-3.04396	15.6005	18.6445
BLOCK04/SES049/SA049S16	SES120	-3.53149	15.113	18.6445
BLOCK04/SES049/SA049S16	SES206	-3.29797	15.3465	18.6445
BLOCK04/SES049/SA049S18	SES099	-3.05895	15.1817	18.2407
BLOCK04/SES049/SA049S18	SES104	-5.90573	12.3349	18.2407
BLOCK04/SES049/SA049S18	SES125	-3.73267	14.508	18.2407
BLOCK04/SES049/SA049S18	SES206	-3.36448	14.8762	18.2407
BLOCK04/SES049/SA049S25	SES087	-3.14222	16.2441	19.3864
BLOCK04/SES049/SA049S25	SES104	-1.90422	17.4821	19.3864
BLOCK04/SES049/SA049S25	SES125	-2.83067	16.5557	19.3864
BLOCK04/SES049/SA049S25	SES206	-0.757227	18.6291	19.3864
BLOCK04/SES049/SA049S27	SES099	-2.21963	16.4189	18.6386
BLOCK04/SES049/SA049S27	SES104	-3.31701	15.3216	18.6386
BLOCK04/SES049/SA049S27	SES125	-3.39613	15.2424	18.6386
BLOCK04/SES049/SA049S27	SES206	-3.51717	15.1214	18.6386
BLOCK04/SES049/SA049S29	SES099	-2.45007	17.5605	20.0106
BLOCK04/SES049/SA049S29	SES104	-2.21022	17.8004	20.0106
BLOCK04/SES049/SA049S29	SES125	-2.88301	17.1276	20.0106
BLOCK04/SES049/SA049S29	SES206	-1.87949	18.1311	20.0106
BLOCK06/SES063/SA063S09	SES068	-2.42095	18.9432	21.3641
BLOCK06/SES063/SA063S09	SES083	-1.9036	19.4605	21.3641
BLOCK06/SES063/SA063S09	SES177	-2.12502	19.2391	21.3641
BLOCK06/SES063/SA063S09	SES187	-1.46874	19.8954	21.3641
BLOCK06/SES063/SA063S10	SES068	-3.51004	16.6232	20.1333
BLOCK06/SES063/SA063S10	SES083	-2.43244	17.7008	20.1333
BLOCK06/SES063/SA063S10	SES172	-1.91476	18.2185	20.1333
BLOCK06/SES063/SA063S10	SES187	-2.20402	17.9293	20.1333
BLOCK06/SES063/SA063S20	SES068	-4.04931	15.4007	19.45
BLOCK06/SES063/SA063S20	SES083	-3.11229	16.3377	19.45
BLOCK06/SES063/SA063S20	SES172	-2.00029	17.4497	19.45
BLOCK06/SES063/SA063S20	SES187	-1.93103	17.519	19.45
BLOCK06/SES063/SA063S24	SES029	-5.2056	14.9636	20.1692
BLOCK06/SES063/SA063S24	SES083	-2.74279	17.4264	20.1692
BLOCK06/SES063/SA063S24	SES177	-2.02392	18.1453	20.1692
BLOCK06/SES063/SA063S24	SES189	-1.8728	18.2964	20.1692
BLOCK06/SES063/SA063S27	SES083	-2.42236	16.7853	19.2076
BLOCK06/SES063/SA063S27	SES172	-2.7661	16.4415	19.2076
BLOCK06/SES063/SA063S27	SES187	-2.25752	16.9501	19.2076
BLOCK06/SES063/SA063S27	SES292	-3.09534	16.1123	19.2076
BLOCK06/SES067/SA067S12	SES083	-3.77947	16.5953	20.3748
BLOCK06/SES067/SA067S12	SES172	-3.63502	16.7398	20.3748
BLOCK06/SES067/SA067S12	SES202	-2.36698	18.0078	20.3748
BLOCK06/SES067/SA067S12	SES292	-3.56157	16.8132	20.3748
BLOCK06/SES067/SA067S14	SES085	-2.9257	18.5612	21.4869
BLOCK06/SES067/SA067S14	SES177	-3.19975	18.2871	21.4869
BLOCK06/SES067/SA067S14	SES183	-1.80712	19.6798	21.4869
BLOCK06/SES067/SA067S14	SES202	-2.16694	19.3199	21.4869
BLOCK06/SES067/SA067S21	SES144	-2.5675	17.1696	19.7371
BLOCK06/SES067/SA067S21	SES177	-2.22298	17.5141	19.7371
BLOCK06/SES067/SA067S21	SES183	-1.61853	18.1185	19.7371
BLOCK06/SES067/SA067S21	SES189	-1.58529	18.1518	19.7371
BLOCK06/SES067/SA067S25	SES085	-2.09024	17.268	19.3583
BLOCK06/SES067/SA067S25	SES177	-2.68789	16.6704	19.3583
BLOCK06/SES067/SA067S25	SES183	-2.03232	17.3259	19.3583
BLOCK06/SES067/SA067S25	SES202	-2.50395	16.8543	19.3583
BLOCK06/SES067/SA067S29	SES085	-2.66622	17.7847	20.4509
BLOCK06/SES067/SA067S29	SES177	-4.13276	16.3182	20.4509
BLOCK06/SES067/SA067S29	SES183	-1.56288	18.8881	20.4509
BLOCK06/SES067/SA067S29	SES202	-1.81035	18.6406	20.4509
BLOCK06/SES069/SA069S12	SES029	-4.53977	15.8982	20.438
BLOCK06/SES069/SA069S12	SES082	-1.85365	18.5844	20.438
BLOCK06/SES069/SA069S12	SES087	-3.55956	16.8785	20.438
BLOCK06/SES069/SA069S12	SES206	-2.31397	18.124	20.438
BLOCK06/SES069/SA069S13	SES029	-5.74792	14.844	20.5919
BLOCK06/SES069/SA069S13	SES087	-3.47411	17.1178	20.5919
BLOCK06/SES069/SA069S13	SES206	-2.47982	18.1121	20.5919
BLOCK06/SES069/SA069S13	SES226	-2.62469	17.9672	20.5919
BLOCK06/SES069/SA069S23	SES029	-2.56859	19.693	22.2615
BLOCK06/SES069/SA069S23	SES087	-1.60042	20.6611	22.2615
BLOCK06/SES069/SA069S23	SES206	-2.88921	19.3723	22.2615
BLOCK06/SES069/SA069S23	SES226	-2.05513	20.2064	22.2615
BLOCK06/SES069/SA069S25	SES087	-3.19491	17.8543	21.0492
BLOCK06/SES069/SA069S25	SES206	-4.73453	16.3147	21.0492
BLOCK06/SES069/SA069S25	SES226	-2.5417	18.5075	21.0492
BLOCK06/SES069/SA069S25	SES270	-3.2906	17.7586	21.0492
BLOCK06/SES069/SA069S27	SES087	-3.9852	16.8911	20.8763
BLOCK06/SES069/SA069S27	SES206	-2.24101	18.6353	20.8763
BLOCK06/SES069/SA069S27	SES226	-1.19962	19.6766	20.8763
BLOCK06/SES069/SA069S27	SES270	-2.88309	17.9932	20.8763
BLOCK08/SES081/SA081S11	SES060	-3.74823	15.2495	18.9978
BLOCK08/SES081/SA081S11	SES062	-4.48489	14.5129	18.9978
BLOCK08/SES081/SA081S11	SES117	-4.82341	14.1743	18.9978
BLOCK08/SES081/SA081S11	SES162	-3.58643	15.4113	18.9978
BLOCK08/SES081/SA081S13	SES016	-2.54158	17.9135	20.4551
BLOCK08/SES081/SA081S13	SES060	-0.953342	19.5017	20.4551
BLOCK08/SES081/SA081S13	SES068	-2.28936	18.1657	20.4551
BLOCK08/SES081/SA081S13	SES129	-3.52328	16.9318	20.4551
BLOCK08/SES081/SA081S24	SES060	-2.0411	17.4632	19.5043
BLOCK08/SES081/SA081S24	SES068	-3.00556	16.4988	19.5043
BLOCK08/SES081/SA081S24	SES117	-3.92215	15.5822	19.5043
BLOCK08/SES081/SA081S24	SES275	-3.29797	16.2064	19.5043
BLOCK08/SES081/SA081S27	SES007	-2.03446	16.4938	18.5282
BLOCK08/SES081/SA081S27	SES060	-3.47806	15.0502	18.5282
BLOCK08/SES081/SA081S27	SES117	-2.4921	16.0361	18.5282
BLOCK08/SES081/SA081S27	SES275	-3.14672	15.3815	18.5282
BLOCK08/SES081/SA081S29	SES007	-1.94493	18.4218	20.3668
BLOCK08/SES081/SA081S29	SES060	-2.31412	18.0527	20.3668
BLOCK08/SES081/SA081S29	SES117	-3.15171	17.2151	20.3668
BLOCK08/SES081/SA081S29	SES275	-3.20436	17.1624	20.3668
BLOCK08/SES086/SA086S11	SES029	-6.34165	13.0113	19.353
BLOCK08/SES086/SA086S11	SES082	-3.6903	15.6627	19.353
BLOCK08/SES086/SA086S11	SES087	-2.31536	17.0376	19.353
BLOCK08/SES086/SA086S11	SES206	-3.58068	15.7723	19.353
BLOCK08/SES086/SA086S12	SES029	-4.42596	16.0256	20.4516
BLOCK08/SES086/SA086S12	SES082	-4.15777	16.2938	20.4516
BLOCK08/SES086/SA086S12	SES087	-1.86511	18.5865	20.4516
BLOCK08/SES086/SA086S12	SES206	-3.36452	17.087	20.4516
BLOCK08/SES086/SA086S20	SES029	-5.54308	15.1273	20.6704
BLOCK08/SES086/SA086S20	SES082	-4.87556	15.7948	20.6704
BLOCK08/SES086/SA086S20	SES087	-1.151	19.5194	20.6704
BLOCK08/SES086/SA086S20	SES206	-2.17185	18.4985	20.6704
BLOCK08/SES086/SA086S24	SES087	-1.60838	18.2034	19.8118
BLOCK08/SES086/SA086S24	SES104	-3.84158	15.9702	19.8118
BLOCK08/SES086/SA086S24	SES120	-4.39853	15.4133	19.8118
BLOCK08/SES086/SA086S24	SES206	-1.47753	18.3343	19.8118
BLOCK08/SES086/SA086S28	SES029	-4.45261	15.508	19.9607
BLOCK08/SES086/SA086S28	SES082	-3.82823	16.1324	19.9607
BLOCK08/SES086/SA086S28	SES087	-1.95707	18.0036	19.9607
BLOCK08/SES086/SA086S28	SES206	-2.02545	17.9352	19.9607
BLOCK08/SES089/SA089S13	SES087	-3.22215	15.4207	18.6429
BLOCK08/SES089/SA089S13	SES206	-3.42363	15.2193	18.6429
BLOCK08/SES089/SA089S13	SES226	-2.95621	15.6867	18.6429
BLOCK08/SES089/SA089S13	SES270	-4.82649	13.8164	18.6429
BLOCK08/SES089/SA089S14	SES062	-4.30396	15.5928	19.8967
BLOCK08/SES089/SA089S14	SES087	-2.1749	17.7218	19.8967
BLOCK08/SES089/SA089S14	SES206	-2.89257	17.0042	19.8967
BLOCK08/SES089/SA089S14	SES226	-3.00321	16.8935	19.8967
BLOCK08/SES089/SA089S23	SES087	-3.53055	13.8552	17.3857
BLOCK08/SES089/SA089S23	SES206	-3.8666	13.5191	17.3857
BLOCK08/SES089/SA089S23	SES226	-3.96062	13.4251	17.3857
BLOCK08/SES089/SA089S23	SES270	-4.37767	13.0081	17.3857
BLOCK08/SES089/SA089S25	SES062	-4.02314	15.2136	19.2367
BLOCK08/SES089/SA089S25	SES087	-2.1278	17.1089	19.2367
BLOCK08/SES089/SA089S25	SES206	-4.68771	14.549	19.2367
BLOCK08/SES089/SA089S25	SES226	-2.59174	16.645	19.2367
BLOCK08/SES089/SA089S28	SES062	-2.91004	16.3216	19.2316
BLOCK08/SES089/SA089S28	SES087	-1.86542	17.3662	19.2316
BLOCK08/SES089/SA089S28	SES206	-2.23133	17.0003	19.2316
BLOCK08/SES089/SA089S28	SES226	-1.92552	17.3061	19.2316
BLOCK09/SES097/SA097S11	SES099	-1.01604	17.6828	18.6989
BLOCK09/SES097/SA097S11	SES125	-3.79919	14.8997	18.6989
BLOCK09/SES097/SA097S11	SES206	-2.42918	16.2697	18.6989
BLOCK09/SES097/SA097S11	SES226	-1.70915	16.9897	18.6989
BLOCK09/SES097/SA097S14	SES062	-3.32374	14.5127	17.8364
BLOCK09/SES097/SA097S14	SES099	-2.17779	15.6586	17.8364
BLOCK09/SES097/SA097S14	SES104	-4.52173	13.3147	17.8364
BLOCK09/SES097/SA097S14	SES206	-3.77153	14.0649	17.8364
BLOCK09/SES097/SA097S22	SES099	-0.628969	18.0927	18.7217
BLOCK09/SES097/SA097S22	SES206	-3.09577	15.6259	18.7217
BLOCK09/SES097/SA097S22	SES226	-3.1099	15.6118	18.7217
BLOCK09/SES097/SA097S22	SES270	-1.51594	17.2057	18.7217
BLOCK09/SES097/SA097S26	SES099	-1.78824	17.6402	19.4285
BLOCK09/SES097/SA097S26	SES120	-3.76356	15.6649	19.4285
BLOCK09/SES097/SA097S26	SES206	-3.25223	16.1762	19.4285
BLOCK09/SES097/SA097S26	SES226	-4.1722	15.2563	19.4285
BLOCK09/SES097/SA097S28	SES099	-2.40068	16.4574	18.8581
BLOCK09/SES097/SA097S28	SES120	-2.96127	15.8968	18.8581
BLOCK09/SES097/SA097S28	SES206	-4.41689	14.4412	18.8581
BLOCK09/SES097/SA097S28	SES226	-4.76816	14.0899	18.8581
BLOCK09/SES098/SA098S11	SES127	-3.88675	14.3071	18.1938
BLOCK09/SES098/SA098S11	SES144	-3.00235	15.1915	18.1938
BLOCK09/SES098/SA098S11	SES147	-2.44372	15.7501	18.1938
BLOCK09/SES098/SA098S11	SES148	-4.59184	13.602	18.1938
BLOCK09/SES098/SA098S12	SES127	-4.34989	12.0919	16.4418
BLOCK09/SES098/SA098S12	SES144	-4.0991	12.3427	16.4418
BLOCK09/SES098/SA098S12	SES147	-2.84838	13.5934	16.4418
BLOCK09/SES098/SA098S12	SES189	-2.77116	13.6707	16.4418
BLOCK09/SES098/SA098S20	SES127	-4.15831	14.1558	18.3141
BLOCK09/SES098/SA098S20	SES147	-2.32981	15.9843	18.3141
BLOCK09/SES098/SA098S20	SES148	-3.83971	14.4744	18.3141
BLOCK09/SES098/SA098S20	SES292	-2.62766	15.6865	18.3141
BLOCK09/SES098/SA098S23	SES127	-2.85767	16.0386	18.8962
BLOCK09/SES098/SA098S23	SES147	-1.83883	17.0574	18.8962
BLOCK09/SES098/SA098S23	SES187	-2.60447	16.2918	18.8962
BLOCK09/SES098/SA098S23	SES292	-2.5813	16.3149	18.8962
BLOCK09/SES098/SA098S27	SES127	-4.5921	13.5563	18.1484
BLOCK09/SES098/SA098S27	SES147	-4.08495	14.0634	18.1484
BLOCK09/SES098/SA098S27	SES148	-4.12115	14.0272	18.1484
BLOCK09/SES098/SA098S27	SES292	-2.92186	15.2265	18.1484
BLOCK10/SES102/SA102S13	SES101	-1.57789	16.457	18.0349
BLOCK10/SES102/SA102S13	SES105	-2.72816	15.3068	18.0349
BLOCK10/SES102/SA102S13	SES120	-4.1274	13.9075	18.0349
BLOCK10/SES102/SA102S13	SES158	-5.1542	12.8807	18.0349
BLOCK10/SES102/SA102S14	SES007	-2.10895	17.6579	19.7669
BLOCK10/SES102/SA102S14	SES101	-1.221	18.5459	19.7669
BLOCK10/SES102/SA102S14	SES105	-1.7194	18.0475	19.7669
BLOCK10/SES102/SA102S14	SES147	-5.02003	14.7468	19.7669
BLOCK10/SES102/SA102S22	SES007	-2.5908	17.3866	19.9774
BLOCK10/SES102/SA102S22	SES101	-1.25366	18.7237	19.9774
BLOCK10/SES102/SA102S22	SES105	-1.61068	18.3667	19.9774
BLOCK10/SES102/SA102S22	SES158	-4.11401	15.8633	19.9774
BLOCK10/SES102/SA102S25	SES007	-1.79935	18.6383	20.4377
BLOCK10/SES102/SA102S25	SES101	-1.28757	19.1501	20.4377
BLOCK10/SES102/SA102S25	SES105	-2.54896	17.8887	20.4377
BLOCK10/SES102/SA102S25	SES147	-4.85864	15.579	20.4377
BLOCK10/SES102/SA102S27	SES007	-2.53409	16.5298	19.0639
BLOCK10/SES102/SA102S27	SES101	-1.18684	17.877	19.0639
BLOCK10/SES102/SA102S27	SES105	-2.3795	16.6844	19.0639
BLOCK10/SES102/SA102S27	SES147	-4.4431	14.6208	19.0639
BLOCK10/SES103/SA103S14	SES105	-4.67402	13.43	18.104
BLOCK10/SES103/SA103S14	SES106	-2.6821	15.4219	18.104
BLOCK10/SES103/SA103S14	SES120	-4.32074	13.7833	18.104
BLOCK10/SES103/SA103S14	SES206	-4.91499	13.189	18.104
BLOCK10/SES103/SA103S15	SES099	-4.04921	12.2315	16.2807
BLOCK10/SES103/SA103S15	SES101	-6.71601	9.56466	16.2807
BLOCK10/SES103/SA103S15	SES104	-4.84893	11.4317	16.2807
BLOCK10/SES103/SA103S15	SES125	-3.76796	12.5127	16.2807
BLOCK10/SES103/SA103S24	SES104	-4.33819	14.491	18.8292
BLOCK10/SES103/SA103S24	SES125	-4.13178	14.6974	18.8292
BLOCK10/SES103/SA103S24	SES148	-5.39746	13.4317	18.8292
BLOCK10/SES103/SA103S24	SES158	-2.89263	15.9366	18.8292
BLOCK10/SES103/SA103S26	SES104	-4.99848	12.5872	17.5857
BLOCK10/SES103/SA103S26	SES106	-2.75758	14.8281	17.5857
BLOCK10/SES103/SA103S26	SES125	-3.88575	13.7	17.5857
BLOCK10/SES103/SA103S26	SES148	-6.22425	11.3615	17.5857
BLOCK10/SES103/SA103S28	SES104	-5.46524	10.8338	16.299
BLOCK10/SES103/SA103S28	SES106	-2.86936	13.4297	16.299
BLOCK10/SES103/SA103S28	SES125	-5.30828	10.9908	16.299
BLOCK10/SES103/SA103S28	SES206	-5.77584	10.5232	16.299
BLOCK12/SES121/SA121S12	SES042	-5.41927	10.2481	15.6674
BLOCK12/SES121/SA121S12	SES087	-4.40475	11.2626	15.6674
BLOCK12/SES121/SA121S12	SES105	-1.86476	13.8026	15.6674
BLOCK12/SES121/SA121S12	SES206	-3.59836	12.069	15.6674
BLOCK12/SES121/SA121S14	SES007	-3.58216	12.8761	16.4583
BLOCK12/SES121/SA121S14	SES105	-3.42715	13.0311	16.4583
BLOCK12/SES121/SA121S14	SES106	-3.33594	13.1224	16.4583
BLOCK12/SES121/SA121S14	SES206	-4.22054	12.2378	16.4583
BLOCK12/SES121/SA121S23	SES105	-3.21324	12.9311	16.1443
BLOCK12/SES121/SA121S23	SES106	-2.75343	13.3909	16.1443
BLOCK12/SES121/SA121S23	SES120	-3.32867	12.8157	16.1443
BLOCK12/SES121/SA121S23	SES206	-3.23789	12.9064	16.1443
BLOCK12/SES121/SA121S25	SES007	-3.175	11.3692	14.5443
BLOCK12/SES121/SA121S25	SES105	-3.67192	10.8723	14.5443
BLOCK12/SES121/SA121S25	SES106	-3.62358	10.9207	14.5443
BLOCK12/SES121/SA121S25	SES206	-3.58207	10.9622	14.5443
BLOCK12/SES121/SA121S27	SES087	-2.73379	14.4412	17.175
BLOCK12/SES121/SA121S27	SES105	-4.96175	12.2132	17.175
BLOCK12/SES121/SA121S27	SES120	-2.4429	14.7321	17.175
BLOCK12/SES121/SA121S27	SES206	-2.85112	14.3238	17.175
BLOCK12/SES124/SA124S16	SES042	-2.34097	16.1045	18.4454
BLOCK12/SES124/SA124S16	SES082	-3.5484	14.897	18.4454
BLOCK12/SES124/SA124S16	SES183	-4.7526	13.6928	18.4454
BLOCK12/SES124/SA124S16	SES206	-3.56514	14.8803	18.4454
BLOCK12/SES124/SA124S17	SES105	-4.5831	12.2436	16.8267
BLOCK12/SES124/SA124S17	SES149	-6.22941	10.5973	16.8267
BLOCK12/SES124/SA124S17	SES158	-4.9638	11.8629	16.8267
BLOCK12/SES124/SA124S17	SES275	-3.14692	13.6798	16.8267
BLOCK12/SES124/SA124S23	SES105	-4.38096	15.4799	19.8609
BLOCK12/SES124/SA124S23	SES125	-1.8395	18.0214	19.8609
BLOCK12/SES124/SA124S23	SES129	-4.94344	14.9175	19.8609
BLOCK12/SES124/SA124S23	SES158	-2.28619	17.5747	19.8609
BLOCK12/SES124/SA124S26	SES105	-5.32967	13.6127	18.9423
BLOCK12/SES124/SA124S26	SES125	-2.94729	15.995	18.9423
BLOCK12/SES124/SA124S26	SES129	-5.22641	13.7159	18.9423
BLOCK12/SES124/SA124S26	SES158	-2.7951	16.1472	18.9423
BLOCK12/SES124/SA124S28	SES104	-3.27293	16.1718	19.4447
BLOCK12/SES124/SA124S28	SES106	-2.4253	17.0194	19.4447
BLOCK12/SES124/SA124S28	SES125	-1.79933	17.6454	19.4447
BLOCK12/SES124/SA124S28	SES275	-4.60513	14.8396	19.4447
BLOCK12/SES126/SA126S13	SES007	-3.12371	15.6347	18.7584
BLOCK12/SES126/SA126S13	SES162	-3.16111	15.5973	18.7584
BLOCK12/SES126/SA126S13	SES177	-2.22717	16.5312	18.7584
BLOCK12/SES126/SA126S13	SES180	-3.29378	15.4646	18.7584
BLOCK12/SES126/SA126S14	SES144	-2.9211	17.2774	20.1985
BLOCK12/SES126/SA126S14	SES148	-3.22822	16.9703	20.1985
BLOCK12/SES126/SA126S14	SES177	-1.64287	18.5557	20.1985
BLOCK12/SES126/SA126S14	SES180	-3.87482	16.3237	20.1985
BLOCK12/SES126/SA126S20	SES007	-2.31364	16.9496	19.2633
BLOCK12/SES126/SA126S20	SES162	-3.17052	16.0927	19.2633
BLOCK12/SES126/SA126S20	SES172	-3.26674	15.9965	19.2633
BLOCK12/SES126/SA126S20	SES180	-3.18272	16.0805	19.2633
BLOCK12/SES126/SA126S24	SES120	-1.20012	18.6632	19.8633
BLOCK12/SES126/SA126S24	SES162	-2.38798	17.4753	19.8633
BLOCK12/SES126/SA126S24	SES177	-1.33303	18.5303	19.8633
BLOCK12/SES126/SA126S24	SES180	-2.27537	17.5879	19.8633
BLOCK12/SES126/SA126S26	SES120	-1.95769	16.6435	18.6012
BLOCK12/SES126/SA126S26	SES177	-1.93486	16.6663	18.6012
BLOCK12/SES126/SA126S26	SES180	-2.74259	15.8586	18.6012
BLOCK12/SES126/SA126S26	SES202	-3.66474	14.9364	18.6012
BLOCK12/SES128/SA128S10	SES087	-5.67285	13.5461	19.219
BLOCK12/SES128/SA128S10	SES206	-3.10304	16.1159	19.219
BLOCK12/SES128/SA128S10	SES226	-2.70689	16.5121	19.219
BLOCK12/SES128/SA128S10	SES270	-2.82485	16.3941	19.219
BLOCK12/SES128/SA128S12	SES120	-3.24764	15.4246	18.6722
BLOCK12/SES128/SA128S12	SES158	-3.92047	14.7518	18.6722
BLOCK12/SES128/SA128S12	SES206	-3.65913	15.0131	18.6722
BLOCK12/SES128/SA128S12	SES226	-3.70522	14.967	18.6722
BLOCK12/SES128/SA128S21	SES106	-5.30055	12.2988	17.5993
BLOCK12/SES128/SA128S21	SES120	-4.79394	12.8054	17.5993
BLOCK12/SES128/SA128S21	SES206	-3.8906	13.7087	17.5993
BLOCK12/SES128/SA128S21	SES226	-3.31385	14.2855	17.5993
BLOCK12/SES128/SA128S24	SES087	-4.20038	14.1864	18.3868
BLOCK12/SES128/SA128S24	SES120	-2.70087	15.6859	18.3868
BLOCK12/SES128/SA128S24	SES206	-2.72482	15.6619	18.3868
BLOCK12/SES128/SA128S24	SES226	-3.43839	14.9484	18.3868
BLOCK12/SES128/SA128S27	SES099	-2.8939	17.0691	19.963
BLOCK12/SES128/SA128S27	SES120	-2.5843	17.3787	19.963
BLOCK12/SES128/SA128S27	SES206	-3.06404	16.8989	19.963
BLOCK12/SES128/SA128S27	SES226	-3.09656	16.8664	19.963
BLOCK13/SES130/SA130S13	SES143	-2.62472	16.1707	18.7954
BLOCK13/SES130/SA130S13	SES144	-2.09147	16.7039	18.7954
BLOCK13/SES130/SA130S13	SES146	-2.34525	16.4501	18.7954
BLOCK13/SES130/SA130S13	SES275	-3.70515	15.0902	18.7954
BLOCK13/SES130/SA130S15	SES143	-3.24092	16.7528	19.9937
BLOCK13/SES130/SA130S15	SES144	-1.4481	18.5456	19.9937
BLOCK13/SES130/SA130S15	SES146	-2.16376	17.83	19.9937
BLOCK13/SES130/SA130S15	SES275	-2.76174	17.232	19.9937
BLOCK13/SES130/SA130S23	SES127	-3.93908	14.0069	17.946
BLOCK13/SES130/SA130S23	SES144	-2.81622	15.1298	17.946
BLOCK13/SES130/SA130S23	SES146	-2.25759	15.6884	17.946
BLOCK13/SES130/SA130S23	SES162	-2.62164	15.3244	17.946
BLOCK13/SES130/SA130S25	SES127	-2.28704	17.312	19.599
BLOCK13/SES130/SA130S25	SES144	-1.89403	17.705	19.599
BLOCK13/SES130/SA130S25	SES146	-1.49467	18.1043	19.599
BLOCK13/SES130/SA130S25	SES275	-1.46844	18.1306	19.599
BLOCK13/SES130/SA130S28	SES127	-2.62183	16.3721	18.994
BLOCK13/SES130/SA130S28	SES144	-2.27611	16.7179	18.994
BLOCK13/SES130/SA130S28	SES146	-2.17093	16.823	18.994
BLOCK13/SES130/SA130S28	SES275	-1.46729	17.5267	18.994
BLOCK13/SES131/SA131S13	SES002	-3.72293	12.9259	16.6488
BLOCK13/SES131/SA131S13	SES007	-4.25677	12.392	16.6488
BLOCK13/SES131/SA131S13	SES099	-3.86881	12.78	16.6488
BLOCK13/SES131/SA131S13	SES105	-4.32751	12.3213	16.6488
BLOCK13/SES131/SA131S14	SES104	-3.03788	15.0422	18.0801
BLOCK13/SES131/SA131S14	SES106	-3.14278	14.9373	18.0801
BLOCK13/SES131/SA131S14	SES125	-4.12876	13.9513	18.0801
BLOCK13/SES131/SA131S14	SES148	-4.0602	14.0199	18.0801
BLOCK13/SES131/SA131S20	SES104	-6.82168	9.48439	16.3061
BLOCK13/SES131/SA131S20	SES106	-3.78646	12.5196	16.3061
BLOCK13/SES131/SA131S20	SES125	-5.73225	10.5738	16.3061
BLOCK13/SES131/SA131S20	SES148	-3.9125	12.3936	16.3061
BLOCK13/SES131/SA131S22	SES099	-4.30161	13.8248	18.1265
BLOCK13/SES131/SA131S22	SES104	-4.50257	13.6239	18.1265
BLOCK13/SES131/SA131S22	SES125	-4.22831	13.8981	18.1265
BLOCK13/SES131/SA131S22	SES206	-4.2262	13.9003	18.1265
BLOCK13/SES131/SA131S29	SES087	-4.81807	11.8955	16.7136
BLOCK13/SES131/SA131S29	SES104	-5.81069	10.9029	16.7136
BLOCK13/SES131/SA131S29	SES125	-4.9931	11.7205	16.7136
BLOCK13/SES131/SA131S29	SES206	-4.72077	11.9928	16.7136
BLOCK13/SES132/SA132S11	SES083	-4.33557	15.4393	19.7749
BLOCK13/SES132/SA132S11	SES120	-1.57546	18.1994	19.7749
BLOCK13/SES132/SA132S11	SES127	-3.04457	16.7303	19.7749
BLOCK13/SES132/SA132S11	SES275	-2.52703	17.2479	19.7749
BLOCK13/SES132/SA132S12	SES083	-3.79494	16.6568	20.4517
BLOCK13/SES132/SA132S12	SES143	-2.93322	17.5185	20.4517
BLOCK13/SES132/SA132S12	SES144	-2.43033	18.0214	20.4517
BLOCK13/SES132/SA132S12	SES148	-2.19036	18.2613	20.4517
BLOCK13/SES132/SA132S22	SES062	-2.14639	17.4207	19.5671
BLOCK13/SES132/SA132S22	SES083	-3.12838	16.4387	19.5671
BLOCK13/SES132/SA132S22	SES127	-2.5145	17.0526	19.5671
BLOCK13/SES132/SA132S22	SES275	-1.68404	17.883	19.5671
BLOCK13/SES132/SA132S24	SES007	-2.29677	18.6241	20.9209
BLOCK13/SES132/SA132S24	SES083	-3.89425	17.0266	20.9209
BLOCK13/SES132/SA132S24	SES127	-3.18215	17.7387	20.9209
BLOCK13/SES132/SA132S24	SES275	-2.38902	18.5319	20.9209
BLOCK13/SES132/SA132S27	SES083	-4.30307	14.8958	19.1989
BLOCK13/SES132/SA132S27	SES120	-1.28147	17.9174	19.1989
BLOCK13/SES132/SA132S27	SES127	-3.50619	15.6927	19.1989
BLOCK13/SES132/SA132S27	SES275	-3.19126	16.0076	19.1989
BLOCK14/SES141/SA141S09	SES143	-2.34539	17.1603	19.5057
BLOCK14/SES141/SA141S09	SES144	-1.56107	17.9447	19.5057
BLOCK14/SES141/SA141S09	SES162	-2.71295	16.7928	19.5057
BLOCK14/SES141/SA141S09	SES180	-2.82766	16.6781	19.5057
BLOCK14/SES141/SA141S15	SES127	-3.22645	16.23	19.4565
BLOCK14/SES141/SA141S15	SES144	-2.98811	16.4683	19.4565
BLOCK14/SES141/SA141S15	SES162	-2.88342	16.573	19.4565
BLOCK14/SES141/SA141S15	SES180	-3.20037	16.2561	19.4565
BLOCK14/SES141/SA141S24	SES127	-2.68367	16.9978	19.6815
BLOCK14/SES141/SA141S24	SES144	-3.07327	16.6082	19.6815
BLOCK14/SES141/SA141S24	SES162	-2.20866	17.4728	19.6815
BLOCK14/SES141/SA141S24	SES183	-2.9726	16.7089	19.6815
BLOCK14/SES141/SA141S26	SES142	-2.59122	17.0155	19.6068
BLOCK14/SES141/SA141S26	SES144	-2.92403	16.6827	19.6068
BLOCK14/SES141/SA141S26	SES172	-2.29659	17.3102	19.6068
BLOCK14/SES141/SA141S26	SES180	-2.86416	16.7426	19.6068
BLOCK14/SES141/SA141S29	SES127	-1.50702	18.0801	19.5872
BLOCK14/SES141/SA141S29	SES142	-1.6959	17.8913	19.5872
BLOCK14/SES141/SA141S29	SES144	-2.82106	16.7661	19.5872
BLOCK14/SES141/SA141S29	SES180	-2.46964	17.1175	19.5872
BLOCK15/SES157/SA157S08	SES083	-4.7225	14.9166	19.6391
BLOCK15/SES157/SA157S08	SES127	-3.193	16.4461	19.6391
BLOCK15/SES157/SA157S08	SES148	-3.06633	16.5728	19.6391
BLOCK15/SES157/SA157S08	SES292	-3.95787	15.6812	19.6391
BLOCK15/SES157/SA157S11	SES083	-3.75564	16.0656	19.8213
BLOCK15/SES157/SA157S11	SES127	-2.95665	16.8646	19.8213
BLOCK15/SES157/SA157S11	SES148	-2.77131	17.05	19.8213
BLOCK15/SES157/SA157S11	SES292	-3.45679	16.3645	19.8213
BLOCK15/SES157/SA157S21	SES127	-2.5308	17.2074	19.7382
BLOCK15/SES157/SA157S21	SES148	-1.4939	18.2443	19.7382
BLOCK15/SES157/SA157S21	SES158	-7.00737	12.7308	19.7382
BLOCK15/SES157/SA157S21	SES292	-2.6333	17.1049	19.7382
BLOCK15/SES157/SA157S24	SES127	-2.65819	17.7064	20.3646
BLOCK15/SES157/SA157S24	SES148	-2.67422	17.6903	20.3646
BLOCK15/SES157/SA157S24	SES183	-3.25962	17.1049	20.3646
BLOCK15/SES157/SA157S24	SES292	-3.62348	16.7411	20.3646
BLOCK15/SES157/SA157S26	SES007	-1.71544	18.6589	20.3743
BLOCK15/SES157/SA157S26	SES127	-1.75341	18.6209	20.3743
BLOCK15/SES157/SA157S26	SES147	-3.11325	17.2611	20.3743
BLOCK15/SES157/SA157S26	SES148	-2.03227	18.3421	20.3743
BLOCK16/SES161/SA161S10	SES007	-3.28487	15.108	18.3929
BLOCK16/SES161/SA161S10	SES105	-2.8533	15.5396	18.3929
BLOCK16/SES161/SA161S10	SES158	-3.24704	15.1458	18.3929
BLOCK16/SES161/SA161S10	SES275	-2.88914	15.5037	18.3929
BLOCK16/SES161/SA161S12	SES007	-3.64083	13.8695	17.5104
BLOCK16/SES161/SA161S12	SES105	-4.54325	12.9671	17.5104
BLOCK16/SES161/SA161S12	SES158	-3.28241	14.2279	17.5104
BLOCK16/SES161/SA161S12	SES275	-3.20458	14.3058	17.5104
BLOCK16/SES161/SA161S20	SES007	-2.87477	14.2755	17.1503
BLOCK16/SES161/SA161S20	SES105	-3.88232	13.268	17.1503
BLOCK16/SES161/SA161S20	SES158	-3.55575	13.5946	17.1503
BLOCK16/SES161/SA161S20	SES275	-3.06063	14.0897	17.1503
BLOCK16/SES161/SA161S23	SES007	-4.31662	13.9668	18.2834
BLOCK16/SES161/SA161S23	SES105	-3.57904	14.7044	18.2834
BLOCK16/SES161/SA161S23	SES148	-3.56163	14.7218	18.2834
BLOCK16/SES161/SA161S23	SES158	-3.93601	14.3474	18.2834
BLOCK16/SES161/SA161S28	SES007	-3.84176	14.9667	18.8085
BLOCK16/SES161/SA161S28	SES105	-4.10409	14.7044	18.8085
BLOCK16/SES161/SA161S28	SES158	-3.02453	15.7839	18.8085
BLOCK16/SES161/SA161S28	SES206	-3.66693	15.1415	18.8085
BLOCK16/SES164/SA164S11	SES104	-4.00652	15.0752	19.0817
BLOCK16/SES164/SA164S11	SES125	-1.85357	17.2282	19.0817
BLOCK16/SES164/SA164S11	SES158	-1.51826	17.5635	19.0817
BLOCK16/SES164/SA164S11	SES206	-3.95306	15.1287	19.0817
BLOCK16/SES164/SA164S13	SES099	-3.06661	14.2626	17.3292
BLOCK16/SES164/SA164S13	SES104	-4.65473	12.6744	17.3292
BLOCK16/SES164/SA164S13	SES125	-3.82566	13.5035	17.3292
BLOCK16/SES164/SA164S13	SES206	-4.18824	13.1409	17.3292
BLOCK16/SES164/SA164S24	SES002	-1.97685	16.2977	18.2745
BLOCK16/SES164/SA164S24	SES099	-2.79272	15.4818	18.2745
BLOCK16/SES164/SA164S24	SES125	-3.30496	14.9696	18.2745
BLOCK16/SES164/SA164S24	SES226	-2.65717	15.6174	18.2745
BLOCK16/SES164/SA164S27	SES087	-4.23284	13.4586	17.6915
BLOCK16/SES164/SA164S27	SES125	-3.64382	14.0476	17.6915
BLOCK16/SES164/SA164S27	SES206	-3.83748	13.854	17.6915
BLOCK16/SES164/SA164S27	SES226	-2.18824	15.5032	17.6915
BLOCK16/SES164/SA164S29	SES002	-1.34122	15.7028	17.044
BLOCK16/SES164/SA164S29	SES019	-3.95522	13.0888	17.044
BLOCK16/SES164/SA164S29	SES125	-2.90573	14.1383	17.044
BLOCK16/SES164/SA164S29	SES226	-3.59359	13.4505	17.044
BLOCK16/SES169/SA169S13	SES117	-2.29091	16.8481	19.139
BLOCK16/SES169/SA169S13	SES144	-2.68518	16.4538	19.139
BLOCK16/SES169/SA169S13	SES146	-2.33108	16.8079	19.139
BLOCK16/SES169/SA169S13	SES162	-1.97545	17.1635	19.139
BLOCK16/SES169/SA169S14	SES144	-2.75099	16.6938	19.4448
BLOCK16/SES169/SA169S14	SES148	-3.08587	16.3589	19.4448
BLOCK16/SES169/SA169S14	SES177	-1.76806	17.6767	19.4448
BLOCK16/SES169/SA169S14	SES180	-3.4763	15.9685	19.4448
BLOCK16/SES169/SA169S24	SES117	-3.19902	14.9888	18.1878
BLOCK16/SES169/SA169S24	SES144	-2.14558	16.0423	18.1878
BLOCK16/SES169/SA169S24	SES146	-1.88165	16.3062	18.1878
BLOCK16/SES169/SA169S24	SES162	-2.59547	15.5924	18.1878
BLOCK16/SES169/SA169S27	SES127	-2.35066	16.2734	18.6241
BLOCK16/SES169/SA169S27	SES129	-2.99045	15.6336	18.6241
BLOCK16/SES169/SA169S27	SES144	-3.23003	15.3941	18.6241
BLOCK16/SES169/SA169S27	SES146	-1.40761	17.2165	18.6241
BLOCK16/SES169/SA169S29	SES144	-1.98558	17.4304	19.4159
BLOCK16/SES169/SA169S29	SES162	-1.55358	17.8624	19.4159
BLOCK16/SES169/SA169S29	SES177	-3.50633	15.9096	19.4159
BLOCK16/SES169/SA169S29	SES180	-1.96138	17.4546	19.4159
BLOCK17/SES171/SA171S12	SES083	-3.64762	15.416	19.0636
BLOCK17/SES171/SA171S12	SES148	-3.46084	15.6027	19.0636
BLOCK17/SES171/SA171S12	SES172	-3.21213	15.8514	19.0636
BLOCK17/SES171/SA171S12	SES292	-3.55626	15.5073	19.0636
BLOCK17/SES171/SA171S15	SES148	-3.3235	14.2429	17.5664
BLOCK17/SES171/SA171S15	SES177	-2.8006	14.7658	17.5664
BLOCK17/SES171/SA171S15	SES180	-4.97616	12.5903	17.5664
BLOCK17/SES171/SA171S15	SES292	-4.13852	13.4279	17.5664
BLOCK17/SES171/SA171S22	SES007	-2.99033	17.1266	20.1169
BLOCK17/SES171/SA171S22	SES148	-2.55467	17.5623	20.1169
BLOCK17/SES171/SA171S22	SES177	-1.78929	18.3276	20.1169
BLOCK17/SES171/SA171S22	SES180	-4.02258	16.0943	20.1169
BLOCK17/SES171/SA171S25	SES101	-3.85881	13.668	17.5268
BLOCK17/SES171/SA171S25	SES120	-3.65553	13.8712	17.5268
BLOCK17/SES171/SA171S25	SES177	-2.0933	15.4335	17.5268
BLOCK17/SES171/SA171S25	SES180	-3.73923	13.7875	17.5268
BLOCK17/SES171/SA171S27	SES177	-1.85443	17.1518	19.0062
BLOCK17/SES171/SA171S27	SES180	-4.3224	14.6838	19.0062
BLOCK17/SES171/SA171S27	SES189	-2.21867	16.7875	19.0062
BLOCK17/SES171/SA171S27	SES292	-3.14485	15.8613	19.0062
BLOCK17/SES173/SA173S13	SES162	-3.99577	14.9204	18.9161
BLOCK17/SES173/SA173S13	SES177	-2.38459	16.5315	18.9161
BLOCK17/SES173/SA173S13	SES180	-3.6826	15.2335	18.9161
BLOCK17/SES173/SA173S13	SES292	-2.2901	16.626	18.9161
BLOCK17/SES173/SA173S14	SES007	-3.24435	14.5052	17.7496
BLOCK17/SES173/SA173S14	SES162	-4.52294	13.2266	17.7496
BLOCK17/SES173/SA173S14	SES177	-2.63613	15.1134	17.7496
BLOCK17/SES173/SA173S14	SES180	-4.62203	13.1275	17.7496
BLOCK17/SES173/SA173S24	SES144	-3.39934	14.6181	18.0175
BLOCK17/SES173/SA173S24	SES162	-3.75307	14.2644	18.0175
BLOCK17/SES173/SA173S24	SES177	-2.21495	15.8025	18.0175
BLOCK17/SES173/SA173S24	SES180	-4.38037	13.6371	18.0175
BLOCK17/SES173/SA173S27	SES162	-5.41986	12.717	18.1368
BLOCK17/SES173/SA173S27	SES177	-3.15404	14.9828	18.1368
BLOCK17/SES173/SA173S27	SES180	-3.35566	14.7812	18.1368
BLOCK17/SES173/SA173S27	SES292	-2.01111	16.1257	18.1368
BLOCK17/SES173/SA173S29	SES162	-3.45246	15.2571	18.7096
BLOCK17/SES173/SA173S29	SES175	-2.38522	16.3244	18.7096
BLOCK17/SES173/SA173S29	SES177	-1.89155	16.818	18.7096
BLOCK17/SES173/SA173S29	SES292	-3.39772	15.3119	18.7096
BLOCK18/SES182/SA182S10	SES144	-2.23773	16.8669	19.1047
BLOCK18/SES182/SA182S10	SES177	-2.36316	16.7415	19.1047
BLOCK18/SES182/SA182S10	SES180	-4.21483	14.8898	19.1047
BLOCK18/SES182/SA182S10	SES275	-1.14019	17.9645	19.1047
BLOCK18/SES182/SA182S12	SES144	-1.80863	17.1259	18.9345
BLOCK18/SES182/SA182S12	SES177	-1.92651	17.008	18.9345
BLOCK18/SES182/SA182S12	SES180	-3.0615	15.873	18.9345
BLOCK18/SES182/SA182S12	SES275	-1.51616	17.4183	18.9345
BLOCK18/SES182/SA182S21	SES117	-2.42502	16.1413	18.5663
BLOCK18/SES182/SA182S21	SES144	-2.19697	16.3693	18.5663
BLOCK18/SES182/SA182S21	SES162	-2.06941	16.4969	18.5663
BLOCK18/SES182/SA182S21	SES180	-4.05936	14.507	18.5663
BLOCK18/SES182/SA182S23	SES117	-2.45722	16.3012	18.7585
BLOCK18/SES182/SA182S23	SES144	-2.65385	16.1046	18.7585
BLOCK18/SES182/SA182S23	SES180	-3.24736	15.5111	18.7585
BLOCK18/SES182/SA182S23	SES275	-1.08612	17.6723	18.7585
BLOCK18/SES182/SA182S25	SES007	-0.898876	17.8297	18.7285
BLOCK18/SES182/SA182S25	SES162	-1.15168	17.5769	18.7285
BLOCK18/SES182/SA182S25	SES177	-1.80031	16.9282	18.7285
BLOCK18/SES182/SA182S25	SES180	-3.00196	15.7266	18.7285
BLOCK18/SES184/SA184S12	SES177	-3.06572	15.9141	18.9798
BLOCK18/SES184/SA184S12	SES180	-3.44322	15.5366	18.9798
BLOCK18/SES184/SA184S12	SES189	-3.47063	15.5091	18.9798
BLOCK18/SES184/SA184S12	SES292	-2.90904	16.0707	18.9798
BLOCK18/SES184/SA184S13	SES101	-3.09547	15.1819	18.2774
BLOCK18/SES184/SA184S13	SES177	-2.61279	15.6646	18.2774
BLOCK18/SES184/SA184S13	SES180	-3.38218	14.8952	18.2774
BLOCK18/SES184/SA184S13	SES292	-3.84279	14.4346	18.2774
BLOCK18/SES184/SA184S22	SES177	-2.7161	17.1826	19.8987
BLOCK18/SES184/SA184S22	SES180	-3.47791	16.4208	19.8987
BLOCK18/SES184/SA184S22	SES189	-3.77485	16.1238	19.8987
BLOCK18/SES184/SA184S22	SES292	-3.28898	16.6097	19.8987
BLOCK18/SES184/SA184S25	SES101	-2.51964	17.8233	20.343
BLOCK18/SES184/SA184S25	SES177	-3.80445	16.5385	20.343
BLOCK18/SES184/SA184S25	SES180	-3.17342	17.1696	20.343
BLOCK18/SES184/SA184S25	SES292	-2.87391	17.4691	20.343
BLOCK18/SES184/SA184S27	SES083	-3.16134	14.6533	17.8147
BLOCK18/SES184/SA184S27	SES177	-2.49645	15.3182	17.8147
BLOCK18/SES184/SA184S27	SES202	-2.88801	14.9267	17.8147
BLOCK18/SES184/SA184S27	SES292	-3.74486	14.0698	17.8147
BLOCK20/SES204/SA204S12	SES062	-2.26534	17.9904	20.2557
BLOCK20/SES204/SA204S12	SES083	-3.97878	16.2769	20.2557
BLOCK20/SES204/SA204S12	SES206	-2.49681	17.7589	20.2557
BLOCK20/SES204/SA204S12	SES226	-3.98772	16.268	20.2557
BLOCK20/SES204/SA204S14	SES068	-3.43103	17.7821	21.2132
BLOCK20/SES204/SA204S14	SES087	-1.7032	19.51	21.2132
BLOCK20/SES204/SA204S14	SES206	-2.8061	18.4071	21.2132
BLOCK20/SES204/SA204S14	SES226	-4.84591	16.3673	21.2132
BLOCK20/SES204/SA204S22	SES068	-3.22175	17.2329	20.4547
BLOCK20/SES204/SA204S22	SES082	-6.41518	14.0395	20.4547
BLOCK20/SES204/SA204S22	SES083	-5.28355	15.1711	20.4547
BLOCK20/SES204/SA204S22	SES206	-3.80985	16.6448	20.4547
BLOCK20/SES204/SA204S25	SES062	-3.42012	17.0471	20.4672
BLOCK20/SES204/SA204S25	SES083	-4.50444	15.9628	20.4672
BLOCK20/SES204/SA204S25	SES206	-2.26751	18.1997	20.4672
BLOCK20/SES204/SA204S25	SES226	-4.60995	15.8573	20.4672
BLOCK20/SES204/SA204S27	SES068	-2.80273	17.2464	20.0491
BLOCK20/SES204/SA204S27	SES082	-5.58941	14.4597	20.0491
BLOCK20/SES204/SA204S27	SES087	-2.82592	17.2232	20.0491
BLOCK20/SES204/SA204S27	SES206	-3.61376	16.4354	20.0491
BLOCK20/SES207/SA207S10	SES127	-3.62526	14.995	18.6202
BLOCK20/SES207/SA207S10	SES183	-3.56487	15.0554	18.6202
BLOCK20/SES207/SA207S10	SES189	-3.46582	15.1544	18.6202
BLOCK20/SES207/SA207S10	SES292	-3.66436	14.9559	18.6202
BLOCK20/SES207/SA207S11	SES127	-4.10052	13.4557	17.5562
BLOCK20/SES207/SA207S11	SES183	-3.08798	14.4682	17.5562
BLOCK20/SES207/SA207S11	SES187	-3.18631	14.3699	17.5562
BLOCK20/SES207/SA207S11	SES292	-2.517	15.0392	17.5562
BLOCK20/SES207/SA207S25	SES068	-3.61115	14.4598	18.0709
BLOCK20/SES207/SA207S25	SES083	-4.27614	13.7948	18.0709
BLOCK20/SES207/SA207S25	SES127	-2.19809	15.8728	18.0709
BLOCK20/SES207/SA207S25	SES187	-2.9002	15.1707	18.0709
BLOCK20/SES207/SA207S27	SES127	-4.21291	12.6692	16.8821
BLOCK20/SES207/SA207S27	SES183	-2.21486	14.6673	16.8821
BLOCK20/SES207/SA207S27	SES187	-3.22501	13.6571	16.8821
BLOCK20/SES207/SA207S27	SES292	-4.14131	12.7408	16.8821
BLOCK20/SES207/SA207S29	SES083	-4.31674	14.4528	18.7695
BLOCK20/SES207/SA207S29	SES085	-2.77307	15.9964	18.7695
BLOCK20/SES207/SA207S29	SES172	-2.83015	15.9394	18.7695
BLOCK20/SES207/SA207S29	SES189	-3.16397	15.6055	18.7695
BLOCK22/SES221/SA221S12	SES068	-2.82423	16.4007	19.225
BLOCK22/SES221/SA221S12	SES143	-2.94989	16.2751	19.225
BLOCK22/SES221/SA221S12	SES175	-1.9948	17.2302	19.225
BLOCK22/SES221/SA221S12	SES202	-3.10674	16.1182	19.225
BLOCK22/SES221/SA221S15	SES085	-2.08821	16.3618	18.45
BLOCK22/SES221/SA221S15	SES143	-3.91964	14.5304	18.45
BLOCK22/SES221/SA221S15	SES175	-2.64629	15.8037	18.45
BLOCK22/SES221/SA221S15	SES187	-3.0342	15.4158	18.45
BLOCK22/SES221/SA221S23	SES068	-2.89509	16.5059	19.401
BLOCK22/SES221/SA221S23	SES143	-3.32536	16.0757	19.401
BLOCK22/SES221/SA221S23	SES175	-1.54753	17.8535	19.401
BLOCK22/SES221/SA221S23	SES189	-0.851303	18.5497	19.401
BLOCK22/SES221/SA221S27	SES085	-1.05642	18.4973	19.5538
BLOCK22/SES221/SA221S27	SES143	-2.50061	17.0531	19.5538
BLOCK22/SES221/SA221S27	SES175	-1.70094	17.8528	19.5538
BLOCK22/SES221/SA221S27	SES189	-0.980919	18.5728	19.5538
BLOCK22/SES221/SA221S29	SES085	-1.89992	16.3364	18.2363
BLOCK22/SES221/SA221S29	SES143	-2.66026	15.5761	18.2363
BLOCK22/SES221/SA221S29	SES175	-1.51937	16.717	18.2363
BLOCK22/SES221/SA221S29	SES187	-2.53891	15.6974	18.2363
BLOCK22/SES223/SA223S11	SES143	-2.28904	13.9167	16.2057
BLOCK22/SES223/SA223S11	SES144	-4.50163	11.7041	16.2057
BLOCK22/SES223/SA223S11	SES175	-2.02606	14.1797	16.2057
BLOCK22/SES223/SA223S11	SES187	-3.90039	12.3053	16.2057
BLOCK22/SES223/SA223S13	SES068	-2.48631	14.6002	17.0866
BLOCK22/SES223/SA223S13	SES143	-3.88058	13.206	17.0866
BLOCK22/SES223/SA223S13	SES146	-4.48243	12.6041	17.0866
BLOCK22/SES223/SA223S13	SES202	-4.71546	12.3711	17.0866
BLOCK22/SES223/SA223S22	SES143	-2.94391	14.1233	17.0672
BLOCK22/SES223/SA223S22	SES144	-4.08192	12.9853	17.0672
BLOCK22/SES223/SA223S22	SES175	-2.36365	14.7036	17.0672
BLOCK22/SES223/SA223S22	SES187	-3.18918	13.8781	17.0672
BLOCK22/SES223/SA223S25	SES068	-3.12908	14.6144	17.7434
BLOCK22/SES223/SA223S25	SES143	-2.36905	15.3744	17.7434
BLOCK22/SES223/SA223S25	SES175	-2.50287	15.2406	17.7434
BLOCK22/SES223/SA223S25	SES187	-3.55208	14.1914	17.7434
BLOCK22/SES223/SA223S27	SES143	-1.76869	14.2119	15.9805
BLOCK22/SES223/SA223S27	SES146	-2.62333	13.3572	15.9805
BLOCK22/SES223/SA223S27	SES187	-3.40433	12.5762	15.9805
BLOCK22/SES223/SA223S27	SES292	-1.89875	14.0818	15.9805
BLOCK27/SES273/SA273S12	SES099	-1.5718	19.9735	21.5453
BLOCK27/SES273/SA273S12	SES104	-2.50998	19.0353	21.5453
BLOCK27/SES273/SA273S12	SES125	-3.23574	18.3095	21.5453
BLOCK27/SES273/SA273S12	SES206	-1.90535	19.6399	21.5453
BLOCK27/SES273/SA273S13	SES099	-2.46862	19.3851	21.8537
BLOCK27/SES273/SA273S13	SES104	-2.48593	19.3678	21.8537
BLOCK27/SES273/SA273S13	SES206	-2.15252	19.7012	21.8537
BLOCK27/SES273/SA273S13	SES292	-2.95678	18.897	21.8537
BLOCK27/SES273/SA273S21	SES099	-0.952499	20.802	21.7545
BLOCK27/SES273/SA273S21	SES148	-4.99794	16.7566	21.7545
BLOCK27/SES273/SA273S21	SES149	-2.08113	19.6734	21.7545
BLOCK27/SES273/SA273S21	SES177	-3.15799	18.5965	21.7545
BLOCK27/SES273/SA273S25	SES104	-2.77747	18.5023	21.2798
BLOCK27/SES273/SA273S25	SES125	-3.5216	17.7582	21.2798
BLOCK27/SES273/SA273S25	SES158	-1.52133	19.7584	21.2798
BLOCK27/SES273/SA273S25	SES206	-1.95335	19.3264	21.2798
BLOCK27/SES273/SA273S27	SES099	-1.9164	18.7651	20.6815
BLOCK27/SES273/SA273S27	SES104	-2.99796	17.6835	20.6815
BLOCK27/SES273/SA273S27	SES149	-2.32508	18.3564	20.6815
BLOCK27/SES273/SA273S27	SES275	-3.48164	17.1998	20.6815
BLOCK27/SES274/SA274S10	SES105	-2.95881	17.063	20.0218
BLOCK27/SES274/SA274S10	SES125	-4.22296	15.7989	20.0218
BLOCK27/SES274/SA274S10	SES129	-1.30041	18.7214	20.0218
BLOCK27/SES274/SA274S10	SES158	-5.04514	14.9767	20.0218
BLOCK27/SES274/SA274S11	SES105	-2.37044	18.9472	21.3176
BLOCK27/SES274/SA274S11	SES149	-3.5547	17.7629	21.3176
BLOCK27/SES274/SA274S11	SES158	-3.95139	17.3663	21.3176
BLOCK27/SES274/SA274S11	SES275	-1.53707	19.7806	21.3176
BLOCK27/SES274/SA274S21	SES105	-4.04522	16.4297	20.4749
BLOCK27/SES274/SA274S21	SES129	-2.18285	18.2921	20.4749
BLOCK27/SES274/SA274S21	SES149	-3.52277	16.9521	20.4749
BLOCK27/SES274/SA274S21	SES158	-6.66799	13.8069	20.4749
BLOCK27/SES274/SA274S24	SES105	-3.2688	18.3843	21.653
BLOCK27/SES274/SA274S24	SES129	-1.78493	19.8681	21.653
BLOCK27/SES274/SA274S24	SES149	-3.97904	17.674	21.653
BLOCK27/SES274/SA274S24	SES158	-5.99988	15.6532	21.653
BLOCK27/SES274/SA274S29	SES105	-3.16941	16.7908	19.9602
BLOCK27/SES274/SA274S29	SES106	-5.22413	14.7361	19.9602
BLOCK27/SES274/SA274S29	SES120	-2.76583	17.1944	19.9602
BLOCK27/SES274/SA274S29	SES275	-2.50515	17.4551	19.9602
BLOCK27/SES276/SA276S16	SES148	-3.76601	15.3529	19.1189
BLOCK27/SES276/SA276S16	SES172	-3.03967	16.0792	19.1189
BLOCK27/SES276/SA276S16	SES180	-4.19245	14.9264	19.1189
BLOCK27/SES276/SA276S16	SES292	-3.51819	15.6007	19.1189
BLOCK27/SES276/SA276S17	SES101	-2.73825	17.113	19.8513
BLOCK27/SES276/SA276S17	SES177	-3.10703	16.7443	19.8513
BLOCK27/SES276/SA276S17	SES180	-2.78277	17.0685	19.8513
BLOCK27/SES276/SA276S17	SES292	-3.08875	16.7625	19.8513
BLOCK27/SES276/SA276S24	SES101	-2.12554	18.5372	20.6628
BLOCK27/SES276/SA276S24	SES177	-2.56749	18.0953	20.6628
BLOCK27/SES276/SA276S24	SES180	-3.44233	17.2205	20.6628
BLOCK27/SES276/SA276S24	SES292	-3.95738	16.7054	20.6628
BLOCK27/SES276/SA276S26	SES101	-3.14178	17.5654	20.7072
BLOCK27/SES276/SA276S26	SES177	-1.60624	19.101	20.7072
BLOCK27/SES276/SA276S26	SES180	-2.40606	18.3012	20.7072
BLOCK27/SES276/SA276S26	SES292	-1.39884	19.3084	20.7072
BLOCK27/SES276/SA276S28	SES101	-2.67234	17.3902	20.0626
BLOCK27/SES276/SA276S28	SES177	-3.17243	16.8901	20.0626
BLOCK27/SES276/SA276S28	SES180	-2.09691	17.9657	20.0626
BLOCK27/SES276/SA276S28	SES292	-3.04796	17.0146	20.0626
BLOCK27/SES277/SA277S12	SES101	-2.35888	15.0259	17.3848
BLOCK27/SES277/SA277S12	SES177	-3.70303	13.6817	17.3848
BLOCK27/SES277/SA277S12	SES180	-4.95463	12.4301	17.3848
BLOCK27/SES277/SA277S12	SES292	-5.06675	12.318	17.3848
BLOCK27/SES277/SA277S14	SES177	-2.82541	14.4603	17.2858
BLOCK27/SES277/SA277S14	SES180	-4.04353	13.2422	17.2858
BLOCK27/SES277/SA277S14	SES189	-1.83555	15.4502	17.2858
BLOCK27/SES277/SA277S14	SES292	-4.72066	12.5651	17.2858
BLOCK27/SES277/SA277S21	SES177	-1.957	17.6833	19.6403
BLOCK27/SES277/SA277S21	SES180	-3.8565	15.7838	19.6403
BLOCK27/SES277/SA277S21	SES189	-1.31715	18.3232	19.6403
BLOCK27/SES277/SA277S21	SES292	-4.26968	15.3707	19.6403
BLOCK27/SES277/SA277S24	SES144	-3.40953	13.6002	17.0097
BLOCK27/SES277/SA277S24	SES177	-3.07389	13.9358	17.0097
BLOCK27/SES277/SA277S24	SES180	-5.28372	11.726	17.0097
BLOCK27/SES277/SA277S24	SES189	-2.08931	14.9204	17.0097
BLOCK27/SES277/SA277S29	SES177	-3.31885	16.7644	20.0833
BLOCK27/SES277/SA277S29	SES180	-4.2731	15.8102	20.0833
BLOCK27/SES277/SA277S29	SES202	-3.43134	16.652	20.0833
BLOCK27/SES277/SA277S29	SES292	-4.5564	15.5269	20.0833
BLOCK27/SES279/SA279S09	SES120	-2.99275	16.7763	19.769
BLOCK27/SES279/SA279S09	SES146	-3.47876	16.2903	19.769
BLOCK27/SES279/SA279S09	SES206	-3.95004	15.819	19.769
BLOCK27/SES279/SA279S09	SES226	-4.3991	15.3699	19.769
BLOCK27/SES279/SA279S10	SES099	-2.13768	17.9572	20.0949
BLOCK27/SES279/SA279S10	SES206	-2.41722	17.6776	20.0949
BLOCK27/SES279/SA279S10	SES226	-4.26894	15.8259	20.0949
BLOCK27/SES279/SA279S10	SES292	-1.62698	18.4679	20.0949
BLOCK27/SES279/SA279S20	SES099	-2.96525	16.7801	19.7454
BLOCK27/SES279/SA279S20	SES206	-1.65841	18.087	19.7454
BLOCK27/SES279/SA279S20	SES226	-3.74531	16.0001	19.7454
BLOCK27/SES279/SA279S20	SES292	-1.22616	18.5192	19.7454
BLOCK27/SES279/SA279S26	SES099	-2.67971	17.4255	20.1052
BLOCK27/SES279/SA279S26	SES206	-1.95259	18.1526	20.1052
BLOCK27/SES279/SA279S26	SES226	-3.81323	16.292	20.1052
BLOCK27/SES279/SA279S26	SES292	-1.66742	18.4378	20.1052
BLOCK27/SES279/SA279S28	SES099	-2.1023	19.9068	22.0091
BLOCK27/SES279/SA279S28	SES120	-2.20991	19.7992	22.0091
BLOCK27/SES279/SA279S28	SES177	-2.69433	19.3148	22.0091
BLOCK27/SES279/SA279S28	SES206	-1.92733	20.0818	22.0091
BLOCK29/SES290/SA290S12	SES162	-2.32936	17.7255	20.0548
BLOCK29/SES290/SA290S12	SES177	-1.69018	18.3647	20.0548
BLOCK29/SES290/SA290S12	SES180	-2.35096	17.7039	20.0548
BLOCK29/SES290/SA290S12	SES292	-3.04559	17.0093	20.0548
BLOCK29/SES290/SA290S13	SES007	-2.21267	17.2356	19.4483
BLOCK29/SES290/SA290S13	SES162	-3.99729	15.451	19.4483
BLOCK29/SES290/SA290S13	SES177	-1.74323	17.7051	19.4483
BLOCK29/SES290/SA290S13	SES180	-2.609	16.8393	19.4483
BLOCK29/SES290/SA290S22	SES177	-1.50134	16.8771	18.3784
BLOCK29/SES290/SA290S22	SES180	-2.23236	16.1461	18.3784
BLOCK29/SES290/SA290S22	SES202	-2.51787	15.8606	18.3784
BLOCK29/SES290/SA290S22	SES292	-2.46443	15.914	18.3784
BLOCK29/SES290/SA290S25	SES162	-2.2519	17.6888	19.9407
BLOCK29/SES290/SA290S25	SES177	-2.35	17.5907	19.9407
BLOCK29/SES290/SA290S25	SES180	-2.6308	17.3099	19.9407
BLOCK29/SES290/SA290S25	SES292	-2.2458	17.6949	19.9407
BLOCK29/SES290/SA290S29	SES177	-1.70811	16.8896	18.5977
BLOCK29/SES290/SA290S29	SES180	-2.6448	15.9529	18.5977
BLOCK29/SES290/SA290S29	SES275	-2.55401	16.0437	18.5977
BLOCK29/SES290/SA290S29	SES292	-2.6362	15.9615	18.5977
BLOCK29/SES291/SA291S11	SES105	-5.21311	13.2171	18.4302
BLOCK29/SES291/SA291S11	SES125	-3.02406	15.4061	18.4302
BLOCK29/SES291/SA291S11	SES158	-2.91883	15.5113	18.4302
BLOCK29/SES291/SA291S11	SES275	-4.56271	13.8675	18.4302
BLOCK29/SES291/SA291S12	SES158	-0.859976	18.5224	19.3823
BLOCK29/SES291/SA291S12	SES226	-3.7371	15.6453	19.3823
BLOCK29/SES291/SA291S12	SES270	-0.382074	19.0003	19.3823
BLOCK29/SES291/SA291S12	SES275	-6.89816	12.4842	19.3823
BLOCK29/SES291/SA291S22	SES082	-3.28279	15.8456	19.1284
BLOCK29/SES291/SA291S22	SES158	-2.35691	16.7715	19.1284
BLOCK29/SES291/SA291S22	SES259	-4.88852	14.2399	19.1284
BLOCK29/SES291/SA291S22	SES275	-5.40348	13.725	19.1284
BLOCK29/SES291/SA291S24	SES104	-1.6677	18.9907	20.6584
BLOCK29/SES291/SA291S24	SES125	-2.06966	18.5888	20.6584
BLOCK29/SES291/SA291S24	SES158	-1.58657	19.0719	20.6584
BLOCK29/SES291/SA291S24	SES275	-5.63253	15.0259	20.6584
BLOCK29/SES291/SA291S27	SES158	-1.78104	18.1307	19.9117
BLOCK29/SES291/SA291S27	SES172	-6.13163	13.7801	19.9117
BLOCK29/SES291/SA291S27	SES275	-5.47003	14.4417	19.9117
BLOCK29/SES291/SA291S27	SES292	-3.60895	16.3028	19.9117
Threshold search:
THR	-7.00738119272	9	0(0)	1(1000)
THR	-6.8954538807928	8.964	0(0)	0.996(996)
THR	-6.7835265688656	8.955	0(0)	0.995(995)
THR	-6.6715992569384	8.946	0(0)	0.994(994)
THR	-6.5596719450112	8.937	0(0)	0.993(993)
THR	-6.447744633084	8.937	0(0)	0.993(993)
THR	-6.3358173211568	8.892	0(0)	0.988(988)
THR	-6.2238900092296	8.865	0(0)	0.985(985)
THR	-6.1119626973024	8.856	0(0)	0.984(984)
THR	-6.0000353853752	8.847	0(0)	0.983(983)
THR	-5.888108073448	8.829	0(0)	0.981(981)
THR	-5.7761807615208	8.811	0(0)	0.979(979)
THR	-5.6642534495936	8.775	0(0)	0.975(975)
THR	-5.5523261376664	8.748	0(0)	0.972(972)
THR	-5.4403988257392	8.685	0(0)	0.965(965)
THR	-5.328471513812	8.631	0(0)	0.959(959)
THR	-5.2165442018848	8.568	0(0)	0.952(952)
THR	-5.1046168899576	8.532	0(0)	0.948(948)
THR	-4.9926895780304	8.442	0(0)	0.938(938)
THR	-4.8807622661032	8.352	0(0)	0.928(928)
THR	-4.768834954176	8.253	0(0)	0.917(917)
THR	-4.6569076422488	8.136	0(0)	0.904(904)
THR	-4.5449803303216	8.019	0(0)	0.891(891)
THR	-4.4330530183944	7.884	0(0)	0.876(876)
THR	-4.3211257064672	7.713	0(0)	0.857(857)
THR	-4.20919839454	7.515	0(0)	0.835(835)
THR	-4.09727108261279	7.29	0(0)	0.81(810)
THR	-3.98534377068559	7.083	0(0)	0.787(787)
THR	-3.87341645875839	6.795	0(0)	0.755(755)
THR	-3.76148914683119	6.453	0(0)	0.717(717)
THR	-3.64956183490399	6.165	0(0)	0.685(685)
THR	-3.53763452297679	5.841	0(0)	0.649(649)
THR	-3.42570721104959	5.517	0(0)	0.613(613)
THR	-3.31377989912239	5.274	0(0)	0.586(586)
THR	-3.20185258719519	4.923	0(0)	0.547(547)
THR	-3.08992527526799	4.473	0(0)	0.497(497)
THR	-2.97799796334079	4.14	0(0)	0.46(460)
THR	-2.86607065141359	3.762	0(0)	0.418(418)
THR	-2.75414333948639	3.393	0(0)	0.377(377)
THR	-2.64221602755919	3.033	0(0)	0.337(337)
THR	-2.53028871563199	2.646	0(0)	0.294(294)
THR	-2.41836140370479	2.304	0(0)	0.256(256)
THR	-2.30643409177759	1.98	0(0)	0.22(220)
THR	-2.19450677985039	1.584	0(0)	0.176(176)
THR	-2.08257946792319	1.332	0(0)	0.148(148)
THR	-1.97065215599599	1.156	0.004(1)	0.128(128)
THR	-1.85872484406879	0.904	0.004(1)	0.1(100)
THR	-1.74679753214159	0.724	0.004(1)	0.08(80)
THR	-1.63487022021439	0.589	0.004(1)	0.065(65)
THR	-1.52294290828719	0.427	0.004(1)	0.047(47)
THR	-1.41101559635999	0.292	0.004(1)	0.032(32)
THR	-1.29908828443279	0.229	0.004(1)	0.025(25)
THR	-1.18716097250559	0.17	0.008(2)	0.018(18)
THR	-1.07523366057839	0.12	0.012(3)	0.012(12)
THR	-0.963306348651192	0.093	0.012(3)	0.009(9)
THR	-0.851379036723992	0.061	0.016(4)	0.005(5)
THR	-0.739451724796792	0.046	0.028(7)	0.002(2)
THR	-0.627524412869592	0.049	0.04(10)	0.001(1)
THR	-0.515597100942392	0.061	0.052(13)	0.001(1)
THR	-0.403669789015192	0.069	0.06(15)	0.001(1)
THR	-0.291742477087992	0.092	0.092(23)	0(0)
THR	-0.179815165160792	0.112	0.112(28)	0(0)
THR	-0.0678878532335923	0.16	0.16(40)	0(0)
THR	0.0440394586936077	0.172	0.172(43)	0(0)
THR	0.155966770620808	0.192	0.192(48)	0(0)
THR	0.267894082548008	0.256	0.256(64)	0(0)
THR	0.379821394475208	0.296	0.296(74)	0(0)
THR	0.491748706402408	0.34	0.34(85)	0(0)
THR	0.603676018329608	0.392	0.392(98)	0(0)
THR	0.715603330256808	0.428	0.428(107)	0(0)
THR	0.827530642184008	0.464	0.464(116)	0(0)
THR	0.939457954111208	0.52	0.52(130)	0(0)
THR	1.05138526603841	0.56	0.56(140)	0(0)
THR	1.16331257796561	0.632	0.632(158)	0(0)
THR	1.27523988989281	0.656	0.656(164)	0(0)
THR	1.38716720182001	0.712	0.712(178)	0(0)
THR	1.49909451374721	0.748	0.748(187)	0(0)
THR	1.61102182567441	0.784	0.784(196)	0(0)
THR	1.72294913760161	0.788	0.788(197)	0(0)
THR	1.83487644952881	0.824	0.824(206)	0(0)
THR	1.94680376145601	0.864	0.864(216)	0(0)
THR	2.05873107338321	0.892	0.892(223)	0(0)
THR	2.17065838531041	0.908	0.908(227)	0(0)
THR	2.28258569723761	0.92	0.92(230)	0(0)
THR	2.39451300916481	0.928	0.928(232)	0(0)
THR	2.50644032109201	0.944	0.944(236)	0(0)
THR	2.61836763301921	0.956	0.956(239)	0(0)
THR	2.73029494494641	0.964	0.964(241)	0(0)
THR	2.84222225687361	0.976	0.976(244)	0(0)
THR	2.95414956880081	0.98	0.98(245)	0(0)
THR	3.06607688072801	0.98	0.98(245)	0(0)
THR	3.17800419265521	0.98	0.98(245)	0(0)
THR	3.28993150458241	0.988	0.988(247)	0(0)
THR	3.40185881650961	0.988	0.988(247)	0(0)
THR	3.51378612843681	0.992	0.992(248)	0(0)
THR	3.62571344036401	0.992	0.992(248)	0(0)
THR	3.73764075229121	0.992	0.992(248)	0(0)
THR	3.84956806421841	0.992	0.992(248)	0(0)
THR	3.96149537614561	0.996	0.996(249)	0(0)
THR	4.07342268807281	0.996	0.996(249)	0(0)
THR	4.18535000000001	1	1(250)	0(0)


==============================================
THR: -0.739451724796792
Missed:     7/250=0.0280
FalseAlarm: 2/1000=0.0020
----------------------------------------------
==> CostDetection: 4.6
==============================================
