BLOCK00/SES002/SA002S12	SES002	2.83421	-59.9957	-62.8299
BLOCK00/SES002/SA002S13	SES002	3.80197	-60.1737	-63.9757
BLOCK00/SES002/SA002S23	SES002	3.39557	-59.7254	-63.121
BLOCK00/SES002/SA002S26	SES002	3.80795	-59.3517	-63.1597
BLOCK00/SES002/SA002S28	SES002	2.82521	-61.3721	-64.1973
BLOCK00/SES007/SA007S14	SES007	4.33748	-60.2106	-64.5481
BLOCK00/SES007/SA007S15	SES007	3.3626	-62.1283	-65.4909
BLOCK00/SES007/SA007S24	SES007	3.07303	-62.0692	-65.1422
BLOCK00/SES007/SA007S27	SES007	2.62603	-62.5803	-65.2063
BLOCK00/SES007/SA007S29	SES007	2.79749	-61.4908	-64.2883
BLOCK00/SES008/SA008S11	SES008	3.04958	-61.9881	-65.0377
BLOCK00/SES008/SA008S12	SES008	1.88552	-63.0915	-64.977
BLOCK00/SES008/SA008S19	SES008	4.25585	-60.7323	-64.9882
BLOCK00/SES008/SA008S22	SES008	3.16124	-62.3658	-65.527
BLOCK00/SES008/SA008S29	SES008	3.48674	-61.2286	-64.7153
BLOCK01/SES014/SA014S10	SES014	3.41004	-61.0632	-64.4732
BLOCK01/SES014/SA014S12	SES014	4.59555	-57.6978	-62.2933
BLOCK01/SES014/SA014S24	SES014	2.80594	-60.3281	-63.1341
BLOCK01/SES014/SA014S26	SES014	4.44127	-57.2319	-61.6732
BLOCK01/SES014/SA014S28	SES014	5.33875	-58.093	-63.4317
BLOCK01/SES016/SA016S12	SES016	3.26737	-64.1746	-67.442
BLOCK01/SES016/SA016S13	SES016	4.59879	-62.4527	-67.0515
BLOCK01/SES016/SA016S22	SES016	3.01574	-64.0189	-67.0347
BLOCK01/SES016/SA016S25	SES016	4.47448	-59.7997	-64.2742
BLOCK01/SES016/SA016S27	SES016	4.25131	-60.4148	-64.6661
BLOCK01/SES019/SA019S13	SES019	3.90585	-61.1265	-65.0323
BLOCK01/SES019/SA019S14	SES019	3.18049	-61.1419	-64.3224
BLOCK01/SES019/SA019S22	SES019	3.26483	-61.1681	-64.4329
BLOCK01/SES019/SA019S25	SES019	4.00498	-60.9526	-64.9576
BLOCK01/SES019/SA019S29	SES019	4.39809	-60.5143	-64.9124
BLOCK02/SES029/SA029S11	SES029	3.76423	-61.5501	-65.3143
BLOCK02/SES029/SA029S12	SES029	2.59858	-62.5524	-65.151
BLOCK02/SES029/SA029S20	SES029	2.90684	-63.3193	-66.2262
BLOCK02/SES029/SA029S25	SES029	3.52462	-61.6496	-65.1742
BLOCK02/SES029/SA029S28	SES029	2.69069	-62.122	-64.8127
BLOCK04/SES042/SA042S12	SES042	4.3382	-58.8685	-63.2067
BLOCK04/SES042/SA042S15	SES042	3.09153	-59.982	-63.0735
BLOCK04/SES042/SA042S22	SES042	5.04518	-56.9847	-62.0298
BLOCK04/SES042/SA042S25	SES042	3.34286	-60.0529	-63.3958
BLOCK04/SES042/SA042S27	SES042	3.45058	-58.9189	-62.3695
BLOCK04/SES048/SA048S11	SES048	2.83513	-61.2638	-64.0989
BLOCK04/SES048/SA048S12	SES048	2.83469	-61.3417	-64.1764
BLOCK04/SES048/SA048S20	SES048	3.00634	-61.0657	-64.0721
BLOCK04/SES048/SA048S23	SES048	3.15078	-61.8804	-65.0311
BLOCK04/SES048/SA048S27	SES048	3.99328	-59.8097	-63.803
BLOCK06/SES060/SA060S11	SES060	3.76389	-61.5695	-65.3334
BLOCK06/SES060/SA060S12	SES060	2.29134	-64.613	-66.9044
BLOCK06/SES060/SA060S22	SES060	1.56355	-64.6726	-66.2361
BLOCK06/SES060/SA060S24	SES060	2.76084	-61.8435	-64.6043
BLOCK06/SES060/SA060S28	SES060	4.26957	-59.1893	-63.4589
BLOCK06/SES062/SA062S10	SES062	3.88507	-61.3099	-65.195
BLOCK06/SES062/SA062S11	SES062	4.86809	-61.3713	-66.2394
BLOCK06/SES062/SA062S21	SES062	5.32909	-58.1728	-63.5019
BLOCK06/SES062/SA062S26	SES062	4.07649	-60.9177	-64.9942
BLOCK06/SES062/SA062S29	SES062	4.8938	-59.4572	-64.351
BLOCK06/SES068/SA068S14	SES068	3.81166	-61.7774	-65.5891
BLOCK06/SES068/SA068S15	SES068	4.20034	-60.2067	-64.407
BLOCK06/SES068/SA068S23	SES068	2.06528	-63.0158	-65.0811
BLOCK06/SES068/SA068S27	SES068	5.31654	-60.4824	-65.7989
BLOCK06/SES068/SA068S29	SES068	3.39461	-61.302	-64.6966
BLOCK08/SES082/SA082S12	SES082	1.74467	-62.5222	-64.2669
BLOCK08/SES082/SA082S14	SES082	2.22108	-62.6443	-64.8654
BLOCK08/SES082/SA082S21	SES082	2.23183	-62.4037	-64.6356
BLOCK08/SES082/SA082S24	SES082	3.30193	-61.0448	-64.3468
BLOCK08/SES082/SA082S28	SES082	2.49022	-62.2458	-64.736
BLOCK08/SES083/SA083S14	SES083	2.58915	-62.8541	-65.4433
BLOCK08/SES083/SA083S15	SES083	3.06189	-62.3647	-65.4266
BLOCK08/SES083/SA083S24	SES083	3.02658	-62.5432	-65.5698
BLOCK08/SES083/SA083S26	SES083	2.8807	-62.0144	-64.8951
BLOCK08/SES083/SA083S29	SES083	2.65588	-62.331	-64.9868
BLOCK08/SES085/SA085S10	SES085	3.16249	-62.2013	-65.3638
BLOCK08/SES085/SA085S13	SES085	3.85503	-62.3031	-66.1581
BLOCK08/SES085/SA085S22	SES085	0.208153	-66.6439	-66.852
BLOCK08/SES085/SA085S26	SES085	3.30918	-63.2806	-66.5898
BLOCK08/SES085/SA085S28	SES085	3.15249	-61.8332	-64.9857
BLOCK08/SES087/SA087S15	SES087	3.02785	-60.8108	-63.8387
BLOCK08/SES087/SA087S16	SES087	3.02169	-60.8735	-63.8952
BLOCK08/SES087/SA087S24	SES087	3.11311	-60.4331	-63.5462
BLOCK08/SES087/SA087S26	SES087	3.33072	-59.4403	-62.771
BLOCK08/SES087/SA087S29	SES087	2.95815	-60.9416	-63.8998
BLOCK09/SES099/SA099S15	SES099	3.10852	-61.4889	-64.5974
BLOCK09/SES099/SA099S16	SES099	3.09829	-61.1417	-64.24
BLOCK09/SES099/SA099S24	SES099	3.30246	-60.4635	-63.766
BLOCK09/SES099/SA099S26	SES099	3.11545	-60.5682	-63.6837
BLOCK09/SES099/SA099S29	SES099	3.55563	-60.1839	-63.7396
BLOCK10/SES101/SA101S11	SES101	1.86951	-62.6597	-64.5292
BLOCK10/SES101/SA101S13	SES101	4.01421	-60.3594	-64.3736
BLOCK10/SES101/SA101S22	SES101	3.53269	-62.7469	-66.2795
BLOCK10/SES101/SA101S24	SES101	3.06288	-61.6421	-64.705
BLOCK10/SES101/SA101S28	SES101	2.47884	-63.9323	-66.4111
BLOCK10/SES104/SA104S11	SES104	2.72655	-60.1469	-62.8734
BLOCK10/SES104/SA104S12	SES104	3.71146	-60.2454	-63.9568
BLOCK10/SES104/SA104S21	SES104	3.0237	-61.1971	-64.2208
BLOCK10/SES104/SA104S24	SES104	2.31744	-61.365	-63.6824
BLOCK10/SES104/SA104S28	SES104	3.17341	-60.7667	-63.9401
BLOCK10/SES105/SA105S12	SES105	2.75687	-62.9688	-65.7257
BLOCK10/SES105/SA105S13	SES105	2.94983	-62.3849	-65.3347
BLOCK10/SES105/SA105S22	SES105	2.26361	-63.4688	-65.7324
BLOCK10/SES105/SA105S26	SES105	4.00382	-62.0937	-66.0975
BLOCK10/SES105/SA105S29	SES105	2.89174	-62.4157	-65.3074
BLOCK10/SES106/SA106S09	SES106	2.55101	-62.458	-65.0091
BLOCK10/SES106/SA106S11	SES106	3.26254	-60.0426	-63.3052
BLOCK10/SES106/SA106S22	SES106	4.4584	-60.4843	-64.9427
BLOCK10/SES106/SA106S27	SES106	2.43867	-61.9267	-64.3653
BLOCK10/SES106/SA106S29	SES106	2.08797	-61.1425	-63.2305
BLOCK11/SES117/SA117S12	SES117	2.82093	-63.4378	-66.2587
BLOCK11/SES117/SA117S13	SES117	2.86471	-62.7353	-65.6
BLOCK11/SES117/SA117S23	SES117	4.25929	-64.3056	-68.5649
BLOCK11/SES117/SA117S25	SES117	3.8143	-63.1632	-66.9775
BLOCK11/SES117/SA117S28	SES117	3.66033	-63.8097	-67.47
BLOCK12/SES120/SA120S08	SES120	2.56859	-63.6713	-66.2399
BLOCK12/SES120/SA120S11	SES120	1.75001	-65.1712	-66.9212
BLOCK12/SES120/SA120S22	SES120	1.54269	-63.0084	-64.5511
BLOCK12/SES120/SA120S24	SES120	2.04631	-62.9634	-65.0097
BLOCK12/SES120/SA120S28	SES120	1.7114	-64.976	-66.6874
BLOCK12/SES125/SA125S13	SES125	4.02621	-59.5787	-63.6049
BLOCK12/SES125/SA125S14	SES125	2.67878	-61.1497	-63.8284
BLOCK12/SES125/SA125S25	SES125	3.93702	-59.8625	-63.7995
BLOCK12/SES125/SA125S27	SES125	4.16614	-59.1331	-63.2993
BLOCK12/SES125/SA125S29	SES125	4.00905	-59.9748	-63.9839
BLOCK12/SES127/SA127S11	SES127	3.10703	-62.0346	-65.1416
BLOCK12/SES127/SA127S12	SES127	2.03391	-62.5567	-64.5906
BLOCK12/SES127/SA127S23	SES127	3.15068	-62.2902	-65.4409
BLOCK12/SES127/SA127S25	SES127	2.72653	-62.7851	-65.5116
BLOCK12/SES127/SA127S27	SES127	4.50432	-61.4971	-66.0014
BLOCK12/SES129/SA129S11	SES129	3.28438	-61.3294	-64.6138
BLOCK12/SES129/SA129S12	SES129	3.6618	-61.09	-64.7518
BLOCK12/SES129/SA129S22	SES129	3.18077	-61.5357	-64.7164
BLOCK12/SES129/SA129S27	SES129	4.11725	-60.4741	-64.5913
BLOCK12/SES129/SA129S29	SES129	4.6506	-60.3091	-64.9597
BLOCK14/SES142/SA142S11	SES142	5.78982	-61.7933	-67.5831
BLOCK14/SES142/SA142S12	SES142	3.86971	-64.6135	-68.4832
BLOCK14/SES142/SA142S24	SES142	6.65119	-61.706	-68.3572
BLOCK14/SES142/SA142S27	SES142	5.26921	-61.6306	-66.8998
BLOCK14/SES142/SA142S29	SES142	6.39347	-60.4657	-66.8592
BLOCK14/SES143/SA143S12	SES143	3.6425	-62.6926	-66.3351
BLOCK14/SES143/SA143S13	SES143	2.93772	-63.1003	-66.0381
BLOCK14/SES143/SA143S23	SES143	3.80263	-62.7844	-66.587
BLOCK14/SES143/SA143S25	SES143	4.06931	-62.6604	-66.7297
BLOCK14/SES143/SA143S28	SES143	3.44405	-62.2207	-65.6648
BLOCK14/SES144/SA144S09	SES144	2.29607	-62.4269	-64.723
BLOCK14/SES144/SA144S11	SES144	3.08658	-63.0587	-66.1453
BLOCK14/SES144/SA144S21	SES144	2.22068	-63.1638	-65.3845
BLOCK14/SES144/SA144S25	SES144	2.24599	-63.1931	-65.4391
BLOCK14/SES144/SA144S29	SES144	2.09272	-62.7267	-64.8194
BLOCK14/SES146/SA146S14	SES146	2.08989	-62.893	-64.9829
BLOCK14/SES146/SA146S15	SES146	2.05472	-63.1809	-65.2357
BLOCK14/SES146/SA146S24	SES146	2.2051	-63.3247	-65.5298
BLOCK14/SES146/SA146S26	SES146	2.61404	-63.4646	-66.0787
BLOCK14/SES146/SA146S29	SES146	2.34061	-63.65	-65.9906
BLOCK14/SES147/SA147S11	SES147	3.78051	-62.7737	-66.5543
BLOCK14/SES147/SA147S13	SES147	4.43655	-61.4407	-65.8772
BLOCK14/SES147/SA147S23	SES147	4.394	-63.0048	-67.3988
BLOCK14/SES147/SA147S26	SES147	3.3601	-63.0966	-66.4567
BLOCK14/SES147/SA147S28	SES147	4.14677	-62.0655	-66.2122
BLOCK14/SES148/SA148S10	SES148	2.71437	-61.8674	-64.5818
BLOCK14/SES148/SA148S12	SES148	1.93849	-63.3817	-65.3202
BLOCK14/SES148/SA148S22	SES148	3.3266	-60.7056	-64.0322
BLOCK14/SES148/SA148S26	SES148	3.44886	-61.5288	-64.9776
BLOCK14/SES148/SA148S29	SES148	2.35969	-62.5324	-64.8921
BLOCK14/SES149/SA149S13	SES149	1.01265	-62.5543	-63.567
BLOCK14/SES149/SA149S14	SES149	1.45498	-62.1362	-63.5912
BLOCK14/SES149/SA149S24	SES149	2.73428	-61.3735	-64.1078
BLOCK14/SES149/SA149S26	SES149	3.57568	-60.4346	-64.0103
BLOCK14/SES149/SA149S28	SES149	4.05004	-59.3824	-63.4325
BLOCK15/SES158/SA158S13	SES158	2.59856	-62.0804	-64.6789
BLOCK15/SES158/SA158S14	SES158	3.81488	-61.203	-65.0179
BLOCK15/SES158/SA158S23	SES158	2.94731	-61.4303	-64.3776
BLOCK15/SES158/SA158S26	SES158	3.97232	-60.9721	-64.9444
BLOCK15/SES158/SA158S28	SES158	2.61095	-62.0777	-64.6886
BLOCK16/SES162/SA162S10	SES162	2.58945	-63.5455	-66.1349
BLOCK16/SES162/SA162S11	SES162	3.47493	-61.9934	-65.4683
BLOCK16/SES162/SA162S21	SES162	4.15533	-61.7228	-65.8781
BLOCK16/SES162/SA162S24	SES162	3.65854	-62.3574	-66.016
BLOCK16/SES162/SA162S27	SES162	4.19242	-62.5911	-66.7835
BLOCK16/SES167/SA167S14	SES167	3.62393	-61.2857	-64.9096
BLOCK16/SES167/SA167S15	SES167	4.8824	-61.8044	-66.6868
BLOCK16/SES167/SA167S21	SES167	3.7688	-61.2596	-65.0284
BLOCK16/SES167/SA167S25	SES167	4.6697	-61.9885	-66.6582
BLOCK16/SES167/SA167S29	SES167	5.52774	-59.861	-65.3887
BLOCK17/SES172/SA172S12	SES172	4.16043	-61.6141	-65.7746
BLOCK17/SES172/SA172S13	SES172	4.56154	-61.8553	-66.4168
BLOCK17/SES172/SA172S23	SES172	3.74136	-61.1313	-64.8726
BLOCK17/SES172/SA172S27	SES172	3.67565	-62.3297	-66.0053
BLOCK17/SES172/SA172S29	SES172	4.83727	-61.1246	-65.9619
BLOCK17/SES175/SA175S11	SES175	4.45013	-62.0204	-66.4706
BLOCK17/SES175/SA175S13	SES175	3.48726	-61.6665	-65.1538
BLOCK17/SES175/SA175S23	SES175	4.52684	-61.5927	-66.1195
BLOCK17/SES175/SA175S25	SES175	3.48894	-64.2667	-67.7556
BLOCK17/SES175/SA175S28	SES175	4.49576	-61.4878	-65.9835
BLOCK17/SES177/SA177S15	SES177	2.10944	-63.0724	-65.1818
BLOCK17/SES177/SA177S17	SES177	2.5404	-62.5781	-65.1185
BLOCK17/SES177/SA177S23	SES177	2.87003	-63.1145	-65.9846
BLOCK17/SES177/SA177S26	SES177	3.65979	-60.2955	-63.9553
BLOCK17/SES177/SA177S28	SES177	3.51385	-60.9431	-64.4569
BLOCK18/SES180/SA180S13	SES180	3.20898	-62.5897	-65.7987
BLOCK18/SES180/SA180S15	SES180	2.25488	-63.2342	-65.489
BLOCK18/SES180/SA180S24	SES180	3.23905	-61.2984	-64.5375
BLOCK18/SES180/SA180S26	SES180	2.71786	-61.8669	-64.5848
BLOCK18/SES180/SA180S29	SES180	3.83863	-62.6995	-66.5382
BLOCK18/SES183/SA183S13	SES183	2.62122	-63.5687	-66.19
BLOCK18/SES183/SA183S14	SES183	2.06373	-63.4324	-65.4961
BLOCK18/SES183/SA183S24	SES183	3.00962	-63.6475	-66.6572
BLOCK18/SES183/SA183S27	SES183	2.92077	-62.465	-65.3858
BLOCK18/SES183/SA183S29	SES183	2.84676	-62.3936	-65.2404
BLOCK18/SES187/SA187S13	SES187	5.61267	-62.7263	-68.339
BLOCK18/SES187/SA187S14	SES187	3.47147	-63.305	-66.7765
BLOCK18/SES187/SA187S24	SES187	6.32757	-62.3751	-68.7027
BLOCK18/SES187/SA187S27	SES187	4.83598	-61.8728	-66.7087
BLOCK18/SES187/SA187S29	SES187	5.00038	-62.6375	-67.6379
BLOCK18/SES189/SA189S10	SES189	7.34391	-63.8833	-71.2272
BLOCK18/SES189/SA189S13	SES189	8.06422	-64.329	-72.3932
BLOCK18/SES189/SA189S24	SES189	8.69994	-63.314	-72.0139
BLOCK18/SES189/SA189S26	SES189	6.21817	-63.3638	-69.582
BLOCK18/SES189/SA189S29	SES189	7.2639	-62.953	-70.2169
BLOCK20/SES202/SA202S12	SES202	3.91539	-63.6309	-67.5463
BLOCK20/SES202/SA202S14	SES202	6.602	-60.4895	-67.0915
BLOCK20/SES202/SA202S24	SES202	4.91917	-62.0683	-66.9875
BLOCK20/SES202/SA202S27	SES202	5.37521	-60.3724	-65.7476
BLOCK20/SES202/SA202S29	SES202	6.30364	-60.4812	-66.7849
BLOCK20/SES206/SA206S15	SES206	1.97077	-61.3797	-63.3504
BLOCK20/SES206/SA206S17	SES206	4.03636	-59.2139	-63.2503
BLOCK20/SES206/SA206S24	SES206	3.45921	-59.8006	-63.2598
BLOCK20/SES206/SA206S27	SES206	3.46776	-59.9262	-63.3939
BLOCK20/SES206/SA206S29	SES206	3.03048	-59.0605	-62.0909
BLOCK22/SES226/SA226S12	SES226	3.17066	-61.7912	-64.9619
BLOCK22/SES226/SA226S13	SES226	0.557728	-63.0828	-63.6405
BLOCK22/SES226/SA226S20	SES226	2.50541	-61.9245	-64.4299
BLOCK22/SES226/SA226S23	SES226	2.82846	-61.289	-64.1175
BLOCK22/SES226/SA226S28	SES226	3.20363	-60.7578	-63.9614
BLOCK25/SES259/SA259S13	SES259	4.2361	-59.5308	-63.7668
BLOCK25/SES259/SA259S14	SES259	3.1548	-60.1792	-63.334
BLOCK25/SES259/SA259S22	SES259	2.79687	-60.5424	-63.3393
BLOCK25/SES259/SA259S24	SES259	3.19617	-59.2586	-62.4548
BLOCK25/SES259/SA259S28	SES259	2.9732	-60.0107	-62.9839
BLOCK27/SES270/SA270S14	SES270	3.42415	-61.4621	-64.8862
BLOCK27/SES270/SA270S16	SES270	2.51989	-61.755	-64.2749
BLOCK27/SES270/SA270S22	SES270	3.9532	-60.773	-64.7262
BLOCK27/SES270/SA270S26	SES270	2.56842	-62.5079	-65.0763
BLOCK27/SES270/SA270S28	SES270	2.85348	-61.2127	-64.0662
BLOCK27/SES275/SA275S17	SES275	3.13962	-62.7003	-65.8399
BLOCK27/SES275/SA275S18	SES275	3.10052	-62.9433	-66.0438
BLOCK27/SES275/SA275S24	SES275	2.89553	-63.7761	-66.6716
BLOCK27/SES275/SA275S26	SES275	3.42564	-61.9924	-65.418
BLOCK27/SES275/SA275S28	SES275	2.47992	-62.5347	-65.0146
BLOCK29/SES292/SA292S10	SES292	2.59432	-62.8405	-65.4348
BLOCK29/SES292/SA292S12	SES292	2.60576	-64.0102	-66.6159
BLOCK29/SES292/SA292S22	SES292	3.66641	-61.7033	-65.3697
BLOCK29/SES292/SA292S24	SES292	2.30812	-62.8254	-65.1335
BLOCK29/SES292/SA292S27	SES292	2.68094	-62.1451	-64.826
BLOCK00/SES001/SA001S14	SES062	-0.808586	-66.3702	-65.5616
BLOCK00/SES001/SA001S14	SES082	-2.04072	-67.6023	-65.5616
BLOCK00/SES001/SA001S14	SES106	-2.40108	-67.9627	-65.5616
BLOCK00/SES001/SA001S14	SES206	-3.92644	-69.488	-65.5616
BLOCK00/SES001/SA001S15	SES062	-1.5816	-65.9616	-64.38
BLOCK00/SES001/SA001S15	SES104	-2.38448	-66.7645	-64.38
BLOCK00/SES001/SA001S15	SES106	-1.79692	-66.1769	-64.38
BLOCK00/SES001/SA001S15	SES206	-3.57133	-67.9514	-64.38
BLOCK00/SES001/SA001S24	SES062	-1.94391	-67.5439	-65.6
BLOCK00/SES001/SA001S24	SES082	-2.98326	-68.5832	-65.6
BLOCK00/SES001/SA001S24	SES087	-3.50404	-69.104	-65.6
BLOCK00/SES001/SA001S24	SES206	-3.42711	-69.0271	-65.6
BLOCK00/SES001/SA001S27	SES062	-1.28492	-64.8194	-63.5344
BLOCK00/SES001/SA001S27	SES082	-3.04972	-66.5842	-63.5344
BLOCK00/SES001/SA001S27	SES087	-3.41574	-66.9502	-63.5344
BLOCK00/SES001/SA001S27	SES206	-3.49797	-67.0324	-63.5344
BLOCK00/SES001/SA001S29	SES062	-1.26575	-66.7489	-65.4832
BLOCK00/SES001/SA001S29	SES082	-2.24445	-67.7276	-65.4832
BLOCK00/SES001/SA001S29	SES158	-0.930489	-66.4137	-65.4832
BLOCK00/SES001/SA001S29	SES206	-5.07729	-70.5605	-65.4832
BLOCK00/SES003/SA003S11	SES002	-0.69136	-65.0531	-64.3618
BLOCK00/SES003/SA003S11	SES019	-0.799789	-65.1616	-64.3618
BLOCK00/SES003/SA003S11	SES082	0.701458	-63.6603	-64.3618
BLOCK00/SES003/SA003S11	SES125	-0.701942	-65.0637	-64.3618
BLOCK00/SES003/SA003S15	SES016	-3.10527	-66.8354	-63.7301
BLOCK00/SES003/SA003S15	SES019	-0.823193	-64.5533	-63.7301
BLOCK00/SES003/SA003S15	SES062	-1.75725	-65.4874	-63.7301
BLOCK00/SES003/SA003S15	SES206	-0.793941	-64.5241	-63.7301
BLOCK00/SES003/SA003S22	SES002	-2.1157	-66.2949	-64.1792
BLOCK00/SES003/SA003S22	SES062	-0.476845	-64.6561	-64.1792
BLOCK00/SES003/SA003S22	SES082	0.34322	-63.836	-64.1792
BLOCK00/SES003/SA003S22	SES087	-1.51688	-65.6961	-64.1792
BLOCK00/SES003/SA003S25	SES062	-1.17537	-66.4579	-65.2825
BLOCK00/SES003/SA003S25	SES082	0.353294	-64.9292	-65.2825
BLOCK00/SES003/SA003S25	SES087	-0.821411	-66.1039	-65.2825
BLOCK00/SES003/SA003S25	SES206	-1.6628	-66.9453	-65.2825
BLOCK00/SES003/SA003S29	SES002	-2.24392	-66.4149	-64.171
BLOCK00/SES003/SA003S29	SES062	-1.92719	-66.0982	-64.171
BLOCK00/SES003/SA003S29	SES082	-0.403282	-64.5743	-64.171
BLOCK00/SES003/SA003S29	SES087	-1.99434	-66.1653	-64.171
BLOCK00/SES004/SA004S12	SES083	-0.664566	-67.1691	-66.5045
BLOCK00/SES004/SA004S12	SES148	0.378159	-66.1264	-66.5045
BLOCK00/SES004/SA004S12	SES172	-0.212082	-66.7166	-66.5045
BLOCK00/SES004/SA004S12	SES292	-0.670311	-67.1748	-66.5045
BLOCK00/SES004/SA004S17	SES083	-0.411201	-66.9096	-66.4984
BLOCK00/SES004/SA004S17	SES162	-0.21611	-66.7145	-66.4984
BLOCK00/SES004/SA004S17	SES172	-0.614784	-67.1132	-66.4984
BLOCK00/SES004/SA004S17	SES292	-0.293816	-66.7922	-66.4984
BLOCK00/SES004/SA004S24	SES083	-0.0131454	-66.0609	-66.0478
BLOCK00/SES004/SA004S24	SES148	-0.334129	-66.3819	-66.0478
BLOCK00/SES004/SA004S24	SES172	-0.0865936	-66.1344	-66.0478
BLOCK00/SES004/SA004S24	SES292	0.174728	-65.8731	-66.0478
BLOCK00/SES004/SA004S26	SES083	0.538353	-65.6052	-66.1436
BLOCK00/SES004/SA004S26	SES127	0.380829	-65.7627	-66.1436
BLOCK00/SES004/SA004S26	SES148	-0.33828	-66.4818	-66.1436
BLOCK00/SES004/SA004S26	SES292	-0.0743713	-66.2179	-66.1436
BLOCK00/SES004/SA004S28	SES083	0.728485	-65.4589	-66.1873
BLOCK00/SES004/SA004S28	SES127	0.684219	-65.5031	-66.1873
BLOCK00/SES004/SA004S28	SES187	1.31919	-64.8682	-66.1873
BLOCK00/SES004/SA004S28	SES292	-0.235039	-66.4224	-66.1873
BLOCK00/SES006/SA006S10	SES014	-2.90823	-68.5771	-65.6689
BLOCK00/SES006/SA006S10	SES158	-0.693489	-66.3624	-65.6689
BLOCK00/SES006/SA006S10	SES226	-3.9034	-69.5723	-65.6689
BLOCK00/SES006/SA006S10	SES270	-0.217064	-65.8859	-65.6689
BLOCK00/SES006/SA006S11	SES158	-0.947227	-66.5554	-65.6081
BLOCK00/SES006/SA006S11	SES226	-2.86011	-68.4682	-65.6081
BLOCK00/SES006/SA006S11	SES270	-0.359009	-65.9671	-65.6081
BLOCK00/SES006/SA006S11	SES275	-3.89891	-69.507	-65.6081
BLOCK00/SES006/SA006S23	SES062	-1.7657	-65.7504	-63.9847
BLOCK00/SES006/SA006S23	SES105	-1.64259	-65.6273	-63.9847
BLOCK00/SES006/SA006S23	SES158	-0.571419	-64.5562	-63.9847
BLOCK00/SES006/SA006S23	SES275	-2.44986	-66.4346	-63.9847
BLOCK00/SES006/SA006S26	SES104	-2.84652	-66.9701	-64.1236
BLOCK00/SES006/SA006S26	SES158	-0.52562	-64.6492	-64.1236
BLOCK00/SES006/SA006S26	SES270	-0.138939	-64.2625	-64.1236
BLOCK00/SES006/SA006S26	SES275	-3.6798	-67.8034	-64.1236
BLOCK00/SES006/SA006S28	SES007	-2.88682	-68.3601	-65.4732
BLOCK00/SES006/SA006S28	SES105	-1.98301	-67.4563	-65.4732
BLOCK00/SES006/SA006S28	SES158	-1.12984	-66.6031	-65.4732
BLOCK00/SES006/SA006S28	SES275	-3.93201	-69.4053	-65.4732
BLOCK00/SES009/SA009S12	SES083	-0.104843	-65.3444	-65.2395
BLOCK00/SES009/SA009S12	SES148	0.354591	-64.8849	-65.2395
BLOCK00/SES009/SA009S12	SES177	-0.498711	-65.7383	-65.2395
BLOCK00/SES009/SA009S12	SES292	1.28664	-63.9529	-65.2395
BLOCK00/SES009/SA009S15	SES007	3.25203	-61.7775	-65.0295
BLOCK00/SES009/SA009S15	SES099	-7.59928	-72.6288	-65.0295
BLOCK00/SES009/SA009S15	SES148	0.44828	-64.5813	-65.0295
BLOCK00/SES009/SA009S15	SES172	0.957245	-64.0723	-65.0295
BLOCK00/SES009/SA009S24	SES146	1.57773	-63.5789	-65.1566
BLOCK00/SES009/SA009S24	SES148	0.530884	-64.6257	-65.1566
BLOCK00/SES009/SA009S24	SES177	0.716568	-64.44	-65.1566
BLOCK00/SES009/SA009S24	SES292	1.29618	-63.8604	-65.1566
BLOCK00/SES009/SA009S26	SES083	-0.506638	-65.5812	-65.0746
BLOCK00/SES009/SA009S26	SES101	-0.242676	-65.3172	-65.0746
BLOCK00/SES009/SA009S26	SES120	0.267395	-64.8072	-65.0746
BLOCK00/SES009/SA009S26	SES177	-0.920692	-65.9953	-65.0746
BLOCK00/SES009/SA009S29	SES083	0.253471	-64.4396	-64.693
BLOCK00/SES009/SA009S29	SES101	0.50222	-64.1908	-64.693
BLOCK00/SES009/SA009S29	SES177	-0.272377	-64.9654	-64.693
BLOCK00/SES009/SA009S29	SES292	1.29533	-63.3977	-64.693
BLOCK01/SES011/SA011S10	SES019	0.534462	-63.6093	-64.1438
BLOCK01/SES011/SA011S10	SES042	0.499218	-63.6445	-64.1438
BLOCK01/SES011/SA011S10	SES082	-0.67981	-64.8236	-64.1438
BLOCK01/SES011/SA011S10	SES206	0.390945	-63.7528	-64.1438
BLOCK01/SES011/SA011S11	SES019	0.107986	-64.718	-64.826
BLOCK01/SES011/SA011S11	SES042	-0.452583	-65.2785	-64.826
BLOCK01/SES011/SA011S11	SES082	-1.53261	-66.3586	-64.826
BLOCK01/SES011/SA011S11	SES206	0.448456	-64.3775	-64.826
BLOCK01/SES011/SA011S22	SES019	0.341873	-64.3513	-64.6932
BLOCK01/SES011/SA011S22	SES042	-0.0167465	-64.7099	-64.6932
BLOCK01/SES011/SA011S22	SES082	-0.45771	-65.1509	-64.6932
BLOCK01/SES011/SA011S22	SES206	-0.452347	-65.1455	-64.6932
BLOCK01/SES011/SA011S24	SES019	0.02425	-63.5834	-63.6077
BLOCK01/SES011/SA011S24	SES042	0.432671	-63.175	-63.6077
BLOCK01/SES011/SA011S24	SES104	-0.480244	-64.0879	-63.6077
BLOCK01/SES011/SA011S24	SES206	0.263191	-63.3445	-63.6077
BLOCK01/SES011/SA011S27	SES082	0.742252	-63.1526	-63.8948
BLOCK01/SES011/SA011S27	SES087	-0.585968	-64.4808	-63.8948
BLOCK01/SES011/SA011S27	SES125	0.492134	-63.4027	-63.8948
BLOCK01/SES011/SA011S27	SES206	0.502747	-63.3921	-63.8948
BLOCK01/SES012/SA012S11	SES007	-1.53389	-64.0766	-62.5427
BLOCK01/SES012/SA012S11	SES082	-0.230381	-62.7731	-62.5427
BLOCK01/SES012/SA012S11	SES083	-1.69035	-64.233	-62.5427
BLOCK01/SES012/SA012S11	SES206	1.20747	-61.3352	-62.5427
BLOCK01/SES012/SA012S14	SES082	-0.252628	-63.6999	-63.4473
BLOCK01/SES012/SA012S14	SES087	-0.4795	-63.9268	-63.4473
BLOCK01/SES012/SA012S14	SES206	0.44413	-63.0032	-63.4473
BLOCK01/SES012/SA012S14	SES292	-3.19491	-66.6422	-63.4473
BLOCK01/SES012/SA012S24	SES082	0.990559	-62.8796	-63.8701
BLOCK01/SES012/SA012S24	SES087	-0.358849	-64.229	-63.8701
BLOCK01/SES012/SA012S24	SES120	-3.29971	-67.1698	-63.8701
BLOCK01/SES012/SA012S24	SES206	0.774574	-63.0956	-63.8701
BLOCK01/SES012/SA012S26	SES019	-1.3111	-64.412	-63.1009
BLOCK01/SES012/SA012S26	SES082	-0.495995	-63.5969	-63.1009
BLOCK01/SES012/SA012S26	SES206	0.887108	-62.2138	-63.1009
BLOCK01/SES012/SA012S26	SES292	-2.50934	-65.6102	-63.1009
BLOCK01/SES012/SA012S29	SES062	-0.869362	-63.7234	-62.854
BLOCK01/SES012/SA012S29	SES082	0.0826302	-62.7714	-62.854
BLOCK01/SES012/SA012S29	SES083	-1.63733	-64.4913	-62.854
BLOCK01/SES012/SA012S29	SES206	0.813454	-62.0406	-62.854
BLOCK01/SES013/SA013S16	SES062	-3.20278	-66.9503	-63.7475
BLOCK01/SES013/SA013S16	SES106	-0.0684013	-63.8159	-63.7475
BLOCK01/SES013/SA013S16	SES206	-0.459152	-64.2066	-63.7475
BLOCK01/SES013/SA013S16	SES226	0.256016	-63.4915	-63.7475
BLOCK01/SES013/SA013S17	SES062	-2.91753	-65.8048	-62.8873
BLOCK01/SES013/SA013S17	SES106	-0.329468	-63.2168	-62.8873
BLOCK01/SES013/SA013S17	SES206	0.580688	-62.3066	-62.8873
BLOCK01/SES013/SA013S17	SES226	1.13637	-61.7509	-62.8873
BLOCK01/SES013/SA013S23	SES104	-0.997456	-64.6075	-63.61
BLOCK01/SES013/SA013S23	SES106	0.0873718	-63.5227	-63.61
BLOCK01/SES013/SA013S23	SES206	-0.124645	-63.7347	-63.61
BLOCK01/SES013/SA013S23	SES270	0.57671	-63.0333	-63.61
BLOCK01/SES013/SA013S25	SES042	-0.92255	-63.9171	-62.9946
BLOCK01/SES013/SA013S25	SES104	-0.612843	-63.6074	-62.9946
BLOCK01/SES013/SA013S25	SES106	0.124767	-62.8698	-62.9946
BLOCK01/SES013/SA013S25	SES206	-0.282078	-63.2767	-62.9946
BLOCK01/SES013/SA013S29	SES062	-3.41055	-66.8333	-63.4228
BLOCK01/SES013/SA013S29	SES104	-0.652073	-64.0748	-63.4228
BLOCK01/SES013/SA013S29	SES106	0.349915	-63.0728	-63.4228
BLOCK01/SES013/SA013S29	SES206	-0.184395	-63.6072	-63.4228
BLOCK02/SES021/SA021S13	SES016	-2.8735	-66.2724	-63.3989
BLOCK02/SES021/SA021S13	SES029	-1.86161	-65.2605	-63.3989
BLOCK02/SES021/SA021S13	SES087	-0.986485	-64.3854	-63.3989
BLOCK02/SES021/SA021S13	SES206	0.389797	-63.0091	-63.3989
BLOCK02/SES021/SA021S15	SES087	0.338207	-61.8744	-62.2126
BLOCK02/SES021/SA021S15	SES125	1.21024	-61.0023	-62.2126
BLOCK02/SES021/SA021S15	SES206	1.13057	-61.082	-62.2126
BLOCK02/SES021/SA021S15	SES226	0.566017	-61.6466	-62.2126
BLOCK02/SES021/SA021S23	SES062	-1.94951	-66.7749	-64.8254
BLOCK02/SES021/SA021S23	SES087	-0.331116	-65.1565	-64.8254
BLOCK02/SES021/SA021S23	SES206	-0.361588	-65.187	-64.8254
BLOCK02/SES021/SA021S23	SES226	0.64045	-64.185	-64.8254
BLOCK02/SES021/SA021S27	SES002	-0.595703	-64.2077	-63.612
BLOCK02/SES021/SA021S27	SES016	-2.85756	-66.4695	-63.612
BLOCK02/SES021/SA021S27	SES019	-0.725098	-64.3371	-63.612
BLOCK02/SES021/SA021S27	SES062	0.359356	-63.2526	-63.612
BLOCK02/SES021/SA021S29	SES087	-0.138939	-63.2881	-63.1491
BLOCK02/SES021/SA021S29	SES125	0.647842	-62.5013	-63.1491
BLOCK02/SES021/SA021S29	SES206	0.535793	-62.6133	-63.1491
BLOCK02/SES021/SA021S29	SES226	0.70562	-62.4435	-63.1491
BLOCK04/SES043/SA043S09	SES083	-1.06208	-68.1775	-67.1154
BLOCK04/SES043/SA043S09	SES101	-1.45972	-68.5751	-67.1154
BLOCK04/SES043/SA043S09	SES144	1.45993	-65.6554	-67.1154
BLOCK04/SES043/SA043S09	SES172	-3.17277	-70.2881	-67.1154
BLOCK04/SES043/SA043S11	SES083	0.413025	-64.3638	-64.7769
BLOCK04/SES043/SA043S11	SES101	-0.7089	-65.4858	-64.7769
BLOCK04/SES043/SA043S11	SES144	1.08965	-63.6872	-64.7769
BLOCK04/SES043/SA043S11	SES172	-0.699829	-65.4767	-64.7769
BLOCK04/SES043/SA043S23	SES083	0.796349	-65.2803	-66.0767
BLOCK04/SES043/SA043S23	SES144	2.66743	-63.4092	-66.0767
BLOCK04/SES043/SA043S23	SES177	-1.20099	-67.2777	-66.0767
BLOCK04/SES043/SA043S23	SES275	1.38927	-64.6874	-66.0767
BLOCK04/SES043/SA043S26	SES083	0.486946	-64.7246	-65.2116
BLOCK04/SES043/SA043S26	SES101	-0.512711	-65.7243	-65.2116
BLOCK04/SES043/SA043S26	SES144	1.36461	-63.847	-65.2116
BLOCK04/SES043/SA043S26	SES177	-1.34016	-66.5517	-65.2116
BLOCK04/SES043/SA043S28	SES016	-0.023262	-64.649	-64.6257
BLOCK04/SES043/SA043S28	SES083	0.434204	-64.1915	-64.6257
BLOCK04/SES043/SA043S28	SES101	-0.0108566	-64.6366	-64.6257
BLOCK04/SES043/SA043S28	SES144	0.918873	-63.7069	-64.6257
BLOCK04/SES044/SA044S10	SES127	-2.53464	-70.7389	-68.2042
BLOCK04/SES044/SA044S10	SES144	0.233932	-67.9703	-68.2042
BLOCK04/SES044/SA044S10	SES147	-3.15701	-71.3613	-68.2042
BLOCK04/SES044/SA044S10	SES148	-2.47918	-70.6834	-68.2042
BLOCK04/SES044/SA044S11	SES101	-0.972038	-68.2407	-67.2687
BLOCK04/SES044/SA044S11	SES144	1.54504	-65.7236	-67.2687
BLOCK04/SES044/SA044S11	SES147	-1.68491	-68.9536	-67.2687
BLOCK04/SES044/SA044S11	SES177	-1.44367	-68.7124	-67.2687
BLOCK04/SES044/SA044S24	SES007	-2.15807	-68.6707	-66.5126
BLOCK04/SES044/SA044S24	SES101	-0.158394	-66.671	-66.5126
BLOCK04/SES044/SA044S24	SES147	-3.20776	-69.7204	-66.5126
BLOCK04/SES044/SA044S24	SES177	-1.48405	-67.9967	-66.5126
BLOCK04/SES044/SA044S26	SES007	-0.936211	-66.8543	-65.9181
BLOCK04/SES044/SA044S26	SES016	0.396942	-65.5212	-65.9181
BLOCK04/SES044/SA044S26	SES101	-0.497963	-66.4161	-65.9181
BLOCK04/SES044/SA044S26	SES147	-0.754265	-66.6724	-65.9181
BLOCK04/SES044/SA044S29	SES007	0.0568237	-65.7833	-65.8401
BLOCK04/SES044/SA044S29	SES101	1.40008	-64.44	-65.8401
BLOCK04/SES044/SA044S29	SES147	-0.577896	-66.418	-65.8401
BLOCK04/SES044/SA044S29	SES177	-0.401764	-66.2419	-65.8401
BLOCK04/SES046/SA046S13	SES101	-1.73725	-69.0512	-67.314
BLOCK04/SES046/SA046S13	SES144	0.889656	-66.4243	-67.314
BLOCK04/SES046/SA046S13	SES147	-0.94091	-68.2549	-67.314
BLOCK04/SES046/SA046S13	SES177	0.846603	-66.4674	-67.314
BLOCK04/SES046/SA046S15	SES048	-1.66991	-66.7437	-65.0738
BLOCK04/SES046/SA046S15	SES083	0.867744	-64.206	-65.0738
BLOCK04/SES046/SA046S15	SES120	-1.00926	-66.083	-65.0738
BLOCK04/SES046/SA046S15	SES148	0.123436	-64.9503	-65.0738
BLOCK04/SES046/SA046S22	SES101	0.669304	-65.7247	-66.394
BLOCK04/SES046/SA046S22	SES144	1.02449	-65.3696	-66.394
BLOCK04/SES046/SA046S22	SES147	-0.818634	-67.2127	-66.394
BLOCK04/SES046/SA046S22	SES172	-0.618393	-67.0124	-66.394
BLOCK04/SES046/SA046S25	SES083	-0.0575485	-65.7904	-65.7328
BLOCK04/SES046/SA046S25	SES127	-0.160873	-65.8937	-65.7328
BLOCK04/SES046/SA046S25	SES144	-0.115234	-65.848	-65.7328
BLOCK04/SES046/SA046S25	SES148	0.0107193	-65.7221	-65.7328
BLOCK04/SES046/SA046S28	SES007	-1.69308	-68.1801	-66.487
BLOCK04/SES046/SA046S28	SES105	-1.17609	-67.6631	-66.487
BLOCK04/SES046/SA046S28	SES147	-0.802002	-67.289	-66.487
BLOCK04/SES046/SA046S28	SES148	0.197998	-66.289	-66.487
BLOCK04/SES049/SA049S16	SES104	-0.431786	-65.4897	-65.0579
BLOCK04/SES049/SA049S16	SES106	-0.310059	-65.3679	-65.0579
BLOCK04/SES049/SA049S16	SES120	-2.27966	-67.3375	-65.0579
BLOCK04/SES049/SA049S16	SES206	-0.633308	-65.6912	-65.0579
BLOCK04/SES049/SA049S18	SES099	0.707962	-64.8083	-65.5163
BLOCK04/SES049/SA049S18	SES104	-1.12916	-66.6455	-65.5163
BLOCK04/SES049/SA049S18	SES125	-1.28656	-66.8029	-65.5163
BLOCK04/SES049/SA049S18	SES206	-1.15741	-66.6737	-65.5163
BLOCK04/SES049/SA049S25	SES087	-0.0383224	-64.7677	-64.7293
BLOCK04/SES049/SA049S25	SES104	0.473289	-64.2561	-64.7293
BLOCK04/SES049/SA049S25	SES125	-0.0527649	-64.7821	-64.7293
BLOCK04/SES049/SA049S25	SES206	0.375519	-64.3538	-64.7293
BLOCK04/SES049/SA049S27	SES099	-0.108433	-63.9743	-63.8659
BLOCK04/SES049/SA049S27	SES104	0.0560379	-63.8099	-63.8659
BLOCK04/SES049/SA049S27	SES125	-0.717098	-64.583	-63.8659
BLOCK04/SES049/SA049S27	SES206	-0.658115	-64.524	-63.8659
BLOCK04/SES049/SA049S29	SES099	0.297874	-63.3012	-63.5991
BLOCK04/SES049/SA049S29	SES104	0.965652	-62.6334	-63.5991
BLOCK04/SES049/SA049S29	SES125	0.140167	-63.4589	-63.5991
BLOCK04/SES049/SA049S29	SES206	0.978394	-62.6207	-63.5991
BLOCK06/SES063/SA063S09	SES068	0.711784	-65.1991	-65.9109
BLOCK06/SES063/SA063S09	SES083	1.92778	-63.9831	-65.9109
BLOCK06/SES063/SA063S09	SES177	1.16776	-64.7432	-65.9109
BLOCK06/SES063/SA063S09	SES187	0.96537	-64.9455	-65.9109
BLOCK06/SES063/SA063S10	SES068	-0.654297	-66.6219	-65.9676
BLOCK06/SES063/SA063S10	SES083	0.798981	-65.1686	-65.9676
BLOCK06/SES063/SA063S10	SES172	0.599319	-65.3683	-65.9676
BLOCK06/SES063/SA063S10	SES187	0.507553	-65.46	-65.9676
BLOCK06/SES063/SA063S20	SES068	-1.52222	-67.852	-66.3298
BLOCK06/SES063/SA063S20	SES083	0.938164	-65.3916	-66.3298
BLOCK06/SES063/SA063S20	SES172	0.644081	-65.6857	-66.3298
BLOCK06/SES063/SA063S20	SES187	1.79779	-64.532	-66.3298
BLOCK06/SES063/SA063S24	SES029	0.0696793	-65.3503	-65.42
BLOCK06/SES063/SA063S24	SES083	2.55579	-62.8642	-65.42
BLOCK06/SES063/SA063S24	SES177	1.13601	-64.284	-65.42
BLOCK06/SES063/SA063S24	SES189	1.77237	-63.6476	-65.42
BLOCK06/SES063/SA063S27	SES083	2.0442	-64.5903	-66.6345
BLOCK06/SES063/SA063S27	SES172	0.543846	-66.0907	-66.6345
BLOCK06/SES063/SA063S27	SES187	-0.184563	-66.8191	-66.6345
BLOCK06/SES063/SA063S27	SES292	-0.228149	-66.8627	-66.6345
BLOCK06/SES067/SA067S12	SES083	0.527328	-64.9166	-65.4439
BLOCK06/SES067/SA067S12	SES172	-1.64867	-67.0926	-65.4439
BLOCK06/SES067/SA067S12	SES202	2.20605	-63.2379	-65.4439
BLOCK06/SES067/SA067S12	SES292	0.055809	-65.3881	-65.4439
BLOCK06/SES067/SA067S14	SES085	-0.608391	-65.3106	-64.7022
BLOCK06/SES067/SA067S14	SES177	0.358803	-64.3434	-64.7022
BLOCK06/SES067/SA067S14	SES183	-0.70903	-65.4112	-64.7022
BLOCK06/SES067/SA067S14	SES202	1.28607	-63.4161	-64.7022
BLOCK06/SES067/SA067S21	SES144	0.924133	-65.5771	-66.5013
BLOCK06/SES067/SA067S21	SES177	1.13764	-65.3636	-66.5013
BLOCK06/SES067/SA067S21	SES183	-3.73158	-70.2328	-66.5013
BLOCK06/SES067/SA067S21	SES189	2.0593	-64.442	-66.5013
BLOCK06/SES067/SA067S25	SES085	1.23948	-64.6627	-65.9022
BLOCK06/SES067/SA067S25	SES177	0.574089	-65.3281	-65.9022
BLOCK06/SES067/SA067S25	SES183	-0.974373	-66.8766	-65.9022
BLOCK06/SES067/SA067S25	SES202	1.94739	-63.9548	-65.9022
BLOCK06/SES067/SA067S29	SES085	0.837692	-65.5385	-66.3761
BLOCK06/SES067/SA067S29	SES177	1.1186	-65.2575	-66.3761
BLOCK06/SES067/SA067S29	SES183	0.428673	-65.9475	-66.3761
BLOCK06/SES067/SA067S29	SES202	3.17393	-63.2022	-66.3761
BLOCK06/SES069/SA069S12	SES029	-1.76662	-65.5274	-63.7608
BLOCK06/SES069/SA069S12	SES082	0.654633	-63.1061	-63.7608
BLOCK06/SES069/SA069S12	SES087	-1.17469	-64.9354	-63.7608
BLOCK06/SES069/SA069S12	SES206	-0.73439	-64.4951	-63.7608
BLOCK06/SES069/SA069S13	SES029	-1.90563	-65.6817	-63.776
BLOCK06/SES069/SA069S13	SES087	-1.69327	-65.4693	-63.776
BLOCK06/SES069/SA069S13	SES206	-1.35408	-65.1301	-63.776
BLOCK06/SES069/SA069S13	SES226	-0.560104	-64.3361	-63.776
BLOCK06/SES069/SA069S23	SES029	0.190559	-62.7227	-62.9133
BLOCK06/SES069/SA069S23	SES087	-0.589989	-63.5033	-62.9133
BLOCK06/SES069/SA069S23	SES206	-0.060051	-62.9733	-62.9133
BLOCK06/SES069/SA069S23	SES226	1.28453	-61.6287	-62.9133
BLOCK06/SES069/SA069S25	SES087	-0.638481	-63.293	-62.6545
BLOCK06/SES069/SA069S25	SES206	-0.851395	-63.5059	-62.6545
BLOCK06/SES069/SA069S25	SES226	0.064106	-62.5904	-62.6545
BLOCK06/SES069/SA069S25	SES270	-0.281261	-62.9357	-62.6545
BLOCK06/SES069/SA069S27	SES087	-0.875778	-63.8981	-63.0224
BLOCK06/SES069/SA069S27	SES206	0.0805283	-62.9418	-63.0224
BLOCK06/SES069/SA069S27	SES226	1.3704	-61.652	-63.0224
BLOCK06/SES069/SA069S27	SES270	0.0978928	-62.9245	-63.0224
BLOCK08/SES081/SA081S11	SES060	0.836365	-65.2399	-66.0763
BLOCK08/SES081/SA081S11	SES062	-1.53578	-67.612	-66.0763
BLOCK08/SES081/SA081S11	SES117	0.348602	-65.7277	-66.0763
BLOCK08/SES081/SA081S11	SES162	0.668221	-65.408	-66.0763
BLOCK08/SES081/SA081S13	SES016	1.24179	-63.3001	-64.5419
BLOCK08/SES081/SA081S13	SES060	1.69444	-62.8475	-64.5419
BLOCK08/SES081/SA081S13	SES068	1.79845	-62.7435	-64.5419
BLOCK08/SES081/SA081S13	SES129	-0.495773	-65.0377	-64.5419
BLOCK08/SES081/SA081S24	SES060	0.907654	-64.3964	-65.3041
BLOCK08/SES081/SA081S24	SES068	0.0893326	-65.2148	-65.3041
BLOCK08/SES081/SA081S24	SES117	0.180672	-65.1234	-65.3041
BLOCK08/SES081/SA081S24	SES275	-0.779175	-66.0833	-65.3041
BLOCK08/SES081/SA081S27	SES007	-0.23542	-66.336	-66.1006
BLOCK08/SES081/SA081S27	SES060	1.17651	-64.9241	-66.1006
BLOCK08/SES081/SA081S27	SES117	2.05072	-64.0499	-66.1006
BLOCK08/SES081/SA081S27	SES275	-0.147491	-66.2481	-66.1006
BLOCK08/SES081/SA081S29	SES007	0.197845	-65.1181	-65.3159
BLOCK08/SES081/SA081S29	SES060	1.78422	-63.5317	-65.3159
BLOCK08/SES081/SA081S29	SES117	1.03439	-64.2815	-65.3159
BLOCK08/SES081/SA081S29	SES275	0.349373	-64.9666	-65.3159
BLOCK08/SES086/SA086S11	SES029	-3.88188	-69.3308	-65.449
BLOCK08/SES086/SA086S11	SES082	-1.32932	-66.7783	-65.449
BLOCK08/SES086/SA086S11	SES087	-0.385139	-65.8341	-65.449
BLOCK08/SES086/SA086S11	SES206	-1.49718	-66.9461	-65.449
BLOCK08/SES086/SA086S12	SES029	-2.88396	-67.6168	-64.7328
BLOCK08/SES086/SA086S12	SES082	-0.859459	-65.5923	-64.7328
BLOCK08/SES086/SA086S12	SES087	1.49415	-63.2387	-64.7328
BLOCK08/SES086/SA086S12	SES206	-0.174881	-64.9077	-64.7328
BLOCK08/SES086/SA086S20	SES029	-2.72129	-65.9063	-63.1851
BLOCK08/SES086/SA086S20	SES082	-0.855602	-64.0407	-63.1851
BLOCK08/SES086/SA086S20	SES087	1.59816	-61.5869	-63.1851
BLOCK08/SES086/SA086S20	SES206	0.991653	-62.1934	-63.1851
BLOCK08/SES086/SA086S24	SES087	1.26777	-63.0217	-64.2895
BLOCK08/SES086/SA086S24	SES104	-0.512856	-64.8023	-64.2895
BLOCK08/SES086/SA086S24	SES120	-3.16794	-67.4574	-64.2895
BLOCK08/SES086/SA086S24	SES206	0.838543	-63.4509	-64.2895
BLOCK08/SES086/SA086S28	SES029	-1.88862	-65.1976	-63.309
BLOCK08/SES086/SA086S28	SES082	-0.530327	-63.8393	-63.309
BLOCK08/SES086/SA086S28	SES087	0.975376	-62.3336	-63.309
BLOCK08/SES086/SA086S28	SES206	0.352627	-62.9564	-63.309
BLOCK08/SES089/SA089S13	SES087	-1.01028	-65.6975	-64.6872
BLOCK08/SES089/SA089S13	SES206	-1.44117	-66.1284	-64.6872
BLOCK08/SES089/SA089S13	SES226	-0.224892	-64.9121	-64.6872
BLOCK08/SES089/SA089S13	SES270	-1.60618	-66.2934	-64.6872
BLOCK08/SES089/SA089S14	SES062	-1.95188	-65.726	-63.7741
BLOCK08/SES089/SA089S14	SES087	-0.310211	-64.0843	-63.7741
BLOCK08/SES089/SA089S14	SES206	-0.927208	-64.7013	-63.7741
BLOCK08/SES089/SA089S14	SES226	-0.197517	-63.9716	-63.7741
BLOCK08/SES089/SA089S23	SES087	-1.1872	-67.034	-65.8468
BLOCK08/SES089/SA089S23	SES206	-1.70375	-67.5505	-65.8468
BLOCK08/SES089/SA089S23	SES226	0.0478058	-65.799	-65.8468
BLOCK08/SES089/SA089S23	SES270	-1.89699	-67.7438	-65.8468
BLOCK08/SES089/SA089S25	SES062	-1.52126	-66.3355	-64.8142
BLOCK08/SES089/SA089S25	SES087	0.572418	-64.2418	-64.8142
BLOCK08/SES089/SA089S25	SES206	-0.100677	-64.9149	-64.8142
BLOCK08/SES089/SA089S25	SES226	1.39832	-63.4159	-64.8142
BLOCK08/SES089/SA089S28	SES062	-1.57703	-66.3367	-64.7597
BLOCK08/SES089/SA089S28	SES087	0.386978	-64.3727	-64.7597
BLOCK08/SES089/SA089S28	SES206	0.0778198	-64.6818	-64.7597
BLOCK08/SES089/SA089S28	SES226	1.17575	-63.5839	-64.7597
BLOCK09/SES097/SA097S11	SES099	1.35881	-63.6389	-64.9977
BLOCK09/SES097/SA097S11	SES125	-0.973999	-65.9717	-64.9977
BLOCK09/SES097/SA097S11	SES206	0.0626755	-64.935	-64.9977
BLOCK09/SES097/SA097S11	SES226	0.811493	-64.1862	-64.9977
BLOCK09/SES097/SA097S14	SES062	-2.70612	-66.7776	-64.0715
BLOCK09/SES097/SA097S14	SES099	-0.526291	-64.5978	-64.0715
BLOCK09/SES097/SA097S14	SES104	-0.708397	-64.7799	-64.0715
BLOCK09/SES097/SA097S14	SES206	-1.19579	-65.2673	-64.0715
BLOCK09/SES097/SA097S22	SES099	0.875431	-63.4028	-64.2783
BLOCK09/SES097/SA097S22	SES206	-0.419922	-64.6982	-64.2783
BLOCK09/SES097/SA097S22	SES226	-0.326607	-64.6049	-64.2783
BLOCK09/SES097/SA097S22	SES270	1.04705	-63.2312	-64.2783
BLOCK09/SES097/SA097S26	SES099	0.685352	-62.9806	-63.666
BLOCK09/SES097/SA097S26	SES120	-2.11858	-65.7846	-63.666
BLOCK09/SES097/SA097S26	SES206	-0.100574	-63.7666	-63.666
BLOCK09/SES097/SA097S26	SES226	-0.815567	-64.4815	-63.666
BLOCK09/SES097/SA097S28	SES099	-0.12233	-64.2125	-64.0902
BLOCK09/SES097/SA097S28	SES120	-1.86633	-65.9565	-64.0902
BLOCK09/SES097/SA097S28	SES206	-0.848457	-64.9387	-64.0902
BLOCK09/SES097/SA097S28	SES226	-1.02341	-65.1136	-64.0902
BLOCK09/SES098/SA098S11	SES127	-1.83229	-69.3614	-67.5291
BLOCK09/SES098/SA098S11	SES144	-0.42588	-67.955	-67.5291
BLOCK09/SES098/SA098S11	SES147	1.27667	-66.2524	-67.5291
BLOCK09/SES098/SA098S11	SES148	-1.74664	-69.2757	-67.5291
BLOCK09/SES098/SA098S12	SES127	-3.21832	-73.425	-70.2067
BLOCK09/SES098/SA098S12	SES144	-0.0789185	-70.2856	-70.2067
BLOCK09/SES098/SA098S12	SES147	1.86142	-68.3452	-70.2067
BLOCK09/SES098/SA098S12	SES189	2.63305	-67.5736	-70.2067
BLOCK09/SES098/SA098S20	SES127	-3.32454	-71.7145	-68.3899
BLOCK09/SES098/SA098S20	SES147	2.06171	-66.3282	-68.3899
BLOCK09/SES098/SA098S20	SES148	-2.27779	-70.6677	-68.3899
BLOCK09/SES098/SA098S20	SES292	-1.55484	-69.9448	-68.3899
BLOCK09/SES098/SA098S23	SES127	-0.237244	-67.4305	-67.1932
BLOCK09/SES098/SA098S23	SES147	1.7478	-65.4454	-67.1932
BLOCK09/SES098/SA098S23	SES187	1.23579	-65.9574	-67.1932
BLOCK09/SES098/SA098S23	SES292	-0.688385	-67.8816	-67.1932
BLOCK09/SES098/SA098S27	SES127	0.0120392	-68.3583	-68.3703
BLOCK09/SES098/SA098S27	SES147	0.613564	-67.7568	-68.3703
BLOCK09/SES098/SA098S27	SES148	-1.72149	-70.0918	-68.3703
BLOCK09/SES098/SA098S27	SES292	-1.25275	-69.6231	-68.3703
BLOCK10/SES102/SA102S13	SES101	0.398865	-66.1799	-66.5788
BLOCK10/SES102/SA102S13	SES105	-0.245941	-66.8247	-66.5788
BLOCK10/SES102/SA102S13	SES120	-0.163414	-66.7422	-66.5788
BLOCK10/SES102/SA102S13	SES158	-6.57718	-73.156	-66.5788
BLOCK10/SES102/SA102S14	SES007	1.73076	-63.1877	-64.9184
BLOCK10/SES102/SA102S14	SES101	1.85015	-63.0683	-64.9184
BLOCK10/SES102/SA102S14	SES105	2.02142	-62.897	-64.9184
BLOCK10/SES102/SA102S14	SES147	-1.97141	-66.8898	-64.9184
BLOCK10/SES102/SA102S22	SES007	-0.271049	-64.5728	-64.3017
BLOCK10/SES102/SA102S22	SES101	0.969425	-63.3323	-64.3017
BLOCK10/SES102/SA102S22	SES105	0.459129	-63.8426	-64.3017
BLOCK10/SES102/SA102S22	SES158	-3.66172	-67.9634	-64.3017
BLOCK10/SES102/SA102S25	SES007	1.22013	-63.9422	-65.1624
BLOCK10/SES102/SA102S25	SES101	1.80896	-63.3534	-65.1624
BLOCK10/SES102/SA102S25	SES105	1.08859	-64.0738	-65.1624
BLOCK10/SES102/SA102S25	SES147	-3.40479	-68.5672	-65.1624
BLOCK10/SES102/SA102S27	SES007	0.2742	-65.3671	-65.6413
BLOCK10/SES102/SA102S27	SES101	0.657463	-64.9839	-65.6413
BLOCK10/SES102/SA102S27	SES105	0.415443	-65.2259	-65.6413
BLOCK10/SES102/SA102S27	SES147	-2.08165	-67.723	-65.6413
BLOCK10/SES103/SA103S14	SES105	-3.05112	-67.969	-64.9179
BLOCK10/SES103/SA103S14	SES106	-0.416435	-65.3343	-64.9179
BLOCK10/SES103/SA103S14	SES120	-3.62254	-68.5404	-64.9179
BLOCK10/SES103/SA103S14	SES206	-1.50668	-66.4245	-64.9179
BLOCK10/SES103/SA103S15	SES099	-0.665794	-66.4861	-65.8203
BLOCK10/SES103/SA103S15	SES101	-4.04685	-69.8671	-65.8203
BLOCK10/SES103/SA103S15	SES104	-1.41553	-67.2358	-65.8203
BLOCK10/SES103/SA103S15	SES125	-0.979149	-66.7994	-65.8203
BLOCK10/SES103/SA103S24	SES104	-1.46655	-65.4994	-64.0328
BLOCK10/SES103/SA103S24	SES125	-1.3487	-65.3815	-64.0328
BLOCK10/SES103/SA103S24	SES148	-3.74897	-67.7818	-64.0328
BLOCK10/SES103/SA103S24	SES158	-0.466339	-64.4992	-64.0328
BLOCK10/SES103/SA103S26	SES104	-1.68058	-67.3509	-65.6703
BLOCK10/SES103/SA103S26	SES106	-0.698425	-66.3687	-65.6703
BLOCK10/SES103/SA103S26	SES125	-1.48373	-67.154	-65.6703
BLOCK10/SES103/SA103S26	SES148	-3.5854	-69.2557	-65.6703
BLOCK10/SES103/SA103S28	SES104	-2.3505	-68.8151	-66.4646
BLOCK10/SES103/SA103S28	SES106	-1.09367	-67.5582	-66.4646
BLOCK10/SES103/SA103S28	SES125	-2.50439	-68.9689	-66.4646
BLOCK10/SES103/SA103S28	SES206	-3.37243	-69.837	-66.4646
BLOCK12/SES121/SA121S12	SES042	-2.2647	-68.5525	-66.2878
BLOCK12/SES121/SA121S12	SES087	-1.56811	-67.8559	-66.2878
BLOCK12/SES121/SA121S12	SES105	-1.64727	-67.9351	-66.2878
BLOCK12/SES121/SA121S12	SES206	-1.33401	-67.6218	-66.2878
BLOCK12/SES121/SA121S14	SES007	-4.01366	-70.341	-66.3273
BLOCK12/SES121/SA121S14	SES105	-2.63573	-68.9631	-66.3273
BLOCK12/SES121/SA121S14	SES106	-1.65343	-67.9808	-66.3273
BLOCK12/SES121/SA121S14	SES206	-2.31605	-68.6434	-66.3273
BLOCK12/SES121/SA121S23	SES105	-2.1322	-68.8657	-66.7335
BLOCK12/SES121/SA121S23	SES106	-0.841614	-67.5751	-66.7335
BLOCK12/SES121/SA121S23	SES120	-2.71343	-69.4469	-66.7335
BLOCK12/SES121/SA121S23	SES206	-1.48219	-68.2157	-66.7335
BLOCK12/SES121/SA121S25	SES007	-4.02216	-70.8953	-66.8732
BLOCK12/SES121/SA121S25	SES105	-3.0058	-69.879	-66.8732
BLOCK12/SES121/SA121S25	SES106	-1.96516	-68.8383	-66.8732
BLOCK12/SES121/SA121S25	SES206	-2.86664	-69.7398	-66.8732
BLOCK12/SES121/SA121S27	SES087	-0.335327	-66.5515	-66.2162
BLOCK12/SES121/SA121S27	SES105	-3.09895	-69.3151	-66.2162
BLOCK12/SES121/SA121S27	SES120	-1.76432	-67.9805	-66.2162
BLOCK12/SES121/SA121S27	SES206	-1.49363	-67.7098	-66.2162
BLOCK12/SES124/SA124S16	SES042	-0.450844	-64.8835	-64.4327
BLOCK12/SES124/SA124S16	SES082	-1.20259	-65.6353	-64.4327
BLOCK12/SES124/SA124S16	SES183	-4.26222	-68.6949	-64.4327
BLOCK12/SES124/SA124S16	SES206	-1.37722	-65.8099	-64.4327
BLOCK12/SES124/SA124S17	SES105	-2.4641	-68.1425	-65.6784
BLOCK12/SES124/SA124S17	SES149	-1.76153	-67.4399	-65.6784
BLOCK12/SES124/SA124S17	SES158	-1.77258	-67.451	-65.6784
BLOCK12/SES124/SA124S17	SES275	-4.46056	-70.139	-65.6784
BLOCK12/SES124/SA124S23	SES105	-1.97496	-64.9356	-62.9606
BLOCK12/SES124/SA124S23	SES125	1.14631	-61.8143	-62.9606
BLOCK12/SES124/SA124S23	SES129	-3.45257	-66.4132	-62.9606
BLOCK12/SES124/SA124S23	SES158	0.436916	-62.5237	-62.9606
BLOCK12/SES124/SA124S26	SES105	-2.70919	-66.8682	-64.159
BLOCK12/SES124/SA124S26	SES125	1.04031	-63.1187	-64.159
BLOCK12/SES124/SA124S26	SES129	-3.84058	-67.9996	-64.159
BLOCK12/SES124/SA124S26	SES158	0.0836945	-64.0753	-64.159
BLOCK12/SES124/SA124S28	SES104	0.86578	-63.0394	-63.9052
BLOCK12/SES124/SA124S28	SES106	0.741638	-63.1635	-63.9052
BLOCK12/SES124/SA124S28	SES125	1.15868	-62.7465	-63.9052
BLOCK12/SES124/SA124S28	SES275	-4.00806	-67.9132	-63.9052
BLOCK12/SES126/SA126S13	SES007	-2.70403	-69.7835	-67.0795
BLOCK12/SES126/SA126S13	SES162	-1.24958	-68.3291	-67.0795
BLOCK12/SES126/SA126S13	SES177	-0.369484	-67.449	-67.0795
BLOCK12/SES126/SA126S13	SES180	-1.62299	-68.7025	-67.0795
BLOCK12/SES126/SA126S14	SES144	0.692162	-65.2344	-65.9265
BLOCK12/SES126/SA126S14	SES148	-0.12455	-66.0511	-65.9265
BLOCK12/SES126/SA126S14	SES177	1.32343	-64.6031	-65.9265
BLOCK12/SES126/SA126S14	SES180	1.13397	-64.7925	-65.9265
BLOCK12/SES126/SA126S20	SES007	-1.5126	-68.1493	-66.6367
BLOCK12/SES126/SA126S20	SES162	-1.29662	-67.9333	-66.6367
BLOCK12/SES126/SA126S20	SES172	-5.02962	-71.6663	-66.6367
BLOCK12/SES126/SA126S20	SES180	-1.64776	-68.2844	-66.6367
BLOCK12/SES126/SA126S24	SES120	1.15487	-64.9852	-66.1401
BLOCK12/SES126/SA126S24	SES162	0.590294	-65.5498	-66.1401
BLOCK12/SES126/SA126S24	SES177	1.12576	-65.0143	-66.1401
BLOCK12/SES126/SA126S24	SES180	1.15762	-64.9824	-66.1401
BLOCK12/SES126/SA126S26	SES120	0.141548	-65.9909	-66.1325
BLOCK12/SES126/SA126S26	SES177	-0.0175705	-66.15	-66.1325
BLOCK12/SES126/SA126S26	SES180	-0.529289	-66.6618	-66.1325
BLOCK12/SES126/SA126S26	SES202	-1.70911	-67.8416	-66.1325
BLOCK12/SES128/SA128S10	SES087	-1.85471	-65.8367	-63.982
BLOCK12/SES128/SA128S10	SES206	-0.88427	-64.8662	-63.982
BLOCK12/SES128/SA128S10	SES226	-0.286156	-64.2681	-63.982
BLOCK12/SES128/SA128S10	SES270	-0.39576	-64.3777	-63.982
BLOCK12/SES128/SA128S12	SES120	-2.1097	-66.3513	-64.2416
BLOCK12/SES128/SA128S12	SES158	-0.669464	-64.9111	-64.2416
BLOCK12/SES128/SA128S12	SES206	-0.785225	-65.0268	-64.2416
BLOCK12/SES128/SA128S12	SES226	-0.505562	-64.7472	-64.2416
BLOCK12/SES128/SA128S21	SES106	-2.42988	-68.7459	-66.316
BLOCK12/SES128/SA128S21	SES120	-1.12699	-67.443	-66.316
BLOCK12/SES128/SA128S21	SES206	-2.11675	-68.4328	-66.316
BLOCK12/SES128/SA128S21	SES226	-1.18912	-67.5051	-66.316
BLOCK12/SES128/SA128S24	SES087	-2.79414	-68.2921	-65.498
BLOCK12/SES128/SA128S24	SES120	-0.719345	-66.2173	-65.498
BLOCK12/SES128/SA128S24	SES206	-2.56909	-68.0671	-65.498
BLOCK12/SES128/SA128S24	SES226	-1.70184	-67.1998	-65.498
BLOCK12/SES128/SA128S27	SES099	-1.62359	-65.5829	-63.9593
BLOCK12/SES128/SA128S27	SES120	-1.20095	-65.1602	-63.9593
BLOCK12/SES128/SA128S27	SES206	-2.08136	-66.0406	-63.9593
BLOCK12/SES128/SA128S27	SES226	-0.820919	-64.7802	-63.9593
BLOCK13/SES130/SA130S13	SES143	-1.6698	-69.4525	-67.7827
BLOCK13/SES130/SA130S13	SES144	1.60671	-66.176	-67.7827
BLOCK13/SES130/SA130S13	SES146	1.03568	-66.747	-67.7827
BLOCK13/SES130/SA130S13	SES275	-2.35056	-70.1333	-67.7827
BLOCK13/SES130/SA130S15	SES143	-0.771591	-66.8377	-66.0661
BLOCK13/SES130/SA130S15	SES144	1.57159	-64.4945	-66.0661
BLOCK13/SES130/SA130S15	SES146	1.22704	-64.8391	-66.0661
BLOCK13/SES130/SA130S15	SES275	0.582855	-65.4833	-66.0661
BLOCK13/SES130/SA130S23	SES127	-1.74948	-69.1186	-67.3691
BLOCK13/SES130/SA130S23	SES144	0.914955	-66.4541	-67.3691
BLOCK13/SES130/SA130S23	SES146	0.890205	-66.4789	-67.3691
BLOCK13/SES130/SA130S23	SES162	-0.338524	-67.7076	-67.3691
BLOCK13/SES130/SA130S25	SES127	-1.11053	-66.548	-65.4375
BLOCK13/SES130/SA130S25	SES144	1.59534	-63.8422	-65.4375
BLOCK13/SES130/SA130S25	SES146	0.828926	-64.6086	-65.4375
BLOCK13/SES130/SA130S25	SES275	1.09219	-64.3453	-65.4375
BLOCK13/SES130/SA130S28	SES127	0.172661	-66.2607	-66.4334
BLOCK13/SES130/SA130S28	SES144	1.67668	-64.7567	-66.4334
BLOCK13/SES130/SA130S28	SES146	1.01544	-65.418	-66.4334
BLOCK13/SES130/SA130S28	SES275	1.7601	-64.6733	-66.4334
BLOCK13/SES131/SA131S13	SES002	-2.22964	-68.5168	-66.2871
BLOCK13/SES131/SA131S13	SES007	-4.55991	-70.847	-66.2871
BLOCK13/SES131/SA131S13	SES099	-1.69233	-67.9795	-66.2871
BLOCK13/SES131/SA131S13	SES105	-2.71245	-68.9996	-66.2871
BLOCK13/SES131/SA131S14	SES104	-0.688637	-64.9862	-64.2976
BLOCK13/SES131/SA131S14	SES106	-0.381821	-64.6794	-64.2976
BLOCK13/SES131/SA131S14	SES125	-1.06886	-65.3664	-64.2976
BLOCK13/SES131/SA131S14	SES148	-2.30062	-66.5982	-64.2976
BLOCK13/SES131/SA131S20	SES104	-2.14384	-67.6746	-65.5308
BLOCK13/SES131/SA131S20	SES106	-1.01231	-66.5431	-65.5308
BLOCK13/SES131/SA131S20	SES125	-1.84604	-67.3768	-65.5308
BLOCK13/SES131/SA131S20	SES148	-4.27855	-69.8093	-65.5308
BLOCK13/SES131/SA131S22	SES099	-1.34705	-65.83	-64.4829
BLOCK13/SES131/SA131S22	SES104	-1.8266	-66.3095	-64.4829
BLOCK13/SES131/SA131S22	SES125	-1.56216	-66.0451	-64.4829
BLOCK13/SES131/SA131S22	SES206	-2.05463	-66.5375	-64.4829
BLOCK13/SES131/SA131S29	SES087	-1.79585	-66.8769	-65.081
BLOCK13/SES131/SA131S29	SES104	-2.44168	-67.5227	-65.081
BLOCK13/SES131/SA131S29	SES125	-2.05632	-67.1373	-65.081
BLOCK13/SES131/SA131S29	SES206	-1.91947	-67.0005	-65.081
BLOCK13/SES132/SA132S11	SES083	-0.268875	-65.2199	-64.9511
BLOCK13/SES132/SA132S11	SES120	0.917503	-64.0336	-64.9511
BLOCK13/SES132/SA132S11	SES127	0.398209	-64.5528	-64.9511
BLOCK13/SES132/SA132S11	SES275	0.152863	-64.7982	-64.9511
BLOCK13/SES132/SA132S12	SES083	-0.715668	-65.1954	-64.4797
BLOCK13/SES132/SA132S12	SES143	-0.25901	-64.7387	-64.4797
BLOCK13/SES132/SA132S12	SES144	-0.00156403	-64.4813	-64.4797
BLOCK13/SES132/SA132S12	SES148	-0.149818	-64.6295	-64.4797
BLOCK13/SES132/SA132S22	SES062	0.160614	-64.915	-65.0757
BLOCK13/SES132/SA132S22	SES083	0.61718	-64.4585	-65.0757
BLOCK13/SES132/SA132S22	SES127	0.654732	-64.4209	-65.0757
BLOCK13/SES132/SA132S22	SES275	0.140022	-64.9356	-65.0757
BLOCK13/SES132/SA132S24	SES007	0.77832	-64.1113	-64.8896
BLOCK13/SES132/SA132S24	SES083	-0.237328	-65.1269	-64.8896
BLOCK13/SES132/SA132S24	SES127	0.732841	-64.1568	-64.8896
BLOCK13/SES132/SA132S24	SES275	0.368004	-64.5216	-64.8896
BLOCK13/SES132/SA132S27	SES083	-0.6614	-66.0834	-65.422
BLOCK13/SES132/SA132S27	SES120	0.808685	-64.6133	-65.422
BLOCK13/SES132/SA132S27	SES127	-0.492508	-65.9145	-65.422
BLOCK13/SES132/SA132S27	SES275	-0.47998	-65.902	-65.422
BLOCK14/SES141/SA141S09	SES143	0.753632	-65.0298	-65.7834
BLOCK14/SES141/SA141S09	SES144	0.619774	-65.1636	-65.7834
BLOCK14/SES141/SA141S09	SES162	0.522392	-65.261	-65.7834
BLOCK14/SES141/SA141S09	SES180	0.288368	-65.495	-65.7834
BLOCK14/SES141/SA141S15	SES127	0.156693	-65.3183	-65.475
BLOCK14/SES141/SA141S15	SES144	-0.0465393	-65.5215	-65.475
BLOCK14/SES141/SA141S15	SES162	0.011055	-65.4639	-65.475
BLOCK14/SES141/SA141S15	SES180	0.65033	-64.8247	-65.475
BLOCK14/SES141/SA141S24	SES127	0.738258	-64.8597	-65.598
BLOCK14/SES141/SA141S24	SES144	-0.450943	-66.0489	-65.598
BLOCK14/SES141/SA141S24	SES162	1.54388	-64.0541	-65.598
BLOCK14/SES141/SA141S24	SES183	-0.719376	-66.3174	-65.598
BLOCK14/SES141/SA141S26	SES142	0.184196	-66.4832	-66.6674
BLOCK14/SES141/SA141S26	SES144	0.829208	-65.8382	-66.6674
BLOCK14/SES141/SA141S26	SES172	0.126633	-66.5408	-66.6674
BLOCK14/SES141/SA141S26	SES180	1.51601	-65.1514	-66.6674
BLOCK14/SES141/SA141S29	SES127	1.31872	-64.104	-65.4227
BLOCK14/SES141/SA141S29	SES142	1.55206	-63.8706	-65.4227
BLOCK14/SES141/SA141S29	SES144	0.970612	-64.4521	-65.4227
BLOCK14/SES141/SA141S29	SES180	1.18563	-64.2371	-65.4227
BLOCK15/SES157/SA157S08	SES083	-1.01212	-66.8858	-65.8737
BLOCK15/SES157/SA157S08	SES127	-0.528938	-66.4026	-65.8737
BLOCK15/SES157/SA157S08	SES148	0.359528	-65.5141	-65.8737
BLOCK15/SES157/SA157S08	SES292	-0.910851	-66.7845	-65.8737
BLOCK15/SES157/SA157S11	SES083	-0.908104	-66.754	-65.8458
BLOCK15/SES157/SA157S11	SES127	-1.28285	-67.1287	-65.8458
BLOCK15/SES157/SA157S11	SES148	0.359283	-65.4866	-65.8458
BLOCK15/SES157/SA157S11	SES292	-0.238312	-66.0842	-65.8458
BLOCK15/SES157/SA157S21	SES127	-1.55836	-66.3208	-64.7624
BLOCK15/SES157/SA157S21	SES148	0.503532	-64.2589	-64.7624
BLOCK15/SES157/SA157S21	SES158	-4.92532	-69.6877	-64.7624
BLOCK15/SES157/SA157S21	SES292	-0.20903	-64.9714	-64.7624
BLOCK15/SES157/SA157S24	SES127	0.210052	-65.8228	-66.0328
BLOCK15/SES157/SA157S24	SES148	1.07416	-64.9587	-66.0328
BLOCK15/SES157/SA157S24	SES183	0.344589	-65.6882	-66.0328
BLOCK15/SES157/SA157S24	SES292	0.139343	-65.8935	-66.0328
BLOCK15/SES157/SA157S26	SES007	0.743874	-64.7787	-65.5225
BLOCK15/SES157/SA157S26	SES127	0.566177	-64.9564	-65.5225
BLOCK15/SES157/SA157S26	SES147	-3.76662	-69.2892	-65.5225
BLOCK15/SES157/SA157S26	SES148	0.713638	-64.8089	-65.5225
BLOCK16/SES161/SA161S10	SES007	-2.78265	-68.8416	-66.059
BLOCK16/SES161/SA161S10	SES105	-1.18351	-67.2425	-66.059
BLOCK16/SES161/SA161S10	SES158	-2.14072	-68.1997	-66.059
BLOCK16/SES161/SA161S10	SES275	-1.97453	-68.0335	-66.059
BLOCK16/SES161/SA161S12	SES007	-1.54717	-66.9158	-65.3686
BLOCK16/SES161/SA161S12	SES105	-1.75996	-67.1285	-65.3686
BLOCK16/SES161/SA161S12	SES158	-1.42695	-66.7955	-65.3686
BLOCK16/SES161/SA161S12	SES275	-1.3977	-66.7663	-65.3686
BLOCK16/SES161/SA161S20	SES007	-2.60855	-69.5677	-66.9591
BLOCK16/SES161/SA161S20	SES105	-1.99956	-68.9587	-66.9591
BLOCK16/SES161/SA161S20	SES158	-1.51567	-68.4748	-66.9591
BLOCK16/SES161/SA161S20	SES275	-2.78705	-69.7462	-66.9591
BLOCK16/SES161/SA161S23	SES007	-2.44012	-67.5502	-65.1101
BLOCK16/SES161/SA161S23	SES105	-1.06406	-66.1742	-65.1101
BLOCK16/SES161/SA161S23	SES148	-2.78542	-67.8955	-65.1101
BLOCK16/SES161/SA161S23	SES158	-1.17718	-66.2873	-65.1101
BLOCK16/SES161/SA161S28	SES007	-3.30607	-68.4468	-65.1407
BLOCK16/SES161/SA161S28	SES105	-1.84724	-66.988	-65.1407
BLOCK16/SES161/SA161S28	SES158	-0.805824	-65.9465	-65.1407
BLOCK16/SES161/SA161S28	SES206	-2.80239	-67.9431	-65.1407
BLOCK16/SES164/SA164S11	SES104	-1.44761	-64.3794	-62.9318
BLOCK16/SES164/SA164S11	SES125	0.0572205	-62.8746	-62.9318
BLOCK16/SES164/SA164S11	SES158	-0.275444	-63.2073	-62.9318
BLOCK16/SES164/SA164S11	SES206	-0.91724	-63.8491	-62.9318
BLOCK16/SES164/SA164S13	SES099	-0.214134	-64.7019	-64.4878
BLOCK16/SES164/SA164S13	SES104	-1.67859	-66.1664	-64.4878
BLOCK16/SES164/SA164S13	SES125	-1.59503	-66.0828	-64.4878
BLOCK16/SES164/SA164S13	SES206	-1.29326	-65.781	-64.4878
BLOCK16/SES164/SA164S24	SES002	0.909016	-63.1357	-64.0447
BLOCK16/SES164/SA164S24	SES099	0.402889	-63.6418	-64.0447
BLOCK16/SES164/SA164S24	SES125	-0.755257	-64.7999	-64.0447
BLOCK16/SES164/SA164S24	SES226	-0.0918808	-64.1366	-64.0447
BLOCK16/SES164/SA164S27	SES087	-1.37151	-65.5221	-64.1505
BLOCK16/SES164/SA164S27	SES125	-0.699379	-64.8499	-64.1505
BLOCK16/SES164/SA164S27	SES206	-0.761177	-64.9117	-64.1505
BLOCK16/SES164/SA164S27	SES226	-0.517159	-64.6677	-64.1505
BLOCK16/SES164/SA164S29	SES002	0.636444	-62.9176	-63.5541
BLOCK16/SES164/SA164S29	SES019	-1.07114	-64.6252	-63.5541
BLOCK16/SES164/SA164S29	SES125	-0.791714	-64.3458	-63.5541
BLOCK16/SES164/SA164S29	SES226	-0.965229	-64.5193	-63.5541
BLOCK16/SES169/SA169S13	SES117	-0.442543	-66.4976	-66.0551
BLOCK16/SES169/SA169S13	SES144	0.588463	-65.4666	-66.0551
BLOCK16/SES169/SA169S13	SES146	-0.0774536	-66.1326	-66.0551
BLOCK16/SES169/SA169S13	SES162	-0.464928	-66.52	-66.0551
BLOCK16/SES169/SA169S14	SES144	1.07089	-63.6999	-64.7707
BLOCK16/SES169/SA169S14	SES148	0.228065	-64.5427	-64.7707
BLOCK16/SES169/SA169S14	SES177	-0.200958	-64.9717	-64.7707
BLOCK16/SES169/SA169S14	SES180	-2.5817	-67.3524	-64.7707
BLOCK16/SES169/SA169S24	SES117	-0.0947876	-66.5589	-66.4641
BLOCK16/SES169/SA169S24	SES144	0.731041	-65.733	-66.4641
BLOCK16/SES169/SA169S24	SES146	-0.0659943	-66.5301	-66.4641
BLOCK16/SES169/SA169S24	SES162	-0.812538	-67.2766	-66.4641
BLOCK16/SES169/SA169S27	SES127	-0.201607	-65.9657	-65.7641
BLOCK16/SES169/SA169S27	SES129	-0.119507	-65.8836	-65.7641
BLOCK16/SES169/SA169S27	SES144	0.146881	-65.6172	-65.7641
BLOCK16/SES169/SA169S27	SES146	0.540405	-65.2237	-65.7641
BLOCK16/SES169/SA169S29	SES144	0.654419	-64.2765	-64.9309
BLOCK16/SES169/SA169S29	SES162	-0.363762	-65.2946	-64.9309
BLOCK16/SES169/SA169S29	SES177	-1.63714	-66.568	-64.9309
BLOCK16/SES169/SA169S29	SES180	-1.00517	-65.9361	-64.9309
BLOCK17/SES171/SA171S12	SES083	-0.52356	-66.5984	-66.0748
BLOCK17/SES171/SA171S12	SES148	-0.509254	-66.5841	-66.0748
BLOCK17/SES171/SA171S12	SES172	-1.5192	-67.594	-66.0748
BLOCK17/SES171/SA171S12	SES292	-1.68372	-67.7586	-66.0748
BLOCK17/SES171/SA171S15	SES148	0.422928	-67.3808	-67.8037
BLOCK17/SES171/SA171S15	SES177	0.215904	-67.5878	-67.8037
BLOCK17/SES171/SA171S15	SES180	-2.51199	-70.3157	-67.8037
BLOCK17/SES171/SA171S15	SES292	-2.11711	-69.9208	-67.8037
BLOCK17/SES171/SA171S22	SES007	-0.96022	-66.0546	-65.0944
BLOCK17/SES171/SA171S22	SES148	0.472229	-64.6221	-65.0944
BLOCK17/SES171/SA171S22	SES177	0.552681	-64.5417	-65.0944
BLOCK17/SES171/SA171S22	SES180	-0.997993	-66.0924	-65.0944
BLOCK17/SES171/SA171S25	SES101	-1.55342	-70.0366	-68.4832
BLOCK17/SES171/SA171S25	SES120	-0.426773	-68.91	-68.4832
BLOCK17/SES171/SA171S25	SES177	1.47404	-67.0092	-68.4832
BLOCK17/SES171/SA171S25	SES180	-0.32003	-68.8032	-68.4832
BLOCK17/SES171/SA171S27	SES177	0.98719	-65.2385	-66.2257
BLOCK17/SES171/SA171S27	SES180	-1.00474	-67.2305	-66.2257
BLOCK17/SES171/SA171S27	SES189	0.84713	-65.3786	-66.2257
BLOCK17/SES171/SA171S27	SES292	-2.04407	-68.2698	-66.2257
BLOCK17/SES173/SA173S13	SES162	-0.258972	-68.8848	-68.6258
BLOCK17/SES173/SA173S13	SES177	-0.173462	-68.7992	-68.6258
BLOCK17/SES173/SA173S13	SES180	-0.855362	-69.4811	-68.6258
BLOCK17/SES173/SA173S13	SES292	-1.23935	-69.8651	-68.6258
BLOCK17/SES173/SA173S14	SES007	-2.53468	-70.7366	-68.2019
BLOCK17/SES173/SA173S14	SES162	-0.6315	-68.8334	-68.2019
BLOCK17/SES173/SA173S14	SES177	0.203217	-67.9987	-68.2019
BLOCK17/SES173/SA173S14	SES180	-1.43943	-69.6413	-68.2019
BLOCK17/SES173/SA173S24	SES144	0.516792	-69.0459	-69.5627
BLOCK17/SES173/SA173S24	SES162	-0.525185	-70.0879	-69.5627
BLOCK17/SES173/SA173S24	SES177	0.634644	-68.9281	-69.5627
BLOCK17/SES173/SA173S24	SES180	-0.426308	-69.989	-69.5627
BLOCK17/SES173/SA173S27	SES162	-0.88044	-69.5926	-68.7121
BLOCK17/SES173/SA173S27	SES177	0.196671	-68.5155	-68.7121
BLOCK17/SES173/SA173S27	SES180	0.43515	-68.277	-68.7121
BLOCK17/SES173/SA173S27	SES292	-1.75327	-70.4654	-68.7121
BLOCK17/SES173/SA173S29	SES162	0.424744	-68.6091	-69.0339
BLOCK17/SES173/SA173S29	SES175	1.59946	-67.4344	-69.0339
BLOCK17/SES173/SA173S29	SES177	1.24729	-67.7866	-69.0339
BLOCK17/SES173/SA173S29	SES292	-0.948334	-69.9822	-69.0339
BLOCK18/SES182/SA182S10	SES144	0.138863	-65.3938	-65.5326
BLOCK18/SES182/SA182S10	SES177	-0.536385	-66.069	-65.5326
BLOCK18/SES182/SA182S10	SES180	-1.33297	-66.8656	-65.5326
BLOCK18/SES182/SA182S10	SES275	0.294754	-65.2379	-65.5326
BLOCK18/SES182/SA182S12	SES144	0.746315	-64.4471	-65.1934
BLOCK18/SES182/SA182S12	SES177	0.122978	-65.0704	-65.1934
BLOCK18/SES182/SA182S12	SES180	-0.148285	-65.3417	-65.1934
BLOCK18/SES182/SA182S12	SES275	-0.513451	-65.7069	-65.1934
BLOCK18/SES182/SA182S21	SES117	0.768555	-66.3147	-67.0832
BLOCK18/SES182/SA182S21	SES144	0.0713577	-67.0119	-67.0832
BLOCK18/SES182/SA182S21	SES162	0.951675	-66.1315	-67.0832
BLOCK18/SES182/SA182S21	SES180	-0.212509	-67.2957	-67.0832
BLOCK18/SES182/SA182S23	SES117	0.0544281	-66.0388	-66.0932
BLOCK18/SES182/SA182S23	SES144	0.0411453	-66.0521	-66.0932
BLOCK18/SES182/SA182S23	SES180	-0.624924	-66.7181	-66.0932
BLOCK18/SES182/SA182S23	SES275	-0.974838	-67.068	-66.0932
BLOCK18/SES182/SA182S25	SES007	0.396675	-65.3593	-65.756
BLOCK18/SES182/SA182S25	SES162	0.383949	-65.3721	-65.756
BLOCK18/SES182/SA182S25	SES177	0.49366	-65.2624	-65.756
BLOCK18/SES182/SA182S25	SES180	-0.276138	-66.0322	-65.756
BLOCK18/SES184/SA184S12	SES177	-0.561096	-66.4763	-65.9152
BLOCK18/SES184/SA184S12	SES180	-0.212662	-66.1279	-65.9152
BLOCK18/SES184/SA184S12	SES189	-0.532448	-66.4476	-65.9152
BLOCK18/SES184/SA184S12	SES292	-0.410973	-66.3262	-65.9152
BLOCK18/SES184/SA184S13	SES101	-0.612022	-66.6081	-65.9961
BLOCK18/SES184/SA184S13	SES177	-0.235817	-66.2319	-65.9961
BLOCK18/SES184/SA184S13	SES180	-0.587189	-66.5833	-65.9961
BLOCK18/SES184/SA184S13	SES292	-0.147324	-66.1434	-65.9961
BLOCK18/SES184/SA184S22	SES177	0.780525	-64.9483	-65.7288
BLOCK18/SES184/SA184S22	SES180	0.252068	-65.4768	-65.7288
BLOCK18/SES184/SA184S22	SES189	-0.336914	-66.0658	-65.7288
BLOCK18/SES184/SA184S22	SES292	0.147049	-65.5818	-65.7288
BLOCK18/SES184/SA184S25	SES101	1.41775	-63.5078	-64.9255
BLOCK18/SES184/SA184S25	SES177	-0.0972824	-65.0228	-64.9255
BLOCK18/SES184/SA184S25	SES180	0.42643	-64.4991	-64.9255
BLOCK18/SES184/SA184S25	SES292	0.942001	-63.9835	-64.9255
BLOCK18/SES184/SA184S27	SES083	0.681389	-64.9028	-65.5842
BLOCK18/SES184/SA184S27	SES177	0.0435638	-65.5406	-65.5842
BLOCK18/SES184/SA184S27	SES202	-1.64548	-67.2297	-65.5842
BLOCK18/SES184/SA184S27	SES292	-0.225555	-65.8097	-65.5842
BLOCK20/SES204/SA204S12	SES062	-1.30296	-64.7464	-63.4434
BLOCK20/SES204/SA204S12	SES083	-1.79081	-65.2342	-63.4434
BLOCK20/SES204/SA204S12	SES206	0.240116	-63.2033	-63.4434
BLOCK20/SES204/SA204S12	SES226	-0.680882	-64.1243	-63.4434
BLOCK20/SES204/SA204S14	SES068	-2.84864	-65.4394	-62.5908
BLOCK20/SES204/SA204S14	SES087	-0.100529	-62.6913	-62.5908
BLOCK20/SES204/SA204S14	SES206	-0.767651	-63.3584	-62.5908
BLOCK20/SES204/SA204S14	SES226	-0.994331	-63.5851	-62.5908
BLOCK20/SES204/SA204S22	SES068	-2.63476	-66.2613	-63.6266
BLOCK20/SES204/SA204S22	SES082	-1.62301	-65.2496	-63.6266
BLOCK20/SES204/SA204S22	SES083	-2.02559	-65.6522	-63.6266
BLOCK20/SES204/SA204S22	SES206	-0.0424652	-63.669	-63.6266
BLOCK20/SES204/SA204S25	SES062	-2.31876	-66.1254	-63.8066
BLOCK20/SES204/SA204S25	SES083	-2.21348	-66.0201	-63.8066
BLOCK20/SES204/SA204S25	SES206	-0.130836	-63.9374	-63.8066
BLOCK20/SES204/SA204S25	SES226	-0.510685	-64.3173	-63.8066
BLOCK20/SES204/SA204S27	SES068	-3.36464	-67.305	-63.9404
BLOCK20/SES204/SA204S27	SES082	-1.33275	-65.2731	-63.9404
BLOCK20/SES204/SA204S27	SES087	0.158249	-63.7821	-63.9404
BLOCK20/SES204/SA204S27	SES206	-0.0119896	-63.9523	-63.9404
BLOCK20/SES207/SA207S10	SES127	0.187477	-65.2304	-65.4178
BLOCK20/SES207/SA207S10	SES183	-0.825058	-66.2429	-65.4178
BLOCK20/SES207/SA207S10	SES189	-0.126831	-65.5447	-65.4178
BLOCK20/SES207/SA207S10	SES292	-0.628838	-66.0467	-65.4178
BLOCK20/SES207/SA207S11	SES127	-1.1833	-66.9247	-65.7414
BLOCK20/SES207/SA207S11	SES183	-0.821259	-66.5627	-65.7414
BLOCK20/SES207/SA207S11	SES187	0.00119019	-65.7402	-65.7414
BLOCK20/SES207/SA207S11	SES292	-0.657852	-66.3993	-65.7414
BLOCK20/SES207/SA207S25	SES068	-0.424385	-66.9941	-66.5697
BLOCK20/SES207/SA207S25	SES083	0.0808258	-66.4888	-66.5697
BLOCK20/SES207/SA207S25	SES127	0.686455	-65.8832	-66.5697
BLOCK20/SES207/SA207S25	SES187	1.45864	-65.111	-66.5697
BLOCK20/SES207/SA207S27	SES127	-0.341812	-66.7084	-66.3666
BLOCK20/SES207/SA207S27	SES183	0.30835	-66.0583	-66.3666
BLOCK20/SES207/SA207S27	SES187	0.0310287	-66.3356	-66.3666
BLOCK20/SES207/SA207S27	SES292	-1.40313	-67.7697	-66.3666
BLOCK20/SES207/SA207S29	SES083	0.770386	-65.6841	-66.4545
BLOCK20/SES207/SA207S29	SES085	1.04471	-65.4098	-66.4545
BLOCK20/SES207/SA207S29	SES172	-0.196068	-66.6506	-66.4545
BLOCK20/SES207/SA207S29	SES189	0.715416	-65.7391	-66.4545
BLOCK22/SES221/SA221S12	SES068	0.408806	-67.0776	-67.4864
BLOCK22/SES221/SA221S12	SES143	1.19749	-66.2889	-67.4864
BLOCK22/SES221/SA221S12	SES175	2.30329	-65.1831	-67.4864
BLOCK22/SES221/SA221S12	SES202	2.49925	-64.9872	-67.4864
BLOCK22/SES221/SA221S15	SES085	-2.03545	-70.762	-68.7265
BLOCK22/SES221/SA221S15	SES143	0.604622	-68.1219	-68.7265
BLOCK22/SES221/SA221S15	SES175	1.09783	-67.6287	-68.7265
BLOCK22/SES221/SA221S15	SES187	1.56556	-67.161	-68.7265
BLOCK22/SES221/SA221S23	SES068	-1.38421	-69.3622	-67.978
BLOCK22/SES221/SA221S23	SES143	1.18	-66.798	-67.978
BLOCK22/SES221/SA221S23	SES175	2.65739	-65.3206	-67.978
BLOCK22/SES221/SA221S23	SES189	3.96256	-64.0155	-67.978
BLOCK22/SES221/SA221S27	SES085	-2.36678	-70.9999	-68.6331
BLOCK22/SES221/SA221S27	SES143	2.04163	-66.5915	-68.6331
BLOCK22/SES221/SA221S27	SES175	3.0592	-65.574	-68.6331
BLOCK22/SES221/SA221S27	SES189	5.18644	-63.4467	-68.6331
BLOCK22/SES221/SA221S29	SES085	-3.74802	-74.6521	-70.9041
BLOCK22/SES221/SA221S29	SES143	1.35633	-69.5478	-70.9041
BLOCK22/SES221/SA221S29	SES175	2.04581	-68.8583	-70.9041
BLOCK22/SES221/SA221S29	SES187	3.31612	-67.588	-70.9041
BLOCK22/SES223/SA223S11	SES143	0.374748	-67.2456	-67.6203
BLOCK22/SES223/SA223S11	SES144	-0.556145	-68.1765	-67.6203
BLOCK22/SES223/SA223S11	SES175	1.51678	-66.1035	-67.6203
BLOCK22/SES223/SA223S11	SES187	0.757111	-66.8632	-67.6203
BLOCK22/SES223/SA223S13	SES068	-0.870155	-69.857	-68.9868
BLOCK22/SES223/SA223S13	SES143	-0.0608292	-69.0476	-68.9868
BLOCK22/SES223/SA223S13	SES146	-1.54869	-70.5355	-68.9868
BLOCK22/SES223/SA223S13	SES202	-0.0857544	-69.0726	-68.9868
BLOCK22/SES223/SA223S22	SES143	0.177254	-67.416	-67.5933
BLOCK22/SES223/SA223S22	SES144	-0.958755	-68.552	-67.5933
BLOCK22/SES223/SA223S22	SES175	0.37484	-67.2184	-67.5933
BLOCK22/SES223/SA223S22	SES187	0.428856	-67.1644	-67.5933
BLOCK22/SES223/SA223S25	SES068	0.086235	-68.1273	-68.2135
BLOCK22/SES223/SA223S25	SES143	0.617691	-67.5958	-68.2135
BLOCK22/SES223/SA223S25	SES175	1.87254	-66.341	-68.2135
BLOCK22/SES223/SA223S25	SES187	1.59792	-66.6156	-68.2135
BLOCK22/SES223/SA223S27	SES143	1.69916	-66.989	-68.6882
BLOCK22/SES223/SA223S27	SES146	0.366676	-68.3215	-68.6882
BLOCK22/SES223/SA223S27	SES187	1.85899	-66.8292	-68.6882
BLOCK22/SES223/SA223S27	SES292	-0.217148	-68.9053	-68.6882
BLOCK27/SES273/SA273S12	SES099	0.786781	-61.4095	-62.1962
BLOCK27/SES273/SA273S12	SES104	1.04588	-61.1504	-62.1962
BLOCK27/SES273/SA273S12	SES125	0.173962	-62.0223	-62.1962
BLOCK27/SES273/SA273S12	SES206	1.05569	-61.1406	-62.1962
BLOCK27/SES273/SA273S13	SES099	0.376377	-61.6348	-62.0112
BLOCK27/SES273/SA273S13	SES104	0.331284	-61.6799	-62.0112
BLOCK27/SES273/SA273S13	SES206	0.715881	-61.2953	-62.0112
BLOCK27/SES273/SA273S13	SES292	-2.74272	-64.7539	-62.0112
BLOCK27/SES273/SA273S21	SES099	1.14553	-61.0061	-62.1517
BLOCK27/SES273/SA273S21	SES148	-2.32207	-64.4737	-62.1517
BLOCK27/SES273/SA273S21	SES149	0.224583	-61.9271	-62.1517
BLOCK27/SES273/SA273S21	SES177	-2.95399	-65.1057	-62.1517
BLOCK27/SES273/SA273S25	SES104	0.149628	-62.3934	-62.5431
BLOCK27/SES273/SA273S25	SES125	-0.167751	-62.7108	-62.5431
BLOCK27/SES273/SA273S25	SES158	0.708397	-61.8347	-62.5431
BLOCK27/SES273/SA273S25	SES206	1.51077	-61.0323	-62.5431
BLOCK27/SES273/SA273S27	SES099	0.18351	-62.228	-62.4116
BLOCK27/SES273/SA273S27	SES104	-0.201683	-62.6132	-62.4116
BLOCK27/SES273/SA273S27	SES149	-0.322811	-62.7344	-62.4116
BLOCK27/SES273/SA273S27	SES275	-1.79623	-64.2078	-62.4116
BLOCK27/SES274/SA274S10	SES105	-1.23652	-64.0692	-62.8327
BLOCK27/SES274/SA274S10	SES125	-0.817787	-63.6505	-62.8327
BLOCK27/SES274/SA274S10	SES129	-1.52889	-64.3616	-62.8327
BLOCK27/SES274/SA274S10	SES158	-1.27514	-64.1079	-62.8327
BLOCK27/SES274/SA274S11	SES105	-1.77976	-64.9588	-63.179
BLOCK27/SES274/SA274S11	SES149	-0.31197	-63.491	-63.179
BLOCK27/SES274/SA274S11	SES158	-0.864002	-64.043	-63.179
BLOCK27/SES274/SA274S11	SES275	-2.62701	-65.806	-63.179
BLOCK27/SES274/SA274S21	SES105	-1.68533	-65.1712	-63.4859
BLOCK27/SES274/SA274S21	SES129	-1.62963	-65.1155	-63.4859
BLOCK27/SES274/SA274S21	SES149	-0.165195	-63.6511	-63.4859
BLOCK27/SES274/SA274S21	SES158	-1.38222	-64.8681	-63.4859
BLOCK27/SES274/SA274S24	SES105	-1.79398	-64.5578	-62.7638
BLOCK27/SES274/SA274S24	SES129	-2.58759	-65.3514	-62.7638
BLOCK27/SES274/SA274S24	SES149	-0.47049	-63.2343	-62.7638
BLOCK27/SES274/SA274S24	SES158	-1.87921	-64.643	-62.7638
BLOCK27/SES274/SA274S29	SES105	-1.87774	-64.952	-63.0742
BLOCK27/SES274/SA274S29	SES106	-1.60997	-64.6842	-63.0742
BLOCK27/SES274/SA274S29	SES120	-1.91047	-64.9847	-63.0742
BLOCK27/SES274/SA274S29	SES275	-2.20276	-65.277	-63.0742
BLOCK27/SES276/SA276S16	SES148	0.209541	-66.3547	-66.5642
BLOCK27/SES276/SA276S16	SES172	-0.308701	-66.8729	-66.5642
BLOCK27/SES276/SA276S16	SES180	-1.82953	-68.3937	-66.5642
BLOCK27/SES276/SA276S16	SES292	1.30956	-65.2546	-66.5642
BLOCK27/SES276/SA276S17	SES101	0.513855	-65.5278	-66.0417
BLOCK27/SES276/SA276S17	SES177	-0.146454	-66.1881	-66.0417
BLOCK27/SES276/SA276S17	SES180	-1.28401	-67.3257	-66.0417
BLOCK27/SES276/SA276S17	SES292	0.176628	-65.8651	-66.0417
BLOCK27/SES276/SA276S24	SES101	1.52983	-63.875	-65.4048
BLOCK27/SES276/SA276S24	SES177	0.291985	-65.1128	-65.4048
BLOCK27/SES276/SA276S24	SES180	-0.272186	-65.677	-65.4048
BLOCK27/SES276/SA276S24	SES292	0.603233	-64.8015	-65.4048
BLOCK27/SES276/SA276S26	SES101	0.364784	-65.2442	-65.6089
BLOCK27/SES276/SA276S26	SES177	1.17657	-64.4324	-65.6089
BLOCK27/SES276/SA276S26	SES180	0.604271	-65.0047	-65.6089
BLOCK27/SES276/SA276S26	SES292	1.22085	-64.3881	-65.6089
BLOCK27/SES276/SA276S28	SES101	0.647919	-65.4217	-66.0696
BLOCK27/SES276/SA276S28	SES177	0.567665	-65.502	-66.0696
BLOCK27/SES276/SA276S28	SES180	0.588882	-65.4808	-66.0696
BLOCK27/SES276/SA276S28	SES292	0.245941	-65.8237	-66.0696
BLOCK27/SES277/SA277S12	SES101	-0.303879	-66.4267	-66.1228
BLOCK27/SES277/SA277S12	SES177	-1.63841	-67.7613	-66.1228
BLOCK27/SES277/SA277S12	SES180	-1.67525	-67.7981	-66.1228
BLOCK27/SES277/SA277S12	SES292	-3.00378	-69.1266	-66.1228
BLOCK27/SES277/SA277S14	SES177	0.379478	-66.9462	-67.3257
BLOCK27/SES277/SA277S14	SES180	-0.853477	-68.1792	-67.3257
BLOCK27/SES277/SA277S14	SES189	1.53799	-65.7877	-67.3257
BLOCK27/SES277/SA277S14	SES292	-2.25466	-69.5803	-67.3257
BLOCK27/SES277/SA277S21	SES177	1.52981	-64.7651	-66.2949
BLOCK27/SES277/SA277S21	SES180	-0.768547	-67.0634	-66.2949
BLOCK27/SES277/SA277S21	SES189	0.985939	-65.3089	-66.2949
BLOCK27/SES277/SA277S21	SES292	-1.3083	-67.6032	-66.2949
BLOCK27/SES277/SA277S24	SES144	0.538437	-67.4603	-67.9987
BLOCK27/SES277/SA277S24	SES177	0.33757	-67.6612	-67.9987
BLOCK27/SES277/SA277S24	SES180	-0.69696	-68.6957	-67.9987
BLOCK27/SES277/SA277S24	SES189	1.55975	-66.439	-67.9987
BLOCK27/SES277/SA277S29	SES177	0.563889	-64.5283	-65.0922
BLOCK27/SES277/SA277S29	SES180	0.183304	-64.9089	-65.0922
BLOCK27/SES277/SA277S29	SES202	0.0443497	-65.0479	-65.0922
BLOCK27/SES277/SA277S29	SES292	-0.512413	-65.6046	-65.0922
BLOCK27/SES279/SA279S09	SES120	-1.02958	-64.9676	-63.938
BLOCK27/SES279/SA279S09	SES146	-0.817158	-64.7551	-63.938
BLOCK27/SES279/SA279S09	SES206	-1.84278	-65.7808	-63.938
BLOCK27/SES279/SA279S09	SES226	-2.24244	-66.1804	-63.938
BLOCK27/SES279/SA279S10	SES099	-1.47144	-65.3885	-63.9171
BLOCK27/SES279/SA279S10	SES206	-0.923	-64.8401	-63.9171
BLOCK27/SES279/SA279S10	SES226	-1.40516	-65.3223	-63.9171
BLOCK27/SES279/SA279S10	SES292	-0.261272	-64.1784	-63.9171
BLOCK27/SES279/SA279S20	SES099	-2.69973	-67.3449	-64.6452
BLOCK27/SES279/SA279S20	SES206	-1.06812	-65.7133	-64.6452
BLOCK27/SES279/SA279S20	SES226	-1.70241	-66.3476	-64.6452
BLOCK27/SES279/SA279S20	SES292	0.604683	-64.0405	-64.6452
BLOCK27/SES279/SA279S26	SES099	-1.72757	-66.6281	-64.9005
BLOCK27/SES279/SA279S26	SES206	0.125687	-64.7748	-64.9005
BLOCK27/SES279/SA279S26	SES226	-0.595238	-65.4958	-64.9005
BLOCK27/SES279/SA279S26	SES292	0.340103	-64.5604	-64.9005
BLOCK27/SES279/SA279S28	SES099	-1.90669	-64.9366	-63.0299
BLOCK27/SES279/SA279S28	SES120	-0.671219	-63.7012	-63.0299
BLOCK27/SES279/SA279S28	SES177	-2.65335	-65.6833	-63.0299
BLOCK27/SES279/SA279S28	SES206	-1.00196	-64.0319	-63.0299
BLOCK29/SES290/SA290S12	SES162	0.16349	-66.0032	-66.1667
BLOCK29/SES290/SA290S12	SES177	0.942139	-65.2246	-66.1667
BLOCK29/SES290/SA290S12	SES180	-0.488922	-66.6557	-66.1667
BLOCK29/SES290/SA290S12	SES292	-1.1935	-67.3602	-66.1667
BLOCK29/SES290/SA290S13	SES007	-1.7263	-68.9687	-67.2424
BLOCK29/SES290/SA290S13	SES162	-0.639511	-67.8819	-67.2424
BLOCK29/SES290/SA290S13	SES177	1.76729	-65.4751	-67.2424
BLOCK29/SES290/SA290S13	SES180	0.352592	-66.8898	-67.2424
BLOCK29/SES290/SA290S22	SES177	1.16112	-64.9704	-66.1315
BLOCK29/SES290/SA290S22	SES180	0.539688	-65.5918	-66.1315
BLOCK29/SES290/SA290S22	SES202	0.414513	-65.717	-66.1315
BLOCK29/SES290/SA290S22	SES292	-0.973587	-67.1051	-66.1315
BLOCK29/SES290/SA290S25	SES162	0.357994	-65.6781	-66.0361
BLOCK29/SES290/SA290S25	SES177	0.970573	-65.0655	-66.0361
BLOCK29/SES290/SA290S25	SES180	0.599014	-65.4371	-66.0361
BLOCK29/SES290/SA290S25	SES292	0.11895	-65.9171	-66.0361
BLOCK29/SES290/SA290S29	SES177	1.99045	-63.4397	-65.4302
BLOCK29/SES290/SA290S29	SES180	1.29637	-64.1338	-65.4302
BLOCK29/SES290/SA290S29	SES275	-0.298141	-65.7283	-65.4302
BLOCK29/SES290/SA290S29	SES292	-0.480652	-65.9108	-65.4302
BLOCK29/SES291/SA291S11	SES105	-2.42126	-67.0133	-64.5921
BLOCK29/SES291/SA291S11	SES125	0.0808792	-64.5112	-64.5921
BLOCK29/SES291/SA291S11	SES158	-0.453262	-65.0453	-64.5921
BLOCK29/SES291/SA291S11	SES275	-4.47234	-69.0644	-64.5921
BLOCK29/SES291/SA291S12	SES158	0.903664	-63.0244	-63.9281
BLOCK29/SES291/SA291S12	SES226	-1.09413	-65.0222	-63.9281
BLOCK29/SES291/SA291S12	SES270	1.38399	-62.5441	-63.9281
BLOCK29/SES291/SA291S12	SES275	-4.96839	-68.8965	-63.9281
BLOCK29/SES291/SA291S22	SES082	-0.075779	-63.867	-63.7912
BLOCK29/SES291/SA291S22	SES158	-0.0146103	-63.8058	-63.7912
BLOCK29/SES291/SA291S22	SES259	-0.818027	-64.6093	-63.7912
BLOCK29/SES291/SA291S22	SES275	-4.03235	-67.8236	-63.7912
BLOCK29/SES291/SA291S24	SES104	0.678417	-62.1189	-62.7973
BLOCK29/SES291/SA291S24	SES125	0.693779	-62.1035	-62.7973
BLOCK29/SES291/SA291S24	SES158	0.652462	-62.1449	-62.7973
BLOCK29/SES291/SA291S24	SES275	-4.07356	-66.8709	-62.7973
BLOCK29/SES291/SA291S27	SES158	1.38923	-62.1684	-63.5576
BLOCK29/SES291/SA291S27	SES172	-4.79924	-68.3568	-63.5576
BLOCK29/SES291/SA291S27	SES275	-3.67907	-67.2367	-63.5576
BLOCK29/SES291/SA291S27	SES292	-2.81703	-66.3746	-63.5576
Threshold search:
THR	-7.59929629922	9	0(0)	1(1000)
THR	-7.4363039362278	8.991	0(0)	0.999(999)
THR	-7.2733115732356	8.991	0(0)	0.999(999)
THR	-7.1103192102434	8.991	0(0)	0.999(999)
THR	-6.9473268472512	8.991	0(0)	0.999(999)
THR	-6.784334484259	8.991	0(0)	0.999(999)
THR	-6.6213421212668	8.991	0(0)	0.999(999)
THR	-6.4583497582746	8.982	0(0)	0.998(998)
THR	-6.2953573952824	8.982	0(0)	0.998(998)
THR	-6.1323650322902	8.982	0(0)	0.998(998)
THR	-5.969372669298	8.982	0(0)	0.998(998)
THR	-5.8063803063058	8.982	0(0)	0.998(998)
THR	-5.6433879433136	8.982	0(0)	0.998(998)
THR	-5.4803955803214	8.982	0(0)	0.998(998)
THR	-5.3174032173292	8.982	0(0)	0.998(998)
THR	-5.154410854337	8.982	0(0)	0.998(998)
THR	-4.9914184913448	8.964	0(0)	0.996(996)
THR	-4.8284261283526	8.946	0(0)	0.994(994)
THR	-4.6654337653604	8.937	0(0)	0.993(993)
THR	-4.5024414023682	8.928	0(0)	0.992(992)
THR	-4.339449039376	8.91	0(0)	0.99(990)
THR	-4.1764566763838	8.892	0(0)	0.988(988)
THR	-4.0134643133916	8.847	0(0)	0.983(983)
THR	-3.8504719503994	8.793	0(0)	0.977(977)
THR	-3.6874795874072	8.748	0(0)	0.972(972)
THR	-3.524487224415	8.694	0(0)	0.966(966)
THR	-3.3614948614228	8.613	0(0)	0.957(957)
THR	-3.1985024984306	8.559	0(0)	0.951(951)
THR	-3.0355101354384	8.487	0(0)	0.943(943)
THR	-2.8725177724462	8.406	0(0)	0.934(934)
THR	-2.709525409454	8.271	0(0)	0.919(919)
THR	-2.5465330464618	8.163	0(0)	0.907(907)
THR	-2.3835406834696	8.037	0(0)	0.893(893)
THR	-2.2205483204774	7.902	0(0)	0.878(878)
THR	-2.0575559574852	7.785	0(0)	0.865(865)
THR	-1.894563594493	7.587	0(0)	0.843(843)
THR	-1.7315712315008	7.326	0(0)	0.814(814)
THR	-1.56857886850861	6.984	0(0)	0.776(776)
THR	-1.40558650551641	6.696	0(0)	0.744(744)
THR	-1.24259414252421	6.444	0(0)	0.716(716)
THR	-1.07960177953201	6.246	0(0)	0.694(694)
THR	-0.916609416539805	5.913	0(0)	0.657(657)
THR	-0.753617053547605	5.553	0(0)	0.617(617)
THR	-0.590624690555405	5.166	0(0)	0.574(574)
THR	-0.427632327563205	4.725	0(0)	0.525(525)
THR	-0.264639964571005	4.32	0(0)	0.48(480)
THR	-0.101647601578805	3.834	0(0)	0.426(426)
THR	0.0613447614133945	3.438	0(0)	0.382(382)
THR	0.224337124405595	2.974	0.004(1)	0.33(330)
THR	0.387329487397794	2.551	0.004(1)	0.283(283)
THR	0.550321850389994	2.137	0.004(1)	0.237(237)
THR	0.713314213382194	1.7	0.008(2)	0.188(188)
THR	0.876306576374394	1.385	0.008(2)	0.153(153)
THR	1.03929893936659	1.119	0.012(3)	0.123(123)
THR	1.20229130235879	0.84	0.012(3)	0.092(92)
THR	1.36528366535099	0.624	0.012(3)	0.068(68)
THR	1.52827602834319	0.502	0.016(4)	0.054(54)
THR	1.69126839133539	0.366	0.024(6)	0.038(38)
THR	1.85426075432759	0.27	0.036(9)	0.026(26)
THR	2.01725311731979	0.232	0.052(13)	0.02(20)
THR	2.18024548031199	0.205	0.088(22)	0.013(13)
THR	2.34323784330419	0.235	0.136(34)	0.011(11)
THR	2.50623020629639	0.25	0.16(40)	0.01(10)
THR	2.66922256928859	0.278	0.224(56)	0.006(6)
THR	2.83221493228079	0.342	0.288(72)	0.006(6)
THR	2.99520729527299	0.41	0.356(89)	0.006(6)
THR	3.15819965826519	0.501	0.456(114)	0.005(5)
THR	3.32119202125739	0.542	0.524(131)	0.002(2)
THR	3.48418438424959	0.61	0.592(148)	0.002(2)
THR	3.64717674724179	0.65	0.632(158)	0.002(2)
THR	3.81016911023399	0.71	0.692(173)	0.002(2)
THR	3.97316147322619	0.749	0.74(185)	0.001(1)
THR	4.13615383621839	0.793	0.784(196)	0.001(1)
THR	4.29914619921059	0.837	0.828(207)	0.001(1)
THR	4.46213856220279	0.869	0.86(215)	0.001(1)
THR	4.62513092519499	0.897	0.888(222)	0.001(1)
THR	4.78812328818719	0.905	0.896(224)	0.001(1)
THR	4.95111565117939	0.929	0.92(230)	0.001(1)
THR	5.11410801417159	0.937	0.928(232)	0.001(1)
THR	5.27710037716379	0.932	0.932(233)	0(0)
THR	5.44009274015599	0.948	0.948(237)	0(0)
THR	5.60308510314819	0.952	0.952(238)	0(0)
THR	5.76607746614039	0.956	0.956(239)	0(0)
THR	5.92906982913259	0.96	0.96(240)	0(0)
THR	6.09206219212479	0.96	0.96(240)	0(0)
THR	6.25505455511699	0.964	0.964(241)	0(0)
THR	6.41804691810919	0.976	0.976(244)	0(0)
THR	6.58103928110139	0.976	0.976(244)	0(0)
THR	6.74403164409359	0.984	0.984(246)	0(0)
THR	6.90702400708579	0.984	0.984(246)	0(0)
THR	7.07001637007799	0.984	0.984(246)	0(0)
THR	7.23300873307019	0.984	0.984(246)	0(0)
THR	7.39600109606239	0.992	0.992(248)	0(0)
THR	7.55899345905459	0.992	0.992(248)	0(0)
THR	7.72198582204679	0.992	0.992(248)	0(0)
THR	7.88497818503899	0.992	0.992(248)	0(0)
THR	8.04797054803119	0.992	0.992(248)	0(0)
THR	8.21096291102339	0.996	0.996(249)	0(0)
THR	8.37395527401559	0.996	0.996(249)	0(0)
THR	8.53694763700779	0.996	0.996(249)	0(0)
THR	8.69993999999999	0.996	0.996(249)	0(0)
THR	8.86293236299219	1	1(250)	0(0)


==============================================
THR: 2.18024548031199
Missed:     22/250=0.0880
FalseAlarm: 13/1000=0.0130
----------------------------------------------
==> CostDetection: 20.5
==============================================
